                              1 ;--------------------------------------------------------
                              2 ; File Created by SDCC : free open source ANSI-C Compiler
                              3 ; Version 3.5.5 #9498 (Linux)
                              4 ;--------------------------------------------------------
                              5 	.module map11
                              6 	.optsdcc -mz80
                              7 	
                              8 ;--------------------------------------------------------
                              9 ; Public variables in this module
                             10 ;--------------------------------------------------------
                             11 	.globl _g_map11
                             12 ;--------------------------------------------------------
                             13 ; special function registers
                             14 ;--------------------------------------------------------
                             15 ;--------------------------------------------------------
                             16 ; ram data
                             17 ;--------------------------------------------------------
                             18 	.area _DATA
                             19 ;--------------------------------------------------------
                             20 ; ram data
                             21 ;--------------------------------------------------------
                             22 	.area _INITIALIZED
                             23 ;--------------------------------------------------------
                             24 ; absolute external ram data
                             25 ;--------------------------------------------------------
                             26 	.area _DABS (ABS)
                             27 ;--------------------------------------------------------
                             28 ; global & static initialisations
                             29 ;--------------------------------------------------------
                             30 	.area _HOME
                             31 	.area _GSINIT
                             32 	.area _GSFINAL
                             33 	.area _GSINIT
                             34 ;--------------------------------------------------------
                             35 ; Home
                             36 ;--------------------------------------------------------
                             37 	.area _HOME
                             38 	.area _HOME
                             39 ;--------------------------------------------------------
                             40 ; code
                             41 ;--------------------------------------------------------
                             42 	.area _CODE
                             43 	.area _CODE
   0000                      44 _g_map11:
   0000 0B                   45 	.db #0x0B	; 11
   0001 06                   46 	.db #0x06	; 6
   0002 02                   47 	.db #0x02	; 2
   0003 2D                   48 	.db #0x2D	; 45
   0004 02                   49 	.db #0x02	; 2
   0005 02                   50 	.db #0x02	; 2
   0006 02                   51 	.db #0x02	; 2
   0007 02                   52 	.db #0x02	; 2
   0008 02                   53 	.db #0x02	; 2
   0009 02                   54 	.db #0x02	; 2
   000A 02                   55 	.db #0x02	; 2
   000B 02                   56 	.db #0x02	; 2
   000C 02                   57 	.db #0x02	; 2
   000D 02                   58 	.db #0x02	; 2
   000E 02                   59 	.db #0x02	; 2
   000F 02                   60 	.db #0x02	; 2
   0010 02                   61 	.db #0x02	; 2
   0011 02                   62 	.db #0x02	; 2
   0012 02                   63 	.db #0x02	; 2
   0013 02                   64 	.db #0x02	; 2
   0014 02                   65 	.db #0x02	; 2
   0015 06                   66 	.db #0x06	; 6
   0016 06                   67 	.db #0x06	; 6
   0017 06                   68 	.db #0x06	; 6
   0018 06                   69 	.db #0x06	; 6
   0019 06                   70 	.db #0x06	; 6
   001A 06                   71 	.db #0x06	; 6
   001B 06                   72 	.db #0x06	; 6
   001C 06                   73 	.db #0x06	; 6
   001D 06                   74 	.db #0x06	; 6
   001E 26                   75 	.db #0x26	; 38
   001F 06                   76 	.db #0x06	; 6
   0020 02                   77 	.db #0x02	; 2
   0021 02                   78 	.db #0x02	; 2
   0022 02                   79 	.db #0x02	; 2
   0023 02                   80 	.db #0x02	; 2
   0024 02                   81 	.db #0x02	; 2
   0025 02                   82 	.db #0x02	; 2
   0026 02                   83 	.db #0x02	; 2
   0027 02                   84 	.db #0x02	; 2
   0028 23                   85 	.db #0x23	; 35
   0029 02                   86 	.db #0x02	; 2
   002A 02                   87 	.db #0x02	; 2
   002B 02                   88 	.db #0x02	; 2
   002C 02                   89 	.db #0x02	; 2
   002D 02                   90 	.db #0x02	; 2
   002E 02                   91 	.db #0x02	; 2
   002F 02                   92 	.db #0x02	; 2
   0030 02                   93 	.db #0x02	; 2
   0031 02                   94 	.db #0x02	; 2
   0032 2D                   95 	.db #0x2D	; 45
   0033 2D                   96 	.db #0x2D	; 45
   0034 02                   97 	.db #0x02	; 2
   0035 02                   98 	.db #0x02	; 2
   0036 02                   99 	.db #0x02	; 2
   0037 02                  100 	.db #0x02	; 2
   0038 02                  101 	.db #0x02	; 2
   0039 02                  102 	.db #0x02	; 2
   003A 02                  103 	.db #0x02	; 2
   003B 02                  104 	.db #0x02	; 2
   003C 02                  105 	.db #0x02	; 2
   003D 02                  106 	.db #0x02	; 2
   003E 06                  107 	.db #0x06	; 6
   003F 22                  108 	.db #0x22	; 34
   0040 06                  109 	.db #0x06	; 6
   0041 06                  110 	.db #0x06	; 6
   0042 22                  111 	.db #0x22	; 34
   0043 06                  112 	.db #0x06	; 6
   0044 06                  113 	.db #0x06	; 6
   0045 06                  114 	.db #0x06	; 6
   0046 06                  115 	.db #0x06	; 6
   0047 02                  116 	.db #0x02	; 2
   0048 02                  117 	.db #0x02	; 2
   0049 02                  118 	.db #0x02	; 2
   004A 02                  119 	.db #0x02	; 2
   004B 02                  120 	.db #0x02	; 2
   004C 02                  121 	.db #0x02	; 2
   004D 02                  122 	.db #0x02	; 2
   004E 02                  123 	.db #0x02	; 2
   004F 02                  124 	.db #0x02	; 2
   0050 23                  125 	.db #0x23	; 35
   0051 02                  126 	.db #0x02	; 2
   0052 02                  127 	.db #0x02	; 2
   0053 02                  128 	.db #0x02	; 2
   0054 02                  129 	.db #0x02	; 2
   0055 02                  130 	.db #0x02	; 2
   0056 02                  131 	.db #0x02	; 2
   0057 02                  132 	.db #0x02	; 2
   0058 02                  133 	.db #0x02	; 2
   0059 02                  134 	.db #0x02	; 2
   005A 02                  135 	.db #0x02	; 2
   005B 02                  136 	.db #0x02	; 2
   005C 02                  137 	.db #0x02	; 2
   005D 02                  138 	.db #0x02	; 2
   005E 02                  139 	.db #0x02	; 2
   005F 2D                  140 	.db #0x2D	; 45
   0060 2D                  141 	.db #0x2D	; 45
   0061 02                  142 	.db #0x02	; 2
   0062 02                  143 	.db #0x02	; 2
   0063 2E                  144 	.db #0x2E	; 46
   0064 02                  145 	.db #0x02	; 2
   0065 02                  146 	.db #0x02	; 2
   0066 02                  147 	.db #0x02	; 2
   0067 06                  148 	.db #0x06	; 6
   0068 06                  149 	.db #0x06	; 6
   0069 26                  150 	.db #0x26	; 38
   006A 06                  151 	.db #0x06	; 6
   006B 06                  152 	.db #0x06	; 6
   006C 06                  153 	.db #0x06	; 6
   006D 22                  154 	.db #0x22	; 34
   006E 06                  155 	.db #0x06	; 6
   006F 02                  156 	.db #0x02	; 2
   0070 02                  157 	.db #0x02	; 2
   0071 02                  158 	.db #0x02	; 2
   0072 02                  159 	.db #0x02	; 2
   0073 2D                  160 	.db #0x2D	; 45
   0074 02                  161 	.db #0x02	; 2
   0075 02                  162 	.db #0x02	; 2
   0076 02                  163 	.db #0x02	; 2
   0077 02                  164 	.db #0x02	; 2
   0078 23                  165 	.db #0x23	; 35
   0079 02                  166 	.db #0x02	; 2
   007A 02                  167 	.db #0x02	; 2
   007B 02                  168 	.db #0x02	; 2
   007C 02                  169 	.db #0x02	; 2
   007D 02                  170 	.db #0x02	; 2
   007E 2D                  171 	.db #0x2D	; 45
   007F 02                  172 	.db #0x02	; 2
   0080 02                  173 	.db #0x02	; 2
   0081 02                  174 	.db #0x02	; 2
   0082 02                  175 	.db #0x02	; 2
   0083 02                  176 	.db #0x02	; 2
   0084 2E                  177 	.db #0x2E	; 46
   0085 02                  178 	.db #0x02	; 2
   0086 02                  179 	.db #0x02	; 2
   0087 02                  180 	.db #0x02	; 2
   0088 2D                  181 	.db #0x2D	; 45
   0089 02                  182 	.db #0x02	; 2
   008A 02                  183 	.db #0x02	; 2
   008B 02                  184 	.db #0x02	; 2
   008C 02                  185 	.db #0x02	; 2
   008D 02                  186 	.db #0x02	; 2
   008E 2E                  187 	.db #0x2E	; 46
   008F 06                  188 	.db #0x06	; 6
   0090 06                  189 	.db #0x06	; 6
   0091 06                  190 	.db #0x06	; 6
   0092 0A                  191 	.db #0x0A	; 10
   0093 0A                  192 	.db #0x0A	; 10
   0094 06                  193 	.db #0x06	; 6
   0095 06                  194 	.db #0x06	; 6
   0096 02                  195 	.db #0x02	; 2
   0097 02                  196 	.db #0x02	; 2
   0098 02                  197 	.db #0x02	; 2
   0099 2E                  198 	.db #0x2E	; 46
   009A 02                  199 	.db #0x02	; 2
   009B 02                  200 	.db #0x02	; 2
   009C 02                  201 	.db #0x02	; 2
   009D 02                  202 	.db #0x02	; 2
   009E 02                  203 	.db #0x02	; 2
   009F 02                  204 	.db #0x02	; 2
   00A0 0B                  205 	.db #0x0B	; 11
   00A1 06                  206 	.db #0x06	; 6
   00A2 06                  207 	.db #0x06	; 6
   00A3 06                  208 	.db #0x06	; 6
   00A4 06                  209 	.db #0x06	; 6
   00A5 06                  210 	.db #0x06	; 6
   00A6 02                  211 	.db #0x02	; 2
   00A7 02                  212 	.db #0x02	; 2
   00A8 02                  213 	.db #0x02	; 2
   00A9 02                  214 	.db #0x02	; 2
   00AA 02                  215 	.db #0x02	; 2
   00AB 2E                  216 	.db #0x2E	; 46
   00AC 02                  217 	.db #0x02	; 2
   00AD 02                  218 	.db #0x02	; 2
   00AE 02                  219 	.db #0x02	; 2
   00AF 02                  220 	.db #0x02	; 2
   00B0 02                  221 	.db #0x02	; 2
   00B1 02                  222 	.db #0x02	; 2
   00B2 02                  223 	.db #0x02	; 2
   00B3 02                  224 	.db #0x02	; 2
   00B4 02                  225 	.db #0x02	; 2
   00B5 02                  226 	.db #0x02	; 2
   00B6 02                  227 	.db #0x02	; 2
   00B7 02                  228 	.db #0x02	; 2
   00B8 02                  229 	.db #0x02	; 2
   00B9 09                  230 	.db #0x09	; 9
   00BA 0A                  231 	.db #0x0A	; 10
   00BB 0A                  232 	.db #0x0A	; 10
   00BC 09                  233 	.db #0x09	; 9
   00BD 02                  234 	.db #0x02	; 2
   00BE 02                  235 	.db #0x02	; 2
   00BF 02                  236 	.db #0x02	; 2
   00C0 02                  237 	.db #0x02	; 2
   00C1 02                  238 	.db #0x02	; 2
   00C2 02                  239 	.db #0x02	; 2
   00C3 02                  240 	.db #0x02	; 2
   00C4 02                  241 	.db #0x02	; 2
   00C5 2D                  242 	.db #0x2D	; 45
   00C6 02                  243 	.db #0x02	; 2
   00C7 02                  244 	.db #0x02	; 2
   00C8 0B                  245 	.db #0x0B	; 11
   00C9 06                  246 	.db #0x06	; 6
   00CA 06                  247 	.db #0x06	; 6
   00CB 06                  248 	.db #0x06	; 6
   00CC 06                  249 	.db #0x06	; 6
   00CD 06                  250 	.db #0x06	; 6
   00CE 06                  251 	.db #0x06	; 6
   00CF 06                  252 	.db #0x06	; 6
   00D0 02                  253 	.db #0x02	; 2
   00D1 02                  254 	.db #0x02	; 2
   00D2 02                  255 	.db #0x02	; 2
   00D3 02                  256 	.db #0x02	; 2
   00D4 02                  257 	.db #0x02	; 2
   00D5 02                  258 	.db #0x02	; 2
   00D6 02                  259 	.db #0x02	; 2
   00D7 02                  260 	.db #0x02	; 2
   00D8 02                  261 	.db #0x02	; 2
   00D9 02                  262 	.db #0x02	; 2
   00DA 02                  263 	.db #0x02	; 2
   00DB 02                  264 	.db #0x02	; 2
   00DC 02                  265 	.db #0x02	; 2
   00DD 02                  266 	.db #0x02	; 2
   00DE 02                  267 	.db #0x02	; 2
   00DF 02                  268 	.db #0x02	; 2
   00E0 02                  269 	.db #0x02	; 2
   00E1 09                  270 	.db #0x09	; 9
   00E2 0A                  271 	.db #0x0A	; 10
   00E3 0A                  272 	.db #0x0A	; 10
   00E4 09                  273 	.db #0x09	; 9
   00E5 02                  274 	.db #0x02	; 2
   00E6 02                  275 	.db #0x02	; 2
   00E7 02                  276 	.db #0x02	; 2
   00E8 02                  277 	.db #0x02	; 2
   00E9 02                  278 	.db #0x02	; 2
   00EA 02                  279 	.db #0x02	; 2
   00EB 02                  280 	.db #0x02	; 2
   00EC 02                  281 	.db #0x02	; 2
   00ED 02                  282 	.db #0x02	; 2
   00EE 02                  283 	.db #0x02	; 2
   00EF 02                  284 	.db #0x02	; 2
   00F0 0B                  285 	.db #0x0B	; 11
   00F1 06                  286 	.db #0x06	; 6
   00F2 06                  287 	.db #0x06	; 6
   00F3 06                  288 	.db #0x06	; 6
   00F4 06                  289 	.db #0x06	; 6
   00F5 06                  290 	.db #0x06	; 6
   00F6 06                  291 	.db #0x06	; 6
   00F7 06                  292 	.db #0x06	; 6
   00F8 06                  293 	.db #0x06	; 6
   00F9 06                  294 	.db #0x06	; 6
   00FA 06                  295 	.db #0x06	; 6
   00FB 02                  296 	.db #0x02	; 2
   00FC 02                  297 	.db #0x02	; 2
   00FD 02                  298 	.db #0x02	; 2
   00FE 02                  299 	.db #0x02	; 2
   00FF 02                  300 	.db #0x02	; 2
   0100 02                  301 	.db #0x02	; 2
   0101 02                  302 	.db #0x02	; 2
   0102 02                  303 	.db #0x02	; 2
   0103 2E                  304 	.db #0x2E	; 46
   0104 2E                  305 	.db #0x2E	; 46
   0105 02                  306 	.db #0x02	; 2
   0106 02                  307 	.db #0x02	; 2
   0107 02                  308 	.db #0x02	; 2
   0108 02                  309 	.db #0x02	; 2
   0109 09                  310 	.db #0x09	; 9
   010A 0A                  311 	.db #0x0A	; 10
   010B 0A                  312 	.db #0x0A	; 10
   010C 09                  313 	.db #0x09	; 9
   010D 02                  314 	.db #0x02	; 2
   010E 02                  315 	.db #0x02	; 2
   010F 2D                  316 	.db #0x2D	; 45
   0110 02                  317 	.db #0x02	; 2
   0111 02                  318 	.db #0x02	; 2
   0112 02                  319 	.db #0x02	; 2
   0113 02                  320 	.db #0x02	; 2
   0114 02                  321 	.db #0x02	; 2
   0115 2E                  322 	.db #0x2E	; 46
   0116 02                  323 	.db #0x02	; 2
   0117 02                  324 	.db #0x02	; 2
   0118 0B                  325 	.db #0x0B	; 11
   0119 06                  326 	.db #0x06	; 6
   011A 06                  327 	.db #0x06	; 6
   011B 06                  328 	.db #0x06	; 6
   011C 06                  329 	.db #0x06	; 6
   011D 06                  330 	.db #0x06	; 6
   011E 06                  331 	.db #0x06	; 6
   011F 06                  332 	.db #0x06	; 6
   0120 06                  333 	.db #0x06	; 6
   0121 06                  334 	.db #0x06	; 6
   0122 06                  335 	.db #0x06	; 6
   0123 06                  336 	.db #0x06	; 6
   0124 06                  337 	.db #0x06	; 6
   0125 02                  338 	.db #0x02	; 2
   0126 02                  339 	.db #0x02	; 2
   0127 02                  340 	.db #0x02	; 2
   0128 02                  341 	.db #0x02	; 2
   0129 02                  342 	.db #0x02	; 2
   012A 02                  343 	.db #0x02	; 2
   012B 02                  344 	.db #0x02	; 2
   012C 02                  345 	.db #0x02	; 2
   012D 02                  346 	.db #0x02	; 2
   012E 02                  347 	.db #0x02	; 2
   012F 02                  348 	.db #0x02	; 2
   0130 02                  349 	.db #0x02	; 2
   0131 09                  350 	.db #0x09	; 9
   0132 0A                  351 	.db #0x0A	; 10
   0133 0A                  352 	.db #0x0A	; 10
   0134 09                  353 	.db #0x09	; 9
   0135 02                  354 	.db #0x02	; 2
   0136 02                  355 	.db #0x02	; 2
   0137 02                  356 	.db #0x02	; 2
   0138 02                  357 	.db #0x02	; 2
   0139 02                  358 	.db #0x02	; 2
   013A 02                  359 	.db #0x02	; 2
   013B 02                  360 	.db #0x02	; 2
   013C 02                  361 	.db #0x02	; 2
   013D 02                  362 	.db #0x02	; 2
   013E 02                  363 	.db #0x02	; 2
   013F 02                  364 	.db #0x02	; 2
   0140 0B                  365 	.db #0x0B	; 11
   0141 06                  366 	.db #0x06	; 6
   0142 06                  367 	.db #0x06	; 6
   0143 22                  368 	.db #0x22	; 34
   0144 06                  369 	.db #0x06	; 6
   0145 06                  370 	.db #0x06	; 6
   0146 06                  371 	.db #0x06	; 6
   0147 06                  372 	.db #0x06	; 6
   0148 06                  373 	.db #0x06	; 6
   0149 06                  374 	.db #0x06	; 6
   014A 06                  375 	.db #0x06	; 6
   014B 06                  376 	.db #0x06	; 6
   014C 06                  377 	.db #0x06	; 6
   014D 06                  378 	.db #0x06	; 6
   014E 06                  379 	.db #0x06	; 6
   014F 06                  380 	.db #0x06	; 6
   0150 06                  381 	.db #0x06	; 6
   0151 02                  382 	.db #0x02	; 2
   0152 02                  383 	.db #0x02	; 2
   0153 02                  384 	.db #0x02	; 2
   0154 02                  385 	.db #0x02	; 2
   0155 02                  386 	.db #0x02	; 2
   0156 02                  387 	.db #0x02	; 2
   0157 02                  388 	.db #0x02	; 2
   0158 02                  389 	.db #0x02	; 2
   0159 09                  390 	.db #0x09	; 9
   015A 0A                  391 	.db #0x0A	; 10
   015B 0A                  392 	.db #0x0A	; 10
   015C 09                  393 	.db #0x09	; 9
   015D 02                  394 	.db #0x02	; 2
   015E 02                  395 	.db #0x02	; 2
   015F 02                  396 	.db #0x02	; 2
   0160 02                  397 	.db #0x02	; 2
   0161 02                  398 	.db #0x02	; 2
   0162 02                  399 	.db #0x02	; 2
   0163 2E                  400 	.db #0x2E	; 46
   0164 02                  401 	.db #0x02	; 2
   0165 02                  402 	.db #0x02	; 2
   0166 02                  403 	.db #0x02	; 2
   0167 02                  404 	.db #0x02	; 2
   0168 0B                  405 	.db #0x0B	; 11
   0169 06                  406 	.db #0x06	; 6
   016A 06                  407 	.db #0x06	; 6
   016B 06                  408 	.db #0x06	; 6
   016C 06                  409 	.db #0x06	; 6
   016D 06                  410 	.db #0x06	; 6
   016E 06                  411 	.db #0x06	; 6
   016F 06                  412 	.db #0x06	; 6
   0170 06                  413 	.db #0x06	; 6
   0171 06                  414 	.db #0x06	; 6
   0172 06                  415 	.db #0x06	; 6
   0173 06                  416 	.db #0x06	; 6
   0174 06                  417 	.db #0x06	; 6
   0175 06                  418 	.db #0x06	; 6
   0176 06                  419 	.db #0x06	; 6
   0177 06                  420 	.db #0x06	; 6
   0178 06                  421 	.db #0x06	; 6
   0179 06                  422 	.db #0x06	; 6
   017A 06                  423 	.db #0x06	; 6
   017B 06                  424 	.db #0x06	; 6
   017C 06                  425 	.db #0x06	; 6
   017D 06                  426 	.db #0x06	; 6
   017E 06                  427 	.db #0x06	; 6
   017F 06                  428 	.db #0x06	; 6
   0180 06                  429 	.db #0x06	; 6
   0181 06                  430 	.db #0x06	; 6
   0182 0A                  431 	.db #0x0A	; 10
   0183 0A                  432 	.db #0x0A	; 10
   0184 06                  433 	.db #0x06	; 6
   0185 06                  434 	.db #0x06	; 6
   0186 02                  435 	.db #0x02	; 2
   0187 02                  436 	.db #0x02	; 2
   0188 02                  437 	.db #0x02	; 2
   0189 02                  438 	.db #0x02	; 2
   018A 02                  439 	.db #0x02	; 2
   018B 02                  440 	.db #0x02	; 2
   018C 02                  441 	.db #0x02	; 2
   018D 02                  442 	.db #0x02	; 2
   018E 2D                  443 	.db #0x2D	; 45
   018F 02                  444 	.db #0x02	; 2
   0190 0B                  445 	.db #0x0B	; 11
   0191 06                  446 	.db #0x06	; 6
   0192 06                  447 	.db #0x06	; 6
   0193 06                  448 	.db #0x06	; 6
   0194 06                  449 	.db #0x06	; 6
   0195 06                  450 	.db #0x06	; 6
   0196 06                  451 	.db #0x06	; 6
   0197 06                  452 	.db #0x06	; 6
   0198 06                  453 	.db #0x06	; 6
   0199 06                  454 	.db #0x06	; 6
   019A 06                  455 	.db #0x06	; 6
   019B 06                  456 	.db #0x06	; 6
   019C 06                  457 	.db #0x06	; 6
   019D 06                  458 	.db #0x06	; 6
   019E 06                  459 	.db #0x06	; 6
   019F 06                  460 	.db #0x06	; 6
   01A0 06                  461 	.db #0x06	; 6
   01A1 06                  462 	.db #0x06	; 6
   01A2 06                  463 	.db #0x06	; 6
   01A3 06                  464 	.db #0x06	; 6
   01A4 06                  465 	.db #0x06	; 6
   01A5 06                  466 	.db #0x06	; 6
   01A6 06                  467 	.db #0x06	; 6
   01A7 06                  468 	.db #0x06	; 6
   01A8 06                  469 	.db #0x06	; 6
   01A9 06                  470 	.db #0x06	; 6
   01AA 06                  471 	.db #0x06	; 6
   01AB 06                  472 	.db #0x06	; 6
   01AC 06                  473 	.db #0x06	; 6
   01AD 06                  474 	.db #0x06	; 6
   01AE 06                  475 	.db #0x06	; 6
   01AF 06                  476 	.db #0x06	; 6
   01B0 02                  477 	.db #0x02	; 2
   01B1 02                  478 	.db #0x02	; 2
   01B2 02                  479 	.db #0x02	; 2
   01B3 02                  480 	.db #0x02	; 2
   01B4 02                  481 	.db #0x02	; 2
   01B5 02                  482 	.db #0x02	; 2
   01B6 2D                  483 	.db #0x2D	; 45
   01B7 02                  484 	.db #0x02	; 2
   01B8 0B                  485 	.db #0x0B	; 11
   01B9 06                  486 	.db #0x06	; 6
   01BA 06                  487 	.db #0x06	; 6
   01BB 06                  488 	.db #0x06	; 6
   01BC 06                  489 	.db #0x06	; 6
   01BD 06                  490 	.db #0x06	; 6
   01BE 06                  491 	.db #0x06	; 6
   01BF 06                  492 	.db #0x06	; 6
   01C0 22                  493 	.db #0x22	; 34
   01C1 06                  494 	.db #0x06	; 6
   01C2 06                  495 	.db #0x06	; 6
   01C3 06                  496 	.db #0x06	; 6
   01C4 06                  497 	.db #0x06	; 6
   01C5 06                  498 	.db #0x06	; 6
   01C6 06                  499 	.db #0x06	; 6
   01C7 06                  500 	.db #0x06	; 6
   01C8 06                  501 	.db #0x06	; 6
   01C9 06                  502 	.db #0x06	; 6
   01CA 06                  503 	.db #0x06	; 6
   01CB 06                  504 	.db #0x06	; 6
   01CC 06                  505 	.db #0x06	; 6
   01CD 06                  506 	.db #0x06	; 6
   01CE 06                  507 	.db #0x06	; 6
   01CF 22                  508 	.db #0x22	; 34
   01D0 06                  509 	.db #0x06	; 6
   01D1 06                  510 	.db #0x06	; 6
   01D2 06                  511 	.db #0x06	; 6
   01D3 06                  512 	.db #0x06	; 6
   01D4 06                  513 	.db #0x06	; 6
   01D5 06                  514 	.db #0x06	; 6
   01D6 06                  515 	.db #0x06	; 6
   01D7 06                  516 	.db #0x06	; 6
   01D8 06                  517 	.db #0x06	; 6
   01D9 02                  518 	.db #0x02	; 2
   01DA 02                  519 	.db #0x02	; 2
   01DB 02                  520 	.db #0x02	; 2
   01DC 02                  521 	.db #0x02	; 2
   01DD 02                  522 	.db #0x02	; 2
   01DE 02                  523 	.db #0x02	; 2
   01DF 02                  524 	.db #0x02	; 2
   01E0 0B                  525 	.db #0x0B	; 11
   01E1 06                  526 	.db #0x06	; 6
   01E2 06                  527 	.db #0x06	; 6
   01E3 06                  528 	.db #0x06	; 6
   01E4 06                  529 	.db #0x06	; 6
   01E5 06                  530 	.db #0x06	; 6
   01E6 06                  531 	.db #0x06	; 6
   01E7 06                  532 	.db #0x06	; 6
   01E8 06                  533 	.db #0x06	; 6
   01E9 06                  534 	.db #0x06	; 6
   01EA 06                  535 	.db #0x06	; 6
   01EB 06                  536 	.db #0x06	; 6
   01EC 06                  537 	.db #0x06	; 6
   01ED 06                  538 	.db #0x06	; 6
   01EE 06                  539 	.db #0x06	; 6
   01EF 06                  540 	.db #0x06	; 6
   01F0 22                  541 	.db #0x22	; 34
   01F1 06                  542 	.db #0x06	; 6
   01F2 06                  543 	.db #0x06	; 6
   01F3 22                  544 	.db #0x22	; 34
   01F4 06                  545 	.db #0x06	; 6
   01F5 06                  546 	.db #0x06	; 6
   01F6 06                  547 	.db #0x06	; 6
   01F7 06                  548 	.db #0x06	; 6
   01F8 06                  549 	.db #0x06	; 6
   01F9 06                  550 	.db #0x06	; 6
   01FA 22                  551 	.db #0x22	; 34
   01FB 06                  552 	.db #0x06	; 6
   01FC 06                  553 	.db #0x06	; 6
   01FD 06                  554 	.db #0x06	; 6
   01FE 06                  555 	.db #0x06	; 6
   01FF 06                  556 	.db #0x06	; 6
   0200 06                  557 	.db #0x06	; 6
   0201 06                  558 	.db #0x06	; 6
   0202 02                  559 	.db #0x02	; 2
   0203 02                  560 	.db #0x02	; 2
   0204 02                  561 	.db #0x02	; 2
   0205 2D                  562 	.db #0x2D	; 45
   0206 02                  563 	.db #0x02	; 2
   0207 02                  564 	.db #0x02	; 2
   0208 0B                  565 	.db #0x0B	; 11
   0209 06                  566 	.db #0x06	; 6
   020A 06                  567 	.db #0x06	; 6
   020B 22                  568 	.db #0x22	; 34
   020C 06                  569 	.db #0x06	; 6
   020D 06                  570 	.db #0x06	; 6
   020E 06                  571 	.db #0x06	; 6
   020F 06                  572 	.db #0x06	; 6
   0210 06                  573 	.db #0x06	; 6
   0211 06                  574 	.db #0x06	; 6
   0212 22                  575 	.db #0x22	; 34
   0213 06                  576 	.db #0x06	; 6
   0214 06                  577 	.db #0x06	; 6
   0215 06                  578 	.db #0x06	; 6
   0216 06                  579 	.db #0x06	; 6
   0217 06                  580 	.db #0x06	; 6
   0218 06                  581 	.db #0x06	; 6
   0219 06                  582 	.db #0x06	; 6
   021A 06                  583 	.db #0x06	; 6
   021B 06                  584 	.db #0x06	; 6
   021C 06                  585 	.db #0x06	; 6
   021D 06                  586 	.db #0x06	; 6
   021E 06                  587 	.db #0x06	; 6
   021F 06                  588 	.db #0x06	; 6
   0220 06                  589 	.db #0x06	; 6
   0221 06                  590 	.db #0x06	; 6
   0222 06                  591 	.db #0x06	; 6
   0223 06                  592 	.db #0x06	; 6
   0224 06                  593 	.db #0x06	; 6
   0225 22                  594 	.db #0x22	; 34
   0226 06                  595 	.db #0x06	; 6
   0227 06                  596 	.db #0x06	; 6
   0228 06                  597 	.db #0x06	; 6
   0229 06                  598 	.db #0x06	; 6
   022A 06                  599 	.db #0x06	; 6
   022B 02                  600 	.db #0x02	; 2
   022C 02                  601 	.db #0x02	; 2
   022D 02                  602 	.db #0x02	; 2
   022E 02                  603 	.db #0x02	; 2
   022F 02                  604 	.db #0x02	; 2
   0230 0B                  605 	.db #0x0B	; 11
   0231 06                  606 	.db #0x06	; 6
   0232 06                  607 	.db #0x06	; 6
   0233 06                  608 	.db #0x06	; 6
   0234 06                  609 	.db #0x06	; 6
   0235 06                  610 	.db #0x06	; 6
   0236 06                  611 	.db #0x06	; 6
   0237 06                  612 	.db #0x06	; 6
   0238 06                  613 	.db #0x06	; 6
   0239 06                  614 	.db #0x06	; 6
   023A 06                  615 	.db #0x06	; 6
   023B 06                  616 	.db #0x06	; 6
   023C 06                  617 	.db #0x06	; 6
   023D 06                  618 	.db #0x06	; 6
   023E 06                  619 	.db #0x06	; 6
   023F 06                  620 	.db #0x06	; 6
   0240 06                  621 	.db #0x06	; 6
   0241 06                  622 	.db #0x06	; 6
   0242 06                  623 	.db #0x06	; 6
   0243 06                  624 	.db #0x06	; 6
   0244 06                  625 	.db #0x06	; 6
   0245 06                  626 	.db #0x06	; 6
   0246 06                  627 	.db #0x06	; 6
   0247 06                  628 	.db #0x06	; 6
   0248 06                  629 	.db #0x06	; 6
   0249 06                  630 	.db #0x06	; 6
   024A 06                  631 	.db #0x06	; 6
   024B 06                  632 	.db #0x06	; 6
   024C 06                  633 	.db #0x06	; 6
   024D 06                  634 	.db #0x06	; 6
   024E 06                  635 	.db #0x06	; 6
   024F 06                  636 	.db #0x06	; 6
   0250 06                  637 	.db #0x06	; 6
   0251 06                  638 	.db #0x06	; 6
   0252 06                  639 	.db #0x06	; 6
   0253 02                  640 	.db #0x02	; 2
   0254 02                  641 	.db #0x02	; 2
   0255 02                  642 	.db #0x02	; 2
   0256 02                  643 	.db #0x02	; 2
   0257 02                  644 	.db #0x02	; 2
   0258 0B                  645 	.db #0x0B	; 11
   0259 06                  646 	.db #0x06	; 6
   025A 06                  647 	.db #0x06	; 6
   025B 06                  648 	.db #0x06	; 6
   025C 06                  649 	.db #0x06	; 6
   025D 06                  650 	.db #0x06	; 6
   025E 06                  651 	.db #0x06	; 6
   025F 06                  652 	.db #0x06	; 6
   0260 06                  653 	.db #0x06	; 6
   0261 06                  654 	.db #0x06	; 6
   0262 06                  655 	.db #0x06	; 6
   0263 06                  656 	.db #0x06	; 6
   0264 06                  657 	.db #0x06	; 6
   0265 06                  658 	.db #0x06	; 6
   0266 06                  659 	.db #0x06	; 6
   0267 06                  660 	.db #0x06	; 6
   0268 06                  661 	.db #0x06	; 6
   0269 06                  662 	.db #0x06	; 6
   026A 06                  663 	.db #0x06	; 6
   026B 06                  664 	.db #0x06	; 6
   026C 06                  665 	.db #0x06	; 6
   026D 06                  666 	.db #0x06	; 6
   026E 22                  667 	.db #0x22	; 34
   026F 06                  668 	.db #0x06	; 6
   0270 06                  669 	.db #0x06	; 6
   0271 06                  670 	.db #0x06	; 6
   0272 06                  671 	.db #0x06	; 6
   0273 06                  672 	.db #0x06	; 6
   0274 06                  673 	.db #0x06	; 6
   0275 06                  674 	.db #0x06	; 6
   0276 06                  675 	.db #0x06	; 6
   0277 06                  676 	.db #0x06	; 6
   0278 06                  677 	.db #0x06	; 6
   0279 22                  678 	.db #0x22	; 34
   027A 06                  679 	.db #0x06	; 6
   027B 06                  680 	.db #0x06	; 6
   027C 02                  681 	.db #0x02	; 2
   027D 02                  682 	.db #0x02	; 2
   027E 02                  683 	.db #0x02	; 2
   027F 02                  684 	.db #0x02	; 2
   0280 0B                  685 	.db #0x0B	; 11
   0281 06                  686 	.db #0x06	; 6
   0282 22                  687 	.db #0x22	; 34
   0283 06                  688 	.db #0x06	; 6
   0284 06                  689 	.db #0x06	; 6
   0285 06                  690 	.db #0x06	; 6
   0286 06                  691 	.db #0x06	; 6
   0287 06                  692 	.db #0x06	; 6
   0288 06                  693 	.db #0x06	; 6
   0289 06                  694 	.db #0x06	; 6
   028A 06                  695 	.db #0x06	; 6
   028B 06                  696 	.db #0x06	; 6
   028C 06                  697 	.db #0x06	; 6
   028D 06                  698 	.db #0x06	; 6
   028E 06                  699 	.db #0x06	; 6
   028F 08                  700 	.db #0x08	; 8
   0290 08                  701 	.db #0x08	; 8
   0291 08                  702 	.db #0x08	; 8
   0292 06                  703 	.db #0x06	; 6
   0293 06                  704 	.db #0x06	; 6
   0294 06                  705 	.db #0x06	; 6
   0295 06                  706 	.db #0x06	; 6
   0296 06                  707 	.db #0x06	; 6
   0297 22                  708 	.db #0x22	; 34
   0298 06                  709 	.db #0x06	; 6
   0299 06                  710 	.db #0x06	; 6
   029A 06                  711 	.db #0x06	; 6
   029B 06                  712 	.db #0x06	; 6
   029C 06                  713 	.db #0x06	; 6
   029D 06                  714 	.db #0x06	; 6
   029E 06                  715 	.db #0x06	; 6
   029F 06                  716 	.db #0x06	; 6
   02A0 06                  717 	.db #0x06	; 6
   02A1 06                  718 	.db #0x06	; 6
   02A2 06                  719 	.db #0x06	; 6
   02A3 06                  720 	.db #0x06	; 6
   02A4 02                  721 	.db #0x02	; 2
   02A5 02                  722 	.db #0x02	; 2
   02A6 02                  723 	.db #0x02	; 2
   02A7 02                  724 	.db #0x02	; 2
   02A8 0B                  725 	.db #0x0B	; 11
   02A9 06                  726 	.db #0x06	; 6
   02AA 22                  727 	.db #0x22	; 34
   02AB 06                  728 	.db #0x06	; 6
   02AC 06                  729 	.db #0x06	; 6
   02AD 06                  730 	.db #0x06	; 6
   02AE 06                  731 	.db #0x06	; 6
   02AF 22                  732 	.db #0x22	; 34
   02B0 06                  733 	.db #0x06	; 6
   02B1 06                  734 	.db #0x06	; 6
   02B2 06                  735 	.db #0x06	; 6
   02B3 06                  736 	.db #0x06	; 6
   02B4 06                  737 	.db #0x06	; 6
   02B5 06                  738 	.db #0x06	; 6
   02B6 08                  739 	.db #0x08	; 8
   02B7 08                  740 	.db #0x08	; 8
   02B8 2C                  741 	.db #0x2C	; 44
   02B9 08                  742 	.db #0x08	; 8
   02BA 08                  743 	.db #0x08	; 8
   02BB 08                  744 	.db #0x08	; 8
   02BC 08                  745 	.db #0x08	; 8
   02BD 06                  746 	.db #0x06	; 6
   02BE 06                  747 	.db #0x06	; 6
   02BF 06                  748 	.db #0x06	; 6
   02C0 06                  749 	.db #0x06	; 6
   02C1 06                  750 	.db #0x06	; 6
   02C2 06                  751 	.db #0x06	; 6
   02C3 22                  752 	.db #0x22	; 34
   02C4 06                  753 	.db #0x06	; 6
   02C5 06                  754 	.db #0x06	; 6
   02C6 06                  755 	.db #0x06	; 6
   02C7 06                  756 	.db #0x06	; 6
   02C8 06                  757 	.db #0x06	; 6
   02C9 06                  758 	.db #0x06	; 6
   02CA 06                  759 	.db #0x06	; 6
   02CB 06                  760 	.db #0x06	; 6
   02CC 06                  761 	.db #0x06	; 6
   02CD 02                  762 	.db #0x02	; 2
   02CE 02                  763 	.db #0x02	; 2
   02CF 2D                  764 	.db #0x2D	; 45
   02D0 0B                  765 	.db #0x0B	; 11
   02D1 06                  766 	.db #0x06	; 6
   02D2 06                  767 	.db #0x06	; 6
   02D3 06                  768 	.db #0x06	; 6
   02D4 06                  769 	.db #0x06	; 6
   02D5 06                  770 	.db #0x06	; 6
   02D6 06                  771 	.db #0x06	; 6
   02D7 06                  772 	.db #0x06	; 6
   02D8 06                  773 	.db #0x06	; 6
   02D9 06                  774 	.db #0x06	; 6
   02DA 06                  775 	.db #0x06	; 6
   02DB 06                  776 	.db #0x06	; 6
   02DC 06                  777 	.db #0x06	; 6
   02DD 08                  778 	.db #0x08	; 8
   02DE 2A                  779 	.db #0x2A	; 42
   02DF 08                  780 	.db #0x08	; 8
   02E0 08                  781 	.db #0x08	; 8
   02E1 08                  782 	.db #0x08	; 8
   02E2 08                  783 	.db #0x08	; 8
   02E3 2C                  784 	.db #0x2C	; 44
   02E4 08                  785 	.db #0x08	; 8
   02E5 08                  786 	.db #0x08	; 8
   02E6 06                  787 	.db #0x06	; 6
   02E7 06                  788 	.db #0x06	; 6
   02E8 06                  789 	.db #0x06	; 6
   02E9 22                  790 	.db #0x22	; 34
   02EA 06                  791 	.db #0x06	; 6
   02EB 06                  792 	.db #0x06	; 6
   02EC 06                  793 	.db #0x06	; 6
   02ED 06                  794 	.db #0x06	; 6
   02EE 06                  795 	.db #0x06	; 6
   02EF 06                  796 	.db #0x06	; 6
   02F0 06                  797 	.db #0x06	; 6
   02F1 06                  798 	.db #0x06	; 6
   02F2 06                  799 	.db #0x06	; 6
   02F3 06                  800 	.db #0x06	; 6
   02F4 06                  801 	.db #0x06	; 6
   02F5 06                  802 	.db #0x06	; 6
   02F6 02                  803 	.db #0x02	; 2
   02F7 02                  804 	.db #0x02	; 2
   02F8 0B                  805 	.db #0x0B	; 11
   02F9 06                  806 	.db #0x06	; 6
   02FA 06                  807 	.db #0x06	; 6
   02FB 06                  808 	.db #0x06	; 6
   02FC 06                  809 	.db #0x06	; 6
   02FD 06                  810 	.db #0x06	; 6
   02FE 06                  811 	.db #0x06	; 6
   02FF 06                  812 	.db #0x06	; 6
   0300 06                  813 	.db #0x06	; 6
   0301 06                  814 	.db #0x06	; 6
   0302 06                  815 	.db #0x06	; 6
   0303 06                  816 	.db #0x06	; 6
   0304 08                  817 	.db #0x08	; 8
   0305 08                  818 	.db #0x08	; 8
   0306 08                  819 	.db #0x08	; 8
   0307 08                  820 	.db #0x08	; 8
   0308 08                  821 	.db #0x08	; 8
   0309 08                  822 	.db #0x08	; 8
   030A 08                  823 	.db #0x08	; 8
   030B 08                  824 	.db #0x08	; 8
   030C 08                  825 	.db #0x08	; 8
   030D 08                  826 	.db #0x08	; 8
   030E 06                  827 	.db #0x06	; 6
   030F 06                  828 	.db #0x06	; 6
   0310 06                  829 	.db #0x06	; 6
   0311 22                  830 	.db #0x22	; 34
   0312 06                  831 	.db #0x06	; 6
   0313 06                  832 	.db #0x06	; 6
   0314 06                  833 	.db #0x06	; 6
   0315 26                  834 	.db #0x26	; 38
   0316 06                  835 	.db #0x06	; 6
   0317 06                  836 	.db #0x06	; 6
   0318 06                  837 	.db #0x06	; 6
   0319 06                  838 	.db #0x06	; 6
   031A 06                  839 	.db #0x06	; 6
   031B 06                  840 	.db #0x06	; 6
   031C 22                  841 	.db #0x22	; 34
   031D 06                  842 	.db #0x06	; 6
   031E 02                  843 	.db #0x02	; 2
   031F 02                  844 	.db #0x02	; 2
   0320 0B                  845 	.db #0x0B	; 11
   0321 06                  846 	.db #0x06	; 6
   0322 06                  847 	.db #0x06	; 6
   0323 06                  848 	.db #0x06	; 6
   0324 06                  849 	.db #0x06	; 6
   0325 06                  850 	.db #0x06	; 6
   0326 06                  851 	.db #0x06	; 6
   0327 06                  852 	.db #0x06	; 6
   0328 06                  853 	.db #0x06	; 6
   0329 06                  854 	.db #0x06	; 6
   032A 06                  855 	.db #0x06	; 6
   032B 08                  856 	.db #0x08	; 8
   032C 08                  857 	.db #0x08	; 8
   032D 08                  858 	.db #0x08	; 8
   032E 08                  859 	.db #0x08	; 8
   032F 08                  860 	.db #0x08	; 8
   0330 2C                  861 	.db #0x2C	; 44
   0331 08                  862 	.db #0x08	; 8
   0332 2A                  863 	.db #0x2A	; 42
   0333 08                  864 	.db #0x08	; 8
   0334 08                  865 	.db #0x08	; 8
   0335 08                  866 	.db #0x08	; 8
   0336 06                  867 	.db #0x06	; 6
   0337 06                  868 	.db #0x06	; 6
   0338 06                  869 	.db #0x06	; 6
   0339 06                  870 	.db #0x06	; 6
   033A 06                  871 	.db #0x06	; 6
   033B 06                  872 	.db #0x06	; 6
   033C 06                  873 	.db #0x06	; 6
   033D 06                  874 	.db #0x06	; 6
   033E 06                  875 	.db #0x06	; 6
   033F 06                  876 	.db #0x06	; 6
   0340 22                  877 	.db #0x22	; 34
   0341 06                  878 	.db #0x06	; 6
   0342 06                  879 	.db #0x06	; 6
   0343 06                  880 	.db #0x06	; 6
   0344 06                  881 	.db #0x06	; 6
   0345 06                  882 	.db #0x06	; 6
   0346 06                  883 	.db #0x06	; 6
   0347 06                  884 	.db #0x06	; 6
   0348 0B                  885 	.db #0x0B	; 11
   0349 06                  886 	.db #0x06	; 6
   034A 06                  887 	.db #0x06	; 6
   034B 06                  888 	.db #0x06	; 6
   034C 22                  889 	.db #0x22	; 34
   034D 06                  890 	.db #0x06	; 6
   034E 06                  891 	.db #0x06	; 6
   034F 06                  892 	.db #0x06	; 6
   0350 06                  893 	.db #0x06	; 6
   0351 06                  894 	.db #0x06	; 6
   0352 06                  895 	.db #0x06	; 6
   0353 08                  896 	.db #0x08	; 8
   0354 2C                  897 	.db #0x2C	; 44
   0355 08                  898 	.db #0x08	; 8
   0356 08                  899 	.db #0x08	; 8
   0357 08                  900 	.db #0x08	; 8
   0358 08                  901 	.db #0x08	; 8
   0359 08                  902 	.db #0x08	; 8
   035A 08                  903 	.db #0x08	; 8
   035B 08                  904 	.db #0x08	; 8
   035C 08                  905 	.db #0x08	; 8
   035D 08                  906 	.db #0x08	; 8
   035E 08                  907 	.db #0x08	; 8
   035F 06                  908 	.db #0x06	; 6
   0360 06                  909 	.db #0x06	; 6
   0361 06                  910 	.db #0x06	; 6
   0362 06                  911 	.db #0x06	; 6
   0363 06                  912 	.db #0x06	; 6
   0364 06                  913 	.db #0x06	; 6
   0365 06                  914 	.db #0x06	; 6
   0366 06                  915 	.db #0x06	; 6
   0367 06                  916 	.db #0x06	; 6
   0368 06                  917 	.db #0x06	; 6
   0369 06                  918 	.db #0x06	; 6
   036A 06                  919 	.db #0x06	; 6
   036B 06                  920 	.db #0x06	; 6
   036C 06                  921 	.db #0x06	; 6
   036D 06                  922 	.db #0x06	; 6
   036E 06                  923 	.db #0x06	; 6
   036F 06                  924 	.db #0x06	; 6
   0370 0B                  925 	.db #0x0B	; 11
   0371 06                  926 	.db #0x06	; 6
   0372 06                  927 	.db #0x06	; 6
   0373 06                  928 	.db #0x06	; 6
   0374 06                  929 	.db #0x06	; 6
   0375 06                  930 	.db #0x06	; 6
   0376 06                  931 	.db #0x06	; 6
   0377 06                  932 	.db #0x06	; 6
   0378 06                  933 	.db #0x06	; 6
   0379 06                  934 	.db #0x06	; 6
   037A 06                  935 	.db #0x06	; 6
   037B 06                  936 	.db #0x06	; 6
   037C 08                  937 	.db #0x08	; 8
   037D 08                  938 	.db #0x08	; 8
   037E 08                  939 	.db #0x08	; 8
   037F 08                  940 	.db #0x08	; 8
   0380 08                  941 	.db #0x08	; 8
   0381 08                  942 	.db #0x08	; 8
   0382 06                  943 	.db #0x06	; 6
   0383 08                  944 	.db #0x08	; 8
   0384 08                  945 	.db #0x08	; 8
   0385 2C                  946 	.db #0x2C	; 44
   0386 08                  947 	.db #0x08	; 8
   0387 06                  948 	.db #0x06	; 6
   0388 06                  949 	.db #0x06	; 6
   0389 06                  950 	.db #0x06	; 6
   038A 06                  951 	.db #0x06	; 6
   038B 26                  952 	.db #0x26	; 38
   038C 26                  953 	.db #0x26	; 38
   038D 06                  954 	.db #0x06	; 6
   038E 06                  955 	.db #0x06	; 6
   038F 06                  956 	.db #0x06	; 6
   0390 06                  957 	.db #0x06	; 6
   0391 06                  958 	.db #0x06	; 6
   0392 06                  959 	.db #0x06	; 6
   0393 06                  960 	.db #0x06	; 6
   0394 06                  961 	.db #0x06	; 6
   0395 06                  962 	.db #0x06	; 6
   0396 06                  963 	.db #0x06	; 6
   0397 06                  964 	.db #0x06	; 6
   0398 0B                  965 	.db #0x0B	; 11
   0399 06                  966 	.db #0x06	; 6
   039A 06                  967 	.db #0x06	; 6
   039B 06                  968 	.db #0x06	; 6
   039C 06                  969 	.db #0x06	; 6
   039D 26                  970 	.db #0x26	; 38
   039E 06                  971 	.db #0x06	; 6
   039F 26                  972 	.db #0x26	; 38
   03A0 06                  973 	.db #0x06	; 6
   03A1 06                  974 	.db #0x06	; 6
   03A2 06                  975 	.db #0x06	; 6
   03A3 06                  976 	.db #0x06	; 6
   03A4 08                  977 	.db #0x08	; 8
   03A5 08                  978 	.db #0x08	; 8
   03A6 2A                  979 	.db #0x2A	; 42
   03A7 08                  980 	.db #0x08	; 8
   03A8 08                  981 	.db #0x08	; 8
   03A9 06                  982 	.db #0x06	; 6
   03AA 06                  983 	.db #0x06	; 6
   03AB 06                  984 	.db #0x06	; 6
   03AC 08                  985 	.db #0x08	; 8
   03AD 08                  986 	.db #0x08	; 8
   03AE 08                  987 	.db #0x08	; 8
   03AF 06                  988 	.db #0x06	; 6
   03B0 06                  989 	.db #0x06	; 6
   03B1 06                  990 	.db #0x06	; 6
   03B2 06                  991 	.db #0x06	; 6
   03B3 06                  992 	.db #0x06	; 6
   03B4 06                  993 	.db #0x06	; 6
   03B5 06                  994 	.db #0x06	; 6
   03B6 06                  995 	.db #0x06	; 6
   03B7 22                  996 	.db #0x22	; 34
   03B8 06                  997 	.db #0x06	; 6
   03B9 06                  998 	.db #0x06	; 6
   03BA 06                  999 	.db #0x06	; 6
   03BB 22                 1000 	.db #0x22	; 34
   03BC 06                 1001 	.db #0x06	; 6
   03BD 22                 1002 	.db #0x22	; 34
   03BE 06                 1003 	.db #0x06	; 6
   03BF 06                 1004 	.db #0x06	; 6
   03C0 0B                 1005 	.db #0x0B	; 11
   03C1 06                 1006 	.db #0x06	; 6
   03C2 06                 1007 	.db #0x06	; 6
   03C3 06                 1008 	.db #0x06	; 6
   03C4 06                 1009 	.db #0x06	; 6
   03C5 06                 1010 	.db #0x06	; 6
   03C6 06                 1011 	.db #0x06	; 6
   03C7 06                 1012 	.db #0x06	; 6
   03C8 06                 1013 	.db #0x06	; 6
   03C9 06                 1014 	.db #0x06	; 6
   03CA 06                 1015 	.db #0x06	; 6
   03CB 06                 1016 	.db #0x06	; 6
   03CC 06                 1017 	.db #0x06	; 6
   03CD 06                 1018 	.db #0x06	; 6
   03CE 08                 1019 	.db #0x08	; 8
   03CF 08                 1020 	.db #0x08	; 8
   03D0 08                 1021 	.db #0x08	; 8
   03D1 06                 1022 	.db #0x06	; 6
   03D2 06                 1023 	.db #0x06	; 6
   03D3 06                 1024 	.db #0x06	; 6
   03D4 08                 1025 	.db #0x08	; 8
   03D5 2C                 1026 	.db #0x2C	; 44
   03D6 08                 1027 	.db #0x08	; 8
   03D7 06                 1028 	.db #0x06	; 6
   03D8 06                 1029 	.db #0x06	; 6
   03D9 06                 1030 	.db #0x06	; 6
   03DA 06                 1031 	.db #0x06	; 6
   03DB 06                 1032 	.db #0x06	; 6
   03DC 06                 1033 	.db #0x06	; 6
   03DD 06                 1034 	.db #0x06	; 6
   03DE 06                 1035 	.db #0x06	; 6
   03DF 22                 1036 	.db #0x22	; 34
   03E0 06                 1037 	.db #0x06	; 6
   03E1 06                 1038 	.db #0x06	; 6
   03E2 06                 1039 	.db #0x06	; 6
   03E3 22                 1040 	.db #0x22	; 34
   03E4 06                 1041 	.db #0x06	; 6
   03E5 06                 1042 	.db #0x06	; 6
   03E6 06                 1043 	.db #0x06	; 6
   03E7 06                 1044 	.db #0x06	; 6
   03E8 0B                 1045 	.db #0x0B	; 11
   03E9 06                 1046 	.db #0x06	; 6
   03EA 22                 1047 	.db #0x22	; 34
   03EB 06                 1048 	.db #0x06	; 6
   03EC 06                 1049 	.db #0x06	; 6
   03ED 06                 1050 	.db #0x06	; 6
   03EE 06                 1051 	.db #0x06	; 6
   03EF 06                 1052 	.db #0x06	; 6
   03F0 06                 1053 	.db #0x06	; 6
   03F1 06                 1054 	.db #0x06	; 6
   03F2 06                 1055 	.db #0x06	; 6
   03F3 06                 1056 	.db #0x06	; 6
   03F4 06                 1057 	.db #0x06	; 6
   03F5 06                 1058 	.db #0x06	; 6
   03F6 06                 1059 	.db #0x06	; 6
   03F7 06                 1060 	.db #0x06	; 6
   03F8 06                 1061 	.db #0x06	; 6
   03F9 06                 1062 	.db #0x06	; 6
   03FA 06                 1063 	.db #0x06	; 6
   03FB 06                 1064 	.db #0x06	; 6
   03FC 08                 1065 	.db #0x08	; 8
   03FD 08                 1066 	.db #0x08	; 8
   03FE 08                 1067 	.db #0x08	; 8
   03FF 06                 1068 	.db #0x06	; 6
   0400 06                 1069 	.db #0x06	; 6
   0401 06                 1070 	.db #0x06	; 6
   0402 06                 1071 	.db #0x06	; 6
   0403 26                 1072 	.db #0x26	; 38
   0404 06                 1073 	.db #0x06	; 6
   0405 06                 1074 	.db #0x06	; 6
   0406 06                 1075 	.db #0x06	; 6
   0407 06                 1076 	.db #0x06	; 6
   0408 06                 1077 	.db #0x06	; 6
   0409 06                 1078 	.db #0x06	; 6
   040A 06                 1079 	.db #0x06	; 6
   040B 06                 1080 	.db #0x06	; 6
   040C 06                 1081 	.db #0x06	; 6
   040D 06                 1082 	.db #0x06	; 6
   040E 06                 1083 	.db #0x06	; 6
   040F 06                 1084 	.db #0x06	; 6
   0410 0B                 1085 	.db #0x0B	; 11
   0411 06                 1086 	.db #0x06	; 6
   0412 06                 1087 	.db #0x06	; 6
   0413 06                 1088 	.db #0x06	; 6
   0414 06                 1089 	.db #0x06	; 6
   0415 06                 1090 	.db #0x06	; 6
   0416 06                 1091 	.db #0x06	; 6
   0417 06                 1092 	.db #0x06	; 6
   0418 06                 1093 	.db #0x06	; 6
   0419 06                 1094 	.db #0x06	; 6
   041A 06                 1095 	.db #0x06	; 6
   041B 06                 1096 	.db #0x06	; 6
   041C 06                 1097 	.db #0x06	; 6
   041D 06                 1098 	.db #0x06	; 6
   041E 06                 1099 	.db #0x06	; 6
   041F 06                 1100 	.db #0x06	; 6
   0420 06                 1101 	.db #0x06	; 6
   0421 06                 1102 	.db #0x06	; 6
   0422 06                 1103 	.db #0x06	; 6
   0423 06                 1104 	.db #0x06	; 6
   0424 08                 1105 	.db #0x08	; 8
   0425 08                 1106 	.db #0x08	; 8
   0426 06                 1107 	.db #0x06	; 6
   0427 06                 1108 	.db #0x06	; 6
   0428 06                 1109 	.db #0x06	; 6
   0429 06                 1110 	.db #0x06	; 6
   042A 06                 1111 	.db #0x06	; 6
   042B 06                 1112 	.db #0x06	; 6
   042C 26                 1113 	.db #0x26	; 38
   042D 06                 1114 	.db #0x06	; 6
   042E 06                 1115 	.db #0x06	; 6
   042F 06                 1116 	.db #0x06	; 6
   0430 06                 1117 	.db #0x06	; 6
   0431 06                 1118 	.db #0x06	; 6
   0432 06                 1119 	.db #0x06	; 6
   0433 06                 1120 	.db #0x06	; 6
   0434 06                 1121 	.db #0x06	; 6
   0435 06                 1122 	.db #0x06	; 6
   0436 06                 1123 	.db #0x06	; 6
   0437 06                 1124 	.db #0x06	; 6
   0438 0B                 1125 	.db #0x0B	; 11
   0439 06                 1126 	.db #0x06	; 6
   043A 06                 1127 	.db #0x06	; 6
   043B 06                 1128 	.db #0x06	; 6
   043C 06                 1129 	.db #0x06	; 6
   043D 06                 1130 	.db #0x06	; 6
   043E 06                 1131 	.db #0x06	; 6
   043F 06                 1132 	.db #0x06	; 6
   0440 06                 1133 	.db #0x06	; 6
   0441 06                 1134 	.db #0x06	; 6
   0442 22                 1135 	.db #0x22	; 34
   0443 06                 1136 	.db #0x06	; 6
   0444 06                 1137 	.db #0x06	; 6
   0445 26                 1138 	.db #0x26	; 38
   0446 06                 1139 	.db #0x06	; 6
   0447 06                 1140 	.db #0x06	; 6
   0448 06                 1141 	.db #0x06	; 6
   0449 06                 1142 	.db #0x06	; 6
   044A 06                 1143 	.db #0x06	; 6
   044B 06                 1144 	.db #0x06	; 6
   044C 06                 1145 	.db #0x06	; 6
   044D 06                 1146 	.db #0x06	; 6
   044E 06                 1147 	.db #0x06	; 6
   044F 06                 1148 	.db #0x06	; 6
   0450 06                 1149 	.db #0x06	; 6
   0451 06                 1150 	.db #0x06	; 6
   0452 06                 1151 	.db #0x06	; 6
   0453 06                 1152 	.db #0x06	; 6
   0454 06                 1153 	.db #0x06	; 6
   0455 26                 1154 	.db #0x26	; 38
   0456 06                 1155 	.db #0x06	; 6
   0457 06                 1156 	.db #0x06	; 6
   0458 06                 1157 	.db #0x06	; 6
   0459 06                 1158 	.db #0x06	; 6
   045A 06                 1159 	.db #0x06	; 6
   045B 06                 1160 	.db #0x06	; 6
   045C 06                 1161 	.db #0x06	; 6
   045D 06                 1162 	.db #0x06	; 6
   045E 06                 1163 	.db #0x06	; 6
   045F 06                 1164 	.db #0x06	; 6
   0460 35                 1165 	.db #0x35	; 53	'5'
   0461 08                 1166 	.db #0x08	; 8
   0462 08                 1167 	.db #0x08	; 8
   0463 06                 1168 	.db #0x06	; 6
   0464 06                 1169 	.db #0x06	; 6
   0465 06                 1170 	.db #0x06	; 6
   0466 06                 1171 	.db #0x06	; 6
   0467 06                 1172 	.db #0x06	; 6
   0468 06                 1173 	.db #0x06	; 6
   0469 06                 1174 	.db #0x06	; 6
   046A 06                 1175 	.db #0x06	; 6
   046B 06                 1176 	.db #0x06	; 6
   046C 06                 1177 	.db #0x06	; 6
   046D 06                 1178 	.db #0x06	; 6
   046E 06                 1179 	.db #0x06	; 6
   046F 06                 1180 	.db #0x06	; 6
   0470 06                 1181 	.db #0x06	; 6
   0471 06                 1182 	.db #0x06	; 6
   0472 06                 1183 	.db #0x06	; 6
   0473 06                 1184 	.db #0x06	; 6
   0474 06                 1185 	.db #0x06	; 6
   0475 06                 1186 	.db #0x06	; 6
   0476 06                 1187 	.db #0x06	; 6
   0477 06                 1188 	.db #0x06	; 6
   0478 06                 1189 	.db #0x06	; 6
   0479 06                 1190 	.db #0x06	; 6
   047A 06                 1191 	.db #0x06	; 6
   047B 06                 1192 	.db #0x06	; 6
   047C 06                 1193 	.db #0x06	; 6
   047D 06                 1194 	.db #0x06	; 6
   047E 06                 1195 	.db #0x06	; 6
   047F 06                 1196 	.db #0x06	; 6
   0480 06                 1197 	.db #0x06	; 6
   0481 06                 1198 	.db #0x06	; 6
   0482 06                 1199 	.db #0x06	; 6
   0483 26                 1200 	.db #0x26	; 38
   0484 06                 1201 	.db #0x06	; 6
   0485 06                 1202 	.db #0x06	; 6
   0486 06                 1203 	.db #0x06	; 6
   0487 06                 1204 	.db #0x06	; 6
   0488 35                 1205 	.db #0x35	; 53	'5'
   0489 08                 1206 	.db #0x08	; 8
   048A 08                 1207 	.db #0x08	; 8
   048B 08                 1208 	.db #0x08	; 8
   048C 08                 1209 	.db #0x08	; 8
   048D 06                 1210 	.db #0x06	; 6
   048E 06                 1211 	.db #0x06	; 6
   048F 22                 1212 	.db #0x22	; 34
   0490 06                 1213 	.db #0x06	; 6
   0491 06                 1214 	.db #0x06	; 6
   0492 22                 1215 	.db #0x22	; 34
   0493 06                 1216 	.db #0x06	; 6
   0494 06                 1217 	.db #0x06	; 6
   0495 06                 1218 	.db #0x06	; 6
   0496 26                 1219 	.db #0x26	; 38
   0497 06                 1220 	.db #0x06	; 6
   0498 06                 1221 	.db #0x06	; 6
   0499 06                 1222 	.db #0x06	; 6
   049A 06                 1223 	.db #0x06	; 6
   049B 26                 1224 	.db #0x26	; 38
   049C 06                 1225 	.db #0x06	; 6
   049D 06                 1226 	.db #0x06	; 6
   049E 06                 1227 	.db #0x06	; 6
   049F 06                 1228 	.db #0x06	; 6
   04A0 16                 1229 	.db #0x16	; 22
   04A1 1D                 1230 	.db #0x1D	; 29
   04A2 1D                 1231 	.db #0x1D	; 29
   04A3 15                 1232 	.db #0x15	; 21
   04A4 06                 1233 	.db #0x06	; 6
   04A5 06                 1234 	.db #0x06	; 6
   04A6 06                 1235 	.db #0x06	; 6
   04A7 06                 1236 	.db #0x06	; 6
   04A8 06                 1237 	.db #0x06	; 6
   04A9 06                 1238 	.db #0x06	; 6
   04AA 06                 1239 	.db #0x06	; 6
   04AB 06                 1240 	.db #0x06	; 6
   04AC 06                 1241 	.db #0x06	; 6
   04AD 06                 1242 	.db #0x06	; 6
   04AE 06                 1243 	.db #0x06	; 6
   04AF 06                 1244 	.db #0x06	; 6
   04B0 35                 1245 	.db #0x35	; 53	'5'
   04B1 2C                 1246 	.db #0x2C	; 44
   04B2 08                 1247 	.db #0x08	; 8
   04B3 08                 1248 	.db #0x08	; 8
   04B4 08                 1249 	.db #0x08	; 8
   04B5 2A                 1250 	.db #0x2A	; 42
   04B6 06                 1251 	.db #0x06	; 6
   04B7 06                 1252 	.db #0x06	; 6
   04B8 06                 1253 	.db #0x06	; 6
   04B9 06                 1254 	.db #0x06	; 6
   04BA 06                 1255 	.db #0x06	; 6
   04BB 06                 1256 	.db #0x06	; 6
   04BC 06                 1257 	.db #0x06	; 6
   04BD 06                 1258 	.db #0x06	; 6
   04BE 06                 1259 	.db #0x06	; 6
   04BF 06                 1260 	.db #0x06	; 6
   04C0 06                 1261 	.db #0x06	; 6
   04C1 06                 1262 	.db #0x06	; 6
   04C2 06                 1263 	.db #0x06	; 6
   04C3 06                 1264 	.db #0x06	; 6
   04C4 06                 1265 	.db #0x06	; 6
   04C5 22                 1266 	.db #0x22	; 34
   04C6 06                 1267 	.db #0x06	; 6
   04C7 06                 1268 	.db #0x06	; 6
   04C8 1A                 1269 	.db #0x1A	; 26
   04C9 20                 1270 	.db #0x20	; 32
   04CA 21                 1271 	.db #0x21	; 33
   04CB 1C                 1272 	.db #0x1C	; 28
   04CC 06                 1273 	.db #0x06	; 6
   04CD 06                 1274 	.db #0x06	; 6
   04CE 06                 1275 	.db #0x06	; 6
   04CF 06                 1276 	.db #0x06	; 6
   04D0 06                 1277 	.db #0x06	; 6
   04D1 06                 1278 	.db #0x06	; 6
   04D2 06                 1279 	.db #0x06	; 6
   04D3 26                 1280 	.db #0x26	; 38
   04D4 06                 1281 	.db #0x06	; 6
   04D5 06                 1282 	.db #0x06	; 6
   04D6 06                 1283 	.db #0x06	; 6
   04D7 06                 1284 	.db #0x06	; 6
   04D8 23                 1285 	.db #0x23	; 35
   04D9 02                 1286 	.db #0x02	; 2
   04DA 08                 1287 	.db #0x08	; 8
   04DB 2C                 1288 	.db #0x2C	; 44
   04DC 08                 1289 	.db #0x08	; 8
   04DD 08                 1290 	.db #0x08	; 8
   04DE 06                 1291 	.db #0x06	; 6
   04DF 06                 1292 	.db #0x06	; 6
   04E0 06                 1293 	.db #0x06	; 6
   04E1 06                 1294 	.db #0x06	; 6
   04E2 06                 1295 	.db #0x06	; 6
   04E3 06                 1296 	.db #0x06	; 6
   04E4 06                 1297 	.db #0x06	; 6
   04E5 06                 1298 	.db #0x06	; 6
   04E6 06                 1299 	.db #0x06	; 6
   04E7 06                 1300 	.db #0x06	; 6
   04E8 06                 1301 	.db #0x06	; 6
   04E9 06                 1302 	.db #0x06	; 6
   04EA 22                 1303 	.db #0x22	; 34
   04EB 06                 1304 	.db #0x06	; 6
   04EC 06                 1305 	.db #0x06	; 6
   04ED 06                 1306 	.db #0x06	; 6
   04EE 06                 1307 	.db #0x06	; 6
   04EF 06                 1308 	.db #0x06	; 6
   04F0 1A                 1309 	.db #0x1A	; 26
   04F1 24                 1310 	.db #0x24	; 36
   04F2 25                 1311 	.db #0x25	; 37
   04F3 1C                 1312 	.db #0x1C	; 28
   04F4 06                 1313 	.db #0x06	; 6
   04F5 06                 1314 	.db #0x06	; 6
   04F6 06                 1315 	.db #0x06	; 6
   04F7 06                 1316 	.db #0x06	; 6
   04F8 06                 1317 	.db #0x06	; 6
   04F9 06                 1318 	.db #0x06	; 6
   04FA 06                 1319 	.db #0x06	; 6
   04FB 06                 1320 	.db #0x06	; 6
   04FC 06                 1321 	.db #0x06	; 6
   04FD 06                 1322 	.db #0x06	; 6
   04FE 06                 1323 	.db #0x06	; 6
   04FF 06                 1324 	.db #0x06	; 6
   0500 23                 1325 	.db #0x23	; 35
   0501 02                 1326 	.db #0x02	; 2
   0502 08                 1327 	.db #0x08	; 8
   0503 08                 1328 	.db #0x08	; 8
   0504 08                 1329 	.db #0x08	; 8
   0505 08                 1330 	.db #0x08	; 8
   0506 08                 1331 	.db #0x08	; 8
   0507 06                 1332 	.db #0x06	; 6
   0508 06                 1333 	.db #0x06	; 6
   0509 06                 1334 	.db #0x06	; 6
   050A 06                 1335 	.db #0x06	; 6
   050B 22                 1336 	.db #0x22	; 34
   050C 06                 1337 	.db #0x06	; 6
   050D 06                 1338 	.db #0x06	; 6
   050E 06                 1339 	.db #0x06	; 6
   050F 06                 1340 	.db #0x06	; 6
   0510 06                 1341 	.db #0x06	; 6
   0511 06                 1342 	.db #0x06	; 6
   0512 06                 1343 	.db #0x06	; 6
   0513 06                 1344 	.db #0x06	; 6
   0514 06                 1345 	.db #0x06	; 6
   0515 06                 1346 	.db #0x06	; 6
   0516 06                 1347 	.db #0x06	; 6
   0517 06                 1348 	.db #0x06	; 6
   0518 1A                 1349 	.db #0x1A	; 26
   0519 28                 1350 	.db #0x28	; 40
   051A 29                 1351 	.db #0x29	; 41
   051B 1C                 1352 	.db #0x1C	; 28
   051C 06                 1353 	.db #0x06	; 6
   051D 06                 1354 	.db #0x06	; 6
   051E 06                 1355 	.db #0x06	; 6
   051F 06                 1356 	.db #0x06	; 6
   0520 06                 1357 	.db #0x06	; 6
   0521 06                 1358 	.db #0x06	; 6
   0522 06                 1359 	.db #0x06	; 6
   0523 06                 1360 	.db #0x06	; 6
   0524 06                 1361 	.db #0x06	; 6
   0525 06                 1362 	.db #0x06	; 6
   0526 06                 1363 	.db #0x06	; 6
   0527 06                 1364 	.db #0x06	; 6
   0528 23                 1365 	.db #0x23	; 35
   0529 2D                 1366 	.db #0x2D	; 45
   052A 02                 1367 	.db #0x02	; 2
   052B 08                 1368 	.db #0x08	; 8
   052C 2A                 1369 	.db #0x2A	; 42
   052D 08                 1370 	.db #0x08	; 8
   052E 08                 1371 	.db #0x08	; 8
   052F 06                 1372 	.db #0x06	; 6
   0530 06                 1373 	.db #0x06	; 6
   0531 06                 1374 	.db #0x06	; 6
   0532 06                 1375 	.db #0x06	; 6
   0533 06                 1376 	.db #0x06	; 6
   0534 06                 1377 	.db #0x06	; 6
   0535 06                 1378 	.db #0x06	; 6
   0536 06                 1379 	.db #0x06	; 6
   0537 06                 1380 	.db #0x06	; 6
   0538 26                 1381 	.db #0x26	; 38
   0539 06                 1382 	.db #0x06	; 6
   053A 06                 1383 	.db #0x06	; 6
   053B 22                 1384 	.db #0x22	; 34
   053C 06                 1385 	.db #0x06	; 6
   053D 06                 1386 	.db #0x06	; 6
   053E 06                 1387 	.db #0x06	; 6
   053F 06                 1388 	.db #0x06	; 6
   0540 19                 1389 	.db #0x19	; 25
   0541 1E                 1390 	.db #0x1E	; 30
   0542 1E                 1391 	.db #0x1E	; 30
   0543 18                 1392 	.db #0x18	; 24
   0544 06                 1393 	.db #0x06	; 6
   0545 06                 1394 	.db #0x06	; 6
   0546 06                 1395 	.db #0x06	; 6
   0547 06                 1396 	.db #0x06	; 6
   0548 26                 1397 	.db #0x26	; 38
   0549 06                 1398 	.db #0x06	; 6
   054A 06                 1399 	.db #0x06	; 6
   054B 06                 1400 	.db #0x06	; 6
   054C 06                 1401 	.db #0x06	; 6
   054D 06                 1402 	.db #0x06	; 6
   054E 06                 1403 	.db #0x06	; 6
   054F 06                 1404 	.db #0x06	; 6
   0550 23                 1405 	.db #0x23	; 35
   0551 02                 1406 	.db #0x02	; 2
   0552 02                 1407 	.db #0x02	; 2
   0553 02                 1408 	.db #0x02	; 2
   0554 08                 1409 	.db #0x08	; 8
   0555 08                 1410 	.db #0x08	; 8
   0556 08                 1411 	.db #0x08	; 8
   0557 08                 1412 	.db #0x08	; 8
   0558 06                 1413 	.db #0x06	; 6
   0559 06                 1414 	.db #0x06	; 6
   055A 06                 1415 	.db #0x06	; 6
   055B 06                 1416 	.db #0x06	; 6
   055C 06                 1417 	.db #0x06	; 6
   055D 06                 1418 	.db #0x06	; 6
   055E 06                 1419 	.db #0x06	; 6
   055F 06                 1420 	.db #0x06	; 6
   0560 06                 1421 	.db #0x06	; 6
   0561 06                 1422 	.db #0x06	; 6
   0562 06                 1423 	.db #0x06	; 6
   0563 06                 1424 	.db #0x06	; 6
   0564 06                 1425 	.db #0x06	; 6
   0565 06                 1426 	.db #0x06	; 6
   0566 06                 1427 	.db #0x06	; 6
   0567 06                 1428 	.db #0x06	; 6
   0568 06                 1429 	.db #0x06	; 6
   0569 06                 1430 	.db #0x06	; 6
   056A 06                 1431 	.db #0x06	; 6
   056B 06                 1432 	.db #0x06	; 6
   056C 06                 1433 	.db #0x06	; 6
   056D 06                 1434 	.db #0x06	; 6
   056E 06                 1435 	.db #0x06	; 6
   056F 06                 1436 	.db #0x06	; 6
   0570 06                 1437 	.db #0x06	; 6
   0571 06                 1438 	.db #0x06	; 6
   0572 06                 1439 	.db #0x06	; 6
   0573 06                 1440 	.db #0x06	; 6
   0574 06                 1441 	.db #0x06	; 6
   0575 06                 1442 	.db #0x06	; 6
   0576 22                 1443 	.db #0x22	; 34
   0577 06                 1444 	.db #0x06	; 6
   0578 23                 1445 	.db #0x23	; 35
   0579 02                 1446 	.db #0x02	; 2
   057A 02                 1447 	.db #0x02	; 2
   057B 2E                 1448 	.db #0x2E	; 46
   057C 02                 1449 	.db #0x02	; 2
   057D 08                 1450 	.db #0x08	; 8
   057E 2A                 1451 	.db #0x2A	; 42
   057F 08                 1452 	.db #0x08	; 8
   0580 06                 1453 	.db #0x06	; 6
   0581 06                 1454 	.db #0x06	; 6
   0582 06                 1455 	.db #0x06	; 6
   0583 06                 1456 	.db #0x06	; 6
   0584 06                 1457 	.db #0x06	; 6
   0585 06                 1458 	.db #0x06	; 6
   0586 06                 1459 	.db #0x06	; 6
   0587 06                 1460 	.db #0x06	; 6
   0588 06                 1461 	.db #0x06	; 6
   0589 06                 1462 	.db #0x06	; 6
   058A 06                 1463 	.db #0x06	; 6
   058B 06                 1464 	.db #0x06	; 6
   058C 06                 1465 	.db #0x06	; 6
   058D 06                 1466 	.db #0x06	; 6
   058E 06                 1467 	.db #0x06	; 6
   058F 06                 1468 	.db #0x06	; 6
   0590 06                 1469 	.db #0x06	; 6
   0591 06                 1470 	.db #0x06	; 6
   0592 06                 1471 	.db #0x06	; 6
   0593 06                 1472 	.db #0x06	; 6
   0594 06                 1473 	.db #0x06	; 6
   0595 06                 1474 	.db #0x06	; 6
   0596 06                 1475 	.db #0x06	; 6
   0597 06                 1476 	.db #0x06	; 6
   0598 06                 1477 	.db #0x06	; 6
   0599 06                 1478 	.db #0x06	; 6
   059A 06                 1479 	.db #0x06	; 6
   059B 06                 1480 	.db #0x06	; 6
   059C 06                 1481 	.db #0x06	; 6
   059D 06                 1482 	.db #0x06	; 6
   059E 06                 1483 	.db #0x06	; 6
   059F 06                 1484 	.db #0x06	; 6
   05A0 1B                 1485 	.db #0x1B	; 27
   05A1 01                 1486 	.db #0x01	; 1
   05A2 02                 1487 	.db #0x02	; 2
   05A3 02                 1488 	.db #0x02	; 2
   05A4 02                 1489 	.db #0x02	; 2
   05A5 02                 1490 	.db #0x02	; 2
   05A6 08                 1491 	.db #0x08	; 8
   05A7 08                 1492 	.db #0x08	; 8
   05A8 08                 1493 	.db #0x08	; 8
   05A9 06                 1494 	.db #0x06	; 6
   05AA 06                 1495 	.db #0x06	; 6
   05AB 22                 1496 	.db #0x22	; 34
   05AC 06                 1497 	.db #0x06	; 6
   05AD 06                 1498 	.db #0x06	; 6
   05AE 22                 1499 	.db #0x22	; 34
   05AF 06                 1500 	.db #0x06	; 6
   05B0 06                 1501 	.db #0x06	; 6
   05B1 06                 1502 	.db #0x06	; 6
   05B2 06                 1503 	.db #0x06	; 6
   05B3 06                 1504 	.db #0x06	; 6
   05B4 06                 1505 	.db #0x06	; 6
   05B5 06                 1506 	.db #0x06	; 6
   05B6 06                 1507 	.db #0x06	; 6
   05B7 06                 1508 	.db #0x06	; 6
   05B8 06                 1509 	.db #0x06	; 6
   05B9 06                 1510 	.db #0x06	; 6
   05BA 06                 1511 	.db #0x06	; 6
   05BB 06                 1512 	.db #0x06	; 6
   05BC 06                 1513 	.db #0x06	; 6
   05BD 26                 1514 	.db #0x26	; 38
   05BE 06                 1515 	.db #0x06	; 6
   05BF 06                 1516 	.db #0x06	; 6
   05C0 06                 1517 	.db #0x06	; 6
   05C1 06                 1518 	.db #0x06	; 6
   05C2 06                 1519 	.db #0x06	; 6
   05C3 06                 1520 	.db #0x06	; 6
   05C4 06                 1521 	.db #0x06	; 6
   05C5 06                 1522 	.db #0x06	; 6
   05C6 06                 1523 	.db #0x06	; 6
   05C7 06                 1524 	.db #0x06	; 6
   05C8 1B                 1525 	.db #0x1B	; 27
   05C9 03                 1526 	.db #0x03	; 3
   05CA 01                 1527 	.db #0x01	; 1
   05CB 02                 1528 	.db #0x02	; 2
   05CC 02                 1529 	.db #0x02	; 2
   05CD 2D                 1530 	.db #0x2D	; 45
   05CE 02                 1531 	.db #0x02	; 2
   05CF 08                 1532 	.db #0x08	; 8
   05D0 2A                 1533 	.db #0x2A	; 42
   05D1 06                 1534 	.db #0x06	; 6
   05D2 06                 1535 	.db #0x06	; 6
   05D3 06                 1536 	.db #0x06	; 6
   05D4 06                 1537 	.db #0x06	; 6
   05D5 06                 1538 	.db #0x06	; 6
   05D6 06                 1539 	.db #0x06	; 6
   05D7 06                 1540 	.db #0x06	; 6
   05D8 06                 1541 	.db #0x06	; 6
   05D9 06                 1542 	.db #0x06	; 6
   05DA 06                 1543 	.db #0x06	; 6
   05DB 06                 1544 	.db #0x06	; 6
   05DC 06                 1545 	.db #0x06	; 6
   05DD 26                 1546 	.db #0x26	; 38
   05DE 06                 1547 	.db #0x06	; 6
   05DF 06                 1548 	.db #0x06	; 6
   05E0 26                 1549 	.db #0x26	; 38
   05E1 26                 1550 	.db #0x26	; 38
   05E2 06                 1551 	.db #0x06	; 6
   05E3 06                 1552 	.db #0x06	; 6
   05E4 06                 1553 	.db #0x06	; 6
   05E5 06                 1554 	.db #0x06	; 6
   05E6 06                 1555 	.db #0x06	; 6
   05E7 06                 1556 	.db #0x06	; 6
   05E8 06                 1557 	.db #0x06	; 6
   05E9 06                 1558 	.db #0x06	; 6
   05EA 26                 1559 	.db #0x26	; 38
   05EB 06                 1560 	.db #0x06	; 6
   05EC 06                 1561 	.db #0x06	; 6
   05ED 06                 1562 	.db #0x06	; 6
   05EE 06                 1563 	.db #0x06	; 6
   05EF 06                 1564 	.db #0x06	; 6
   05F0 1B                 1565 	.db #0x1B	; 27
   05F1 01                 1566 	.db #0x01	; 1
   05F2 07                 1567 	.db #0x07	; 7
   05F3 2D                 1568 	.db #0x2D	; 45
   05F4 02                 1569 	.db #0x02	; 2
   05F5 02                 1570 	.db #0x02	; 2
   05F6 02                 1571 	.db #0x02	; 2
   05F7 08                 1572 	.db #0x08	; 8
   05F8 08                 1573 	.db #0x08	; 8
   05F9 08                 1574 	.db #0x08	; 8
   05FA 06                 1575 	.db #0x06	; 6
   05FB 06                 1576 	.db #0x06	; 6
   05FC 06                 1577 	.db #0x06	; 6
   05FD 06                 1578 	.db #0x06	; 6
   05FE 06                 1579 	.db #0x06	; 6
   05FF 06                 1580 	.db #0x06	; 6
   0600 06                 1581 	.db #0x06	; 6
   0601 06                 1582 	.db #0x06	; 6
   0602 06                 1583 	.db #0x06	; 6
   0603 06                 1584 	.db #0x06	; 6
   0604 06                 1585 	.db #0x06	; 6
   0605 06                 1586 	.db #0x06	; 6
   0606 06                 1587 	.db #0x06	; 6
   0607 06                 1588 	.db #0x06	; 6
   0608 06                 1589 	.db #0x06	; 6
   0609 06                 1590 	.db #0x06	; 6
   060A 06                 1591 	.db #0x06	; 6
   060B 06                 1592 	.db #0x06	; 6
   060C 06                 1593 	.db #0x06	; 6
   060D 06                 1594 	.db #0x06	; 6
   060E 06                 1595 	.db #0x06	; 6
   060F 06                 1596 	.db #0x06	; 6
   0610 06                 1597 	.db #0x06	; 6
   0611 06                 1598 	.db #0x06	; 6
   0612 06                 1599 	.db #0x06	; 6
   0613 06                 1600 	.db #0x06	; 6
   0614 06                 1601 	.db #0x06	; 6
   0615 06                 1602 	.db #0x06	; 6
   0616 06                 1603 	.db #0x06	; 6
   0617 06                 1604 	.db #0x06	; 6
   0618 05                 1605 	.db #0x05	; 5
   0619 05                 1606 	.db #0x05	; 5
   061A 05                 1607 	.db #0x05	; 5
   061B 05                 1608 	.db #0x05	; 5
   061C 05                 1609 	.db #0x05	; 5
   061D 05                 1610 	.db #0x05	; 5
   061E 05                 1611 	.db #0x05	; 5
   061F 05                 1612 	.db #0x05	; 5
   0620 05                 1613 	.db #0x05	; 5
   0621 05                 1614 	.db #0x05	; 5
   0622 05                 1615 	.db #0x05	; 5
   0623 05                 1616 	.db #0x05	; 5
   0624 05                 1617 	.db #0x05	; 5
   0625 05                 1618 	.db #0x05	; 5
   0626 05                 1619 	.db #0x05	; 5
   0627 05                 1620 	.db #0x05	; 5
   0628 05                 1621 	.db #0x05	; 5
   0629 05                 1622 	.db #0x05	; 5
   062A 05                 1623 	.db #0x05	; 5
   062B 05                 1624 	.db #0x05	; 5
   062C 05                 1625 	.db #0x05	; 5
   062D 05                 1626 	.db #0x05	; 5
   062E 05                 1627 	.db #0x05	; 5
   062F 05                 1628 	.db #0x05	; 5
   0630 05                 1629 	.db #0x05	; 5
   0631 05                 1630 	.db #0x05	; 5
   0632 05                 1631 	.db #0x05	; 5
   0633 05                 1632 	.db #0x05	; 5
   0634 05                 1633 	.db #0x05	; 5
   0635 05                 1634 	.db #0x05	; 5
   0636 05                 1635 	.db #0x05	; 5
   0637 05                 1636 	.db #0x05	; 5
   0638 05                 1637 	.db #0x05	; 5
   0639 05                 1638 	.db #0x05	; 5
   063A 05                 1639 	.db #0x05	; 5
   063B 05                 1640 	.db #0x05	; 5
   063C 05                 1641 	.db #0x05	; 5
   063D 05                 1642 	.db #0x05	; 5
   063E 05                 1643 	.db #0x05	; 5
   063F 05                 1644 	.db #0x05	; 5
                           1645 	.area _INITIALIZER
                           1646 	.area _CABS (ABS)
