                              1 ;--------------------------------------------------------
                              2 ; File Created by SDCC : free open source ANSI-C Compiler
                              3 ; Version 3.5.5 #9498 (Linux)
                              4 ;--------------------------------------------------------
                              5 	.module map21
                              6 	.optsdcc -mz80
                              7 	
                              8 ;--------------------------------------------------------
                              9 ; Public variables in this module
                             10 ;--------------------------------------------------------
                             11 	.globl _g_map21
                             12 ;--------------------------------------------------------
                             13 ; special function registers
                             14 ;--------------------------------------------------------
                             15 ;--------------------------------------------------------
                             16 ; ram data
                             17 ;--------------------------------------------------------
                             18 	.area _DATA
                             19 ;--------------------------------------------------------
                             20 ; ram data
                             21 ;--------------------------------------------------------
                             22 	.area _INITIALIZED
                             23 ;--------------------------------------------------------
                             24 ; absolute external ram data
                             25 ;--------------------------------------------------------
                             26 	.area _DABS (ABS)
                             27 ;--------------------------------------------------------
                             28 ; global & static initialisations
                             29 ;--------------------------------------------------------
                             30 	.area _HOME
                             31 	.area _GSINIT
                             32 	.area _GSFINAL
                             33 	.area _GSINIT
                             34 ;--------------------------------------------------------
                             35 ; Home
                             36 ;--------------------------------------------------------
                             37 	.area _HOME
                             38 	.area _HOME
                             39 ;--------------------------------------------------------
                             40 ; code
                             41 ;--------------------------------------------------------
                             42 	.area _CODE
                             43 	.area _CODE
   0000                      44 _g_map21:
   0000 0B                   45 	.db #0x0B	; 11
   0001 06                   46 	.db #0x06	; 6
   0002 06                   47 	.db #0x06	; 6
   0003 06                   48 	.db #0x06	; 6
   0004 06                   49 	.db #0x06	; 6
   0005 06                   50 	.db #0x06	; 6
   0006 06                   51 	.db #0x06	; 6
   0007 06                   52 	.db #0x06	; 6
   0008 06                   53 	.db #0x06	; 6
   0009 06                   54 	.db #0x06	; 6
   000A 06                   55 	.db #0x06	; 6
   000B 06                   56 	.db #0x06	; 6
   000C 06                   57 	.db #0x06	; 6
   000D 06                   58 	.db #0x06	; 6
   000E 06                   59 	.db #0x06	; 6
   000F 06                   60 	.db #0x06	; 6
   0010 06                   61 	.db #0x06	; 6
   0011 06                   62 	.db #0x06	; 6
   0012 06                   63 	.db #0x06	; 6
   0013 06                   64 	.db #0x06	; 6
   0014 06                   65 	.db #0x06	; 6
   0015 06                   66 	.db #0x06	; 6
   0016 06                   67 	.db #0x06	; 6
   0017 06                   68 	.db #0x06	; 6
   0018 06                   69 	.db #0x06	; 6
   0019 06                   70 	.db #0x06	; 6
   001A 06                   71 	.db #0x06	; 6
   001B 06                   72 	.db #0x06	; 6
   001C 06                   73 	.db #0x06	; 6
   001D 06                   74 	.db #0x06	; 6
   001E 06                   75 	.db #0x06	; 6
   001F 06                   76 	.db #0x06	; 6
   0020 06                   77 	.db #0x06	; 6
   0021 06                   78 	.db #0x06	; 6
   0022 06                   79 	.db #0x06	; 6
   0023 06                   80 	.db #0x06	; 6
   0024 06                   81 	.db #0x06	; 6
   0025 06                   82 	.db #0x06	; 6
   0026 06                   83 	.db #0x06	; 6
   0027 06                   84 	.db #0x06	; 6
   0028 0B                   85 	.db #0x0B	; 11
   0029 06                   86 	.db #0x06	; 6
   002A 26                   87 	.db #0x26	; 38
   002B 06                   88 	.db #0x06	; 6
   002C 06                   89 	.db #0x06	; 6
   002D 06                   90 	.db #0x06	; 6
   002E 06                   91 	.db #0x06	; 6
   002F 06                   92 	.db #0x06	; 6
   0030 06                   93 	.db #0x06	; 6
   0031 06                   94 	.db #0x06	; 6
   0032 06                   95 	.db #0x06	; 6
   0033 06                   96 	.db #0x06	; 6
   0034 06                   97 	.db #0x06	; 6
   0035 06                   98 	.db #0x06	; 6
   0036 06                   99 	.db #0x06	; 6
   0037 06                  100 	.db #0x06	; 6
   0038 06                  101 	.db #0x06	; 6
   0039 06                  102 	.db #0x06	; 6
   003A 06                  103 	.db #0x06	; 6
   003B 06                  104 	.db #0x06	; 6
   003C 06                  105 	.db #0x06	; 6
   003D 06                  106 	.db #0x06	; 6
   003E 06                  107 	.db #0x06	; 6
   003F 22                  108 	.db #0x22	; 34
   0040 06                  109 	.db #0x06	; 6
   0041 06                  110 	.db #0x06	; 6
   0042 06                  111 	.db #0x06	; 6
   0043 06                  112 	.db #0x06	; 6
   0044 06                  113 	.db #0x06	; 6
   0045 26                  114 	.db #0x26	; 38
   0046 06                  115 	.db #0x06	; 6
   0047 06                  116 	.db #0x06	; 6
   0048 06                  117 	.db #0x06	; 6
   0049 06                  118 	.db #0x06	; 6
   004A 06                  119 	.db #0x06	; 6
   004B 22                  120 	.db #0x22	; 34
   004C 06                  121 	.db #0x06	; 6
   004D 06                  122 	.db #0x06	; 6
   004E 12                  123 	.db #0x12	; 18
   004F 06                  124 	.db #0x06	; 6
   0050 0B                  125 	.db #0x0B	; 11
   0051 06                  126 	.db #0x06	; 6
   0052 06                  127 	.db #0x06	; 6
   0053 06                  128 	.db #0x06	; 6
   0054 06                  129 	.db #0x06	; 6
   0055 06                  130 	.db #0x06	; 6
   0056 22                  131 	.db #0x22	; 34
   0057 06                  132 	.db #0x06	; 6
   0058 06                  133 	.db #0x06	; 6
   0059 06                  134 	.db #0x06	; 6
   005A 06                  135 	.db #0x06	; 6
   005B 06                  136 	.db #0x06	; 6
   005C 06                  137 	.db #0x06	; 6
   005D 26                  138 	.db #0x26	; 38
   005E 06                  139 	.db #0x06	; 6
   005F 06                  140 	.db #0x06	; 6
   0060 06                  141 	.db #0x06	; 6
   0061 06                  142 	.db #0x06	; 6
   0062 06                  143 	.db #0x06	; 6
   0063 22                  144 	.db #0x22	; 34
   0064 06                  145 	.db #0x06	; 6
   0065 06                  146 	.db #0x06	; 6
   0066 06                  147 	.db #0x06	; 6
   0067 26                  148 	.db #0x26	; 38
   0068 06                  149 	.db #0x06	; 6
   0069 06                  150 	.db #0x06	; 6
   006A 06                  151 	.db #0x06	; 6
   006B 06                  152 	.db #0x06	; 6
   006C 06                  153 	.db #0x06	; 6
   006D 06                  154 	.db #0x06	; 6
   006E 06                  155 	.db #0x06	; 6
   006F 22                  156 	.db #0x22	; 34
   0070 06                  157 	.db #0x06	; 6
   0071 06                  158 	.db #0x06	; 6
   0072 06                  159 	.db #0x06	; 6
   0073 06                  160 	.db #0x06	; 6
   0074 06                  161 	.db #0x06	; 6
   0075 06                  162 	.db #0x06	; 6
   0076 06                  163 	.db #0x06	; 6
   0077 08                  164 	.db #0x08	; 8
   0078 0B                  165 	.db #0x0B	; 11
   0079 06                  166 	.db #0x06	; 6
   007A 06                  167 	.db #0x06	; 6
   007B 06                  168 	.db #0x06	; 6
   007C 06                  169 	.db #0x06	; 6
   007D 06                  170 	.db #0x06	; 6
   007E 06                  171 	.db #0x06	; 6
   007F 06                  172 	.db #0x06	; 6
   0080 06                  173 	.db #0x06	; 6
   0081 06                  174 	.db #0x06	; 6
   0082 06                  175 	.db #0x06	; 6
   0083 06                  176 	.db #0x06	; 6
   0084 06                  177 	.db #0x06	; 6
   0085 06                  178 	.db #0x06	; 6
   0086 06                  179 	.db #0x06	; 6
   0087 06                  180 	.db #0x06	; 6
   0088 06                  181 	.db #0x06	; 6
   0089 06                  182 	.db #0x06	; 6
   008A 06                  183 	.db #0x06	; 6
   008B 06                  184 	.db #0x06	; 6
   008C 06                  185 	.db #0x06	; 6
   008D 06                  186 	.db #0x06	; 6
   008E 06                  187 	.db #0x06	; 6
   008F 06                  188 	.db #0x06	; 6
   0090 06                  189 	.db #0x06	; 6
   0091 06                  190 	.db #0x06	; 6
   0092 22                  191 	.db #0x22	; 34
   0093 06                  192 	.db #0x06	; 6
   0094 06                  193 	.db #0x06	; 6
   0095 06                  194 	.db #0x06	; 6
   0096 06                  195 	.db #0x06	; 6
   0097 06                  196 	.db #0x06	; 6
   0098 06                  197 	.db #0x06	; 6
   0099 06                  198 	.db #0x06	; 6
   009A 06                  199 	.db #0x06	; 6
   009B 06                  200 	.db #0x06	; 6
   009C 2B                  201 	.db #0x2B	; 43
   009D 08                  202 	.db #0x08	; 8
   009E 08                  203 	.db #0x08	; 8
   009F 08                  204 	.db #0x08	; 8
   00A0 0B                  205 	.db #0x0B	; 11
   00A1 06                  206 	.db #0x06	; 6
   00A2 06                  207 	.db #0x06	; 6
   00A3 06                  208 	.db #0x06	; 6
   00A4 06                  209 	.db #0x06	; 6
   00A5 06                  210 	.db #0x06	; 6
   00A6 06                  211 	.db #0x06	; 6
   00A7 06                  212 	.db #0x06	; 6
   00A8 06                  213 	.db #0x06	; 6
   00A9 22                  214 	.db #0x22	; 34
   00AA 06                  215 	.db #0x06	; 6
   00AB 06                  216 	.db #0x06	; 6
   00AC 06                  217 	.db #0x06	; 6
   00AD 06                  218 	.db #0x06	; 6
   00AE 06                  219 	.db #0x06	; 6
   00AF 06                  220 	.db #0x06	; 6
   00B0 06                  221 	.db #0x06	; 6
   00B1 06                  222 	.db #0x06	; 6
   00B2 06                  223 	.db #0x06	; 6
   00B3 06                  224 	.db #0x06	; 6
   00B4 06                  225 	.db #0x06	; 6
   00B5 06                  226 	.db #0x06	; 6
   00B6 06                  227 	.db #0x06	; 6
   00B7 06                  228 	.db #0x06	; 6
   00B8 06                  229 	.db #0x06	; 6
   00B9 06                  230 	.db #0x06	; 6
   00BA 06                  231 	.db #0x06	; 6
   00BB 06                  232 	.db #0x06	; 6
   00BC 06                  233 	.db #0x06	; 6
   00BD 06                  234 	.db #0x06	; 6
   00BE 06                  235 	.db #0x06	; 6
   00BF 06                  236 	.db #0x06	; 6
   00C0 06                  237 	.db #0x06	; 6
   00C1 06                  238 	.db #0x06	; 6
   00C2 06                  239 	.db #0x06	; 6
   00C3 06                  240 	.db #0x06	; 6
   00C4 08                  241 	.db #0x08	; 8
   00C5 08                  242 	.db #0x08	; 8
   00C6 02                  243 	.db #0x02	; 2
   00C7 02                  244 	.db #0x02	; 2
   00C8 0B                  245 	.db #0x0B	; 11
   00C9 06                  246 	.db #0x06	; 6
   00CA 06                  247 	.db #0x06	; 6
   00CB 06                  248 	.db #0x06	; 6
   00CC 06                  249 	.db #0x06	; 6
   00CD 06                  250 	.db #0x06	; 6
   00CE 06                  251 	.db #0x06	; 6
   00CF 06                  252 	.db #0x06	; 6
   00D0 06                  253 	.db #0x06	; 6
   00D1 06                  254 	.db #0x06	; 6
   00D2 06                  255 	.db #0x06	; 6
   00D3 06                  256 	.db #0x06	; 6
   00D4 06                  257 	.db #0x06	; 6
   00D5 06                  258 	.db #0x06	; 6
   00D6 06                  259 	.db #0x06	; 6
   00D7 06                  260 	.db #0x06	; 6
   00D8 06                  261 	.db #0x06	; 6
   00D9 06                  262 	.db #0x06	; 6
   00DA 06                  263 	.db #0x06	; 6
   00DB 22                  264 	.db #0x22	; 34
   00DC 06                  265 	.db #0x06	; 6
   00DD 26                  266 	.db #0x26	; 38
   00DE 06                  267 	.db #0x06	; 6
   00DF 06                  268 	.db #0x06	; 6
   00E0 06                  269 	.db #0x06	; 6
   00E1 06                  270 	.db #0x06	; 6
   00E2 06                  271 	.db #0x06	; 6
   00E3 06                  272 	.db #0x06	; 6
   00E4 06                  273 	.db #0x06	; 6
   00E5 06                  274 	.db #0x06	; 6
   00E6 06                  275 	.db #0x06	; 6
   00E7 22                  276 	.db #0x22	; 34
   00E8 06                  277 	.db #0x06	; 6
   00E9 12                  278 	.db #0x12	; 18
   00EA 06                  279 	.db #0x06	; 6
   00EB 08                  280 	.db #0x08	; 8
   00EC 08                  281 	.db #0x08	; 8
   00ED 02                  282 	.db #0x02	; 2
   00EE 02                  283 	.db #0x02	; 2
   00EF 2E                  284 	.db #0x2E	; 46
   00F0 0B                  285 	.db #0x0B	; 11
   00F1 06                  286 	.db #0x06	; 6
   00F2 06                  287 	.db #0x06	; 6
   00F3 06                  288 	.db #0x06	; 6
   00F4 06                  289 	.db #0x06	; 6
   00F5 26                  290 	.db #0x26	; 38
   00F6 06                  291 	.db #0x06	; 6
   00F7 06                  292 	.db #0x06	; 6
   00F8 06                  293 	.db #0x06	; 6
   00F9 06                  294 	.db #0x06	; 6
   00FA 06                  295 	.db #0x06	; 6
   00FB 06                  296 	.db #0x06	; 6
   00FC 06                  297 	.db #0x06	; 6
   00FD 26                  298 	.db #0x26	; 38
   00FE 06                  299 	.db #0x06	; 6
   00FF 06                  300 	.db #0x06	; 6
   0100 06                  301 	.db #0x06	; 6
   0101 06                  302 	.db #0x06	; 6
   0102 06                  303 	.db #0x06	; 6
   0103 06                  304 	.db #0x06	; 6
   0104 06                  305 	.db #0x06	; 6
   0105 06                  306 	.db #0x06	; 6
   0106 06                  307 	.db #0x06	; 6
   0107 06                  308 	.db #0x06	; 6
   0108 06                  309 	.db #0x06	; 6
   0109 06                  310 	.db #0x06	; 6
   010A 26                  311 	.db #0x26	; 38
   010B 06                  312 	.db #0x06	; 6
   010C 22                  313 	.db #0x22	; 34
   010D 06                  314 	.db #0x06	; 6
   010E 06                  315 	.db #0x06	; 6
   010F 06                  316 	.db #0x06	; 6
   0110 06                  317 	.db #0x06	; 6
   0111 06                  318 	.db #0x06	; 6
   0112 06                  319 	.db #0x06	; 6
   0113 08                  320 	.db #0x08	; 8
   0114 08                  321 	.db #0x08	; 8
   0115 2D                  322 	.db #0x2D	; 45
   0116 02                  323 	.db #0x02	; 2
   0117 02                  324 	.db #0x02	; 2
   0118 0B                  325 	.db #0x0B	; 11
   0119 06                  326 	.db #0x06	; 6
   011A 06                  327 	.db #0x06	; 6
   011B 22                  328 	.db #0x22	; 34
   011C 06                  329 	.db #0x06	; 6
   011D 06                  330 	.db #0x06	; 6
   011E 06                  331 	.db #0x06	; 6
   011F 06                  332 	.db #0x06	; 6
   0120 06                  333 	.db #0x06	; 6
   0121 06                  334 	.db #0x06	; 6
   0122 06                  335 	.db #0x06	; 6
   0123 06                  336 	.db #0x06	; 6
   0124 06                  337 	.db #0x06	; 6
   0125 06                  338 	.db #0x06	; 6
   0126 06                  339 	.db #0x06	; 6
   0127 06                  340 	.db #0x06	; 6
   0128 06                  341 	.db #0x06	; 6
   0129 06                  342 	.db #0x06	; 6
   012A 06                  343 	.db #0x06	; 6
   012B 06                  344 	.db #0x06	; 6
   012C 06                  345 	.db #0x06	; 6
   012D 06                  346 	.db #0x06	; 6
   012E 26                  347 	.db #0x26	; 38
   012F 06                  348 	.db #0x06	; 6
   0130 06                  349 	.db #0x06	; 6
   0131 06                  350 	.db #0x06	; 6
   0132 06                  351 	.db #0x06	; 6
   0133 06                  352 	.db #0x06	; 6
   0134 06                  353 	.db #0x06	; 6
   0135 06                  354 	.db #0x06	; 6
   0136 06                  355 	.db #0x06	; 6
   0137 06                  356 	.db #0x06	; 6
   0138 06                  357 	.db #0x06	; 6
   0139 06                  358 	.db #0x06	; 6
   013A 12                  359 	.db #0x12	; 18
   013B 08                  360 	.db #0x08	; 8
   013C 08                  361 	.db #0x08	; 8
   013D 02                  362 	.db #0x02	; 2
   013E 2E                  363 	.db #0x2E	; 46
   013F 02                  364 	.db #0x02	; 2
   0140 0B                  365 	.db #0x0B	; 11
   0141 06                  366 	.db #0x06	; 6
   0142 06                  367 	.db #0x06	; 6
   0143 06                  368 	.db #0x06	; 6
   0144 06                  369 	.db #0x06	; 6
   0145 06                  370 	.db #0x06	; 6
   0146 06                  371 	.db #0x06	; 6
   0147 06                  372 	.db #0x06	; 6
   0148 22                  373 	.db #0x22	; 34
   0149 06                  374 	.db #0x06	; 6
   014A 06                  375 	.db #0x06	; 6
   014B 06                  376 	.db #0x06	; 6
   014C 06                  377 	.db #0x06	; 6
   014D 06                  378 	.db #0x06	; 6
   014E 06                  379 	.db #0x06	; 6
   014F 22                  380 	.db #0x22	; 34
   0150 06                  381 	.db #0x06	; 6
   0151 06                  382 	.db #0x06	; 6
   0152 06                  383 	.db #0x06	; 6
   0153 26                  384 	.db #0x26	; 38
   0154 06                  385 	.db #0x06	; 6
   0155 06                  386 	.db #0x06	; 6
   0156 06                  387 	.db #0x06	; 6
   0157 06                  388 	.db #0x06	; 6
   0158 06                  389 	.db #0x06	; 6
   0159 06                  390 	.db #0x06	; 6
   015A 06                  391 	.db #0x06	; 6
   015B 06                  392 	.db #0x06	; 6
   015C 06                  393 	.db #0x06	; 6
   015D 06                  394 	.db #0x06	; 6
   015E 06                  395 	.db #0x06	; 6
   015F 22                  396 	.db #0x22	; 34
   0160 06                  397 	.db #0x06	; 6
   0161 06                  398 	.db #0x06	; 6
   0162 06                  399 	.db #0x06	; 6
   0163 08                  400 	.db #0x08	; 8
   0164 08                  401 	.db #0x08	; 8
   0165 08                  402 	.db #0x08	; 8
   0166 02                  403 	.db #0x02	; 2
   0167 02                  404 	.db #0x02	; 2
   0168 0B                  405 	.db #0x0B	; 11
   0169 06                  406 	.db #0x06	; 6
   016A 06                  407 	.db #0x06	; 6
   016B 06                  408 	.db #0x06	; 6
   016C 06                  409 	.db #0x06	; 6
   016D 06                  410 	.db #0x06	; 6
   016E 06                  411 	.db #0x06	; 6
   016F 06                  412 	.db #0x06	; 6
   0170 06                  413 	.db #0x06	; 6
   0171 06                  414 	.db #0x06	; 6
   0172 06                  415 	.db #0x06	; 6
   0173 06                  416 	.db #0x06	; 6
   0174 06                  417 	.db #0x06	; 6
   0175 06                  418 	.db #0x06	; 6
   0176 06                  419 	.db #0x06	; 6
   0177 06                  420 	.db #0x06	; 6
   0178 22                  421 	.db #0x22	; 34
   0179 06                  422 	.db #0x06	; 6
   017A 06                  423 	.db #0x06	; 6
   017B 06                  424 	.db #0x06	; 6
   017C 06                  425 	.db #0x06	; 6
   017D 06                  426 	.db #0x06	; 6
   017E 06                  427 	.db #0x06	; 6
   017F 06                  428 	.db #0x06	; 6
   0180 06                  429 	.db #0x06	; 6
   0181 22                  430 	.db #0x22	; 34
   0182 06                  431 	.db #0x06	; 6
   0183 06                  432 	.db #0x06	; 6
   0184 06                  433 	.db #0x06	; 6
   0185 06                  434 	.db #0x06	; 6
   0186 06                  435 	.db #0x06	; 6
   0187 06                  436 	.db #0x06	; 6
   0188 06                  437 	.db #0x06	; 6
   0189 06                  438 	.db #0x06	; 6
   018A 06                  439 	.db #0x06	; 6
   018B 06                  440 	.db #0x06	; 6
   018C 08                  441 	.db #0x08	; 8
   018D 08                  442 	.db #0x08	; 8
   018E 02                  443 	.db #0x02	; 2
   018F 2D                  444 	.db #0x2D	; 45
   0190 0B                  445 	.db #0x0B	; 11
   0191 06                  446 	.db #0x06	; 6
   0192 06                  447 	.db #0x06	; 6
   0193 06                  448 	.db #0x06	; 6
   0194 06                  449 	.db #0x06	; 6
   0195 06                  450 	.db #0x06	; 6
   0196 06                  451 	.db #0x06	; 6
   0197 06                  452 	.db #0x06	; 6
   0198 06                  453 	.db #0x06	; 6
   0199 06                  454 	.db #0x06	; 6
   019A 06                  455 	.db #0x06	; 6
   019B 06                  456 	.db #0x06	; 6
   019C 22                  457 	.db #0x22	; 34
   019D 06                  458 	.db #0x06	; 6
   019E 06                  459 	.db #0x06	; 6
   019F 06                  460 	.db #0x06	; 6
   01A0 06                  461 	.db #0x06	; 6
   01A1 06                  462 	.db #0x06	; 6
   01A2 06                  463 	.db #0x06	; 6
   01A3 06                  464 	.db #0x06	; 6
   01A4 06                  465 	.db #0x06	; 6
   01A5 06                  466 	.db #0x06	; 6
   01A6 06                  467 	.db #0x06	; 6
   01A7 06                  468 	.db #0x06	; 6
   01A8 06                  469 	.db #0x06	; 6
   01A9 06                  470 	.db #0x06	; 6
   01AA 06                  471 	.db #0x06	; 6
   01AB 06                  472 	.db #0x06	; 6
   01AC 06                  473 	.db #0x06	; 6
   01AD 06                  474 	.db #0x06	; 6
   01AE 06                  475 	.db #0x06	; 6
   01AF 06                  476 	.db #0x06	; 6
   01B0 06                  477 	.db #0x06	; 6
   01B1 06                  478 	.db #0x06	; 6
   01B2 2B                  479 	.db #0x2B	; 43
   01B3 06                  480 	.db #0x06	; 6
   01B4 08                  481 	.db #0x08	; 8
   01B5 08                  482 	.db #0x08	; 8
   01B6 02                  483 	.db #0x02	; 2
   01B7 02                  484 	.db #0x02	; 2
   01B8 0B                  485 	.db #0x0B	; 11
   01B9 06                  486 	.db #0x06	; 6
   01BA 06                  487 	.db #0x06	; 6
   01BB 26                  488 	.db #0x26	; 38
   01BC 06                  489 	.db #0x06	; 6
   01BD 06                  490 	.db #0x06	; 6
   01BE 06                  491 	.db #0x06	; 6
   01BF 06                  492 	.db #0x06	; 6
   01C0 06                  493 	.db #0x06	; 6
   01C1 06                  494 	.db #0x06	; 6
   01C2 06                  495 	.db #0x06	; 6
   01C3 06                  496 	.db #0x06	; 6
   01C4 06                  497 	.db #0x06	; 6
   01C5 06                  498 	.db #0x06	; 6
   01C6 06                  499 	.db #0x06	; 6
   01C7 26                  500 	.db #0x26	; 38
   01C8 06                  501 	.db #0x06	; 6
   01C9 06                  502 	.db #0x06	; 6
   01CA 06                  503 	.db #0x06	; 6
   01CB 06                  504 	.db #0x06	; 6
   01CC 06                  505 	.db #0x06	; 6
   01CD 06                  506 	.db #0x06	; 6
   01CE 06                  507 	.db #0x06	; 6
   01CF 06                  508 	.db #0x06	; 6
   01D0 06                  509 	.db #0x06	; 6
   01D1 06                  510 	.db #0x06	; 6
   01D2 06                  511 	.db #0x06	; 6
   01D3 06                  512 	.db #0x06	; 6
   01D4 06                  513 	.db #0x06	; 6
   01D5 06                  514 	.db #0x06	; 6
   01D6 22                  515 	.db #0x22	; 34
   01D7 06                  516 	.db #0x06	; 6
   01D8 06                  517 	.db #0x06	; 6
   01D9 22                  518 	.db #0x22	; 34
   01DA 06                  519 	.db #0x06	; 6
   01DB 06                  520 	.db #0x06	; 6
   01DC 08                  521 	.db #0x08	; 8
   01DD 08                  522 	.db #0x08	; 8
   01DE 08                  523 	.db #0x08	; 8
   01DF 02                  524 	.db #0x02	; 2
   01E0 0B                  525 	.db #0x0B	; 11
   01E1 06                  526 	.db #0x06	; 6
   01E2 06                  527 	.db #0x06	; 6
   01E3 06                  528 	.db #0x06	; 6
   01E4 06                  529 	.db #0x06	; 6
   01E5 06                  530 	.db #0x06	; 6
   01E6 06                  531 	.db #0x06	; 6
   01E7 06                  532 	.db #0x06	; 6
   01E8 06                  533 	.db #0x06	; 6
   01E9 06                  534 	.db #0x06	; 6
   01EA 06                  535 	.db #0x06	; 6
   01EB 06                  536 	.db #0x06	; 6
   01EC 06                  537 	.db #0x06	; 6
   01ED 06                  538 	.db #0x06	; 6
   01EE 06                  539 	.db #0x06	; 6
   01EF 06                  540 	.db #0x06	; 6
   01F0 06                  541 	.db #0x06	; 6
   01F1 06                  542 	.db #0x06	; 6
   01F2 06                  543 	.db #0x06	; 6
   01F3 06                  544 	.db #0x06	; 6
   01F4 06                  545 	.db #0x06	; 6
   01F5 06                  546 	.db #0x06	; 6
   01F6 06                  547 	.db #0x06	; 6
   01F7 06                  548 	.db #0x06	; 6
   01F8 06                  549 	.db #0x06	; 6
   01F9 06                  550 	.db #0x06	; 6
   01FA 06                  551 	.db #0x06	; 6
   01FB 06                  552 	.db #0x06	; 6
   01FC 06                  553 	.db #0x06	; 6
   01FD 26                  554 	.db #0x26	; 38
   01FE 06                  555 	.db #0x06	; 6
   01FF 06                  556 	.db #0x06	; 6
   0200 06                  557 	.db #0x06	; 6
   0201 06                  558 	.db #0x06	; 6
   0202 06                  559 	.db #0x06	; 6
   0203 06                  560 	.db #0x06	; 6
   0204 06                  561 	.db #0x06	; 6
   0205 08                  562 	.db #0x08	; 8
   0206 08                  563 	.db #0x08	; 8
   0207 02                  564 	.db #0x02	; 2
   0208 0B                  565 	.db #0x0B	; 11
   0209 06                  566 	.db #0x06	; 6
   020A 06                  567 	.db #0x06	; 6
   020B 06                  568 	.db #0x06	; 6
   020C 06                  569 	.db #0x06	; 6
   020D 06                  570 	.db #0x06	; 6
   020E 06                  571 	.db #0x06	; 6
   020F 06                  572 	.db #0x06	; 6
   0210 06                  573 	.db #0x06	; 6
   0211 06                  574 	.db #0x06	; 6
   0212 06                  575 	.db #0x06	; 6
   0213 06                  576 	.db #0x06	; 6
   0214 06                  577 	.db #0x06	; 6
   0215 06                  578 	.db #0x06	; 6
   0216 06                  579 	.db #0x06	; 6
   0217 06                  580 	.db #0x06	; 6
   0218 06                  581 	.db #0x06	; 6
   0219 06                  582 	.db #0x06	; 6
   021A 06                  583 	.db #0x06	; 6
   021B 06                  584 	.db #0x06	; 6
   021C 06                  585 	.db #0x06	; 6
   021D 06                  586 	.db #0x06	; 6
   021E 06                  587 	.db #0x06	; 6
   021F 26                  588 	.db #0x26	; 38
   0220 06                  589 	.db #0x06	; 6
   0221 06                  590 	.db #0x06	; 6
   0222 06                  591 	.db #0x06	; 6
   0223 06                  592 	.db #0x06	; 6
   0224 06                  593 	.db #0x06	; 6
   0225 06                  594 	.db #0x06	; 6
   0226 06                  595 	.db #0x06	; 6
   0227 06                  596 	.db #0x06	; 6
   0228 06                  597 	.db #0x06	; 6
   0229 06                  598 	.db #0x06	; 6
   022A 06                  599 	.db #0x06	; 6
   022B 06                  600 	.db #0x06	; 6
   022C 2F                  601 	.db #0x2F	; 47
   022D 06                  602 	.db #0x06	; 6
   022E 08                  603 	.db #0x08	; 8
   022F 08                  604 	.db #0x08	; 8
   0230 0B                  605 	.db #0x0B	; 11
   0231 06                  606 	.db #0x06	; 6
   0232 26                  607 	.db #0x26	; 38
   0233 06                  608 	.db #0x06	; 6
   0234 06                  609 	.db #0x06	; 6
   0235 06                  610 	.db #0x06	; 6
   0236 06                  611 	.db #0x06	; 6
   0237 06                  612 	.db #0x06	; 6
   0238 06                  613 	.db #0x06	; 6
   0239 06                  614 	.db #0x06	; 6
   023A 06                  615 	.db #0x06	; 6
   023B 06                  616 	.db #0x06	; 6
   023C 06                  617 	.db #0x06	; 6
   023D 06                  618 	.db #0x06	; 6
   023E 06                  619 	.db #0x06	; 6
   023F 06                  620 	.db #0x06	; 6
   0240 06                  621 	.db #0x06	; 6
   0241 06                  622 	.db #0x06	; 6
   0242 06                  623 	.db #0x06	; 6
   0243 26                  624 	.db #0x26	; 38
   0244 06                  625 	.db #0x06	; 6
   0245 06                  626 	.db #0x06	; 6
   0246 06                  627 	.db #0x06	; 6
   0247 06                  628 	.db #0x06	; 6
   0248 06                  629 	.db #0x06	; 6
   0249 06                  630 	.db #0x06	; 6
   024A 06                  631 	.db #0x06	; 6
   024B 06                  632 	.db #0x06	; 6
   024C 06                  633 	.db #0x06	; 6
   024D 06                  634 	.db #0x06	; 6
   024E 06                  635 	.db #0x06	; 6
   024F 06                  636 	.db #0x06	; 6
   0250 06                  637 	.db #0x06	; 6
   0251 06                  638 	.db #0x06	; 6
   0252 06                  639 	.db #0x06	; 6
   0253 22                  640 	.db #0x22	; 34
   0254 06                  641 	.db #0x06	; 6
   0255 06                  642 	.db #0x06	; 6
   0256 06                  643 	.db #0x06	; 6
   0257 06                  644 	.db #0x06	; 6
   0258 0B                  645 	.db #0x0B	; 11
   0259 06                  646 	.db #0x06	; 6
   025A 06                  647 	.db #0x06	; 6
   025B 06                  648 	.db #0x06	; 6
   025C 06                  649 	.db #0x06	; 6
   025D 06                  650 	.db #0x06	; 6
   025E 06                  651 	.db #0x06	; 6
   025F 06                  652 	.db #0x06	; 6
   0260 06                  653 	.db #0x06	; 6
   0261 06                  654 	.db #0x06	; 6
   0262 06                  655 	.db #0x06	; 6
   0263 06                  656 	.db #0x06	; 6
   0264 06                  657 	.db #0x06	; 6
   0265 06                  658 	.db #0x06	; 6
   0266 26                  659 	.db #0x26	; 38
   0267 06                  660 	.db #0x06	; 6
   0268 06                  661 	.db #0x06	; 6
   0269 06                  662 	.db #0x06	; 6
   026A 06                  663 	.db #0x06	; 6
   026B 06                  664 	.db #0x06	; 6
   026C 06                  665 	.db #0x06	; 6
   026D 06                  666 	.db #0x06	; 6
   026E 06                  667 	.db #0x06	; 6
   026F 06                  668 	.db #0x06	; 6
   0270 06                  669 	.db #0x06	; 6
   0271 06                  670 	.db #0x06	; 6
   0272 06                  671 	.db #0x06	; 6
   0273 22                  672 	.db #0x22	; 34
   0274 06                  673 	.db #0x06	; 6
   0275 06                  674 	.db #0x06	; 6
   0276 06                  675 	.db #0x06	; 6
   0277 06                  676 	.db #0x06	; 6
   0278 06                  677 	.db #0x06	; 6
   0279 06                  678 	.db #0x06	; 6
   027A 06                  679 	.db #0x06	; 6
   027B 06                  680 	.db #0x06	; 6
   027C 06                  681 	.db #0x06	; 6
   027D 06                  682 	.db #0x06	; 6
   027E 06                  683 	.db #0x06	; 6
   027F 2F                  684 	.db #0x2F	; 47
   0280 0B                  685 	.db #0x0B	; 11
   0281 06                  686 	.db #0x06	; 6
   0282 06                  687 	.db #0x06	; 6
   0283 06                  688 	.db #0x06	; 6
   0284 06                  689 	.db #0x06	; 6
   0285 06                  690 	.db #0x06	; 6
   0286 06                  691 	.db #0x06	; 6
   0287 06                  692 	.db #0x06	; 6
   0288 22                  693 	.db #0x22	; 34
   0289 06                  694 	.db #0x06	; 6
   028A 22                  695 	.db #0x22	; 34
   028B 06                  696 	.db #0x06	; 6
   028C 06                  697 	.db #0x06	; 6
   028D 06                  698 	.db #0x06	; 6
   028E 26                  699 	.db #0x26	; 38
   028F 06                  700 	.db #0x06	; 6
   0290 06                  701 	.db #0x06	; 6
   0291 06                  702 	.db #0x06	; 6
   0292 06                  703 	.db #0x06	; 6
   0293 06                  704 	.db #0x06	; 6
   0294 06                  705 	.db #0x06	; 6
   0295 06                  706 	.db #0x06	; 6
   0296 06                  707 	.db #0x06	; 6
   0297 06                  708 	.db #0x06	; 6
   0298 06                  709 	.db #0x06	; 6
   0299 06                  710 	.db #0x06	; 6
   029A 06                  711 	.db #0x06	; 6
   029B 06                  712 	.db #0x06	; 6
   029C 06                  713 	.db #0x06	; 6
   029D 06                  714 	.db #0x06	; 6
   029E 06                  715 	.db #0x06	; 6
   029F 26                  716 	.db #0x26	; 38
   02A0 06                  717 	.db #0x06	; 6
   02A1 06                  718 	.db #0x06	; 6
   02A2 06                  719 	.db #0x06	; 6
   02A3 06                  720 	.db #0x06	; 6
   02A4 12                  721 	.db #0x12	; 18
   02A5 06                  722 	.db #0x06	; 6
   02A6 06                  723 	.db #0x06	; 6
   02A7 06                  724 	.db #0x06	; 6
   02A8 0B                  725 	.db #0x0B	; 11
   02A9 06                  726 	.db #0x06	; 6
   02AA 06                  727 	.db #0x06	; 6
   02AB 06                  728 	.db #0x06	; 6
   02AC 06                  729 	.db #0x06	; 6
   02AD 06                  730 	.db #0x06	; 6
   02AE 06                  731 	.db #0x06	; 6
   02AF 06                  732 	.db #0x06	; 6
   02B0 06                  733 	.db #0x06	; 6
   02B1 06                  734 	.db #0x06	; 6
   02B2 06                  735 	.db #0x06	; 6
   02B3 06                  736 	.db #0x06	; 6
   02B4 06                  737 	.db #0x06	; 6
   02B5 06                  738 	.db #0x06	; 6
   02B6 06                  739 	.db #0x06	; 6
   02B7 06                  740 	.db #0x06	; 6
   02B8 06                  741 	.db #0x06	; 6
   02B9 06                  742 	.db #0x06	; 6
   02BA 06                  743 	.db #0x06	; 6
   02BB 06                  744 	.db #0x06	; 6
   02BC 06                  745 	.db #0x06	; 6
   02BD 06                  746 	.db #0x06	; 6
   02BE 06                  747 	.db #0x06	; 6
   02BF 26                  748 	.db #0x26	; 38
   02C0 06                  749 	.db #0x06	; 6
   02C1 06                  750 	.db #0x06	; 6
   02C2 06                  751 	.db #0x06	; 6
   02C3 06                  752 	.db #0x06	; 6
   02C4 06                  753 	.db #0x06	; 6
   02C5 06                  754 	.db #0x06	; 6
   02C6 06                  755 	.db #0x06	; 6
   02C7 06                  756 	.db #0x06	; 6
   02C8 06                  757 	.db #0x06	; 6
   02C9 06                  758 	.db #0x06	; 6
   02CA 06                  759 	.db #0x06	; 6
   02CB 06                  760 	.db #0x06	; 6
   02CC 06                  761 	.db #0x06	; 6
   02CD 06                  762 	.db #0x06	; 6
   02CE 06                  763 	.db #0x06	; 6
   02CF 22                  764 	.db #0x22	; 34
   02D0 0B                  765 	.db #0x0B	; 11
   02D1 06                  766 	.db #0x06	; 6
   02D2 16                  767 	.db #0x16	; 22
   02D3 1D                  768 	.db #0x1D	; 29
   02D4 1D                  769 	.db #0x1D	; 29
   02D5 15                  770 	.db #0x15	; 21
   02D6 06                  771 	.db #0x06	; 6
   02D7 06                  772 	.db #0x06	; 6
   02D8 06                  773 	.db #0x06	; 6
   02D9 22                  774 	.db #0x22	; 34
   02DA 06                  775 	.db #0x06	; 6
   02DB 06                  776 	.db #0x06	; 6
   02DC 06                  777 	.db #0x06	; 6
   02DD 06                  778 	.db #0x06	; 6
   02DE 06                  779 	.db #0x06	; 6
   02DF 06                  780 	.db #0x06	; 6
   02E0 06                  781 	.db #0x06	; 6
   02E1 06                  782 	.db #0x06	; 6
   02E2 06                  783 	.db #0x06	; 6
   02E3 06                  784 	.db #0x06	; 6
   02E4 06                  785 	.db #0x06	; 6
   02E5 06                  786 	.db #0x06	; 6
   02E6 06                  787 	.db #0x06	; 6
   02E7 06                  788 	.db #0x06	; 6
   02E8 06                  789 	.db #0x06	; 6
   02E9 06                  790 	.db #0x06	; 6
   02EA 06                  791 	.db #0x06	; 6
   02EB 06                  792 	.db #0x06	; 6
   02EC 06                  793 	.db #0x06	; 6
   02ED 06                  794 	.db #0x06	; 6
   02EE 06                  795 	.db #0x06	; 6
   02EF 06                  796 	.db #0x06	; 6
   02F0 06                  797 	.db #0x06	; 6
   02F1 06                  798 	.db #0x06	; 6
   02F2 06                  799 	.db #0x06	; 6
   02F3 06                  800 	.db #0x06	; 6
   02F4 06                  801 	.db #0x06	; 6
   02F5 06                  802 	.db #0x06	; 6
   02F6 06                  803 	.db #0x06	; 6
   02F7 06                  804 	.db #0x06	; 6
   02F8 0B                  805 	.db #0x0B	; 11
   02F9 06                  806 	.db #0x06	; 6
   02FA 1A                  807 	.db #0x1A	; 26
   02FB 20                  808 	.db #0x20	; 32
   02FC 21                  809 	.db #0x21	; 33
   02FD 1C                  810 	.db #0x1C	; 28
   02FE 06                  811 	.db #0x06	; 6
   02FF 06                  812 	.db #0x06	; 6
   0300 06                  813 	.db #0x06	; 6
   0301 06                  814 	.db #0x06	; 6
   0302 06                  815 	.db #0x06	; 6
   0303 06                  816 	.db #0x06	; 6
   0304 06                  817 	.db #0x06	; 6
   0305 06                  818 	.db #0x06	; 6
   0306 26                  819 	.db #0x26	; 38
   0307 06                  820 	.db #0x06	; 6
   0308 06                  821 	.db #0x06	; 6
   0309 06                  822 	.db #0x06	; 6
   030A 26                  823 	.db #0x26	; 38
   030B 06                  824 	.db #0x06	; 6
   030C 06                  825 	.db #0x06	; 6
   030D 06                  826 	.db #0x06	; 6
   030E 06                  827 	.db #0x06	; 6
   030F 06                  828 	.db #0x06	; 6
   0310 06                  829 	.db #0x06	; 6
   0311 26                  830 	.db #0x26	; 38
   0312 06                  831 	.db #0x06	; 6
   0313 06                  832 	.db #0x06	; 6
   0314 06                  833 	.db #0x06	; 6
   0315 22                  834 	.db #0x22	; 34
   0316 06                  835 	.db #0x06	; 6
   0317 06                  836 	.db #0x06	; 6
   0318 06                  837 	.db #0x06	; 6
   0319 06                  838 	.db #0x06	; 6
   031A 06                  839 	.db #0x06	; 6
   031B 26                  840 	.db #0x26	; 38
   031C 06                  841 	.db #0x06	; 6
   031D 06                  842 	.db #0x06	; 6
   031E 22                  843 	.db #0x22	; 34
   031F 06                  844 	.db #0x06	; 6
   0320 0B                  845 	.db #0x0B	; 11
   0321 06                  846 	.db #0x06	; 6
   0322 1A                  847 	.db #0x1A	; 26
   0323 24                  848 	.db #0x24	; 36
   0324 25                  849 	.db #0x25	; 37
   0325 1C                  850 	.db #0x1C	; 28
   0326 06                  851 	.db #0x06	; 6
   0327 06                  852 	.db #0x06	; 6
   0328 06                  853 	.db #0x06	; 6
   0329 06                  854 	.db #0x06	; 6
   032A 06                  855 	.db #0x06	; 6
   032B 06                  856 	.db #0x06	; 6
   032C 06                  857 	.db #0x06	; 6
   032D 06                  858 	.db #0x06	; 6
   032E 06                  859 	.db #0x06	; 6
   032F 06                  860 	.db #0x06	; 6
   0330 06                  861 	.db #0x06	; 6
   0331 06                  862 	.db #0x06	; 6
   0332 06                  863 	.db #0x06	; 6
   0333 06                  864 	.db #0x06	; 6
   0334 06                  865 	.db #0x06	; 6
   0335 06                  866 	.db #0x06	; 6
   0336 06                  867 	.db #0x06	; 6
   0337 06                  868 	.db #0x06	; 6
   0338 06                  869 	.db #0x06	; 6
   0339 06                  870 	.db #0x06	; 6
   033A 06                  871 	.db #0x06	; 6
   033B 06                  872 	.db #0x06	; 6
   033C 06                  873 	.db #0x06	; 6
   033D 06                  874 	.db #0x06	; 6
   033E 06                  875 	.db #0x06	; 6
   033F 06                  876 	.db #0x06	; 6
   0340 06                  877 	.db #0x06	; 6
   0341 06                  878 	.db #0x06	; 6
   0342 06                  879 	.db #0x06	; 6
   0343 06                  880 	.db #0x06	; 6
   0344 06                  881 	.db #0x06	; 6
   0345 06                  882 	.db #0x06	; 6
   0346 06                  883 	.db #0x06	; 6
   0347 06                  884 	.db #0x06	; 6
   0348 0B                  885 	.db #0x0B	; 11
   0349 06                  886 	.db #0x06	; 6
   034A 1A                  887 	.db #0x1A	; 26
   034B 28                  888 	.db #0x28	; 40
   034C 29                  889 	.db #0x29	; 41
   034D 1C                  890 	.db #0x1C	; 28
   034E 06                  891 	.db #0x06	; 6
   034F 06                  892 	.db #0x06	; 6
   0350 06                  893 	.db #0x06	; 6
   0351 06                  894 	.db #0x06	; 6
   0352 06                  895 	.db #0x06	; 6
   0353 06                  896 	.db #0x06	; 6
   0354 26                  897 	.db #0x26	; 38
   0355 06                  898 	.db #0x06	; 6
   0356 06                  899 	.db #0x06	; 6
   0357 06                  900 	.db #0x06	; 6
   0358 06                  901 	.db #0x06	; 6
   0359 06                  902 	.db #0x06	; 6
   035A 06                  903 	.db #0x06	; 6
   035B 06                  904 	.db #0x06	; 6
   035C 22                  905 	.db #0x22	; 34
   035D 06                  906 	.db #0x06	; 6
   035E 06                  907 	.db #0x06	; 6
   035F 06                  908 	.db #0x06	; 6
   0360 06                  909 	.db #0x06	; 6
   0361 06                  910 	.db #0x06	; 6
   0362 06                  911 	.db #0x06	; 6
   0363 06                  912 	.db #0x06	; 6
   0364 06                  913 	.db #0x06	; 6
   0365 06                  914 	.db #0x06	; 6
   0366 06                  915 	.db #0x06	; 6
   0367 06                  916 	.db #0x06	; 6
   0368 06                  917 	.db #0x06	; 6
   0369 06                  918 	.db #0x06	; 6
   036A 06                  919 	.db #0x06	; 6
   036B 06                  920 	.db #0x06	; 6
   036C 06                  921 	.db #0x06	; 6
   036D 06                  922 	.db #0x06	; 6
   036E 06                  923 	.db #0x06	; 6
   036F 06                  924 	.db #0x06	; 6
   0370 0B                  925 	.db #0x0B	; 11
   0371 06                  926 	.db #0x06	; 6
   0372 19                  927 	.db #0x19	; 25
   0373 1E                  928 	.db #0x1E	; 30
   0374 1E                  929 	.db #0x1E	; 30
   0375 18                  930 	.db #0x18	; 24
   0376 06                  931 	.db #0x06	; 6
   0377 06                  932 	.db #0x06	; 6
   0378 06                  933 	.db #0x06	; 6
   0379 06                  934 	.db #0x06	; 6
   037A 06                  935 	.db #0x06	; 6
   037B 06                  936 	.db #0x06	; 6
   037C 06                  937 	.db #0x06	; 6
   037D 06                  938 	.db #0x06	; 6
   037E 06                  939 	.db #0x06	; 6
   037F 06                  940 	.db #0x06	; 6
   0380 06                  941 	.db #0x06	; 6
   0381 06                  942 	.db #0x06	; 6
   0382 06                  943 	.db #0x06	; 6
   0383 06                  944 	.db #0x06	; 6
   0384 06                  945 	.db #0x06	; 6
   0385 06                  946 	.db #0x06	; 6
   0386 06                  947 	.db #0x06	; 6
   0387 06                  948 	.db #0x06	; 6
   0388 06                  949 	.db #0x06	; 6
   0389 06                  950 	.db #0x06	; 6
   038A 06                  951 	.db #0x06	; 6
   038B 06                  952 	.db #0x06	; 6
   038C 06                  953 	.db #0x06	; 6
   038D 06                  954 	.db #0x06	; 6
   038E 06                  955 	.db #0x06	; 6
   038F 22                  956 	.db #0x22	; 34
   0390 06                  957 	.db #0x06	; 6
   0391 06                  958 	.db #0x06	; 6
   0392 06                  959 	.db #0x06	; 6
   0393 06                  960 	.db #0x06	; 6
   0394 06                  961 	.db #0x06	; 6
   0395 06                  962 	.db #0x06	; 6
   0396 06                  963 	.db #0x06	; 6
   0397 06                  964 	.db #0x06	; 6
   0398 0B                  965 	.db #0x0B	; 11
   0399 06                  966 	.db #0x06	; 6
   039A 06                  967 	.db #0x06	; 6
   039B 06                  968 	.db #0x06	; 6
   039C 06                  969 	.db #0x06	; 6
   039D 06                  970 	.db #0x06	; 6
   039E 06                  971 	.db #0x06	; 6
   039F 06                  972 	.db #0x06	; 6
   03A0 06                  973 	.db #0x06	; 6
   03A1 06                  974 	.db #0x06	; 6
   03A2 06                  975 	.db #0x06	; 6
   03A3 06                  976 	.db #0x06	; 6
   03A4 06                  977 	.db #0x06	; 6
   03A5 06                  978 	.db #0x06	; 6
   03A6 06                  979 	.db #0x06	; 6
   03A7 06                  980 	.db #0x06	; 6
   03A8 06                  981 	.db #0x06	; 6
   03A9 06                  982 	.db #0x06	; 6
   03AA 06                  983 	.db #0x06	; 6
   03AB 06                  984 	.db #0x06	; 6
   03AC 06                  985 	.db #0x06	; 6
   03AD 06                  986 	.db #0x06	; 6
   03AE 06                  987 	.db #0x06	; 6
   03AF 06                  988 	.db #0x06	; 6
   03B0 26                  989 	.db #0x26	; 38
   03B1 06                  990 	.db #0x06	; 6
   03B2 06                  991 	.db #0x06	; 6
   03B3 06                  992 	.db #0x06	; 6
   03B4 22                  993 	.db #0x22	; 34
   03B5 06                  994 	.db #0x06	; 6
   03B6 06                  995 	.db #0x06	; 6
   03B7 06                  996 	.db #0x06	; 6
   03B8 06                  997 	.db #0x06	; 6
   03B9 06                  998 	.db #0x06	; 6
   03BA 06                  999 	.db #0x06	; 6
   03BB 06                 1000 	.db #0x06	; 6
   03BC 22                 1001 	.db #0x22	; 34
   03BD 06                 1002 	.db #0x06	; 6
   03BE 06                 1003 	.db #0x06	; 6
   03BF 06                 1004 	.db #0x06	; 6
   03C0 0B                 1005 	.db #0x0B	; 11
   03C1 06                 1006 	.db #0x06	; 6
   03C2 06                 1007 	.db #0x06	; 6
   03C3 06                 1008 	.db #0x06	; 6
   03C4 06                 1009 	.db #0x06	; 6
   03C5 06                 1010 	.db #0x06	; 6
   03C6 06                 1011 	.db #0x06	; 6
   03C7 06                 1012 	.db #0x06	; 6
   03C8 06                 1013 	.db #0x06	; 6
   03C9 06                 1014 	.db #0x06	; 6
   03CA 06                 1015 	.db #0x06	; 6
   03CB 06                 1016 	.db #0x06	; 6
   03CC 06                 1017 	.db #0x06	; 6
   03CD 06                 1018 	.db #0x06	; 6
   03CE 06                 1019 	.db #0x06	; 6
   03CF 06                 1020 	.db #0x06	; 6
   03D0 06                 1021 	.db #0x06	; 6
   03D1 22                 1022 	.db #0x22	; 34
   03D2 06                 1023 	.db #0x06	; 6
   03D3 22                 1024 	.db #0x22	; 34
   03D4 06                 1025 	.db #0x06	; 6
   03D5 06                 1026 	.db #0x06	; 6
   03D6 06                 1027 	.db #0x06	; 6
   03D7 06                 1028 	.db #0x06	; 6
   03D8 06                 1029 	.db #0x06	; 6
   03D9 06                 1030 	.db #0x06	; 6
   03DA 06                 1031 	.db #0x06	; 6
   03DB 06                 1032 	.db #0x06	; 6
   03DC 06                 1033 	.db #0x06	; 6
   03DD 06                 1034 	.db #0x06	; 6
   03DE 06                 1035 	.db #0x06	; 6
   03DF 06                 1036 	.db #0x06	; 6
   03E0 06                 1037 	.db #0x06	; 6
   03E1 06                 1038 	.db #0x06	; 6
   03E2 06                 1039 	.db #0x06	; 6
   03E3 06                 1040 	.db #0x06	; 6
   03E4 06                 1041 	.db #0x06	; 6
   03E5 06                 1042 	.db #0x06	; 6
   03E6 06                 1043 	.db #0x06	; 6
   03E7 06                 1044 	.db #0x06	; 6
   03E8 0B                 1045 	.db #0x0B	; 11
   03E9 06                 1046 	.db #0x06	; 6
   03EA 06                 1047 	.db #0x06	; 6
   03EB 06                 1048 	.db #0x06	; 6
   03EC 06                 1049 	.db #0x06	; 6
   03ED 06                 1050 	.db #0x06	; 6
   03EE 06                 1051 	.db #0x06	; 6
   03EF 06                 1052 	.db #0x06	; 6
   03F0 22                 1053 	.db #0x22	; 34
   03F1 06                 1054 	.db #0x06	; 6
   03F2 06                 1055 	.db #0x06	; 6
   03F3 06                 1056 	.db #0x06	; 6
   03F4 06                 1057 	.db #0x06	; 6
   03F5 06                 1058 	.db #0x06	; 6
   03F6 06                 1059 	.db #0x06	; 6
   03F7 06                 1060 	.db #0x06	; 6
   03F8 06                 1061 	.db #0x06	; 6
   03F9 06                 1062 	.db #0x06	; 6
   03FA 06                 1063 	.db #0x06	; 6
   03FB 06                 1064 	.db #0x06	; 6
   03FC 06                 1065 	.db #0x06	; 6
   03FD 06                 1066 	.db #0x06	; 6
   03FE 06                 1067 	.db #0x06	; 6
   03FF 06                 1068 	.db #0x06	; 6
   0400 06                 1069 	.db #0x06	; 6
   0401 06                 1070 	.db #0x06	; 6
   0402 06                 1071 	.db #0x06	; 6
   0403 06                 1072 	.db #0x06	; 6
   0404 06                 1073 	.db #0x06	; 6
   0405 06                 1074 	.db #0x06	; 6
   0406 06                 1075 	.db #0x06	; 6
   0407 06                 1076 	.db #0x06	; 6
   0408 06                 1077 	.db #0x06	; 6
   0409 06                 1078 	.db #0x06	; 6
   040A 06                 1079 	.db #0x06	; 6
   040B 06                 1080 	.db #0x06	; 6
   040C 06                 1081 	.db #0x06	; 6
   040D 06                 1082 	.db #0x06	; 6
   040E 06                 1083 	.db #0x06	; 6
   040F 06                 1084 	.db #0x06	; 6
   0410 0B                 1085 	.db #0x0B	; 11
   0411 06                 1086 	.db #0x06	; 6
   0412 06                 1087 	.db #0x06	; 6
   0413 06                 1088 	.db #0x06	; 6
   0414 06                 1089 	.db #0x06	; 6
   0415 06                 1090 	.db #0x06	; 6
   0416 06                 1091 	.db #0x06	; 6
   0417 06                 1092 	.db #0x06	; 6
   0418 06                 1093 	.db #0x06	; 6
   0419 06                 1094 	.db #0x06	; 6
   041A 06                 1095 	.db #0x06	; 6
   041B 06                 1096 	.db #0x06	; 6
   041C 06                 1097 	.db #0x06	; 6
   041D 06                 1098 	.db #0x06	; 6
   041E 06                 1099 	.db #0x06	; 6
   041F 06                 1100 	.db #0x06	; 6
   0420 06                 1101 	.db #0x06	; 6
   0421 06                 1102 	.db #0x06	; 6
   0422 06                 1103 	.db #0x06	; 6
   0423 06                 1104 	.db #0x06	; 6
   0424 06                 1105 	.db #0x06	; 6
   0425 06                 1106 	.db #0x06	; 6
   0426 06                 1107 	.db #0x06	; 6
   0427 06                 1108 	.db #0x06	; 6
   0428 06                 1109 	.db #0x06	; 6
   0429 06                 1110 	.db #0x06	; 6
   042A 06                 1111 	.db #0x06	; 6
   042B 06                 1112 	.db #0x06	; 6
   042C 06                 1113 	.db #0x06	; 6
   042D 06                 1114 	.db #0x06	; 6
   042E 06                 1115 	.db #0x06	; 6
   042F 06                 1116 	.db #0x06	; 6
   0430 06                 1117 	.db #0x06	; 6
   0431 06                 1118 	.db #0x06	; 6
   0432 06                 1119 	.db #0x06	; 6
   0433 06                 1120 	.db #0x06	; 6
   0434 06                 1121 	.db #0x06	; 6
   0435 06                 1122 	.db #0x06	; 6
   0436 06                 1123 	.db #0x06	; 6
   0437 06                 1124 	.db #0x06	; 6
   0438 0B                 1125 	.db #0x0B	; 11
   0439 06                 1126 	.db #0x06	; 6
   043A 06                 1127 	.db #0x06	; 6
   043B 06                 1128 	.db #0x06	; 6
   043C 06                 1129 	.db #0x06	; 6
   043D 06                 1130 	.db #0x06	; 6
   043E 06                 1131 	.db #0x06	; 6
   043F 06                 1132 	.db #0x06	; 6
   0440 06                 1133 	.db #0x06	; 6
   0441 06                 1134 	.db #0x06	; 6
   0442 06                 1135 	.db #0x06	; 6
   0443 06                 1136 	.db #0x06	; 6
   0444 06                 1137 	.db #0x06	; 6
   0445 06                 1138 	.db #0x06	; 6
   0446 06                 1139 	.db #0x06	; 6
   0447 06                 1140 	.db #0x06	; 6
   0448 0A                 1141 	.db #0x0A	; 10
   0449 0A                 1142 	.db #0x0A	; 10
   044A 06                 1143 	.db #0x06	; 6
   044B 06                 1144 	.db #0x06	; 6
   044C 06                 1145 	.db #0x06	; 6
   044D 06                 1146 	.db #0x06	; 6
   044E 06                 1147 	.db #0x06	; 6
   044F 06                 1148 	.db #0x06	; 6
   0450 06                 1149 	.db #0x06	; 6
   0451 06                 1150 	.db #0x06	; 6
   0452 06                 1151 	.db #0x06	; 6
   0453 06                 1152 	.db #0x06	; 6
   0454 06                 1153 	.db #0x06	; 6
   0455 06                 1154 	.db #0x06	; 6
   0456 06                 1155 	.db #0x06	; 6
   0457 06                 1156 	.db #0x06	; 6
   0458 06                 1157 	.db #0x06	; 6
   0459 22                 1158 	.db #0x22	; 34
   045A 06                 1159 	.db #0x06	; 6
   045B 06                 1160 	.db #0x06	; 6
   045C 06                 1161 	.db #0x06	; 6
   045D 06                 1162 	.db #0x06	; 6
   045E 06                 1163 	.db #0x06	; 6
   045F 06                 1164 	.db #0x06	; 6
   0460 0B                 1165 	.db #0x0B	; 11
   0461 06                 1166 	.db #0x06	; 6
   0462 06                 1167 	.db #0x06	; 6
   0463 06                 1168 	.db #0x06	; 6
   0464 22                 1169 	.db #0x22	; 34
   0465 06                 1170 	.db #0x06	; 6
   0466 06                 1171 	.db #0x06	; 6
   0467 06                 1172 	.db #0x06	; 6
   0468 06                 1173 	.db #0x06	; 6
   0469 06                 1174 	.db #0x06	; 6
   046A 22                 1175 	.db #0x22	; 34
   046B 06                 1176 	.db #0x06	; 6
   046C 06                 1177 	.db #0x06	; 6
   046D 06                 1178 	.db #0x06	; 6
   046E 0A                 1179 	.db #0x0A	; 10
   046F 0A                 1180 	.db #0x0A	; 10
   0470 0A                 1181 	.db #0x0A	; 10
   0471 0A                 1182 	.db #0x0A	; 10
   0472 0A                 1183 	.db #0x0A	; 10
   0473 06                 1184 	.db #0x06	; 6
   0474 06                 1185 	.db #0x06	; 6
   0475 06                 1186 	.db #0x06	; 6
   0476 06                 1187 	.db #0x06	; 6
   0477 06                 1188 	.db #0x06	; 6
   0478 22                 1189 	.db #0x22	; 34
   0479 06                 1190 	.db #0x06	; 6
   047A 06                 1191 	.db #0x06	; 6
   047B 06                 1192 	.db #0x06	; 6
   047C 06                 1193 	.db #0x06	; 6
   047D 06                 1194 	.db #0x06	; 6
   047E 06                 1195 	.db #0x06	; 6
   047F 06                 1196 	.db #0x06	; 6
   0480 06                 1197 	.db #0x06	; 6
   0481 06                 1198 	.db #0x06	; 6
   0482 06                 1199 	.db #0x06	; 6
   0483 06                 1200 	.db #0x06	; 6
   0484 22                 1201 	.db #0x22	; 34
   0485 06                 1202 	.db #0x06	; 6
   0486 06                 1203 	.db #0x06	; 6
   0487 06                 1204 	.db #0x06	; 6
   0488 0B                 1205 	.db #0x0B	; 11
   0489 06                 1206 	.db #0x06	; 6
   048A 06                 1207 	.db #0x06	; 6
   048B 06                 1208 	.db #0x06	; 6
   048C 06                 1209 	.db #0x06	; 6
   048D 06                 1210 	.db #0x06	; 6
   048E 06                 1211 	.db #0x06	; 6
   048F 06                 1212 	.db #0x06	; 6
   0490 06                 1213 	.db #0x06	; 6
   0491 06                 1214 	.db #0x06	; 6
   0492 06                 1215 	.db #0x06	; 6
   0493 06                 1216 	.db #0x06	; 6
   0494 0A                 1217 	.db #0x0A	; 10
   0495 0A                 1218 	.db #0x0A	; 10
   0496 0A                 1219 	.db #0x0A	; 10
   0497 0A                 1220 	.db #0x0A	; 10
   0498 0A                 1221 	.db #0x0A	; 10
   0499 0A                 1222 	.db #0x0A	; 10
   049A 0A                 1223 	.db #0x0A	; 10
   049B 0A                 1224 	.db #0x0A	; 10
   049C 06                 1225 	.db #0x06	; 6
   049D 06                 1226 	.db #0x06	; 6
   049E 06                 1227 	.db #0x06	; 6
   049F 06                 1228 	.db #0x06	; 6
   04A0 06                 1229 	.db #0x06	; 6
   04A1 06                 1230 	.db #0x06	; 6
   04A2 06                 1231 	.db #0x06	; 6
   04A3 06                 1232 	.db #0x06	; 6
   04A4 22                 1233 	.db #0x22	; 34
   04A5 06                 1234 	.db #0x06	; 6
   04A6 06                 1235 	.db #0x06	; 6
   04A7 06                 1236 	.db #0x06	; 6
   04A8 06                 1237 	.db #0x06	; 6
   04A9 06                 1238 	.db #0x06	; 6
   04AA 06                 1239 	.db #0x06	; 6
   04AB 06                 1240 	.db #0x06	; 6
   04AC 06                 1241 	.db #0x06	; 6
   04AD 06                 1242 	.db #0x06	; 6
   04AE 06                 1243 	.db #0x06	; 6
   04AF 22                 1244 	.db #0x22	; 34
   04B0 0B                 1245 	.db #0x0B	; 11
   04B1 06                 1246 	.db #0x06	; 6
   04B2 06                 1247 	.db #0x06	; 6
   04B3 06                 1248 	.db #0x06	; 6
   04B4 06                 1249 	.db #0x06	; 6
   04B5 06                 1250 	.db #0x06	; 6
   04B6 06                 1251 	.db #0x06	; 6
   04B7 06                 1252 	.db #0x06	; 6
   04B8 06                 1253 	.db #0x06	; 6
   04B9 06                 1254 	.db #0x06	; 6
   04BA 06                 1255 	.db #0x06	; 6
   04BB 0A                 1256 	.db #0x0A	; 10
   04BC 0A                 1257 	.db #0x0A	; 10
   04BD 0A                 1258 	.db #0x0A	; 10
   04BE 0A                 1259 	.db #0x0A	; 10
   04BF 0A                 1260 	.db #0x0A	; 10
   04C0 0A                 1261 	.db #0x0A	; 10
   04C1 0A                 1262 	.db #0x0A	; 10
   04C2 0A                 1263 	.db #0x0A	; 10
   04C3 0A                 1264 	.db #0x0A	; 10
   04C4 06                 1265 	.db #0x06	; 6
   04C5 06                 1266 	.db #0x06	; 6
   04C6 06                 1267 	.db #0x06	; 6
   04C7 06                 1268 	.db #0x06	; 6
   04C8 06                 1269 	.db #0x06	; 6
   04C9 06                 1270 	.db #0x06	; 6
   04CA 06                 1271 	.db #0x06	; 6
   04CB 06                 1272 	.db #0x06	; 6
   04CC 06                 1273 	.db #0x06	; 6
   04CD 06                 1274 	.db #0x06	; 6
   04CE 06                 1275 	.db #0x06	; 6
   04CF 06                 1276 	.db #0x06	; 6
   04D0 06                 1277 	.db #0x06	; 6
   04D1 06                 1278 	.db #0x06	; 6
   04D2 06                 1279 	.db #0x06	; 6
   04D3 06                 1280 	.db #0x06	; 6
   04D4 06                 1281 	.db #0x06	; 6
   04D5 06                 1282 	.db #0x06	; 6
   04D6 06                 1283 	.db #0x06	; 6
   04D7 06                 1284 	.db #0x06	; 6
   04D8 0B                 1285 	.db #0x0B	; 11
   04D9 06                 1286 	.db #0x06	; 6
   04DA 06                 1287 	.db #0x06	; 6
   04DB 06                 1288 	.db #0x06	; 6
   04DC 06                 1289 	.db #0x06	; 6
   04DD 06                 1290 	.db #0x06	; 6
   04DE 06                 1291 	.db #0x06	; 6
   04DF 06                 1292 	.db #0x06	; 6
   04E0 0A                 1293 	.db #0x0A	; 10
   04E1 0A                 1294 	.db #0x0A	; 10
   04E2 0A                 1295 	.db #0x0A	; 10
   04E3 0A                 1296 	.db #0x0A	; 10
   04E4 0A                 1297 	.db #0x0A	; 10
   04E5 0A                 1298 	.db #0x0A	; 10
   04E6 0A                 1299 	.db #0x0A	; 10
   04E7 0A                 1300 	.db #0x0A	; 10
   04E8 0A                 1301 	.db #0x0A	; 10
   04E9 0A                 1302 	.db #0x0A	; 10
   04EA 0A                 1303 	.db #0x0A	; 10
   04EB 0A                 1304 	.db #0x0A	; 10
   04EC 0A                 1305 	.db #0x0A	; 10
   04ED 06                 1306 	.db #0x06	; 6
   04EE 06                 1307 	.db #0x06	; 6
   04EF 06                 1308 	.db #0x06	; 6
   04F0 06                 1309 	.db #0x06	; 6
   04F1 06                 1310 	.db #0x06	; 6
   04F2 26                 1311 	.db #0x26	; 38
   04F3 06                 1312 	.db #0x06	; 6
   04F4 06                 1313 	.db #0x06	; 6
   04F5 06                 1314 	.db #0x06	; 6
   04F6 06                 1315 	.db #0x06	; 6
   04F7 06                 1316 	.db #0x06	; 6
   04F8 06                 1317 	.db #0x06	; 6
   04F9 06                 1318 	.db #0x06	; 6
   04FA 06                 1319 	.db #0x06	; 6
   04FB 06                 1320 	.db #0x06	; 6
   04FC 06                 1321 	.db #0x06	; 6
   04FD 06                 1322 	.db #0x06	; 6
   04FE 06                 1323 	.db #0x06	; 6
   04FF 06                 1324 	.db #0x06	; 6
   0500 0B                 1325 	.db #0x0B	; 11
   0501 06                 1326 	.db #0x06	; 6
   0502 06                 1327 	.db #0x06	; 6
   0503 06                 1328 	.db #0x06	; 6
   0504 06                 1329 	.db #0x06	; 6
   0505 06                 1330 	.db #0x06	; 6
   0506 0A                 1331 	.db #0x0A	; 10
   0507 0A                 1332 	.db #0x0A	; 10
   0508 0A                 1333 	.db #0x0A	; 10
   0509 0A                 1334 	.db #0x0A	; 10
   050A 0A                 1335 	.db #0x0A	; 10
   050B 0A                 1336 	.db #0x0A	; 10
   050C 0A                 1337 	.db #0x0A	; 10
   050D 0A                 1338 	.db #0x0A	; 10
   050E 09                 1339 	.db #0x09	; 9
   050F 09                 1340 	.db #0x09	; 9
   0510 09                 1341 	.db #0x09	; 9
   0511 09                 1342 	.db #0x09	; 9
   0512 09                 1343 	.db #0x09	; 9
   0513 0A                 1344 	.db #0x0A	; 10
   0514 0A                 1345 	.db #0x0A	; 10
   0515 06                 1346 	.db #0x06	; 6
   0516 06                 1347 	.db #0x06	; 6
   0517 06                 1348 	.db #0x06	; 6
   0518 06                 1349 	.db #0x06	; 6
   0519 06                 1350 	.db #0x06	; 6
   051A 06                 1351 	.db #0x06	; 6
   051B 06                 1352 	.db #0x06	; 6
   051C 06                 1353 	.db #0x06	; 6
   051D 06                 1354 	.db #0x06	; 6
   051E 06                 1355 	.db #0x06	; 6
   051F 06                 1356 	.db #0x06	; 6
   0520 06                 1357 	.db #0x06	; 6
   0521 06                 1358 	.db #0x06	; 6
   0522 22                 1359 	.db #0x22	; 34
   0523 06                 1360 	.db #0x06	; 6
   0524 06                 1361 	.db #0x06	; 6
   0525 06                 1362 	.db #0x06	; 6
   0526 06                 1363 	.db #0x06	; 6
   0527 06                 1364 	.db #0x06	; 6
   0528 0B                 1365 	.db #0x0B	; 11
   0529 06                 1366 	.db #0x06	; 6
   052A 06                 1367 	.db #0x06	; 6
   052B 22                 1368 	.db #0x22	; 34
   052C 06                 1369 	.db #0x06	; 6
   052D 0A                 1370 	.db #0x0A	; 10
   052E 0A                 1371 	.db #0x0A	; 10
   052F 09                 1372 	.db #0x09	; 9
   0530 09                 1373 	.db #0x09	; 9
   0531 09                 1374 	.db #0x09	; 9
   0532 09                 1375 	.db #0x09	; 9
   0533 09                 1376 	.db #0x09	; 9
   0534 09                 1377 	.db #0x09	; 9
   0535 09                 1378 	.db #0x09	; 9
   0536 09                 1379 	.db #0x09	; 9
   0537 02                 1380 	.db #0x02	; 2
   0538 02                 1381 	.db #0x02	; 2
   0539 02                 1382 	.db #0x02	; 2
   053A 09                 1383 	.db #0x09	; 9
   053B 0A                 1384 	.db #0x0A	; 10
   053C 0A                 1385 	.db #0x0A	; 10
   053D 06                 1386 	.db #0x06	; 6
   053E 06                 1387 	.db #0x06	; 6
   053F 06                 1388 	.db #0x06	; 6
   0540 06                 1389 	.db #0x06	; 6
   0541 06                 1390 	.db #0x06	; 6
   0542 06                 1391 	.db #0x06	; 6
   0543 06                 1392 	.db #0x06	; 6
   0544 06                 1393 	.db #0x06	; 6
   0545 06                 1394 	.db #0x06	; 6
   0546 06                 1395 	.db #0x06	; 6
   0547 06                 1396 	.db #0x06	; 6
   0548 06                 1397 	.db #0x06	; 6
   0549 06                 1398 	.db #0x06	; 6
   054A 06                 1399 	.db #0x06	; 6
   054B 06                 1400 	.db #0x06	; 6
   054C 06                 1401 	.db #0x06	; 6
   054D 06                 1402 	.db #0x06	; 6
   054E 02                 1403 	.db #0x02	; 2
   054F 02                 1404 	.db #0x02	; 2
   0550 0B                 1405 	.db #0x0B	; 11
   0551 06                 1406 	.db #0x06	; 6
   0552 06                 1407 	.db #0x06	; 6
   0553 06                 1408 	.db #0x06	; 6
   0554 06                 1409 	.db #0x06	; 6
   0555 0A                 1410 	.db #0x0A	; 10
   0556 0A                 1411 	.db #0x0A	; 10
   0557 09                 1412 	.db #0x09	; 9
   0558 02                 1413 	.db #0x02	; 2
   0559 02                 1414 	.db #0x02	; 2
   055A 02                 1415 	.db #0x02	; 2
   055B 02                 1416 	.db #0x02	; 2
   055C 02                 1417 	.db #0x02	; 2
   055D 02                 1418 	.db #0x02	; 2
   055E 02                 1419 	.db #0x02	; 2
   055F 02                 1420 	.db #0x02	; 2
   0560 02                 1421 	.db #0x02	; 2
   0561 02                 1422 	.db #0x02	; 2
   0562 02                 1423 	.db #0x02	; 2
   0563 0A                 1424 	.db #0x0A	; 10
   0564 0A                 1425 	.db #0x0A	; 10
   0565 06                 1426 	.db #0x06	; 6
   0566 06                 1427 	.db #0x06	; 6
   0567 06                 1428 	.db #0x06	; 6
   0568 06                 1429 	.db #0x06	; 6
   0569 22                 1430 	.db #0x22	; 34
   056A 06                 1431 	.db #0x06	; 6
   056B 06                 1432 	.db #0x06	; 6
   056C 06                 1433 	.db #0x06	; 6
   056D 26                 1434 	.db #0x26	; 38
   056E 06                 1435 	.db #0x06	; 6
   056F 06                 1436 	.db #0x06	; 6
   0570 06                 1437 	.db #0x06	; 6
   0571 06                 1438 	.db #0x06	; 6
   0572 06                 1439 	.db #0x06	; 6
   0573 06                 1440 	.db #0x06	; 6
   0574 06                 1441 	.db #0x06	; 6
   0575 02                 1442 	.db #0x02	; 2
   0576 02                 1443 	.db #0x02	; 2
   0577 02                 1444 	.db #0x02	; 2
   0578 0B                 1445 	.db #0x0B	; 11
   0579 06                 1446 	.db #0x06	; 6
   057A 06                 1447 	.db #0x06	; 6
   057B 06                 1448 	.db #0x06	; 6
   057C 06                 1449 	.db #0x06	; 6
   057D 0A                 1450 	.db #0x0A	; 10
   057E 0A                 1451 	.db #0x0A	; 10
   057F 02                 1452 	.db #0x02	; 2
   0580 02                 1453 	.db #0x02	; 2
   0581 02                 1454 	.db #0x02	; 2
   0582 02                 1455 	.db #0x02	; 2
   0583 2D                 1456 	.db #0x2D	; 45
   0584 02                 1457 	.db #0x02	; 2
   0585 02                 1458 	.db #0x02	; 2
   0586 2E                 1459 	.db #0x2E	; 46
   0587 02                 1460 	.db #0x02	; 2
   0588 02                 1461 	.db #0x02	; 2
   0589 02                 1462 	.db #0x02	; 2
   058A 02                 1463 	.db #0x02	; 2
   058B 0A                 1464 	.db #0x0A	; 10
   058C 0A                 1465 	.db #0x0A	; 10
   058D 06                 1466 	.db #0x06	; 6
   058E 06                 1467 	.db #0x06	; 6
   058F 06                 1468 	.db #0x06	; 6
   0590 06                 1469 	.db #0x06	; 6
   0591 06                 1470 	.db #0x06	; 6
   0592 06                 1471 	.db #0x06	; 6
   0593 06                 1472 	.db #0x06	; 6
   0594 06                 1473 	.db #0x06	; 6
   0595 06                 1474 	.db #0x06	; 6
   0596 06                 1475 	.db #0x06	; 6
   0597 06                 1476 	.db #0x06	; 6
   0598 06                 1477 	.db #0x06	; 6
   0599 06                 1478 	.db #0x06	; 6
   059A 06                 1479 	.db #0x06	; 6
   059B 06                 1480 	.db #0x06	; 6
   059C 02                 1481 	.db #0x02	; 2
   059D 02                 1482 	.db #0x02	; 2
   059E 02                 1483 	.db #0x02	; 2
   059F 02                 1484 	.db #0x02	; 2
   05A0 0B                 1485 	.db #0x0B	; 11
   05A1 06                 1486 	.db #0x06	; 6
   05A2 06                 1487 	.db #0x06	; 6
   05A3 06                 1488 	.db #0x06	; 6
   05A4 06                 1489 	.db #0x06	; 6
   05A5 02                 1490 	.db #0x02	; 2
   05A6 02                 1491 	.db #0x02	; 2
   05A7 02                 1492 	.db #0x02	; 2
   05A8 02                 1493 	.db #0x02	; 2
   05A9 2E                 1494 	.db #0x2E	; 46
   05AA 02                 1495 	.db #0x02	; 2
   05AB 02                 1496 	.db #0x02	; 2
   05AC 02                 1497 	.db #0x02	; 2
   05AD 02                 1498 	.db #0x02	; 2
   05AE 02                 1499 	.db #0x02	; 2
   05AF 02                 1500 	.db #0x02	; 2
   05B0 02                 1501 	.db #0x02	; 2
   05B1 2D                 1502 	.db #0x2D	; 45
   05B2 02                 1503 	.db #0x02	; 2
   05B3 02                 1504 	.db #0x02	; 2
   05B4 0A                 1505 	.db #0x0A	; 10
   05B5 06                 1506 	.db #0x06	; 6
   05B6 06                 1507 	.db #0x06	; 6
   05B7 06                 1508 	.db #0x06	; 6
   05B8 06                 1509 	.db #0x06	; 6
   05B9 06                 1510 	.db #0x06	; 6
   05BA 06                 1511 	.db #0x06	; 6
   05BB 06                 1512 	.db #0x06	; 6
   05BC 06                 1513 	.db #0x06	; 6
   05BD 06                 1514 	.db #0x06	; 6
   05BE 06                 1515 	.db #0x06	; 6
   05BF 06                 1516 	.db #0x06	; 6
   05C0 26                 1517 	.db #0x26	; 38
   05C1 06                 1518 	.db #0x06	; 6
   05C2 06                 1519 	.db #0x06	; 6
   05C3 06                 1520 	.db #0x06	; 6
   05C4 02                 1521 	.db #0x02	; 2
   05C5 02                 1522 	.db #0x02	; 2
   05C6 02                 1523 	.db #0x02	; 2
   05C7 2E                 1524 	.db #0x2E	; 46
   05C8 0B                 1525 	.db #0x0B	; 11
   05C9 06                 1526 	.db #0x06	; 6
   05CA 06                 1527 	.db #0x06	; 6
   05CB 02                 1528 	.db #0x02	; 2
   05CC 02                 1529 	.db #0x02	; 2
   05CD 02                 1530 	.db #0x02	; 2
   05CE 2D                 1531 	.db #0x2D	; 45
   05CF 02                 1532 	.db #0x02	; 2
   05D0 02                 1533 	.db #0x02	; 2
   05D1 02                 1534 	.db #0x02	; 2
   05D2 02                 1535 	.db #0x02	; 2
   05D3 02                 1536 	.db #0x02	; 2
   05D4 02                 1537 	.db #0x02	; 2
   05D5 02                 1538 	.db #0x02	; 2
   05D6 02                 1539 	.db #0x02	; 2
   05D7 02                 1540 	.db #0x02	; 2
   05D8 02                 1541 	.db #0x02	; 2
   05D9 02                 1542 	.db #0x02	; 2
   05DA 2D                 1543 	.db #0x2D	; 45
   05DB 02                 1544 	.db #0x02	; 2
   05DC 0A                 1545 	.db #0x0A	; 10
   05DD 06                 1546 	.db #0x06	; 6
   05DE 22                 1547 	.db #0x22	; 34
   05DF 06                 1548 	.db #0x06	; 6
   05E0 06                 1549 	.db #0x06	; 6
   05E1 06                 1550 	.db #0x06	; 6
   05E2 06                 1551 	.db #0x06	; 6
   05E3 06                 1552 	.db #0x06	; 6
   05E4 06                 1553 	.db #0x06	; 6
   05E5 06                 1554 	.db #0x06	; 6
   05E6 06                 1555 	.db #0x06	; 6
   05E7 06                 1556 	.db #0x06	; 6
   05E8 06                 1557 	.db #0x06	; 6
   05E9 06                 1558 	.db #0x06	; 6
   05EA 06                 1559 	.db #0x06	; 6
   05EB 02                 1560 	.db #0x02	; 2
   05EC 2D                 1561 	.db #0x2D	; 45
   05ED 02                 1562 	.db #0x02	; 2
   05EE 2D                 1563 	.db #0x2D	; 45
   05EF 02                 1564 	.db #0x02	; 2
   05F0 0B                 1565 	.db #0x0B	; 11
   05F1 06                 1566 	.db #0x06	; 6
   05F2 02                 1567 	.db #0x02	; 2
   05F3 2E                 1568 	.db #0x2E	; 46
   05F4 02                 1569 	.db #0x02	; 2
   05F5 02                 1570 	.db #0x02	; 2
   05F6 02                 1571 	.db #0x02	; 2
   05F7 02                 1572 	.db #0x02	; 2
   05F8 02                 1573 	.db #0x02	; 2
   05F9 02                 1574 	.db #0x02	; 2
   05FA 02                 1575 	.db #0x02	; 2
   05FB 02                 1576 	.db #0x02	; 2
   05FC 02                 1577 	.db #0x02	; 2
   05FD 2D                 1578 	.db #0x2D	; 45
   05FE 02                 1579 	.db #0x02	; 2
   05FF 02                 1580 	.db #0x02	; 2
   0600 02                 1581 	.db #0x02	; 2
   0601 2E                 1582 	.db #0x2E	; 46
   0602 02                 1583 	.db #0x02	; 2
   0603 02                 1584 	.db #0x02	; 2
   0604 02                 1585 	.db #0x02	; 2
   0605 06                 1586 	.db #0x06	; 6
   0606 06                 1587 	.db #0x06	; 6
   0607 06                 1588 	.db #0x06	; 6
   0608 06                 1589 	.db #0x06	; 6
   0609 06                 1590 	.db #0x06	; 6
   060A 06                 1591 	.db #0x06	; 6
   060B 06                 1592 	.db #0x06	; 6
   060C 22                 1593 	.db #0x22	; 34
   060D 06                 1594 	.db #0x06	; 6
   060E 06                 1595 	.db #0x06	; 6
   060F 06                 1596 	.db #0x06	; 6
   0610 06                 1597 	.db #0x06	; 6
   0611 06                 1598 	.db #0x06	; 6
   0612 02                 1599 	.db #0x02	; 2
   0613 02                 1600 	.db #0x02	; 2
   0614 02                 1601 	.db #0x02	; 2
   0615 02                 1602 	.db #0x02	; 2
   0616 02                 1603 	.db #0x02	; 2
   0617 02                 1604 	.db #0x02	; 2
   0618 0B                 1605 	.db #0x0B	; 11
   0619 06                 1606 	.db #0x06	; 6
   061A 02                 1607 	.db #0x02	; 2
   061B 02                 1608 	.db #0x02	; 2
   061C 02                 1609 	.db #0x02	; 2
   061D 02                 1610 	.db #0x02	; 2
   061E 2E                 1611 	.db #0x2E	; 46
   061F 02                 1612 	.db #0x02	; 2
   0620 02                 1613 	.db #0x02	; 2
   0621 2D                 1614 	.db #0x2D	; 45
   0622 02                 1615 	.db #0x02	; 2
   0623 02                 1616 	.db #0x02	; 2
   0624 02                 1617 	.db #0x02	; 2
   0625 02                 1618 	.db #0x02	; 2
   0626 02                 1619 	.db #0x02	; 2
   0627 02                 1620 	.db #0x02	; 2
   0628 02                 1621 	.db #0x02	; 2
   0629 02                 1622 	.db #0x02	; 2
   062A 02                 1623 	.db #0x02	; 2
   062B 02                 1624 	.db #0x02	; 2
   062C 02                 1625 	.db #0x02	; 2
   062D 06                 1626 	.db #0x06	; 6
   062E 06                 1627 	.db #0x06	; 6
   062F 06                 1628 	.db #0x06	; 6
   0630 06                 1629 	.db #0x06	; 6
   0631 06                 1630 	.db #0x06	; 6
   0632 06                 1631 	.db #0x06	; 6
   0633 06                 1632 	.db #0x06	; 6
   0634 06                 1633 	.db #0x06	; 6
   0635 06                 1634 	.db #0x06	; 6
   0636 06                 1635 	.db #0x06	; 6
   0637 06                 1636 	.db #0x06	; 6
   0638 02                 1637 	.db #0x02	; 2
   0639 02                 1638 	.db #0x02	; 2
   063A 02                 1639 	.db #0x02	; 2
   063B 02                 1640 	.db #0x02	; 2
   063C 02                 1641 	.db #0x02	; 2
   063D 2E                 1642 	.db #0x2E	; 46
   063E 02                 1643 	.db #0x02	; 2
   063F 02                 1644 	.db #0x02	; 2
                           1645 	.area _INITIALIZER
                           1646 	.area _CABS (ABS)
