                              1 ;--------------------------------------------------------
                              2 ; File Created by SDCC : free open source ANSI-C Compiler
                              3 ; Version 3.5.5 #9498 (Linux)
                              4 ;--------------------------------------------------------
                              5 	.module map22
                              6 	.optsdcc -mz80
                              7 	
                              8 ;--------------------------------------------------------
                              9 ; Public variables in this module
                             10 ;--------------------------------------------------------
                             11 	.globl _g_map22
                             12 ;--------------------------------------------------------
                             13 ; special function registers
                             14 ;--------------------------------------------------------
                             15 ;--------------------------------------------------------
                             16 ; ram data
                             17 ;--------------------------------------------------------
                             18 	.area _DATA
                             19 ;--------------------------------------------------------
                             20 ; ram data
                             21 ;--------------------------------------------------------
                             22 	.area _INITIALIZED
                             23 ;--------------------------------------------------------
                             24 ; absolute external ram data
                             25 ;--------------------------------------------------------
                             26 	.area _DABS (ABS)
                             27 ;--------------------------------------------------------
                             28 ; global & static initialisations
                             29 ;--------------------------------------------------------
                             30 	.area _HOME
                             31 	.area _GSINIT
                             32 	.area _GSFINAL
                             33 	.area _GSINIT
                             34 ;--------------------------------------------------------
                             35 ; Home
                             36 ;--------------------------------------------------------
                             37 	.area _HOME
                             38 	.area _HOME
                             39 ;--------------------------------------------------------
                             40 ; code
                             41 ;--------------------------------------------------------
                             42 	.area _CODE
                             43 	.area _CODE
   0000                      44 _g_map22:
   0000 06                   45 	.db #0x06	; 6
   0001 06                   46 	.db #0x06	; 6
   0002 06                   47 	.db #0x06	; 6
   0003 12                   48 	.db #0x12	; 18
   0004 06                   49 	.db #0x06	; 6
   0005 06                   50 	.db #0x06	; 6
   0006 06                   51 	.db #0x06	; 6
   0007 06                   52 	.db #0x06	; 6
   0008 06                   53 	.db #0x06	; 6
   0009 06                   54 	.db #0x06	; 6
   000A 06                   55 	.db #0x06	; 6
   000B 06                   56 	.db #0x06	; 6
   000C 06                   57 	.db #0x06	; 6
   000D 06                   58 	.db #0x06	; 6
   000E 06                   59 	.db #0x06	; 6
   000F 06                   60 	.db #0x06	; 6
   0010 06                   61 	.db #0x06	; 6
   0011 06                   62 	.db #0x06	; 6
   0012 06                   63 	.db #0x06	; 6
   0013 06                   64 	.db #0x06	; 6
   0014 06                   65 	.db #0x06	; 6
   0015 06                   66 	.db #0x06	; 6
   0016 06                   67 	.db #0x06	; 6
   0017 06                   68 	.db #0x06	; 6
   0018 06                   69 	.db #0x06	; 6
   0019 06                   70 	.db #0x06	; 6
   001A 06                   71 	.db #0x06	; 6
   001B 06                   72 	.db #0x06	; 6
   001C 06                   73 	.db #0x06	; 6
   001D 06                   74 	.db #0x06	; 6
   001E 06                   75 	.db #0x06	; 6
   001F 06                   76 	.db #0x06	; 6
   0020 12                   77 	.db #0x12	; 18
   0021 06                   78 	.db #0x06	; 6
   0022 06                   79 	.db #0x06	; 6
   0023 06                   80 	.db #0x06	; 6
   0024 08                   81 	.db #0x08	; 8
   0025 08                   82 	.db #0x08	; 8
   0026 06                   83 	.db #0x06	; 6
   0027 0F                   84 	.db #0x0F	; 15
   0028 2F                   85 	.db #0x2F	; 47
   0029 08                   86 	.db #0x08	; 8
   002A 08                   87 	.db #0x08	; 8
   002B 06                   88 	.db #0x06	; 6
   002C 06                   89 	.db #0x06	; 6
   002D 06                   90 	.db #0x06	; 6
   002E 06                   91 	.db #0x06	; 6
   002F 06                   92 	.db #0x06	; 6
   0030 06                   93 	.db #0x06	; 6
   0031 06                   94 	.db #0x06	; 6
   0032 06                   95 	.db #0x06	; 6
   0033 06                   96 	.db #0x06	; 6
   0034 06                   97 	.db #0x06	; 6
   0035 06                   98 	.db #0x06	; 6
   0036 22                   99 	.db #0x22	; 34
   0037 06                  100 	.db #0x06	; 6
   0038 06                  101 	.db #0x06	; 6
   0039 06                  102 	.db #0x06	; 6
   003A 06                  103 	.db #0x06	; 6
   003B 06                  104 	.db #0x06	; 6
   003C 22                  105 	.db #0x22	; 34
   003D 06                  106 	.db #0x06	; 6
   003E 06                  107 	.db #0x06	; 6
   003F 06                  108 	.db #0x06	; 6
   0040 06                  109 	.db #0x06	; 6
   0041 06                  110 	.db #0x06	; 6
   0042 06                  111 	.db #0x06	; 6
   0043 06                  112 	.db #0x06	; 6
   0044 06                  113 	.db #0x06	; 6
   0045 06                  114 	.db #0x06	; 6
   0046 06                  115 	.db #0x06	; 6
   0047 06                  116 	.db #0x06	; 6
   0048 06                  117 	.db #0x06	; 6
   0049 06                  118 	.db #0x06	; 6
   004A 06                  119 	.db #0x06	; 6
   004B 06                  120 	.db #0x06	; 6
   004C 06                  121 	.db #0x06	; 6
   004D 06                  122 	.db #0x06	; 6
   004E 06                  123 	.db #0x06	; 6
   004F 0F                  124 	.db #0x0F	; 15
   0050 08                  125 	.db #0x08	; 8
   0051 2A                  126 	.db #0x2A	; 42
   0052 08                  127 	.db #0x08	; 8
   0053 2C                  128 	.db #0x2C	; 44
   0054 08                  129 	.db #0x08	; 8
   0055 06                  130 	.db #0x06	; 6
   0056 06                  131 	.db #0x06	; 6
   0057 06                  132 	.db #0x06	; 6
   0058 06                  133 	.db #0x06	; 6
   0059 2F                  134 	.db #0x2F	; 47
   005A 06                  135 	.db #0x06	; 6
   005B 06                  136 	.db #0x06	; 6
   005C 06                  137 	.db #0x06	; 6
   005D 06                  138 	.db #0x06	; 6
   005E 06                  139 	.db #0x06	; 6
   005F 06                  140 	.db #0x06	; 6
   0060 06                  141 	.db #0x06	; 6
   0061 06                  142 	.db #0x06	; 6
   0062 06                  143 	.db #0x06	; 6
   0063 06                  144 	.db #0x06	; 6
   0064 06                  145 	.db #0x06	; 6
   0065 06                  146 	.db #0x06	; 6
   0066 06                  147 	.db #0x06	; 6
   0067 06                  148 	.db #0x06	; 6
   0068 06                  149 	.db #0x06	; 6
   0069 06                  150 	.db #0x06	; 6
   006A 06                  151 	.db #0x06	; 6
   006B 06                  152 	.db #0x06	; 6
   006C 06                  153 	.db #0x06	; 6
   006D 06                  154 	.db #0x06	; 6
   006E 06                  155 	.db #0x06	; 6
   006F 06                  156 	.db #0x06	; 6
   0070 06                  157 	.db #0x06	; 6
   0071 06                  158 	.db #0x06	; 6
   0072 06                  159 	.db #0x06	; 6
   0073 06                  160 	.db #0x06	; 6
   0074 06                  161 	.db #0x06	; 6
   0075 12                  162 	.db #0x12	; 18
   0076 06                  163 	.db #0x06	; 6
   0077 0F                  164 	.db #0x0F	; 15
   0078 08                  165 	.db #0x08	; 8
   0079 02                  166 	.db #0x02	; 2
   007A 08                  167 	.db #0x08	; 8
   007B 08                  168 	.db #0x08	; 8
   007C 08                  169 	.db #0x08	; 8
   007D 08                  170 	.db #0x08	; 8
   007E 12                  171 	.db #0x12	; 18
   007F 06                  172 	.db #0x06	; 6
   0080 06                  173 	.db #0x06	; 6
   0081 06                  174 	.db #0x06	; 6
   0082 06                  175 	.db #0x06	; 6
   0083 06                  176 	.db #0x06	; 6
   0084 06                  177 	.db #0x06	; 6
   0085 06                  178 	.db #0x06	; 6
   0086 06                  179 	.db #0x06	; 6
   0087 06                  180 	.db #0x06	; 6
   0088 26                  181 	.db #0x26	; 38
   0089 06                  182 	.db #0x06	; 6
   008A 06                  183 	.db #0x06	; 6
   008B 06                  184 	.db #0x06	; 6
   008C 06                  185 	.db #0x06	; 6
   008D 06                  186 	.db #0x06	; 6
   008E 06                  187 	.db #0x06	; 6
   008F 06                  188 	.db #0x06	; 6
   0090 06                  189 	.db #0x06	; 6
   0091 06                  190 	.db #0x06	; 6
   0092 06                  191 	.db #0x06	; 6
   0093 06                  192 	.db #0x06	; 6
   0094 06                  193 	.db #0x06	; 6
   0095 06                  194 	.db #0x06	; 6
   0096 06                  195 	.db #0x06	; 6
   0097 06                  196 	.db #0x06	; 6
   0098 06                  197 	.db #0x06	; 6
   0099 06                  198 	.db #0x06	; 6
   009A 06                  199 	.db #0x06	; 6
   009B 06                  200 	.db #0x06	; 6
   009C 06                  201 	.db #0x06	; 6
   009D 06                  202 	.db #0x06	; 6
   009E 06                  203 	.db #0x06	; 6
   009F 0F                  204 	.db #0x0F	; 15
   00A0 02                  205 	.db #0x02	; 2
   00A1 02                  206 	.db #0x02	; 2
   00A2 02                  207 	.db #0x02	; 2
   00A3 02                  208 	.db #0x02	; 2
   00A4 08                  209 	.db #0x08	; 8
   00A5 08                  210 	.db #0x08	; 8
   00A6 08                  211 	.db #0x08	; 8
   00A7 06                  212 	.db #0x06	; 6
   00A8 06                  213 	.db #0x06	; 6
   00A9 06                  214 	.db #0x06	; 6
   00AA 06                  215 	.db #0x06	; 6
   00AB 06                  216 	.db #0x06	; 6
   00AC 06                  217 	.db #0x06	; 6
   00AD 06                  218 	.db #0x06	; 6
   00AE 06                  219 	.db #0x06	; 6
   00AF 06                  220 	.db #0x06	; 6
   00B0 06                  221 	.db #0x06	; 6
   00B1 06                  222 	.db #0x06	; 6
   00B2 06                  223 	.db #0x06	; 6
   00B3 06                  224 	.db #0x06	; 6
   00B4 06                  225 	.db #0x06	; 6
   00B5 06                  226 	.db #0x06	; 6
   00B6 06                  227 	.db #0x06	; 6
   00B7 06                  228 	.db #0x06	; 6
   00B8 06                  229 	.db #0x06	; 6
   00B9 06                  230 	.db #0x06	; 6
   00BA 06                  231 	.db #0x06	; 6
   00BB 06                  232 	.db #0x06	; 6
   00BC 06                  233 	.db #0x06	; 6
   00BD 06                  234 	.db #0x06	; 6
   00BE 06                  235 	.db #0x06	; 6
   00BF 06                  236 	.db #0x06	; 6
   00C0 06                  237 	.db #0x06	; 6
   00C1 06                  238 	.db #0x06	; 6
   00C2 06                  239 	.db #0x06	; 6
   00C3 06                  240 	.db #0x06	; 6
   00C4 06                  241 	.db #0x06	; 6
   00C5 06                  242 	.db #0x06	; 6
   00C6 06                  243 	.db #0x06	; 6
   00C7 0F                  244 	.db #0x0F	; 15
   00C8 2D                  245 	.db #0x2D	; 45
   00C9 02                  246 	.db #0x02	; 2
   00CA 02                  247 	.db #0x02	; 2
   00CB 02                  248 	.db #0x02	; 2
   00CC 02                  249 	.db #0x02	; 2
   00CD 08                  250 	.db #0x08	; 8
   00CE 2A                  251 	.db #0x2A	; 42
   00CF 08                  252 	.db #0x08	; 8
   00D0 06                  253 	.db #0x06	; 6
   00D1 06                  254 	.db #0x06	; 6
   00D2 06                  255 	.db #0x06	; 6
   00D3 06                  256 	.db #0x06	; 6
   00D4 06                  257 	.db #0x06	; 6
   00D5 06                  258 	.db #0x06	; 6
   00D6 06                  259 	.db #0x06	; 6
   00D7 06                  260 	.db #0x06	; 6
   00D8 06                  261 	.db #0x06	; 6
   00D9 06                  262 	.db #0x06	; 6
   00DA 06                  263 	.db #0x06	; 6
   00DB 06                  264 	.db #0x06	; 6
   00DC 06                  265 	.db #0x06	; 6
   00DD 06                  266 	.db #0x06	; 6
   00DE 06                  267 	.db #0x06	; 6
   00DF 06                  268 	.db #0x06	; 6
   00E0 06                  269 	.db #0x06	; 6
   00E1 26                  270 	.db #0x26	; 38
   00E2 06                  271 	.db #0x06	; 6
   00E3 06                  272 	.db #0x06	; 6
   00E4 06                  273 	.db #0x06	; 6
   00E5 06                  274 	.db #0x06	; 6
   00E6 06                  275 	.db #0x06	; 6
   00E7 06                  276 	.db #0x06	; 6
   00E8 06                  277 	.db #0x06	; 6
   00E9 06                  278 	.db #0x06	; 6
   00EA 06                  279 	.db #0x06	; 6
   00EB 06                  280 	.db #0x06	; 6
   00EC 06                  281 	.db #0x06	; 6
   00ED 06                  282 	.db #0x06	; 6
   00EE 06                  283 	.db #0x06	; 6
   00EF 0F                  284 	.db #0x0F	; 15
   00F0 02                  285 	.db #0x02	; 2
   00F1 02                  286 	.db #0x02	; 2
   00F2 2D                  287 	.db #0x2D	; 45
   00F3 2D                  288 	.db #0x2D	; 45
   00F4 02                  289 	.db #0x02	; 2
   00F5 02                  290 	.db #0x02	; 2
   00F6 08                  291 	.db #0x08	; 8
   00F7 08                  292 	.db #0x08	; 8
   00F8 08                  293 	.db #0x08	; 8
   00F9 06                  294 	.db #0x06	; 6
   00FA 06                  295 	.db #0x06	; 6
   00FB 06                  296 	.db #0x06	; 6
   00FC 06                  297 	.db #0x06	; 6
   00FD 06                  298 	.db #0x06	; 6
   00FE 06                  299 	.db #0x06	; 6
   00FF 06                  300 	.db #0x06	; 6
   0100 06                  301 	.db #0x06	; 6
   0101 06                  302 	.db #0x06	; 6
   0102 06                  303 	.db #0x06	; 6
   0103 06                  304 	.db #0x06	; 6
   0104 06                  305 	.db #0x06	; 6
   0105 06                  306 	.db #0x06	; 6
   0106 06                  307 	.db #0x06	; 6
   0107 06                  308 	.db #0x06	; 6
   0108 06                  309 	.db #0x06	; 6
   0109 06                  310 	.db #0x06	; 6
   010A 06                  311 	.db #0x06	; 6
   010B 06                  312 	.db #0x06	; 6
   010C 06                  313 	.db #0x06	; 6
   010D 06                  314 	.db #0x06	; 6
   010E 06                  315 	.db #0x06	; 6
   010F 06                  316 	.db #0x06	; 6
   0110 06                  317 	.db #0x06	; 6
   0111 06                  318 	.db #0x06	; 6
   0112 06                  319 	.db #0x06	; 6
   0113 06                  320 	.db #0x06	; 6
   0114 06                  321 	.db #0x06	; 6
   0115 06                  322 	.db #0x06	; 6
   0116 06                  323 	.db #0x06	; 6
   0117 0F                  324 	.db #0x0F	; 15
   0118 02                  325 	.db #0x02	; 2
   0119 02                  326 	.db #0x02	; 2
   011A 02                  327 	.db #0x02	; 2
   011B 02                  328 	.db #0x02	; 2
   011C 02                  329 	.db #0x02	; 2
   011D 02                  330 	.db #0x02	; 2
   011E 02                  331 	.db #0x02	; 2
   011F 08                  332 	.db #0x08	; 8
   0120 08                  333 	.db #0x08	; 8
   0121 06                  334 	.db #0x06	; 6
   0122 06                  335 	.db #0x06	; 6
   0123 06                  336 	.db #0x06	; 6
   0124 06                  337 	.db #0x06	; 6
   0125 06                  338 	.db #0x06	; 6
   0126 06                  339 	.db #0x06	; 6
   0127 06                  340 	.db #0x06	; 6
   0128 06                  341 	.db #0x06	; 6
   0129 06                  342 	.db #0x06	; 6
   012A 06                  343 	.db #0x06	; 6
   012B 06                  344 	.db #0x06	; 6
   012C 06                  345 	.db #0x06	; 6
   012D 26                  346 	.db #0x26	; 38
   012E 06                  347 	.db #0x06	; 6
   012F 06                  348 	.db #0x06	; 6
   0130 06                  349 	.db #0x06	; 6
   0131 06                  350 	.db #0x06	; 6
   0132 06                  351 	.db #0x06	; 6
   0133 06                  352 	.db #0x06	; 6
   0134 06                  353 	.db #0x06	; 6
   0135 06                  354 	.db #0x06	; 6
   0136 06                  355 	.db #0x06	; 6
   0137 06                  356 	.db #0x06	; 6
   0138 06                  357 	.db #0x06	; 6
   0139 06                  358 	.db #0x06	; 6
   013A 06                  359 	.db #0x06	; 6
   013B 06                  360 	.db #0x06	; 6
   013C 06                  361 	.db #0x06	; 6
   013D 06                  362 	.db #0x06	; 6
   013E 06                  363 	.db #0x06	; 6
   013F 0F                  364 	.db #0x0F	; 15
   0140 02                  365 	.db #0x02	; 2
   0141 02                  366 	.db #0x02	; 2
   0142 2D                  367 	.db #0x2D	; 45
   0143 02                  368 	.db #0x02	; 2
   0144 02                  369 	.db #0x02	; 2
   0145 02                  370 	.db #0x02	; 2
   0146 02                  371 	.db #0x02	; 2
   0147 08                  372 	.db #0x08	; 8
   0148 2C                  373 	.db #0x2C	; 44
   0149 06                  374 	.db #0x06	; 6
   014A 06                  375 	.db #0x06	; 6
   014B 06                  376 	.db #0x06	; 6
   014C 06                  377 	.db #0x06	; 6
   014D 06                  378 	.db #0x06	; 6
   014E 06                  379 	.db #0x06	; 6
   014F 06                  380 	.db #0x06	; 6
   0150 06                  381 	.db #0x06	; 6
   0151 06                  382 	.db #0x06	; 6
   0152 06                  383 	.db #0x06	; 6
   0153 06                  384 	.db #0x06	; 6
   0154 06                  385 	.db #0x06	; 6
   0155 06                  386 	.db #0x06	; 6
   0156 06                  387 	.db #0x06	; 6
   0157 06                  388 	.db #0x06	; 6
   0158 06                  389 	.db #0x06	; 6
   0159 06                  390 	.db #0x06	; 6
   015A 06                  391 	.db #0x06	; 6
   015B 06                  392 	.db #0x06	; 6
   015C 06                  393 	.db #0x06	; 6
   015D 06                  394 	.db #0x06	; 6
   015E 06                  395 	.db #0x06	; 6
   015F 06                  396 	.db #0x06	; 6
   0160 06                  397 	.db #0x06	; 6
   0161 06                  398 	.db #0x06	; 6
   0162 06                  399 	.db #0x06	; 6
   0163 06                  400 	.db #0x06	; 6
   0164 06                  401 	.db #0x06	; 6
   0165 06                  402 	.db #0x06	; 6
   0166 06                  403 	.db #0x06	; 6
   0167 0F                  404 	.db #0x0F	; 15
   0168 02                  405 	.db #0x02	; 2
   0169 2E                  406 	.db #0x2E	; 46
   016A 02                  407 	.db #0x02	; 2
   016B 02                  408 	.db #0x02	; 2
   016C 2E                  409 	.db #0x2E	; 46
   016D 02                  410 	.db #0x02	; 2
   016E 08                  411 	.db #0x08	; 8
   016F 08                  412 	.db #0x08	; 8
   0170 08                  413 	.db #0x08	; 8
   0171 06                  414 	.db #0x06	; 6
   0172 06                  415 	.db #0x06	; 6
   0173 06                  416 	.db #0x06	; 6
   0174 06                  417 	.db #0x06	; 6
   0175 06                  418 	.db #0x06	; 6
   0176 06                  419 	.db #0x06	; 6
   0177 06                  420 	.db #0x06	; 6
   0178 06                  421 	.db #0x06	; 6
   0179 06                  422 	.db #0x06	; 6
   017A 06                  423 	.db #0x06	; 6
   017B 06                  424 	.db #0x06	; 6
   017C 06                  425 	.db #0x06	; 6
   017D 06                  426 	.db #0x06	; 6
   017E 06                  427 	.db #0x06	; 6
   017F 06                  428 	.db #0x06	; 6
   0180 06                  429 	.db #0x06	; 6
   0181 06                  430 	.db #0x06	; 6
   0182 06                  431 	.db #0x06	; 6
   0183 06                  432 	.db #0x06	; 6
   0184 06                  433 	.db #0x06	; 6
   0185 06                  434 	.db #0x06	; 6
   0186 06                  435 	.db #0x06	; 6
   0187 06                  436 	.db #0x06	; 6
   0188 26                  437 	.db #0x26	; 38
   0189 06                  438 	.db #0x06	; 6
   018A 06                  439 	.db #0x06	; 6
   018B 06                  440 	.db #0x06	; 6
   018C 06                  441 	.db #0x06	; 6
   018D 06                  442 	.db #0x06	; 6
   018E 02                  443 	.db #0x02	; 2
   018F 27                  444 	.db #0x27	; 39
   0190 02                  445 	.db #0x02	; 2
   0191 02                  446 	.db #0x02	; 2
   0192 02                  447 	.db #0x02	; 2
   0193 02                  448 	.db #0x02	; 2
   0194 02                  449 	.db #0x02	; 2
   0195 08                  450 	.db #0x08	; 8
   0196 2C                  451 	.db #0x2C	; 44
   0197 08                  452 	.db #0x08	; 8
   0198 06                  453 	.db #0x06	; 6
   0199 2B                  454 	.db #0x2B	; 43
   019A 06                  455 	.db #0x06	; 6
   019B 06                  456 	.db #0x06	; 6
   019C 06                  457 	.db #0x06	; 6
   019D 06                  458 	.db #0x06	; 6
   019E 06                  459 	.db #0x06	; 6
   019F 06                  460 	.db #0x06	; 6
   01A0 06                  461 	.db #0x06	; 6
   01A1 06                  462 	.db #0x06	; 6
   01A2 06                  463 	.db #0x06	; 6
   01A3 06                  464 	.db #0x06	; 6
   01A4 06                  465 	.db #0x06	; 6
   01A5 06                  466 	.db #0x06	; 6
   01A6 06                  467 	.db #0x06	; 6
   01A7 06                  468 	.db #0x06	; 6
   01A8 06                  469 	.db #0x06	; 6
   01A9 06                  470 	.db #0x06	; 6
   01AA 06                  471 	.db #0x06	; 6
   01AB 06                  472 	.db #0x06	; 6
   01AC 06                  473 	.db #0x06	; 6
   01AD 06                  474 	.db #0x06	; 6
   01AE 06                  475 	.db #0x06	; 6
   01AF 06                  476 	.db #0x06	; 6
   01B0 06                  477 	.db #0x06	; 6
   01B1 06                  478 	.db #0x06	; 6
   01B2 06                  479 	.db #0x06	; 6
   01B3 06                  480 	.db #0x06	; 6
   01B4 06                  481 	.db #0x06	; 6
   01B5 02                  482 	.db #0x02	; 2
   01B6 02                  483 	.db #0x02	; 2
   01B7 27                  484 	.db #0x27	; 39
   01B8 02                  485 	.db #0x02	; 2
   01B9 02                  486 	.db #0x02	; 2
   01BA 02                  487 	.db #0x02	; 2
   01BB 02                  488 	.db #0x02	; 2
   01BC 08                  489 	.db #0x08	; 8
   01BD 08                  490 	.db #0x08	; 8
   01BE 08                  491 	.db #0x08	; 8
   01BF 06                  492 	.db #0x06	; 6
   01C0 06                  493 	.db #0x06	; 6
   01C1 06                  494 	.db #0x06	; 6
   01C2 06                  495 	.db #0x06	; 6
   01C3 06                  496 	.db #0x06	; 6
   01C4 06                  497 	.db #0x06	; 6
   01C5 06                  498 	.db #0x06	; 6
   01C6 06                  499 	.db #0x06	; 6
   01C7 06                  500 	.db #0x06	; 6
   01C8 06                  501 	.db #0x06	; 6
   01C9 06                  502 	.db #0x06	; 6
   01CA 06                  503 	.db #0x06	; 6
   01CB 06                  504 	.db #0x06	; 6
   01CC 26                  505 	.db #0x26	; 38
   01CD 06                  506 	.db #0x06	; 6
   01CE 06                  507 	.db #0x06	; 6
   01CF 06                  508 	.db #0x06	; 6
   01D0 06                  509 	.db #0x06	; 6
   01D1 06                  510 	.db #0x06	; 6
   01D2 06                  511 	.db #0x06	; 6
   01D3 06                  512 	.db #0x06	; 6
   01D4 06                  513 	.db #0x06	; 6
   01D5 06                  514 	.db #0x06	; 6
   01D6 06                  515 	.db #0x06	; 6
   01D7 06                  516 	.db #0x06	; 6
   01D8 06                  517 	.db #0x06	; 6
   01D9 06                  518 	.db #0x06	; 6
   01DA 06                  519 	.db #0x06	; 6
   01DB 02                  520 	.db #0x02	; 2
   01DC 02                  521 	.db #0x02	; 2
   01DD 2E                  522 	.db #0x2E	; 46
   01DE 02                  523 	.db #0x02	; 2
   01DF 27                  524 	.db #0x27	; 39
   01E0 02                  525 	.db #0x02	; 2
   01E1 2D                  526 	.db #0x2D	; 45
   01E2 08                  527 	.db #0x08	; 8
   01E3 08                  528 	.db #0x08	; 8
   01E4 2A                  529 	.db #0x2A	; 42
   01E5 08                  530 	.db #0x08	; 8
   01E6 06                  531 	.db #0x06	; 6
   01E7 06                  532 	.db #0x06	; 6
   01E8 06                  533 	.db #0x06	; 6
   01E9 06                  534 	.db #0x06	; 6
   01EA 06                  535 	.db #0x06	; 6
   01EB 06                  536 	.db #0x06	; 6
   01EC 06                  537 	.db #0x06	; 6
   01ED 06                  538 	.db #0x06	; 6
   01EE 06                  539 	.db #0x06	; 6
   01EF 06                  540 	.db #0x06	; 6
   01F0 06                  541 	.db #0x06	; 6
   01F1 06                  542 	.db #0x06	; 6
   01F2 06                  543 	.db #0x06	; 6
   01F3 06                  544 	.db #0x06	; 6
   01F4 26                  545 	.db #0x26	; 38
   01F5 06                  546 	.db #0x06	; 6
   01F6 06                  547 	.db #0x06	; 6
   01F7 06                  548 	.db #0x06	; 6
   01F8 06                  549 	.db #0x06	; 6
   01F9 06                  550 	.db #0x06	; 6
   01FA 06                  551 	.db #0x06	; 6
   01FB 06                  552 	.db #0x06	; 6
   01FC 06                  553 	.db #0x06	; 6
   01FD 26                  554 	.db #0x26	; 38
   01FE 06                  555 	.db #0x06	; 6
   01FF 06                  556 	.db #0x06	; 6
   0200 06                  557 	.db #0x06	; 6
   0201 06                  558 	.db #0x06	; 6
   0202 06                  559 	.db #0x06	; 6
   0203 02                  560 	.db #0x02	; 2
   0204 02                  561 	.db #0x02	; 2
   0205 02                  562 	.db #0x02	; 2
   0206 02                  563 	.db #0x02	; 2
   0207 27                  564 	.db #0x27	; 39
   0208 2A                  565 	.db #0x2A	; 42
   0209 08                  566 	.db #0x08	; 8
   020A 08                  567 	.db #0x08	; 8
   020B 08                  568 	.db #0x08	; 8
   020C 08                  569 	.db #0x08	; 8
   020D 06                  570 	.db #0x06	; 6
   020E 06                  571 	.db #0x06	; 6
   020F 12                  572 	.db #0x12	; 18
   0210 06                  573 	.db #0x06	; 6
   0211 06                  574 	.db #0x06	; 6
   0212 06                  575 	.db #0x06	; 6
   0213 06                  576 	.db #0x06	; 6
   0214 06                  577 	.db #0x06	; 6
   0215 06                  578 	.db #0x06	; 6
   0216 06                  579 	.db #0x06	; 6
   0217 06                  580 	.db #0x06	; 6
   0218 06                  581 	.db #0x06	; 6
   0219 06                  582 	.db #0x06	; 6
   021A 06                  583 	.db #0x06	; 6
   021B 06                  584 	.db #0x06	; 6
   021C 06                  585 	.db #0x06	; 6
   021D 06                  586 	.db #0x06	; 6
   021E 06                  587 	.db #0x06	; 6
   021F 06                  588 	.db #0x06	; 6
   0220 06                  589 	.db #0x06	; 6
   0221 06                  590 	.db #0x06	; 6
   0222 06                  591 	.db #0x06	; 6
   0223 06                  592 	.db #0x06	; 6
   0224 06                  593 	.db #0x06	; 6
   0225 06                  594 	.db #0x06	; 6
   0226 06                  595 	.db #0x06	; 6
   0227 06                  596 	.db #0x06	; 6
   0228 06                  597 	.db #0x06	; 6
   0229 02                  598 	.db #0x02	; 2
   022A 2D                  599 	.db #0x2D	; 45
   022B 02                  600 	.db #0x02	; 2
   022C 02                  601 	.db #0x02	; 2
   022D 02                  602 	.db #0x02	; 2
   022E 02                  603 	.db #0x02	; 2
   022F 27                  604 	.db #0x27	; 39
   0230 08                  605 	.db #0x08	; 8
   0231 08                  606 	.db #0x08	; 8
   0232 06                  607 	.db #0x06	; 6
   0233 06                  608 	.db #0x06	; 6
   0234 06                  609 	.db #0x06	; 6
   0235 06                  610 	.db #0x06	; 6
   0236 06                  611 	.db #0x06	; 6
   0237 06                  612 	.db #0x06	; 6
   0238 06                  613 	.db #0x06	; 6
   0239 06                  614 	.db #0x06	; 6
   023A 06                  615 	.db #0x06	; 6
   023B 06                  616 	.db #0x06	; 6
   023C 06                  617 	.db #0x06	; 6
   023D 06                  618 	.db #0x06	; 6
   023E 06                  619 	.db #0x06	; 6
   023F 06                  620 	.db #0x06	; 6
   0240 06                  621 	.db #0x06	; 6
   0241 06                  622 	.db #0x06	; 6
   0242 06                  623 	.db #0x06	; 6
   0243 06                  624 	.db #0x06	; 6
   0244 06                  625 	.db #0x06	; 6
   0245 06                  626 	.db #0x06	; 6
   0246 06                  627 	.db #0x06	; 6
   0247 06                  628 	.db #0x06	; 6
   0248 06                  629 	.db #0x06	; 6
   0249 06                  630 	.db #0x06	; 6
   024A 06                  631 	.db #0x06	; 6
   024B 06                  632 	.db #0x06	; 6
   024C 06                  633 	.db #0x06	; 6
   024D 06                  634 	.db #0x06	; 6
   024E 06                  635 	.db #0x06	; 6
   024F 06                  636 	.db #0x06	; 6
   0250 02                  637 	.db #0x02	; 2
   0251 02                  638 	.db #0x02	; 2
   0252 02                  639 	.db #0x02	; 2
   0253 02                  640 	.db #0x02	; 2
   0254 02                  641 	.db #0x02	; 2
   0255 02                  642 	.db #0x02	; 2
   0256 02                  643 	.db #0x02	; 2
   0257 27                  644 	.db #0x27	; 39
   0258 12                  645 	.db #0x12	; 18
   0259 06                  646 	.db #0x06	; 6
   025A 2B                  647 	.db #0x2B	; 43
   025B 06                  648 	.db #0x06	; 6
   025C 06                  649 	.db #0x06	; 6
   025D 06                  650 	.db #0x06	; 6
   025E 06                  651 	.db #0x06	; 6
   025F 06                  652 	.db #0x06	; 6
   0260 06                  653 	.db #0x06	; 6
   0261 06                  654 	.db #0x06	; 6
   0262 06                  655 	.db #0x06	; 6
   0263 06                  656 	.db #0x06	; 6
   0264 06                  657 	.db #0x06	; 6
   0265 06                  658 	.db #0x06	; 6
   0266 06                  659 	.db #0x06	; 6
   0267 06                  660 	.db #0x06	; 6
   0268 06                  661 	.db #0x06	; 6
   0269 06                  662 	.db #0x06	; 6
   026A 06                  663 	.db #0x06	; 6
   026B 06                  664 	.db #0x06	; 6
   026C 06                  665 	.db #0x06	; 6
   026D 06                  666 	.db #0x06	; 6
   026E 06                  667 	.db #0x06	; 6
   026F 06                  668 	.db #0x06	; 6
   0270 06                  669 	.db #0x06	; 6
   0271 26                  670 	.db #0x26	; 38
   0272 06                  671 	.db #0x06	; 6
   0273 06                  672 	.db #0x06	; 6
   0274 06                  673 	.db #0x06	; 6
   0275 06                  674 	.db #0x06	; 6
   0276 06                  675 	.db #0x06	; 6
   0277 02                  676 	.db #0x02	; 2
   0278 02                  677 	.db #0x02	; 2
   0279 02                  678 	.db #0x02	; 2
   027A 02                  679 	.db #0x02	; 2
   027B 2D                  680 	.db #0x2D	; 45
   027C 02                  681 	.db #0x02	; 2
   027D 02                  682 	.db #0x02	; 2
   027E 02                  683 	.db #0x02	; 2
   027F 27                  684 	.db #0x27	; 39
   0280 06                  685 	.db #0x06	; 6
   0281 06                  686 	.db #0x06	; 6
   0282 06                  687 	.db #0x06	; 6
   0283 06                  688 	.db #0x06	; 6
   0284 06                  689 	.db #0x06	; 6
   0285 06                  690 	.db #0x06	; 6
   0286 06                  691 	.db #0x06	; 6
   0287 06                  692 	.db #0x06	; 6
   0288 06                  693 	.db #0x06	; 6
   0289 06                  694 	.db #0x06	; 6
   028A 06                  695 	.db #0x06	; 6
   028B 06                  696 	.db #0x06	; 6
   028C 06                  697 	.db #0x06	; 6
   028D 06                  698 	.db #0x06	; 6
   028E 06                  699 	.db #0x06	; 6
   028F 06                  700 	.db #0x06	; 6
   0290 06                  701 	.db #0x06	; 6
   0291 06                  702 	.db #0x06	; 6
   0292 22                  703 	.db #0x22	; 34
   0293 06                  704 	.db #0x06	; 6
   0294 06                  705 	.db #0x06	; 6
   0295 06                  706 	.db #0x06	; 6
   0296 06                  707 	.db #0x06	; 6
   0297 06                  708 	.db #0x06	; 6
   0298 06                  709 	.db #0x06	; 6
   0299 06                  710 	.db #0x06	; 6
   029A 06                  711 	.db #0x06	; 6
   029B 06                  712 	.db #0x06	; 6
   029C 06                  713 	.db #0x06	; 6
   029D 06                  714 	.db #0x06	; 6
   029E 02                  715 	.db #0x02	; 2
   029F 02                  716 	.db #0x02	; 2
   02A0 02                  717 	.db #0x02	; 2
   02A1 02                  718 	.db #0x02	; 2
   02A2 02                  719 	.db #0x02	; 2
   02A3 02                  720 	.db #0x02	; 2
   02A4 02                  721 	.db #0x02	; 2
   02A5 02                  722 	.db #0x02	; 2
   02A6 0A                  723 	.db #0x0A	; 10
   02A7 3A                  724 	.db #0x3A	; 58
   02A8 06                  725 	.db #0x06	; 6
   02A9 06                  726 	.db #0x06	; 6
   02AA 06                  727 	.db #0x06	; 6
   02AB 06                  728 	.db #0x06	; 6
   02AC 06                  729 	.db #0x06	; 6
   02AD 06                  730 	.db #0x06	; 6
   02AE 06                  731 	.db #0x06	; 6
   02AF 06                  732 	.db #0x06	; 6
   02B0 06                  733 	.db #0x06	; 6
   02B1 06                  734 	.db #0x06	; 6
   02B2 06                  735 	.db #0x06	; 6
   02B3 06                  736 	.db #0x06	; 6
   02B4 06                  737 	.db #0x06	; 6
   02B5 06                  738 	.db #0x06	; 6
   02B6 06                  739 	.db #0x06	; 6
   02B7 06                  740 	.db #0x06	; 6
   02B8 06                  741 	.db #0x06	; 6
   02B9 06                  742 	.db #0x06	; 6
   02BA 06                  743 	.db #0x06	; 6
   02BB 06                  744 	.db #0x06	; 6
   02BC 06                  745 	.db #0x06	; 6
   02BD 06                  746 	.db #0x06	; 6
   02BE 06                  747 	.db #0x06	; 6
   02BF 06                  748 	.db #0x06	; 6
   02C0 06                  749 	.db #0x06	; 6
   02C1 06                  750 	.db #0x06	; 6
   02C2 06                  751 	.db #0x06	; 6
   02C3 06                  752 	.db #0x06	; 6
   02C4 06                  753 	.db #0x06	; 6
   02C5 02                  754 	.db #0x02	; 2
   02C6 02                  755 	.db #0x02	; 2
   02C7 02                  756 	.db #0x02	; 2
   02C8 2E                  757 	.db #0x2E	; 46
   02C9 02                  758 	.db #0x02	; 2
   02CA 02                  759 	.db #0x02	; 2
   02CB 02                  760 	.db #0x02	; 2
   02CC 0A                  761 	.db #0x0A	; 10
   02CD 0A                  762 	.db #0x0A	; 10
   02CE 0A                  763 	.db #0x0A	; 10
   02CF 3A                  764 	.db #0x3A	; 58
   02D0 06                  765 	.db #0x06	; 6
   02D1 06                  766 	.db #0x06	; 6
   02D2 06                  767 	.db #0x06	; 6
   02D3 06                  768 	.db #0x06	; 6
   02D4 06                  769 	.db #0x06	; 6
   02D5 06                  770 	.db #0x06	; 6
   02D6 06                  771 	.db #0x06	; 6
   02D7 06                  772 	.db #0x06	; 6
   02D8 06                  773 	.db #0x06	; 6
   02D9 06                  774 	.db #0x06	; 6
   02DA 06                  775 	.db #0x06	; 6
   02DB 06                  776 	.db #0x06	; 6
   02DC 06                  777 	.db #0x06	; 6
   02DD 06                  778 	.db #0x06	; 6
   02DE 06                  779 	.db #0x06	; 6
   02DF 06                  780 	.db #0x06	; 6
   02E0 06                  781 	.db #0x06	; 6
   02E1 06                  782 	.db #0x06	; 6
   02E2 06                  783 	.db #0x06	; 6
   02E3 06                  784 	.db #0x06	; 6
   02E4 06                  785 	.db #0x06	; 6
   02E5 06                  786 	.db #0x06	; 6
   02E6 06                  787 	.db #0x06	; 6
   02E7 06                  788 	.db #0x06	; 6
   02E8 06                  789 	.db #0x06	; 6
   02E9 06                  790 	.db #0x06	; 6
   02EA 06                  791 	.db #0x06	; 6
   02EB 06                  792 	.db #0x06	; 6
   02EC 06                  793 	.db #0x06	; 6
   02ED 02                  794 	.db #0x02	; 2
   02EE 02                  795 	.db #0x02	; 2
   02EF 02                  796 	.db #0x02	; 2
   02F0 02                  797 	.db #0x02	; 2
   02F1 02                  798 	.db #0x02	; 2
   02F2 0A                  799 	.db #0x0A	; 10
   02F3 0A                  800 	.db #0x0A	; 10
   02F4 0A                  801 	.db #0x0A	; 10
   02F5 0A                  802 	.db #0x0A	; 10
   02F6 0A                  803 	.db #0x0A	; 10
   02F7 3A                  804 	.db #0x3A	; 58
   02F8 06                  805 	.db #0x06	; 6
   02F9 06                  806 	.db #0x06	; 6
   02FA 06                  807 	.db #0x06	; 6
   02FB 06                  808 	.db #0x06	; 6
   02FC 06                  809 	.db #0x06	; 6
   02FD 06                  810 	.db #0x06	; 6
   02FE 06                  811 	.db #0x06	; 6
   02FF 06                  812 	.db #0x06	; 6
   0300 06                  813 	.db #0x06	; 6
   0301 06                  814 	.db #0x06	; 6
   0302 06                  815 	.db #0x06	; 6
   0303 06                  816 	.db #0x06	; 6
   0304 26                  817 	.db #0x26	; 38
   0305 06                  818 	.db #0x06	; 6
   0306 06                  819 	.db #0x06	; 6
   0307 06                  820 	.db #0x06	; 6
   0308 06                  821 	.db #0x06	; 6
   0309 06                  822 	.db #0x06	; 6
   030A 06                  823 	.db #0x06	; 6
   030B 06                  824 	.db #0x06	; 6
   030C 06                  825 	.db #0x06	; 6
   030D 06                  826 	.db #0x06	; 6
   030E 06                  827 	.db #0x06	; 6
   030F 06                  828 	.db #0x06	; 6
   0310 06                  829 	.db #0x06	; 6
   0311 06                  830 	.db #0x06	; 6
   0312 06                  831 	.db #0x06	; 6
   0313 06                  832 	.db #0x06	; 6
   0314 02                  833 	.db #0x02	; 2
   0315 02                  834 	.db #0x02	; 2
   0316 2D                  835 	.db #0x2D	; 45
   0317 02                  836 	.db #0x02	; 2
   0318 02                  837 	.db #0x02	; 2
   0319 0A                  838 	.db #0x0A	; 10
   031A 0A                  839 	.db #0x0A	; 10
   031B 0A                  840 	.db #0x0A	; 10
   031C 0A                  841 	.db #0x0A	; 10
   031D 0A                  842 	.db #0x0A	; 10
   031E 0A                  843 	.db #0x0A	; 10
   031F 3A                  844 	.db #0x3A	; 58
   0320 06                  845 	.db #0x06	; 6
   0321 06                  846 	.db #0x06	; 6
   0322 06                  847 	.db #0x06	; 6
   0323 06                  848 	.db #0x06	; 6
   0324 06                  849 	.db #0x06	; 6
   0325 06                  850 	.db #0x06	; 6
   0326 06                  851 	.db #0x06	; 6
   0327 06                  852 	.db #0x06	; 6
   0328 06                  853 	.db #0x06	; 6
   0329 06                  854 	.db #0x06	; 6
   032A 06                  855 	.db #0x06	; 6
   032B 06                  856 	.db #0x06	; 6
   032C 06                  857 	.db #0x06	; 6
   032D 06                  858 	.db #0x06	; 6
   032E 06                  859 	.db #0x06	; 6
   032F 06                  860 	.db #0x06	; 6
   0330 06                  861 	.db #0x06	; 6
   0331 06                  862 	.db #0x06	; 6
   0332 06                  863 	.db #0x06	; 6
   0333 06                  864 	.db #0x06	; 6
   0334 06                  865 	.db #0x06	; 6
   0335 06                  866 	.db #0x06	; 6
   0336 06                  867 	.db #0x06	; 6
   0337 06                  868 	.db #0x06	; 6
   0338 06                  869 	.db #0x06	; 6
   0339 06                  870 	.db #0x06	; 6
   033A 06                  871 	.db #0x06	; 6
   033B 06                  872 	.db #0x06	; 6
   033C 06                  873 	.db #0x06	; 6
   033D 02                  874 	.db #0x02	; 2
   033E 02                  875 	.db #0x02	; 2
   033F 02                  876 	.db #0x02	; 2
   0340 0A                  877 	.db #0x0A	; 10
   0341 0A                  878 	.db #0x0A	; 10
   0342 0A                  879 	.db #0x0A	; 10
   0343 0A                  880 	.db #0x0A	; 10
   0344 0A                  881 	.db #0x0A	; 10
   0345 0A                  882 	.db #0x0A	; 10
   0346 0A                  883 	.db #0x0A	; 10
   0347 3A                  884 	.db #0x3A	; 58
   0348 06                  885 	.db #0x06	; 6
   0349 06                  886 	.db #0x06	; 6
   034A 06                  887 	.db #0x06	; 6
   034B 06                  888 	.db #0x06	; 6
   034C 06                  889 	.db #0x06	; 6
   034D 06                  890 	.db #0x06	; 6
   034E 06                  891 	.db #0x06	; 6
   034F 06                  892 	.db #0x06	; 6
   0350 06                  893 	.db #0x06	; 6
   0351 06                  894 	.db #0x06	; 6
   0352 06                  895 	.db #0x06	; 6
   0353 06                  896 	.db #0x06	; 6
   0354 06                  897 	.db #0x06	; 6
   0355 06                  898 	.db #0x06	; 6
   0356 06                  899 	.db #0x06	; 6
   0357 06                  900 	.db #0x06	; 6
   0358 06                  901 	.db #0x06	; 6
   0359 06                  902 	.db #0x06	; 6
   035A 06                  903 	.db #0x06	; 6
   035B 06                  904 	.db #0x06	; 6
   035C 06                  905 	.db #0x06	; 6
   035D 06                  906 	.db #0x06	; 6
   035E 06                  907 	.db #0x06	; 6
   035F 06                  908 	.db #0x06	; 6
   0360 06                  909 	.db #0x06	; 6
   0361 06                  910 	.db #0x06	; 6
   0362 06                  911 	.db #0x06	; 6
   0363 06                  912 	.db #0x06	; 6
   0364 02                  913 	.db #0x02	; 2
   0365 02                  914 	.db #0x02	; 2
   0366 02                  915 	.db #0x02	; 2
   0367 02                  916 	.db #0x02	; 2
   0368 0A                  917 	.db #0x0A	; 10
   0369 0A                  918 	.db #0x0A	; 10
   036A 0A                  919 	.db #0x0A	; 10
   036B 0A                  920 	.db #0x0A	; 10
   036C 0A                  921 	.db #0x0A	; 10
   036D 0A                  922 	.db #0x0A	; 10
   036E 0A                  923 	.db #0x0A	; 10
   036F 3A                  924 	.db #0x3A	; 58
   0370 06                  925 	.db #0x06	; 6
   0371 06                  926 	.db #0x06	; 6
   0372 26                  927 	.db #0x26	; 38
   0373 06                  928 	.db #0x06	; 6
   0374 06                  929 	.db #0x06	; 6
   0375 06                  930 	.db #0x06	; 6
   0376 06                  931 	.db #0x06	; 6
   0377 06                  932 	.db #0x06	; 6
   0378 06                  933 	.db #0x06	; 6
   0379 06                  934 	.db #0x06	; 6
   037A 06                  935 	.db #0x06	; 6
   037B 06                  936 	.db #0x06	; 6
   037C 06                  937 	.db #0x06	; 6
   037D 06                  938 	.db #0x06	; 6
   037E 06                  939 	.db #0x06	; 6
   037F 06                  940 	.db #0x06	; 6
   0380 06                  941 	.db #0x06	; 6
   0381 06                  942 	.db #0x06	; 6
   0382 06                  943 	.db #0x06	; 6
   0383 06                  944 	.db #0x06	; 6
   0384 06                  945 	.db #0x06	; 6
   0385 06                  946 	.db #0x06	; 6
   0386 22                  947 	.db #0x22	; 34
   0387 06                  948 	.db #0x06	; 6
   0388 06                  949 	.db #0x06	; 6
   0389 06                  950 	.db #0x06	; 6
   038A 06                  951 	.db #0x06	; 6
   038B 02                  952 	.db #0x02	; 2
   038C 02                  953 	.db #0x02	; 2
   038D 02                  954 	.db #0x02	; 2
   038E 02                  955 	.db #0x02	; 2
   038F 0A                  956 	.db #0x0A	; 10
   0390 0A                  957 	.db #0x0A	; 10
   0391 0A                  958 	.db #0x0A	; 10
   0392 0A                  959 	.db #0x0A	; 10
   0393 0A                  960 	.db #0x0A	; 10
   0394 0A                  961 	.db #0x0A	; 10
   0395 0A                  962 	.db #0x0A	; 10
   0396 0A                  963 	.db #0x0A	; 10
   0397 3A                  964 	.db #0x3A	; 58
   0398 06                  965 	.db #0x06	; 6
   0399 06                  966 	.db #0x06	; 6
   039A 06                  967 	.db #0x06	; 6
   039B 06                  968 	.db #0x06	; 6
   039C 06                  969 	.db #0x06	; 6
   039D 06                  970 	.db #0x06	; 6
   039E 06                  971 	.db #0x06	; 6
   039F 06                  972 	.db #0x06	; 6
   03A0 06                  973 	.db #0x06	; 6
   03A1 06                  974 	.db #0x06	; 6
   03A2 06                  975 	.db #0x06	; 6
   03A3 06                  976 	.db #0x06	; 6
   03A4 06                  977 	.db #0x06	; 6
   03A5 06                  978 	.db #0x06	; 6
   03A6 22                  979 	.db #0x22	; 34
   03A7 06                  980 	.db #0x06	; 6
   03A8 06                  981 	.db #0x06	; 6
   03A9 06                  982 	.db #0x06	; 6
   03AA 06                  983 	.db #0x06	; 6
   03AB 06                  984 	.db #0x06	; 6
   03AC 06                  985 	.db #0x06	; 6
   03AD 06                  986 	.db #0x06	; 6
   03AE 06                  987 	.db #0x06	; 6
   03AF 06                  988 	.db #0x06	; 6
   03B0 06                  989 	.db #0x06	; 6
   03B1 06                  990 	.db #0x06	; 6
   03B2 06                  991 	.db #0x06	; 6
   03B3 06                  992 	.db #0x06	; 6
   03B4 2D                  993 	.db #0x2D	; 45
   03B5 02                  994 	.db #0x02	; 2
   03B6 02                  995 	.db #0x02	; 2
   03B7 0A                  996 	.db #0x0A	; 10
   03B8 0A                  997 	.db #0x0A	; 10
   03B9 0A                  998 	.db #0x0A	; 10
   03BA 0A                  999 	.db #0x0A	; 10
   03BB 0A                 1000 	.db #0x0A	; 10
   03BC 0A                 1001 	.db #0x0A	; 10
   03BD 0A                 1002 	.db #0x0A	; 10
   03BE 0A                 1003 	.db #0x0A	; 10
   03BF 3A                 1004 	.db #0x3A	; 58
   03C0 06                 1005 	.db #0x06	; 6
   03C1 06                 1006 	.db #0x06	; 6
   03C2 06                 1007 	.db #0x06	; 6
   03C3 06                 1008 	.db #0x06	; 6
   03C4 06                 1009 	.db #0x06	; 6
   03C5 06                 1010 	.db #0x06	; 6
   03C6 06                 1011 	.db #0x06	; 6
   03C7 06                 1012 	.db #0x06	; 6
   03C8 06                 1013 	.db #0x06	; 6
   03C9 22                 1014 	.db #0x22	; 34
   03CA 06                 1015 	.db #0x06	; 6
   03CB 06                 1016 	.db #0x06	; 6
   03CC 06                 1017 	.db #0x06	; 6
   03CD 06                 1018 	.db #0x06	; 6
   03CE 06                 1019 	.db #0x06	; 6
   03CF 06                 1020 	.db #0x06	; 6
   03D0 06                 1021 	.db #0x06	; 6
   03D1 06                 1022 	.db #0x06	; 6
   03D2 06                 1023 	.db #0x06	; 6
   03D3 06                 1024 	.db #0x06	; 6
   03D4 06                 1025 	.db #0x06	; 6
   03D5 06                 1026 	.db #0x06	; 6
   03D6 06                 1027 	.db #0x06	; 6
   03D7 06                 1028 	.db #0x06	; 6
   03D8 06                 1029 	.db #0x06	; 6
   03D9 06                 1030 	.db #0x06	; 6
   03DA 06                 1031 	.db #0x06	; 6
   03DB 02                 1032 	.db #0x02	; 2
   03DC 02                 1033 	.db #0x02	; 2
   03DD 02                 1034 	.db #0x02	; 2
   03DE 02                 1035 	.db #0x02	; 2
   03DF 0A                 1036 	.db #0x0A	; 10
   03E0 0A                 1037 	.db #0x0A	; 10
   03E1 0A                 1038 	.db #0x0A	; 10
   03E2 16                 1039 	.db #0x16	; 22
   03E3 1D                 1040 	.db #0x1D	; 29
   03E4 1D                 1041 	.db #0x1D	; 29
   03E5 15                 1042 	.db #0x15	; 21
   03E6 0A                 1043 	.db #0x0A	; 10
   03E7 3A                 1044 	.db #0x3A	; 58
   03E8 06                 1045 	.db #0x06	; 6
   03E9 06                 1046 	.db #0x06	; 6
   03EA 06                 1047 	.db #0x06	; 6
   03EB 06                 1048 	.db #0x06	; 6
   03EC 06                 1049 	.db #0x06	; 6
   03ED 06                 1050 	.db #0x06	; 6
   03EE 06                 1051 	.db #0x06	; 6
   03EF 06                 1052 	.db #0x06	; 6
   03F0 06                 1053 	.db #0x06	; 6
   03F1 06                 1054 	.db #0x06	; 6
   03F2 06                 1055 	.db #0x06	; 6
   03F3 06                 1056 	.db #0x06	; 6
   03F4 06                 1057 	.db #0x06	; 6
   03F5 06                 1058 	.db #0x06	; 6
   03F6 06                 1059 	.db #0x06	; 6
   03F7 06                 1060 	.db #0x06	; 6
   03F8 06                 1061 	.db #0x06	; 6
   03F9 22                 1062 	.db #0x22	; 34
   03FA 06                 1063 	.db #0x06	; 6
   03FB 06                 1064 	.db #0x06	; 6
   03FC 06                 1065 	.db #0x06	; 6
   03FD 06                 1066 	.db #0x06	; 6
   03FE 06                 1067 	.db #0x06	; 6
   03FF 06                 1068 	.db #0x06	; 6
   0400 06                 1069 	.db #0x06	; 6
   0401 06                 1070 	.db #0x06	; 6
   0402 06                 1071 	.db #0x06	; 6
   0403 02                 1072 	.db #0x02	; 2
   0404 02                 1073 	.db #0x02	; 2
   0405 02                 1074 	.db #0x02	; 2
   0406 02                 1075 	.db #0x02	; 2
   0407 0A                 1076 	.db #0x0A	; 10
   0408 0A                 1077 	.db #0x0A	; 10
   0409 0A                 1078 	.db #0x0A	; 10
   040A 1A                 1079 	.db #0x1A	; 26
   040B 20                 1080 	.db #0x20	; 32
   040C 21                 1081 	.db #0x21	; 33
   040D 1C                 1082 	.db #0x1C	; 28
   040E 0A                 1083 	.db #0x0A	; 10
   040F 3A                 1084 	.db #0x3A	; 58
   0410 06                 1085 	.db #0x06	; 6
   0411 06                 1086 	.db #0x06	; 6
   0412 06                 1087 	.db #0x06	; 6
   0413 06                 1088 	.db #0x06	; 6
   0414 06                 1089 	.db #0x06	; 6
   0415 06                 1090 	.db #0x06	; 6
   0416 06                 1091 	.db #0x06	; 6
   0417 06                 1092 	.db #0x06	; 6
   0418 06                 1093 	.db #0x06	; 6
   0419 06                 1094 	.db #0x06	; 6
   041A 06                 1095 	.db #0x06	; 6
   041B 06                 1096 	.db #0x06	; 6
   041C 06                 1097 	.db #0x06	; 6
   041D 06                 1098 	.db #0x06	; 6
   041E 06                 1099 	.db #0x06	; 6
   041F 06                 1100 	.db #0x06	; 6
   0420 06                 1101 	.db #0x06	; 6
   0421 06                 1102 	.db #0x06	; 6
   0422 06                 1103 	.db #0x06	; 6
   0423 06                 1104 	.db #0x06	; 6
   0424 06                 1105 	.db #0x06	; 6
   0425 06                 1106 	.db #0x06	; 6
   0426 06                 1107 	.db #0x06	; 6
   0427 06                 1108 	.db #0x06	; 6
   0428 26                 1109 	.db #0x26	; 38
   0429 06                 1110 	.db #0x06	; 6
   042A 06                 1111 	.db #0x06	; 6
   042B 02                 1112 	.db #0x02	; 2
   042C 02                 1113 	.db #0x02	; 2
   042D 02                 1114 	.db #0x02	; 2
   042E 02                 1115 	.db #0x02	; 2
   042F 0A                 1116 	.db #0x0A	; 10
   0430 0A                 1117 	.db #0x0A	; 10
   0431 0A                 1118 	.db #0x0A	; 10
   0432 1A                 1119 	.db #0x1A	; 26
   0433 24                 1120 	.db #0x24	; 36
   0434 25                 1121 	.db #0x25	; 37
   0435 1C                 1122 	.db #0x1C	; 28
   0436 0A                 1123 	.db #0x0A	; 10
   0437 3A                 1124 	.db #0x3A	; 58
   0438 06                 1125 	.db #0x06	; 6
   0439 06                 1126 	.db #0x06	; 6
   043A 06                 1127 	.db #0x06	; 6
   043B 06                 1128 	.db #0x06	; 6
   043C 06                 1129 	.db #0x06	; 6
   043D 06                 1130 	.db #0x06	; 6
   043E 06                 1131 	.db #0x06	; 6
   043F 06                 1132 	.db #0x06	; 6
   0440 06                 1133 	.db #0x06	; 6
   0441 06                 1134 	.db #0x06	; 6
   0442 06                 1135 	.db #0x06	; 6
   0443 06                 1136 	.db #0x06	; 6
   0444 06                 1137 	.db #0x06	; 6
   0445 06                 1138 	.db #0x06	; 6
   0446 06                 1139 	.db #0x06	; 6
   0447 06                 1140 	.db #0x06	; 6
   0448 06                 1141 	.db #0x06	; 6
   0449 06                 1142 	.db #0x06	; 6
   044A 06                 1143 	.db #0x06	; 6
   044B 06                 1144 	.db #0x06	; 6
   044C 06                 1145 	.db #0x06	; 6
   044D 06                 1146 	.db #0x06	; 6
   044E 06                 1147 	.db #0x06	; 6
   044F 06                 1148 	.db #0x06	; 6
   0450 06                 1149 	.db #0x06	; 6
   0451 06                 1150 	.db #0x06	; 6
   0452 02                 1151 	.db #0x02	; 2
   0453 02                 1152 	.db #0x02	; 2
   0454 02                 1153 	.db #0x02	; 2
   0455 2D                 1154 	.db #0x2D	; 45
   0456 02                 1155 	.db #0x02	; 2
   0457 0A                 1156 	.db #0x0A	; 10
   0458 0A                 1157 	.db #0x0A	; 10
   0459 0A                 1158 	.db #0x0A	; 10
   045A 1A                 1159 	.db #0x1A	; 26
   045B 28                 1160 	.db #0x28	; 40
   045C 29                 1161 	.db #0x29	; 41
   045D 1C                 1162 	.db #0x1C	; 28
   045E 0A                 1163 	.db #0x0A	; 10
   045F 3A                 1164 	.db #0x3A	; 58
   0460 06                 1165 	.db #0x06	; 6
   0461 06                 1166 	.db #0x06	; 6
   0462 06                 1167 	.db #0x06	; 6
   0463 06                 1168 	.db #0x06	; 6
   0464 22                 1169 	.db #0x22	; 34
   0465 06                 1170 	.db #0x06	; 6
   0466 06                 1171 	.db #0x06	; 6
   0467 06                 1172 	.db #0x06	; 6
   0468 06                 1173 	.db #0x06	; 6
   0469 06                 1174 	.db #0x06	; 6
   046A 06                 1175 	.db #0x06	; 6
   046B 22                 1176 	.db #0x22	; 34
   046C 06                 1177 	.db #0x06	; 6
   046D 06                 1178 	.db #0x06	; 6
   046E 06                 1179 	.db #0x06	; 6
   046F 06                 1180 	.db #0x06	; 6
   0470 06                 1181 	.db #0x06	; 6
   0471 06                 1182 	.db #0x06	; 6
   0472 06                 1183 	.db #0x06	; 6
   0473 06                 1184 	.db #0x06	; 6
   0474 06                 1185 	.db #0x06	; 6
   0475 06                 1186 	.db #0x06	; 6
   0476 06                 1187 	.db #0x06	; 6
   0477 06                 1188 	.db #0x06	; 6
   0478 06                 1189 	.db #0x06	; 6
   0479 06                 1190 	.db #0x06	; 6
   047A 02                 1191 	.db #0x02	; 2
   047B 02                 1192 	.db #0x02	; 2
   047C 02                 1193 	.db #0x02	; 2
   047D 02                 1194 	.db #0x02	; 2
   047E 02                 1195 	.db #0x02	; 2
   047F 0A                 1196 	.db #0x0A	; 10
   0480 0A                 1197 	.db #0x0A	; 10
   0481 0A                 1198 	.db #0x0A	; 10
   0482 19                 1199 	.db #0x19	; 25
   0483 1E                 1200 	.db #0x1E	; 30
   0484 1E                 1201 	.db #0x1E	; 30
   0485 18                 1202 	.db #0x18	; 24
   0486 0A                 1203 	.db #0x0A	; 10
   0487 3A                 1204 	.db #0x3A	; 58
   0488 06                 1205 	.db #0x06	; 6
   0489 06                 1206 	.db #0x06	; 6
   048A 26                 1207 	.db #0x26	; 38
   048B 06                 1208 	.db #0x06	; 6
   048C 06                 1209 	.db #0x06	; 6
   048D 06                 1210 	.db #0x06	; 6
   048E 06                 1211 	.db #0x06	; 6
   048F 06                 1212 	.db #0x06	; 6
   0490 06                 1213 	.db #0x06	; 6
   0491 06                 1214 	.db #0x06	; 6
   0492 06                 1215 	.db #0x06	; 6
   0493 06                 1216 	.db #0x06	; 6
   0494 06                 1217 	.db #0x06	; 6
   0495 06                 1218 	.db #0x06	; 6
   0496 06                 1219 	.db #0x06	; 6
   0497 06                 1220 	.db #0x06	; 6
   0498 06                 1221 	.db #0x06	; 6
   0499 06                 1222 	.db #0x06	; 6
   049A 06                 1223 	.db #0x06	; 6
   049B 06                 1224 	.db #0x06	; 6
   049C 06                 1225 	.db #0x06	; 6
   049D 06                 1226 	.db #0x06	; 6
   049E 06                 1227 	.db #0x06	; 6
   049F 06                 1228 	.db #0x06	; 6
   04A0 06                 1229 	.db #0x06	; 6
   04A1 06                 1230 	.db #0x06	; 6
   04A2 2D                 1231 	.db #0x2D	; 45
   04A3 02                 1232 	.db #0x02	; 2
   04A4 02                 1233 	.db #0x02	; 2
   04A5 02                 1234 	.db #0x02	; 2
   04A6 02                 1235 	.db #0x02	; 2
   04A7 0A                 1236 	.db #0x0A	; 10
   04A8 0A                 1237 	.db #0x0A	; 10
   04A9 0A                 1238 	.db #0x0A	; 10
   04AA 0A                 1239 	.db #0x0A	; 10
   04AB 0A                 1240 	.db #0x0A	; 10
   04AC 0A                 1241 	.db #0x0A	; 10
   04AD 0A                 1242 	.db #0x0A	; 10
   04AE 0A                 1243 	.db #0x0A	; 10
   04AF 3A                 1244 	.db #0x3A	; 58
   04B0 06                 1245 	.db #0x06	; 6
   04B1 06                 1246 	.db #0x06	; 6
   04B2 06                 1247 	.db #0x06	; 6
   04B3 06                 1248 	.db #0x06	; 6
   04B4 06                 1249 	.db #0x06	; 6
   04B5 06                 1250 	.db #0x06	; 6
   04B6 06                 1251 	.db #0x06	; 6
   04B7 06                 1252 	.db #0x06	; 6
   04B8 06                 1253 	.db #0x06	; 6
   04B9 06                 1254 	.db #0x06	; 6
   04BA 06                 1255 	.db #0x06	; 6
   04BB 06                 1256 	.db #0x06	; 6
   04BC 06                 1257 	.db #0x06	; 6
   04BD 06                 1258 	.db #0x06	; 6
   04BE 06                 1259 	.db #0x06	; 6
   04BF 06                 1260 	.db #0x06	; 6
   04C0 06                 1261 	.db #0x06	; 6
   04C1 26                 1262 	.db #0x26	; 38
   04C2 06                 1263 	.db #0x06	; 6
   04C3 06                 1264 	.db #0x06	; 6
   04C4 06                 1265 	.db #0x06	; 6
   04C5 06                 1266 	.db #0x06	; 6
   04C6 06                 1267 	.db #0x06	; 6
   04C7 06                 1268 	.db #0x06	; 6
   04C8 06                 1269 	.db #0x06	; 6
   04C9 06                 1270 	.db #0x06	; 6
   04CA 02                 1271 	.db #0x02	; 2
   04CB 02                 1272 	.db #0x02	; 2
   04CC 02                 1273 	.db #0x02	; 2
   04CD 2D                 1274 	.db #0x2D	; 45
   04CE 02                 1275 	.db #0x02	; 2
   04CF 0A                 1276 	.db #0x0A	; 10
   04D0 0A                 1277 	.db #0x0A	; 10
   04D1 0A                 1278 	.db #0x0A	; 10
   04D2 0A                 1279 	.db #0x0A	; 10
   04D3 0A                 1280 	.db #0x0A	; 10
   04D4 0A                 1281 	.db #0x0A	; 10
   04D5 0A                 1282 	.db #0x0A	; 10
   04D6 0A                 1283 	.db #0x0A	; 10
   04D7 3A                 1284 	.db #0x3A	; 58
   04D8 06                 1285 	.db #0x06	; 6
   04D9 06                 1286 	.db #0x06	; 6
   04DA 06                 1287 	.db #0x06	; 6
   04DB 06                 1288 	.db #0x06	; 6
   04DC 06                 1289 	.db #0x06	; 6
   04DD 06                 1290 	.db #0x06	; 6
   04DE 06                 1291 	.db #0x06	; 6
   04DF 06                 1292 	.db #0x06	; 6
   04E0 06                 1293 	.db #0x06	; 6
   04E1 06                 1294 	.db #0x06	; 6
   04E2 06                 1295 	.db #0x06	; 6
   04E3 06                 1296 	.db #0x06	; 6
   04E4 06                 1297 	.db #0x06	; 6
   04E5 06                 1298 	.db #0x06	; 6
   04E6 06                 1299 	.db #0x06	; 6
   04E7 06                 1300 	.db #0x06	; 6
   04E8 06                 1301 	.db #0x06	; 6
   04E9 06                 1302 	.db #0x06	; 6
   04EA 06                 1303 	.db #0x06	; 6
   04EB 06                 1304 	.db #0x06	; 6
   04EC 06                 1305 	.db #0x06	; 6
   04ED 06                 1306 	.db #0x06	; 6
   04EE 06                 1307 	.db #0x06	; 6
   04EF 06                 1308 	.db #0x06	; 6
   04F0 06                 1309 	.db #0x06	; 6
   04F1 06                 1310 	.db #0x06	; 6
   04F2 06                 1311 	.db #0x06	; 6
   04F3 02                 1312 	.db #0x02	; 2
   04F4 02                 1313 	.db #0x02	; 2
   04F5 02                 1314 	.db #0x02	; 2
   04F6 02                 1315 	.db #0x02	; 2
   04F7 02                 1316 	.db #0x02	; 2
   04F8 0A                 1317 	.db #0x0A	; 10
   04F9 0A                 1318 	.db #0x0A	; 10
   04FA 0A                 1319 	.db #0x0A	; 10
   04FB 0A                 1320 	.db #0x0A	; 10
   04FC 0A                 1321 	.db #0x0A	; 10
   04FD 0A                 1322 	.db #0x0A	; 10
   04FE 0A                 1323 	.db #0x0A	; 10
   04FF 3A                 1324 	.db #0x3A	; 58
   0500 06                 1325 	.db #0x06	; 6
   0501 06                 1326 	.db #0x06	; 6
   0502 06                 1327 	.db #0x06	; 6
   0503 06                 1328 	.db #0x06	; 6
   0504 06                 1329 	.db #0x06	; 6
   0505 06                 1330 	.db #0x06	; 6
   0506 06                 1331 	.db #0x06	; 6
   0507 06                 1332 	.db #0x06	; 6
   0508 06                 1333 	.db #0x06	; 6
   0509 06                 1334 	.db #0x06	; 6
   050A 06                 1335 	.db #0x06	; 6
   050B 06                 1336 	.db #0x06	; 6
   050C 06                 1337 	.db #0x06	; 6
   050D 06                 1338 	.db #0x06	; 6
   050E 06                 1339 	.db #0x06	; 6
   050F 06                 1340 	.db #0x06	; 6
   0510 06                 1341 	.db #0x06	; 6
   0511 06                 1342 	.db #0x06	; 6
   0512 06                 1343 	.db #0x06	; 6
   0513 06                 1344 	.db #0x06	; 6
   0514 06                 1345 	.db #0x06	; 6
   0515 06                 1346 	.db #0x06	; 6
   0516 06                 1347 	.db #0x06	; 6
   0517 06                 1348 	.db #0x06	; 6
   0518 06                 1349 	.db #0x06	; 6
   0519 06                 1350 	.db #0x06	; 6
   051A 06                 1351 	.db #0x06	; 6
   051B 02                 1352 	.db #0x02	; 2
   051C 02                 1353 	.db #0x02	; 2
   051D 02                 1354 	.db #0x02	; 2
   051E 02                 1355 	.db #0x02	; 2
   051F 02                 1356 	.db #0x02	; 2
   0520 0A                 1357 	.db #0x0A	; 10
   0521 0A                 1358 	.db #0x0A	; 10
   0522 0A                 1359 	.db #0x0A	; 10
   0523 0A                 1360 	.db #0x0A	; 10
   0524 0A                 1361 	.db #0x0A	; 10
   0525 0A                 1362 	.db #0x0A	; 10
   0526 0A                 1363 	.db #0x0A	; 10
   0527 3A                 1364 	.db #0x3A	; 58
   0528 06                 1365 	.db #0x06	; 6
   0529 06                 1366 	.db #0x06	; 6
   052A 06                 1367 	.db #0x06	; 6
   052B 06                 1368 	.db #0x06	; 6
   052C 06                 1369 	.db #0x06	; 6
   052D 06                 1370 	.db #0x06	; 6
   052E 06                 1371 	.db #0x06	; 6
   052F 06                 1372 	.db #0x06	; 6
   0530 22                 1373 	.db #0x22	; 34
   0531 06                 1374 	.db #0x06	; 6
   0532 06                 1375 	.db #0x06	; 6
   0533 06                 1376 	.db #0x06	; 6
   0534 06                 1377 	.db #0x06	; 6
   0535 06                 1378 	.db #0x06	; 6
   0536 06                 1379 	.db #0x06	; 6
   0537 06                 1380 	.db #0x06	; 6
   0538 06                 1381 	.db #0x06	; 6
   0539 06                 1382 	.db #0x06	; 6
   053A 06                 1383 	.db #0x06	; 6
   053B 06                 1384 	.db #0x06	; 6
   053C 06                 1385 	.db #0x06	; 6
   053D 06                 1386 	.db #0x06	; 6
   053E 06                 1387 	.db #0x06	; 6
   053F 06                 1388 	.db #0x06	; 6
   0540 26                 1389 	.db #0x26	; 38
   0541 06                 1390 	.db #0x06	; 6
   0542 06                 1391 	.db #0x06	; 6
   0543 06                 1392 	.db #0x06	; 6
   0544 02                 1393 	.db #0x02	; 2
   0545 02                 1394 	.db #0x02	; 2
   0546 2D                 1395 	.db #0x2D	; 45
   0547 02                 1396 	.db #0x02	; 2
   0548 02                 1397 	.db #0x02	; 2
   0549 0A                 1398 	.db #0x0A	; 10
   054A 0A                 1399 	.db #0x0A	; 10
   054B 0A                 1400 	.db #0x0A	; 10
   054C 0A                 1401 	.db #0x0A	; 10
   054D 0A                 1402 	.db #0x0A	; 10
   054E 0A                 1403 	.db #0x0A	; 10
   054F 3A                 1404 	.db #0x3A	; 58
   0550 06                 1405 	.db #0x06	; 6
   0551 06                 1406 	.db #0x06	; 6
   0552 06                 1407 	.db #0x06	; 6
   0553 06                 1408 	.db #0x06	; 6
   0554 06                 1409 	.db #0x06	; 6
   0555 06                 1410 	.db #0x06	; 6
   0556 06                 1411 	.db #0x06	; 6
   0557 06                 1412 	.db #0x06	; 6
   0558 06                 1413 	.db #0x06	; 6
   0559 06                 1414 	.db #0x06	; 6
   055A 06                 1415 	.db #0x06	; 6
   055B 22                 1416 	.db #0x22	; 34
   055C 06                 1417 	.db #0x06	; 6
   055D 06                 1418 	.db #0x06	; 6
   055E 06                 1419 	.db #0x06	; 6
   055F 06                 1420 	.db #0x06	; 6
   0560 06                 1421 	.db #0x06	; 6
   0561 06                 1422 	.db #0x06	; 6
   0562 06                 1423 	.db #0x06	; 6
   0563 06                 1424 	.db #0x06	; 6
   0564 06                 1425 	.db #0x06	; 6
   0565 06                 1426 	.db #0x06	; 6
   0566 06                 1427 	.db #0x06	; 6
   0567 06                 1428 	.db #0x06	; 6
   0568 06                 1429 	.db #0x06	; 6
   0569 06                 1430 	.db #0x06	; 6
   056A 06                 1431 	.db #0x06	; 6
   056B 06                 1432 	.db #0x06	; 6
   056C 02                 1433 	.db #0x02	; 2
   056D 02                 1434 	.db #0x02	; 2
   056E 02                 1435 	.db #0x02	; 2
   056F 02                 1436 	.db #0x02	; 2
   0570 02                 1437 	.db #0x02	; 2
   0571 0A                 1438 	.db #0x0A	; 10
   0572 0A                 1439 	.db #0x0A	; 10
   0573 0A                 1440 	.db #0x0A	; 10
   0574 0A                 1441 	.db #0x0A	; 10
   0575 0A                 1442 	.db #0x0A	; 10
   0576 0A                 1443 	.db #0x0A	; 10
   0577 3A                 1444 	.db #0x3A	; 58
   0578 02                 1445 	.db #0x02	; 2
   0579 06                 1446 	.db #0x06	; 6
   057A 06                 1447 	.db #0x06	; 6
   057B 06                 1448 	.db #0x06	; 6
   057C 06                 1449 	.db #0x06	; 6
   057D 06                 1450 	.db #0x06	; 6
   057E 06                 1451 	.db #0x06	; 6
   057F 26                 1452 	.db #0x26	; 38
   0580 06                 1453 	.db #0x06	; 6
   0581 06                 1454 	.db #0x06	; 6
   0582 06                 1455 	.db #0x06	; 6
   0583 26                 1456 	.db #0x26	; 38
   0584 06                 1457 	.db #0x06	; 6
   0585 06                 1458 	.db #0x06	; 6
   0586 06                 1459 	.db #0x06	; 6
   0587 06                 1460 	.db #0x06	; 6
   0588 06                 1461 	.db #0x06	; 6
   0589 06                 1462 	.db #0x06	; 6
   058A 06                 1463 	.db #0x06	; 6
   058B 06                 1464 	.db #0x06	; 6
   058C 06                 1465 	.db #0x06	; 6
   058D 06                 1466 	.db #0x06	; 6
   058E 06                 1467 	.db #0x06	; 6
   058F 06                 1468 	.db #0x06	; 6
   0590 06                 1469 	.db #0x06	; 6
   0591 06                 1470 	.db #0x06	; 6
   0592 06                 1471 	.db #0x06	; 6
   0593 06                 1472 	.db #0x06	; 6
   0594 06                 1473 	.db #0x06	; 6
   0595 02                 1474 	.db #0x02	; 2
   0596 02                 1475 	.db #0x02	; 2
   0597 02                 1476 	.db #0x02	; 2
   0598 02                 1477 	.db #0x02	; 2
   0599 0A                 1478 	.db #0x0A	; 10
   059A 0A                 1479 	.db #0x0A	; 10
   059B 0A                 1480 	.db #0x0A	; 10
   059C 0A                 1481 	.db #0x0A	; 10
   059D 0A                 1482 	.db #0x0A	; 10
   059E 0A                 1483 	.db #0x0A	; 10
   059F 3A                 1484 	.db #0x3A	; 58
   05A0 02                 1485 	.db #0x02	; 2
   05A1 02                 1486 	.db #0x02	; 2
   05A2 06                 1487 	.db #0x06	; 6
   05A3 06                 1488 	.db #0x06	; 6
   05A4 06                 1489 	.db #0x06	; 6
   05A5 06                 1490 	.db #0x06	; 6
   05A6 06                 1491 	.db #0x06	; 6
   05A7 06                 1492 	.db #0x06	; 6
   05A8 06                 1493 	.db #0x06	; 6
   05A9 06                 1494 	.db #0x06	; 6
   05AA 06                 1495 	.db #0x06	; 6
   05AB 06                 1496 	.db #0x06	; 6
   05AC 06                 1497 	.db #0x06	; 6
   05AD 06                 1498 	.db #0x06	; 6
   05AE 06                 1499 	.db #0x06	; 6
   05AF 06                 1500 	.db #0x06	; 6
   05B0 06                 1501 	.db #0x06	; 6
   05B1 06                 1502 	.db #0x06	; 6
   05B2 06                 1503 	.db #0x06	; 6
   05B3 06                 1504 	.db #0x06	; 6
   05B4 06                 1505 	.db #0x06	; 6
   05B5 06                 1506 	.db #0x06	; 6
   05B6 06                 1507 	.db #0x06	; 6
   05B7 06                 1508 	.db #0x06	; 6
   05B8 06                 1509 	.db #0x06	; 6
   05B9 06                 1510 	.db #0x06	; 6
   05BA 06                 1511 	.db #0x06	; 6
   05BB 06                 1512 	.db #0x06	; 6
   05BC 06                 1513 	.db #0x06	; 6
   05BD 02                 1514 	.db #0x02	; 2
   05BE 02                 1515 	.db #0x02	; 2
   05BF 02                 1516 	.db #0x02	; 2
   05C0 02                 1517 	.db #0x02	; 2
   05C1 0A                 1518 	.db #0x0A	; 10
   05C2 0A                 1519 	.db #0x0A	; 10
   05C3 0A                 1520 	.db #0x0A	; 10
   05C4 0A                 1521 	.db #0x0A	; 10
   05C5 0A                 1522 	.db #0x0A	; 10
   05C6 0A                 1523 	.db #0x0A	; 10
   05C7 3A                 1524 	.db #0x3A	; 58
   05C8 2E                 1525 	.db #0x2E	; 46
   05C9 02                 1526 	.db #0x02	; 2
   05CA 02                 1527 	.db #0x02	; 2
   05CB 06                 1528 	.db #0x06	; 6
   05CC 06                 1529 	.db #0x06	; 6
   05CD 06                 1530 	.db #0x06	; 6
   05CE 06                 1531 	.db #0x06	; 6
   05CF 06                 1532 	.db #0x06	; 6
   05D0 06                 1533 	.db #0x06	; 6
   05D1 06                 1534 	.db #0x06	; 6
   05D2 06                 1535 	.db #0x06	; 6
   05D3 06                 1536 	.db #0x06	; 6
   05D4 06                 1537 	.db #0x06	; 6
   05D5 06                 1538 	.db #0x06	; 6
   05D6 06                 1539 	.db #0x06	; 6
   05D7 06                 1540 	.db #0x06	; 6
   05D8 06                 1541 	.db #0x06	; 6
   05D9 26                 1542 	.db #0x26	; 38
   05DA 06                 1543 	.db #0x06	; 6
   05DB 06                 1544 	.db #0x06	; 6
   05DC 06                 1545 	.db #0x06	; 6
   05DD 06                 1546 	.db #0x06	; 6
   05DE 06                 1547 	.db #0x06	; 6
   05DF 06                 1548 	.db #0x06	; 6
   05E0 06                 1549 	.db #0x06	; 6
   05E1 06                 1550 	.db #0x06	; 6
   05E2 06                 1551 	.db #0x06	; 6
   05E3 06                 1552 	.db #0x06	; 6
   05E4 06                 1553 	.db #0x06	; 6
   05E5 06                 1554 	.db #0x06	; 6
   05E6 02                 1555 	.db #0x02	; 2
   05E7 2D                 1556 	.db #0x2D	; 45
   05E8 02                 1557 	.db #0x02	; 2
   05E9 02                 1558 	.db #0x02	; 2
   05EA 0A                 1559 	.db #0x0A	; 10
   05EB 0A                 1560 	.db #0x0A	; 10
   05EC 0A                 1561 	.db #0x0A	; 10
   05ED 0A                 1562 	.db #0x0A	; 10
   05EE 0A                 1563 	.db #0x0A	; 10
   05EF 3A                 1564 	.db #0x3A	; 58
   05F0 02                 1565 	.db #0x02	; 2
   05F1 02                 1566 	.db #0x02	; 2
   05F2 02                 1567 	.db #0x02	; 2
   05F3 06                 1568 	.db #0x06	; 6
   05F4 06                 1569 	.db #0x06	; 6
   05F5 06                 1570 	.db #0x06	; 6
   05F6 06                 1571 	.db #0x06	; 6
   05F7 06                 1572 	.db #0x06	; 6
   05F8 06                 1573 	.db #0x06	; 6
   05F9 06                 1574 	.db #0x06	; 6
   05FA 06                 1575 	.db #0x06	; 6
   05FB 06                 1576 	.db #0x06	; 6
   05FC 06                 1577 	.db #0x06	; 6
   05FD 06                 1578 	.db #0x06	; 6
   05FE 06                 1579 	.db #0x06	; 6
   05FF 06                 1580 	.db #0x06	; 6
   0600 06                 1581 	.db #0x06	; 6
   0601 06                 1582 	.db #0x06	; 6
   0602 06                 1583 	.db #0x06	; 6
   0603 06                 1584 	.db #0x06	; 6
   0604 06                 1585 	.db #0x06	; 6
   0605 06                 1586 	.db #0x06	; 6
   0606 26                 1587 	.db #0x26	; 38
   0607 06                 1588 	.db #0x06	; 6
   0608 06                 1589 	.db #0x06	; 6
   0609 06                 1590 	.db #0x06	; 6
   060A 06                 1591 	.db #0x06	; 6
   060B 06                 1592 	.db #0x06	; 6
   060C 06                 1593 	.db #0x06	; 6
   060D 26                 1594 	.db #0x26	; 38
   060E 02                 1595 	.db #0x02	; 2
   060F 02                 1596 	.db #0x02	; 2
   0610 02                 1597 	.db #0x02	; 2
   0611 02                 1598 	.db #0x02	; 2
   0612 0A                 1599 	.db #0x0A	; 10
   0613 0A                 1600 	.db #0x0A	; 10
   0614 0A                 1601 	.db #0x0A	; 10
   0615 0A                 1602 	.db #0x0A	; 10
   0616 0A                 1603 	.db #0x0A	; 10
   0617 3A                 1604 	.db #0x3A	; 58
   0618 02                 1605 	.db #0x02	; 2
   0619 2D                 1606 	.db #0x2D	; 45
   061A 02                 1607 	.db #0x02	; 2
   061B 02                 1608 	.db #0x02	; 2
   061C 06                 1609 	.db #0x06	; 6
   061D 06                 1610 	.db #0x06	; 6
   061E 26                 1611 	.db #0x26	; 38
   061F 06                 1612 	.db #0x06	; 6
   0620 06                 1613 	.db #0x06	; 6
   0621 06                 1614 	.db #0x06	; 6
   0622 06                 1615 	.db #0x06	; 6
   0623 06                 1616 	.db #0x06	; 6
   0624 06                 1617 	.db #0x06	; 6
   0625 06                 1618 	.db #0x06	; 6
   0626 06                 1619 	.db #0x06	; 6
   0627 06                 1620 	.db #0x06	; 6
   0628 06                 1621 	.db #0x06	; 6
   0629 06                 1622 	.db #0x06	; 6
   062A 06                 1623 	.db #0x06	; 6
   062B 06                 1624 	.db #0x06	; 6
   062C 06                 1625 	.db #0x06	; 6
   062D 06                 1626 	.db #0x06	; 6
   062E 06                 1627 	.db #0x06	; 6
   062F 06                 1628 	.db #0x06	; 6
   0630 06                 1629 	.db #0x06	; 6
   0631 06                 1630 	.db #0x06	; 6
   0632 06                 1631 	.db #0x06	; 6
   0633 06                 1632 	.db #0x06	; 6
   0634 06                 1633 	.db #0x06	; 6
   0635 06                 1634 	.db #0x06	; 6
   0636 06                 1635 	.db #0x06	; 6
   0637 02                 1636 	.db #0x02	; 2
   0638 02                 1637 	.db #0x02	; 2
   0639 2E                 1638 	.db #0x2E	; 46
   063A 02                 1639 	.db #0x02	; 2
   063B 0A                 1640 	.db #0x0A	; 10
   063C 0A                 1641 	.db #0x0A	; 10
   063D 0A                 1642 	.db #0x0A	; 10
   063E 0A                 1643 	.db #0x0A	; 10
   063F 3A                 1644 	.db #0x3A	; 58
                           1645 	.area _INITIALIZER
                           1646 	.area _CABS (ABS)
