                              1 ;--------------------------------------------------------
                              2 ; File Created by SDCC : free open source ANSI-C Compiler
                              3 ; Version 3.5.5 #9498 (Linux)
                              4 ;--------------------------------------------------------
                              5 	.module map32
                              6 	.optsdcc -mz80
                              7 	
                              8 ;--------------------------------------------------------
                              9 ; Public variables in this module
                             10 ;--------------------------------------------------------
                             11 	.globl _g_map32
                             12 ;--------------------------------------------------------
                             13 ; special function registers
                             14 ;--------------------------------------------------------
                             15 ;--------------------------------------------------------
                             16 ; ram data
                             17 ;--------------------------------------------------------
                             18 	.area _DATA
                             19 ;--------------------------------------------------------
                             20 ; ram data
                             21 ;--------------------------------------------------------
                             22 	.area _INITIALIZED
                             23 ;--------------------------------------------------------
                             24 ; absolute external ram data
                             25 ;--------------------------------------------------------
                             26 	.area _DABS (ABS)
                             27 ;--------------------------------------------------------
                             28 ; global & static initialisations
                             29 ;--------------------------------------------------------
                             30 	.area _HOME
                             31 	.area _GSINIT
                             32 	.area _GSFINAL
                             33 	.area _GSINIT
                             34 ;--------------------------------------------------------
                             35 ; Home
                             36 ;--------------------------------------------------------
                             37 	.area _HOME
                             38 	.area _HOME
                             39 ;--------------------------------------------------------
                             40 ; code
                             41 ;--------------------------------------------------------
                             42 	.area _CODE
                             43 	.area _CODE
   0000                      44 _g_map32:
   0000 17                   45 	.db #0x17	; 23
   0001 17                   46 	.db #0x17	; 23
   0002 17                   47 	.db #0x17	; 23
   0003 17                   48 	.db #0x17	; 23
   0004 17                   49 	.db #0x17	; 23
   0005 17                   50 	.db #0x17	; 23
   0006 17                   51 	.db #0x17	; 23
   0007 17                   52 	.db #0x17	; 23
   0008 17                   53 	.db #0x17	; 23
   0009 17                   54 	.db #0x17	; 23
   000A 17                   55 	.db #0x17	; 23
   000B 17                   56 	.db #0x17	; 23
   000C 17                   57 	.db #0x17	; 23
   000D 17                   58 	.db #0x17	; 23
   000E 17                   59 	.db #0x17	; 23
   000F 17                   60 	.db #0x17	; 23
   0010 17                   61 	.db #0x17	; 23
   0011 17                   62 	.db #0x17	; 23
   0012 17                   63 	.db #0x17	; 23
   0013 17                   64 	.db #0x17	; 23
   0014 17                   65 	.db #0x17	; 23
   0015 17                   66 	.db #0x17	; 23
   0016 17                   67 	.db #0x17	; 23
   0017 17                   68 	.db #0x17	; 23
   0018 17                   69 	.db #0x17	; 23
   0019 17                   70 	.db #0x17	; 23
   001A 17                   71 	.db #0x17	; 23
   001B 17                   72 	.db #0x17	; 23
   001C 17                   73 	.db #0x17	; 23
   001D 17                   74 	.db #0x17	; 23
   001E 17                   75 	.db #0x17	; 23
   001F 17                   76 	.db #0x17	; 23
   0020 17                   77 	.db #0x17	; 23
   0021 05                   78 	.db #0x05	; 5
   0022 05                   79 	.db #0x05	; 5
   0023 05                   80 	.db #0x05	; 5
   0024 05                   81 	.db #0x05	; 5
   0025 05                   82 	.db #0x05	; 5
   0026 05                   83 	.db #0x05	; 5
   0027 05                   84 	.db #0x05	; 5
   0028 06                   85 	.db #0x06	; 6
   0029 06                   86 	.db #0x06	; 6
   002A 06                   87 	.db #0x06	; 6
   002B 06                   88 	.db #0x06	; 6
   002C 06                   89 	.db #0x06	; 6
   002D 06                   90 	.db #0x06	; 6
   002E 06                   91 	.db #0x06	; 6
   002F 06                   92 	.db #0x06	; 6
   0030 06                   93 	.db #0x06	; 6
   0031 06                   94 	.db #0x06	; 6
   0032 06                   95 	.db #0x06	; 6
   0033 06                   96 	.db #0x06	; 6
   0034 06                   97 	.db #0x06	; 6
   0035 06                   98 	.db #0x06	; 6
   0036 06                   99 	.db #0x06	; 6
   0037 06                  100 	.db #0x06	; 6
   0038 06                  101 	.db #0x06	; 6
   0039 06                  102 	.db #0x06	; 6
   003A 06                  103 	.db #0x06	; 6
   003B 06                  104 	.db #0x06	; 6
   003C 06                  105 	.db #0x06	; 6
   003D 06                  106 	.db #0x06	; 6
   003E 06                  107 	.db #0x06	; 6
   003F 06                  108 	.db #0x06	; 6
   0040 06                  109 	.db #0x06	; 6
   0041 06                  110 	.db #0x06	; 6
   0042 06                  111 	.db #0x06	; 6
   0043 06                  112 	.db #0x06	; 6
   0044 06                  113 	.db #0x06	; 6
   0045 06                  114 	.db #0x06	; 6
   0046 06                  115 	.db #0x06	; 6
   0047 06                  116 	.db #0x06	; 6
   0048 06                  117 	.db #0x06	; 6
   0049 08                  118 	.db #0x08	; 8
   004A 08                  119 	.db #0x08	; 8
   004B 08                  120 	.db #0x08	; 8
   004C 08                  121 	.db #0x08	; 8
   004D 08                  122 	.db #0x08	; 8
   004E 08                  123 	.db #0x08	; 8
   004F 34                  124 	.db #0x34	; 52	'4'
   0050 06                  125 	.db #0x06	; 6
   0051 06                  126 	.db #0x06	; 6
   0052 06                  127 	.db #0x06	; 6
   0053 22                  128 	.db #0x22	; 34
   0054 06                  129 	.db #0x06	; 6
   0055 06                  130 	.db #0x06	; 6
   0056 06                  131 	.db #0x06	; 6
   0057 06                  132 	.db #0x06	; 6
   0058 06                  133 	.db #0x06	; 6
   0059 06                  134 	.db #0x06	; 6
   005A 06                  135 	.db #0x06	; 6
   005B 06                  136 	.db #0x06	; 6
   005C 06                  137 	.db #0x06	; 6
   005D 06                  138 	.db #0x06	; 6
   005E 06                  139 	.db #0x06	; 6
   005F 26                  140 	.db #0x26	; 38
   0060 06                  141 	.db #0x06	; 6
   0061 06                  142 	.db #0x06	; 6
   0062 06                  143 	.db #0x06	; 6
   0063 06                  144 	.db #0x06	; 6
   0064 22                  145 	.db #0x22	; 34
   0065 06                  146 	.db #0x06	; 6
   0066 06                  147 	.db #0x06	; 6
   0067 06                  148 	.db #0x06	; 6
   0068 26                  149 	.db #0x26	; 38
   0069 06                  150 	.db #0x06	; 6
   006A 12                  151 	.db #0x12	; 18
   006B 06                  152 	.db #0x06	; 6
   006C 26                  153 	.db #0x26	; 38
   006D 06                  154 	.db #0x06	; 6
   006E 12                  155 	.db #0x12	; 18
   006F 08                  156 	.db #0x08	; 8
   0070 08                  157 	.db #0x08	; 8
   0071 08                  158 	.db #0x08	; 8
   0072 08                  159 	.db #0x08	; 8
   0073 2A                  160 	.db #0x2A	; 42
   0074 08                  161 	.db #0x08	; 8
   0075 08                  162 	.db #0x08	; 8
   0076 08                  163 	.db #0x08	; 8
   0077 34                  164 	.db #0x34	; 52	'4'
   0078 06                  165 	.db #0x06	; 6
   0079 06                  166 	.db #0x06	; 6
   007A 06                  167 	.db #0x06	; 6
   007B 06                  168 	.db #0x06	; 6
   007C 22                  169 	.db #0x22	; 34
   007D 06                  170 	.db #0x06	; 6
   007E 06                  171 	.db #0x06	; 6
   007F 06                  172 	.db #0x06	; 6
   0080 06                  173 	.db #0x06	; 6
   0081 06                  174 	.db #0x06	; 6
   0082 06                  175 	.db #0x06	; 6
   0083 06                  176 	.db #0x06	; 6
   0084 22                  177 	.db #0x22	; 34
   0085 06                  178 	.db #0x06	; 6
   0086 06                  179 	.db #0x06	; 6
   0087 06                  180 	.db #0x06	; 6
   0088 06                  181 	.db #0x06	; 6
   0089 06                  182 	.db #0x06	; 6
   008A 06                  183 	.db #0x06	; 6
   008B 06                  184 	.db #0x06	; 6
   008C 06                  185 	.db #0x06	; 6
   008D 06                  186 	.db #0x06	; 6
   008E 06                  187 	.db #0x06	; 6
   008F 06                  188 	.db #0x06	; 6
   0090 06                  189 	.db #0x06	; 6
   0091 06                  190 	.db #0x06	; 6
   0092 06                  191 	.db #0x06	; 6
   0093 06                  192 	.db #0x06	; 6
   0094 06                  193 	.db #0x06	; 6
   0095 06                  194 	.db #0x06	; 6
   0096 08                  195 	.db #0x08	; 8
   0097 08                  196 	.db #0x08	; 8
   0098 08                  197 	.db #0x08	; 8
   0099 08                  198 	.db #0x08	; 8
   009A 08                  199 	.db #0x08	; 8
   009B 08                  200 	.db #0x08	; 8
   009C 08                  201 	.db #0x08	; 8
   009D 08                  202 	.db #0x08	; 8
   009E 08                  203 	.db #0x08	; 8
   009F 34                  204 	.db #0x34	; 52	'4'
   00A0 06                  205 	.db #0x06	; 6
   00A1 06                  206 	.db #0x06	; 6
   00A2 06                  207 	.db #0x06	; 6
   00A3 06                  208 	.db #0x06	; 6
   00A4 06                  209 	.db #0x06	; 6
   00A5 06                  210 	.db #0x06	; 6
   00A6 06                  211 	.db #0x06	; 6
   00A7 06                  212 	.db #0x06	; 6
   00A8 06                  213 	.db #0x06	; 6
   00A9 06                  214 	.db #0x06	; 6
   00AA 06                  215 	.db #0x06	; 6
   00AB 06                  216 	.db #0x06	; 6
   00AC 06                  217 	.db #0x06	; 6
   00AD 06                  218 	.db #0x06	; 6
   00AE 06                  219 	.db #0x06	; 6
   00AF 06                  220 	.db #0x06	; 6
   00B0 06                  221 	.db #0x06	; 6
   00B1 06                  222 	.db #0x06	; 6
   00B2 26                  223 	.db #0x26	; 38
   00B3 06                  224 	.db #0x06	; 6
   00B4 06                  225 	.db #0x06	; 6
   00B5 26                  226 	.db #0x26	; 38
   00B6 06                  227 	.db #0x06	; 6
   00B7 06                  228 	.db #0x06	; 6
   00B8 06                  229 	.db #0x06	; 6
   00B9 06                  230 	.db #0x06	; 6
   00BA 06                  231 	.db #0x06	; 6
   00BB 06                  232 	.db #0x06	; 6
   00BC 08                  233 	.db #0x08	; 8
   00BD 08                  234 	.db #0x08	; 8
   00BE 08                  235 	.db #0x08	; 8
   00BF 08                  236 	.db #0x08	; 8
   00C0 08                  237 	.db #0x08	; 8
   00C1 08                  238 	.db #0x08	; 8
   00C2 08                  239 	.db #0x08	; 8
   00C3 08                  240 	.db #0x08	; 8
   00C4 08                  241 	.db #0x08	; 8
   00C5 08                  242 	.db #0x08	; 8
   00C6 08                  243 	.db #0x08	; 8
   00C7 34                  244 	.db #0x34	; 52	'4'
   00C8 06                  245 	.db #0x06	; 6
   00C9 06                  246 	.db #0x06	; 6
   00CA 06                  247 	.db #0x06	; 6
   00CB 06                  248 	.db #0x06	; 6
   00CC 06                  249 	.db #0x06	; 6
   00CD 06                  250 	.db #0x06	; 6
   00CE 06                  251 	.db #0x06	; 6
   00CF 06                  252 	.db #0x06	; 6
   00D0 06                  253 	.db #0x06	; 6
   00D1 06                  254 	.db #0x06	; 6
   00D2 06                  255 	.db #0x06	; 6
   00D3 06                  256 	.db #0x06	; 6
   00D4 06                  257 	.db #0x06	; 6
   00D5 06                  258 	.db #0x06	; 6
   00D6 06                  259 	.db #0x06	; 6
   00D7 26                  260 	.db #0x26	; 38
   00D8 06                  261 	.db #0x06	; 6
   00D9 06                  262 	.db #0x06	; 6
   00DA 06                  263 	.db #0x06	; 6
   00DB 06                  264 	.db #0x06	; 6
   00DC 06                  265 	.db #0x06	; 6
   00DD 06                  266 	.db #0x06	; 6
   00DE 06                  267 	.db #0x06	; 6
   00DF 12                  268 	.db #0x12	; 18
   00E0 06                  269 	.db #0x06	; 6
   00E1 22                  270 	.db #0x22	; 34
   00E2 06                  271 	.db #0x06	; 6
   00E3 08                  272 	.db #0x08	; 8
   00E4 08                  273 	.db #0x08	; 8
   00E5 2A                  274 	.db #0x2A	; 42
   00E6 08                  275 	.db #0x08	; 8
   00E7 2C                  276 	.db #0x2C	; 44
   00E8 08                  277 	.db #0x08	; 8
   00E9 08                  278 	.db #0x08	; 8
   00EA 2A                  279 	.db #0x2A	; 42
   00EB 08                  280 	.db #0x08	; 8
   00EC 08                  281 	.db #0x08	; 8
   00ED 2A                  282 	.db #0x2A	; 42
   00EE 08                  283 	.db #0x08	; 8
   00EF 34                  284 	.db #0x34	; 52	'4'
   00F0 06                  285 	.db #0x06	; 6
   00F1 06                  286 	.db #0x06	; 6
   00F2 06                  287 	.db #0x06	; 6
   00F3 06                  288 	.db #0x06	; 6
   00F4 06                  289 	.db #0x06	; 6
   00F5 06                  290 	.db #0x06	; 6
   00F6 26                  291 	.db #0x26	; 38
   00F7 06                  292 	.db #0x06	; 6
   00F8 06                  293 	.db #0x06	; 6
   00F9 06                  294 	.db #0x06	; 6
   00FA 06                  295 	.db #0x06	; 6
   00FB 06                  296 	.db #0x06	; 6
   00FC 06                  297 	.db #0x06	; 6
   00FD 06                  298 	.db #0x06	; 6
   00FE 22                  299 	.db #0x22	; 34
   00FF 06                  300 	.db #0x06	; 6
   0100 06                  301 	.db #0x06	; 6
   0101 06                  302 	.db #0x06	; 6
   0102 06                  303 	.db #0x06	; 6
   0103 06                  304 	.db #0x06	; 6
   0104 06                  305 	.db #0x06	; 6
   0105 06                  306 	.db #0x06	; 6
   0106 06                  307 	.db #0x06	; 6
   0107 06                  308 	.db #0x06	; 6
   0108 06                  309 	.db #0x06	; 6
   0109 06                  310 	.db #0x06	; 6
   010A 08                  311 	.db #0x08	; 8
   010B 08                  312 	.db #0x08	; 8
   010C 08                  313 	.db #0x08	; 8
   010D 08                  314 	.db #0x08	; 8
   010E 08                  315 	.db #0x08	; 8
   010F 08                  316 	.db #0x08	; 8
   0110 08                  317 	.db #0x08	; 8
   0111 08                  318 	.db #0x08	; 8
   0112 08                  319 	.db #0x08	; 8
   0113 08                  320 	.db #0x08	; 8
   0114 08                  321 	.db #0x08	; 8
   0115 08                  322 	.db #0x08	; 8
   0116 08                  323 	.db #0x08	; 8
   0117 34                  324 	.db #0x34	; 52	'4'
   0118 06                  325 	.db #0x06	; 6
   0119 06                  326 	.db #0x06	; 6
   011A 06                  327 	.db #0x06	; 6
   011B 06                  328 	.db #0x06	; 6
   011C 06                  329 	.db #0x06	; 6
   011D 06                  330 	.db #0x06	; 6
   011E 06                  331 	.db #0x06	; 6
   011F 06                  332 	.db #0x06	; 6
   0120 06                  333 	.db #0x06	; 6
   0121 26                  334 	.db #0x26	; 38
   0122 06                  335 	.db #0x06	; 6
   0123 06                  336 	.db #0x06	; 6
   0124 06                  337 	.db #0x06	; 6
   0125 06                  338 	.db #0x06	; 6
   0126 06                  339 	.db #0x06	; 6
   0127 06                  340 	.db #0x06	; 6
   0128 06                  341 	.db #0x06	; 6
   0129 06                  342 	.db #0x06	; 6
   012A 06                  343 	.db #0x06	; 6
   012B 06                  344 	.db #0x06	; 6
   012C 06                  345 	.db #0x06	; 6
   012D 06                  346 	.db #0x06	; 6
   012E 06                  347 	.db #0x06	; 6
   012F 06                  348 	.db #0x06	; 6
   0130 08                  349 	.db #0x08	; 8
   0131 08                  350 	.db #0x08	; 8
   0132 08                  351 	.db #0x08	; 8
   0133 08                  352 	.db #0x08	; 8
   0134 08                  353 	.db #0x08	; 8
   0135 08                  354 	.db #0x08	; 8
   0136 08                  355 	.db #0x08	; 8
   0137 08                  356 	.db #0x08	; 8
   0138 08                  357 	.db #0x08	; 8
   0139 08                  358 	.db #0x08	; 8
   013A 08                  359 	.db #0x08	; 8
   013B 08                  360 	.db #0x08	; 8
   013C 02                  361 	.db #0x02	; 2
   013D 02                  362 	.db #0x02	; 2
   013E 02                  363 	.db #0x02	; 2
   013F 27                  364 	.db #0x27	; 39
   0140 06                  365 	.db #0x06	; 6
   0141 06                  366 	.db #0x06	; 6
   0142 06                  367 	.db #0x06	; 6
   0143 06                  368 	.db #0x06	; 6
   0144 06                  369 	.db #0x06	; 6
   0145 06                  370 	.db #0x06	; 6
   0146 06                  371 	.db #0x06	; 6
   0147 06                  372 	.db #0x06	; 6
   0148 06                  373 	.db #0x06	; 6
   0149 06                  374 	.db #0x06	; 6
   014A 06                  375 	.db #0x06	; 6
   014B 06                  376 	.db #0x06	; 6
   014C 06                  377 	.db #0x06	; 6
   014D 06                  378 	.db #0x06	; 6
   014E 22                  379 	.db #0x22	; 34
   014F 06                  380 	.db #0x06	; 6
   0150 06                  381 	.db #0x06	; 6
   0151 06                  382 	.db #0x06	; 6
   0152 06                  383 	.db #0x06	; 6
   0153 22                  384 	.db #0x22	; 34
   0154 06                  385 	.db #0x06	; 6
   0155 06                  386 	.db #0x06	; 6
   0156 06                  387 	.db #0x06	; 6
   0157 08                  388 	.db #0x08	; 8
   0158 08                  389 	.db #0x08	; 8
   0159 08                  390 	.db #0x08	; 8
   015A 08                  391 	.db #0x08	; 8
   015B 08                  392 	.db #0x08	; 8
   015C 08                  393 	.db #0x08	; 8
   015D 08                  394 	.db #0x08	; 8
   015E 08                  395 	.db #0x08	; 8
   015F 08                  396 	.db #0x08	; 8
   0160 08                  397 	.db #0x08	; 8
   0161 08                  398 	.db #0x08	; 8
   0162 02                  399 	.db #0x02	; 2
   0163 02                  400 	.db #0x02	; 2
   0164 02                  401 	.db #0x02	; 2
   0165 02                  402 	.db #0x02	; 2
   0166 2D                  403 	.db #0x2D	; 45
   0167 27                  404 	.db #0x27	; 39
   0168 06                  405 	.db #0x06	; 6
   0169 06                  406 	.db #0x06	; 6
   016A 22                  407 	.db #0x22	; 34
   016B 06                  408 	.db #0x06	; 6
   016C 06                  409 	.db #0x06	; 6
   016D 06                  410 	.db #0x06	; 6
   016E 06                  411 	.db #0x06	; 6
   016F 06                  412 	.db #0x06	; 6
   0170 06                  413 	.db #0x06	; 6
   0171 06                  414 	.db #0x06	; 6
   0172 06                  415 	.db #0x06	; 6
   0173 06                  416 	.db #0x06	; 6
   0174 06                  417 	.db #0x06	; 6
   0175 06                  418 	.db #0x06	; 6
   0176 06                  419 	.db #0x06	; 6
   0177 06                  420 	.db #0x06	; 6
   0178 06                  421 	.db #0x06	; 6
   0179 06                  422 	.db #0x06	; 6
   017A 06                  423 	.db #0x06	; 6
   017B 06                  424 	.db #0x06	; 6
   017C 2B                  425 	.db #0x2B	; 43
   017D 06                  426 	.db #0x06	; 6
   017E 06                  427 	.db #0x06	; 6
   017F 08                  428 	.db #0x08	; 8
   0180 08                  429 	.db #0x08	; 8
   0181 08                  430 	.db #0x08	; 8
   0182 08                  431 	.db #0x08	; 8
   0183 08                  432 	.db #0x08	; 8
   0184 2A                  433 	.db #0x2A	; 42
   0185 08                  434 	.db #0x08	; 8
   0186 08                  435 	.db #0x08	; 8
   0187 08                  436 	.db #0x08	; 8
   0188 02                  437 	.db #0x02	; 2
   0189 02                  438 	.db #0x02	; 2
   018A 02                  439 	.db #0x02	; 2
   018B 02                  440 	.db #0x02	; 2
   018C 02                  441 	.db #0x02	; 2
   018D 02                  442 	.db #0x02	; 2
   018E 02                  443 	.db #0x02	; 2
   018F 27                  444 	.db #0x27	; 39
   0190 06                  445 	.db #0x06	; 6
   0191 06                  446 	.db #0x06	; 6
   0192 06                  447 	.db #0x06	; 6
   0193 06                  448 	.db #0x06	; 6
   0194 06                  449 	.db #0x06	; 6
   0195 06                  450 	.db #0x06	; 6
   0196 06                  451 	.db #0x06	; 6
   0197 06                  452 	.db #0x06	; 6
   0198 26                  453 	.db #0x26	; 38
   0199 06                  454 	.db #0x06	; 6
   019A 06                  455 	.db #0x06	; 6
   019B 06                  456 	.db #0x06	; 6
   019C 06                  457 	.db #0x06	; 6
   019D 06                  458 	.db #0x06	; 6
   019E 06                  459 	.db #0x06	; 6
   019F 06                  460 	.db #0x06	; 6
   01A0 06                  461 	.db #0x06	; 6
   01A1 06                  462 	.db #0x06	; 6
   01A2 06                  463 	.db #0x06	; 6
   01A3 06                  464 	.db #0x06	; 6
   01A4 06                  465 	.db #0x06	; 6
   01A5 06                  466 	.db #0x06	; 6
   01A6 08                  467 	.db #0x08	; 8
   01A7 08                  468 	.db #0x08	; 8
   01A8 08                  469 	.db #0x08	; 8
   01A9 08                  470 	.db #0x08	; 8
   01AA 08                  471 	.db #0x08	; 8
   01AB 08                  472 	.db #0x08	; 8
   01AC 08                  473 	.db #0x08	; 8
   01AD 08                  474 	.db #0x08	; 8
   01AE 08                  475 	.db #0x08	; 8
   01AF 02                  476 	.db #0x02	; 2
   01B0 02                  477 	.db #0x02	; 2
   01B1 02                  478 	.db #0x02	; 2
   01B2 02                  479 	.db #0x02	; 2
   01B3 02                  480 	.db #0x02	; 2
   01B4 02                  481 	.db #0x02	; 2
   01B5 02                  482 	.db #0x02	; 2
   01B6 02                  483 	.db #0x02	; 2
   01B7 27                  484 	.db #0x27	; 39
   01B8 06                  485 	.db #0x06	; 6
   01B9 06                  486 	.db #0x06	; 6
   01BA 06                  487 	.db #0x06	; 6
   01BB 06                  488 	.db #0x06	; 6
   01BC 06                  489 	.db #0x06	; 6
   01BD 06                  490 	.db #0x06	; 6
   01BE 06                  491 	.db #0x06	; 6
   01BF 06                  492 	.db #0x06	; 6
   01C0 06                  493 	.db #0x06	; 6
   01C1 06                  494 	.db #0x06	; 6
   01C2 06                  495 	.db #0x06	; 6
   01C3 06                  496 	.db #0x06	; 6
   01C4 06                  497 	.db #0x06	; 6
   01C5 06                  498 	.db #0x06	; 6
   01C6 06                  499 	.db #0x06	; 6
   01C7 06                  500 	.db #0x06	; 6
   01C8 06                  501 	.db #0x06	; 6
   01C9 06                  502 	.db #0x06	; 6
   01CA 06                  503 	.db #0x06	; 6
   01CB 06                  504 	.db #0x06	; 6
   01CC 06                  505 	.db #0x06	; 6
   01CD 08                  506 	.db #0x08	; 8
   01CE 08                  507 	.db #0x08	; 8
   01CF 08                  508 	.db #0x08	; 8
   01D0 08                  509 	.db #0x08	; 8
   01D1 2C                  510 	.db #0x2C	; 44
   01D2 08                  511 	.db #0x08	; 8
   01D3 08                  512 	.db #0x08	; 8
   01D4 08                  513 	.db #0x08	; 8
   01D5 08                  514 	.db #0x08	; 8
   01D6 02                  515 	.db #0x02	; 2
   01D7 02                  516 	.db #0x02	; 2
   01D8 02                  517 	.db #0x02	; 2
   01D9 2D                  518 	.db #0x2D	; 45
   01DA 02                  519 	.db #0x02	; 2
   01DB 02                  520 	.db #0x02	; 2
   01DC 02                  521 	.db #0x02	; 2
   01DD 01                  522 	.db #0x01	; 1
   01DE 01                  523 	.db #0x01	; 1
   01DF 1F                  524 	.db #0x1F	; 31
   01E0 06                  525 	.db #0x06	; 6
   01E1 06                  526 	.db #0x06	; 6
   01E2 06                  527 	.db #0x06	; 6
   01E3 06                  528 	.db #0x06	; 6
   01E4 06                  529 	.db #0x06	; 6
   01E5 06                  530 	.db #0x06	; 6
   01E6 06                  531 	.db #0x06	; 6
   01E7 06                  532 	.db #0x06	; 6
   01E8 06                  533 	.db #0x06	; 6
   01E9 06                  534 	.db #0x06	; 6
   01EA 06                  535 	.db #0x06	; 6
   01EB 22                  536 	.db #0x22	; 34
   01EC 06                  537 	.db #0x06	; 6
   01ED 06                  538 	.db #0x06	; 6
   01EE 06                  539 	.db #0x06	; 6
   01EF 06                  540 	.db #0x06	; 6
   01F0 06                  541 	.db #0x06	; 6
   01F1 06                  542 	.db #0x06	; 6
   01F2 06                  543 	.db #0x06	; 6
   01F3 06                  544 	.db #0x06	; 6
   01F4 06                  545 	.db #0x06	; 6
   01F5 08                  546 	.db #0x08	; 8
   01F6 08                  547 	.db #0x08	; 8
   01F7 08                  548 	.db #0x08	; 8
   01F8 08                  549 	.db #0x08	; 8
   01F9 08                  550 	.db #0x08	; 8
   01FA 08                  551 	.db #0x08	; 8
   01FB 08                  552 	.db #0x08	; 8
   01FC 08                  553 	.db #0x08	; 8
   01FD 02                  554 	.db #0x02	; 2
   01FE 02                  555 	.db #0x02	; 2
   01FF 02                  556 	.db #0x02	; 2
   0200 02                  557 	.db #0x02	; 2
   0201 02                  558 	.db #0x02	; 2
   0202 02                  559 	.db #0x02	; 2
   0203 02                  560 	.db #0x02	; 2
   0204 01                  561 	.db #0x01	; 1
   0205 01                  562 	.db #0x01	; 1
   0206 01                  563 	.db #0x01	; 1
   0207 1F                  564 	.db #0x1F	; 31
   0208 06                  565 	.db #0x06	; 6
   0209 06                  566 	.db #0x06	; 6
   020A 06                  567 	.db #0x06	; 6
   020B 06                  568 	.db #0x06	; 6
   020C 22                  569 	.db #0x22	; 34
   020D 06                  570 	.db #0x06	; 6
   020E 06                  571 	.db #0x06	; 6
   020F 06                  572 	.db #0x06	; 6
   0210 06                  573 	.db #0x06	; 6
   0211 06                  574 	.db #0x06	; 6
   0212 06                  575 	.db #0x06	; 6
   0213 06                  576 	.db #0x06	; 6
   0214 06                  577 	.db #0x06	; 6
   0215 06                  578 	.db #0x06	; 6
   0216 06                  579 	.db #0x06	; 6
   0217 06                  580 	.db #0x06	; 6
   0218 06                  581 	.db #0x06	; 6
   0219 06                  582 	.db #0x06	; 6
   021A 06                  583 	.db #0x06	; 6
   021B 06                  584 	.db #0x06	; 6
   021C 08                  585 	.db #0x08	; 8
   021D 08                  586 	.db #0x08	; 8
   021E 2A                  587 	.db #0x2A	; 42
   021F 08                  588 	.db #0x08	; 8
   0220 08                  589 	.db #0x08	; 8
   0221 08                  590 	.db #0x08	; 8
   0222 08                  591 	.db #0x08	; 8
   0223 08                  592 	.db #0x08	; 8
   0224 02                  593 	.db #0x02	; 2
   0225 02                  594 	.db #0x02	; 2
   0226 02                  595 	.db #0x02	; 2
   0227 02                  596 	.db #0x02	; 2
   0228 02                  597 	.db #0x02	; 2
   0229 02                  598 	.db #0x02	; 2
   022A 02                  599 	.db #0x02	; 2
   022B 01                  600 	.db #0x01	; 1
   022C 01                  601 	.db #0x01	; 1
   022D 03                  602 	.db #0x03	; 3
   022E 01                  603 	.db #0x01	; 1
   022F 1F                  604 	.db #0x1F	; 31
   0230 06                  605 	.db #0x06	; 6
   0231 06                  606 	.db #0x06	; 6
   0232 06                  607 	.db #0x06	; 6
   0233 06                  608 	.db #0x06	; 6
   0234 06                  609 	.db #0x06	; 6
   0235 06                  610 	.db #0x06	; 6
   0236 06                  611 	.db #0x06	; 6
   0237 06                  612 	.db #0x06	; 6
   0238 06                  613 	.db #0x06	; 6
   0239 06                  614 	.db #0x06	; 6
   023A 06                  615 	.db #0x06	; 6
   023B 06                  616 	.db #0x06	; 6
   023C 22                  617 	.db #0x22	; 34
   023D 06                  618 	.db #0x06	; 6
   023E 06                  619 	.db #0x06	; 6
   023F 22                  620 	.db #0x22	; 34
   0240 12                  621 	.db #0x12	; 18
   0241 06                  622 	.db #0x06	; 6
   0242 06                  623 	.db #0x06	; 6
   0243 06                  624 	.db #0x06	; 6
   0244 08                  625 	.db #0x08	; 8
   0245 08                  626 	.db #0x08	; 8
   0246 08                  627 	.db #0x08	; 8
   0247 08                  628 	.db #0x08	; 8
   0248 08                  629 	.db #0x08	; 8
   0249 08                  630 	.db #0x08	; 8
   024A 08                  631 	.db #0x08	; 8
   024B 02                  632 	.db #0x02	; 2
   024C 02                  633 	.db #0x02	; 2
   024D 2D                  634 	.db #0x2D	; 45
   024E 02                  635 	.db #0x02	; 2
   024F 2E                  636 	.db #0x2E	; 46
   0250 02                  637 	.db #0x02	; 2
   0251 02                  638 	.db #0x02	; 2
   0252 01                  639 	.db #0x01	; 1
   0253 01                  640 	.db #0x01	; 1
   0254 01                  641 	.db #0x01	; 1
   0255 01                  642 	.db #0x01	; 1
   0256 01                  643 	.db #0x01	; 1
   0257 1F                  644 	.db #0x1F	; 31
   0258 06                  645 	.db #0x06	; 6
   0259 06                  646 	.db #0x06	; 6
   025A 06                  647 	.db #0x06	; 6
   025B 06                  648 	.db #0x06	; 6
   025C 06                  649 	.db #0x06	; 6
   025D 06                  650 	.db #0x06	; 6
   025E 06                  651 	.db #0x06	; 6
   025F 06                  652 	.db #0x06	; 6
   0260 06                  653 	.db #0x06	; 6
   0261 06                  654 	.db #0x06	; 6
   0262 06                  655 	.db #0x06	; 6
   0263 06                  656 	.db #0x06	; 6
   0264 06                  657 	.db #0x06	; 6
   0265 06                  658 	.db #0x06	; 6
   0266 06                  659 	.db #0x06	; 6
   0267 06                  660 	.db #0x06	; 6
   0268 06                  661 	.db #0x06	; 6
   0269 06                  662 	.db #0x06	; 6
   026A 06                  663 	.db #0x06	; 6
   026B 08                  664 	.db #0x08	; 8
   026C 08                  665 	.db #0x08	; 8
   026D 08                  666 	.db #0x08	; 8
   026E 2C                  667 	.db #0x2C	; 44
   026F 08                  668 	.db #0x08	; 8
   0270 08                  669 	.db #0x08	; 8
   0271 08                  670 	.db #0x08	; 8
   0272 08                  671 	.db #0x08	; 8
   0273 02                  672 	.db #0x02	; 2
   0274 02                  673 	.db #0x02	; 2
   0275 02                  674 	.db #0x02	; 2
   0276 02                  675 	.db #0x02	; 2
   0277 02                  676 	.db #0x02	; 2
   0278 02                  677 	.db #0x02	; 2
   0279 01                  678 	.db #0x01	; 1
   027A 01                  679 	.db #0x01	; 1
   027B 01                  680 	.db #0x01	; 1
   027C 01                  681 	.db #0x01	; 1
   027D 01                  682 	.db #0x01	; 1
   027E 01                  683 	.db #0x01	; 1
   027F 1F                  684 	.db #0x1F	; 31
   0280 06                  685 	.db #0x06	; 6
   0281 06                  686 	.db #0x06	; 6
   0282 06                  687 	.db #0x06	; 6
   0283 06                  688 	.db #0x06	; 6
   0284 06                  689 	.db #0x06	; 6
   0285 06                  690 	.db #0x06	; 6
   0286 06                  691 	.db #0x06	; 6
   0287 06                  692 	.db #0x06	; 6
   0288 06                  693 	.db #0x06	; 6
   0289 06                  694 	.db #0x06	; 6
   028A 06                  695 	.db #0x06	; 6
   028B 06                  696 	.db #0x06	; 6
   028C 06                  697 	.db #0x06	; 6
   028D 06                  698 	.db #0x06	; 6
   028E 06                  699 	.db #0x06	; 6
   028F 06                  700 	.db #0x06	; 6
   0290 06                  701 	.db #0x06	; 6
   0291 06                  702 	.db #0x06	; 6
   0292 06                  703 	.db #0x06	; 6
   0293 08                  704 	.db #0x08	; 8
   0294 08                  705 	.db #0x08	; 8
   0295 08                  706 	.db #0x08	; 8
   0296 08                  707 	.db #0x08	; 8
   0297 08                  708 	.db #0x08	; 8
   0298 08                  709 	.db #0x08	; 8
   0299 08                  710 	.db #0x08	; 8
   029A 02                  711 	.db #0x02	; 2
   029B 02                  712 	.db #0x02	; 2
   029C 02                  713 	.db #0x02	; 2
   029D 02                  714 	.db #0x02	; 2
   029E 02                  715 	.db #0x02	; 2
   029F 02                  716 	.db #0x02	; 2
   02A0 02                  717 	.db #0x02	; 2
   02A1 01                  718 	.db #0x01	; 1
   02A2 16                  719 	.db #0x16	; 22
   02A3 1D                  720 	.db #0x1D	; 29
   02A4 1D                  721 	.db #0x1D	; 29
   02A5 15                  722 	.db #0x15	; 21
   02A6 01                  723 	.db #0x01	; 1
   02A7 1F                  724 	.db #0x1F	; 31
   02A8 06                  725 	.db #0x06	; 6
   02A9 06                  726 	.db #0x06	; 6
   02AA 06                  727 	.db #0x06	; 6
   02AB 06                  728 	.db #0x06	; 6
   02AC 06                  729 	.db #0x06	; 6
   02AD 06                  730 	.db #0x06	; 6
   02AE 06                  731 	.db #0x06	; 6
   02AF 06                  732 	.db #0x06	; 6
   02B0 06                  733 	.db #0x06	; 6
   02B1 06                  734 	.db #0x06	; 6
   02B2 22                  735 	.db #0x22	; 34
   02B3 06                  736 	.db #0x06	; 6
   02B4 06                  737 	.db #0x06	; 6
   02B5 06                  738 	.db #0x06	; 6
   02B6 06                  739 	.db #0x06	; 6
   02B7 06                  740 	.db #0x06	; 6
   02B8 06                  741 	.db #0x06	; 6
   02B9 06                  742 	.db #0x06	; 6
   02BA 08                  743 	.db #0x08	; 8
   02BB 08                  744 	.db #0x08	; 8
   02BC 08                  745 	.db #0x08	; 8
   02BD 08                  746 	.db #0x08	; 8
   02BE 08                  747 	.db #0x08	; 8
   02BF 08                  748 	.db #0x08	; 8
   02C0 08                  749 	.db #0x08	; 8
   02C1 08                  750 	.db #0x08	; 8
   02C2 02                  751 	.db #0x02	; 2
   02C3 02                  752 	.db #0x02	; 2
   02C4 2E                  753 	.db #0x2E	; 46
   02C5 02                  754 	.db #0x02	; 2
   02C6 02                  755 	.db #0x02	; 2
   02C7 02                  756 	.db #0x02	; 2
   02C8 01                  757 	.db #0x01	; 1
   02C9 07                  758 	.db #0x07	; 7
   02CA 1A                  759 	.db #0x1A	; 26
   02CB 20                  760 	.db #0x20	; 32
   02CC 21                  761 	.db #0x21	; 33
   02CD 1C                  762 	.db #0x1C	; 28
   02CE 01                  763 	.db #0x01	; 1
   02CF 1F                  764 	.db #0x1F	; 31
   02D0 22                  765 	.db #0x22	; 34
   02D1 06                  766 	.db #0x06	; 6
   02D2 06                  767 	.db #0x06	; 6
   02D3 06                  768 	.db #0x06	; 6
   02D4 06                  769 	.db #0x06	; 6
   02D5 06                  770 	.db #0x06	; 6
   02D6 06                  771 	.db #0x06	; 6
   02D7 26                  772 	.db #0x26	; 38
   02D8 06                  773 	.db #0x06	; 6
   02D9 06                  774 	.db #0x06	; 6
   02DA 06                  775 	.db #0x06	; 6
   02DB 06                  776 	.db #0x06	; 6
   02DC 06                  777 	.db #0x06	; 6
   02DD 06                  778 	.db #0x06	; 6
   02DE 06                  779 	.db #0x06	; 6
   02DF 06                  780 	.db #0x06	; 6
   02E0 06                  781 	.db #0x06	; 6
   02E1 06                  782 	.db #0x06	; 6
   02E2 08                  783 	.db #0x08	; 8
   02E3 08                  784 	.db #0x08	; 8
   02E4 08                  785 	.db #0x08	; 8
   02E5 08                  786 	.db #0x08	; 8
   02E6 08                  787 	.db #0x08	; 8
   02E7 08                  788 	.db #0x08	; 8
   02E8 08                  789 	.db #0x08	; 8
   02E9 02                  790 	.db #0x02	; 2
   02EA 02                  791 	.db #0x02	; 2
   02EB 02                  792 	.db #0x02	; 2
   02EC 02                  793 	.db #0x02	; 2
   02ED 02                  794 	.db #0x02	; 2
   02EE 02                  795 	.db #0x02	; 2
   02EF 02                  796 	.db #0x02	; 2
   02F0 01                  797 	.db #0x01	; 1
   02F1 01                  798 	.db #0x01	; 1
   02F2 1A                  799 	.db #0x1A	; 26
   02F3 24                  800 	.db #0x24	; 36
   02F4 25                  801 	.db #0x25	; 37
   02F5 1C                  802 	.db #0x1C	; 28
   02F6 01                  803 	.db #0x01	; 1
   02F7 1F                  804 	.db #0x1F	; 31
   02F8 06                  805 	.db #0x06	; 6
   02F9 06                  806 	.db #0x06	; 6
   02FA 06                  807 	.db #0x06	; 6
   02FB 06                  808 	.db #0x06	; 6
   02FC 26                  809 	.db #0x26	; 38
   02FD 06                  810 	.db #0x06	; 6
   02FE 06                  811 	.db #0x06	; 6
   02FF 06                  812 	.db #0x06	; 6
   0300 06                  813 	.db #0x06	; 6
   0301 06                  814 	.db #0x06	; 6
   0302 06                  815 	.db #0x06	; 6
   0303 06                  816 	.db #0x06	; 6
   0304 06                  817 	.db #0x06	; 6
   0305 06                  818 	.db #0x06	; 6
   0306 06                  819 	.db #0x06	; 6
   0307 22                  820 	.db #0x22	; 34
   0308 06                  821 	.db #0x06	; 6
   0309 08                  822 	.db #0x08	; 8
   030A 2A                  823 	.db #0x2A	; 42
   030B 08                  824 	.db #0x08	; 8
   030C 08                  825 	.db #0x08	; 8
   030D 08                  826 	.db #0x08	; 8
   030E 2C                  827 	.db #0x2C	; 44
   030F 08                  828 	.db #0x08	; 8
   0310 02                  829 	.db #0x02	; 2
   0311 02                  830 	.db #0x02	; 2
   0312 02                  831 	.db #0x02	; 2
   0313 02                  832 	.db #0x02	; 2
   0314 02                  833 	.db #0x02	; 2
   0315 02                  834 	.db #0x02	; 2
   0316 02                  835 	.db #0x02	; 2
   0317 02                  836 	.db #0x02	; 2
   0318 02                  837 	.db #0x02	; 2
   0319 01                  838 	.db #0x01	; 1
   031A 1A                  839 	.db #0x1A	; 26
   031B 28                  840 	.db #0x28	; 40
   031C 29                  841 	.db #0x29	; 41
   031D 1C                  842 	.db #0x1C	; 28
   031E 01                  843 	.db #0x01	; 1
   031F 1F                  844 	.db #0x1F	; 31
   0320 06                  845 	.db #0x06	; 6
   0321 06                  846 	.db #0x06	; 6
   0322 06                  847 	.db #0x06	; 6
   0323 06                  848 	.db #0x06	; 6
   0324 06                  849 	.db #0x06	; 6
   0325 06                  850 	.db #0x06	; 6
   0326 06                  851 	.db #0x06	; 6
   0327 06                  852 	.db #0x06	; 6
   0328 06                  853 	.db #0x06	; 6
   0329 06                  854 	.db #0x06	; 6
   032A 06                  855 	.db #0x06	; 6
   032B 06                  856 	.db #0x06	; 6
   032C 22                  857 	.db #0x22	; 34
   032D 06                  858 	.db #0x06	; 6
   032E 06                  859 	.db #0x06	; 6
   032F 06                  860 	.db #0x06	; 6
   0330 06                  861 	.db #0x06	; 6
   0331 08                  862 	.db #0x08	; 8
   0332 08                  863 	.db #0x08	; 8
   0333 08                  864 	.db #0x08	; 8
   0334 08                  865 	.db #0x08	; 8
   0335 08                  866 	.db #0x08	; 8
   0336 08                  867 	.db #0x08	; 8
   0337 08                  868 	.db #0x08	; 8
   0338 02                  869 	.db #0x02	; 2
   0339 02                  870 	.db #0x02	; 2
   033A 02                  871 	.db #0x02	; 2
   033B 02                  872 	.db #0x02	; 2
   033C 02                  873 	.db #0x02	; 2
   033D 02                  874 	.db #0x02	; 2
   033E 02                  875 	.db #0x02	; 2
   033F 02                  876 	.db #0x02	; 2
   0340 01                  877 	.db #0x01	; 1
   0341 01                  878 	.db #0x01	; 1
   0342 19                  879 	.db #0x19	; 25
   0343 1E                  880 	.db #0x1E	; 30
   0344 1E                  881 	.db #0x1E	; 30
   0345 18                  882 	.db #0x18	; 24
   0346 01                  883 	.db #0x01	; 1
   0347 1F                  884 	.db #0x1F	; 31
   0348 06                  885 	.db #0x06	; 6
   0349 06                  886 	.db #0x06	; 6
   034A 06                  887 	.db #0x06	; 6
   034B 06                  888 	.db #0x06	; 6
   034C 06                  889 	.db #0x06	; 6
   034D 06                  890 	.db #0x06	; 6
   034E 06                  891 	.db #0x06	; 6
   034F 06                  892 	.db #0x06	; 6
   0350 06                  893 	.db #0x06	; 6
   0351 06                  894 	.db #0x06	; 6
   0352 06                  895 	.db #0x06	; 6
   0353 06                  896 	.db #0x06	; 6
   0354 06                  897 	.db #0x06	; 6
   0355 06                  898 	.db #0x06	; 6
   0356 06                  899 	.db #0x06	; 6
   0357 06                  900 	.db #0x06	; 6
   0358 2F                  901 	.db #0x2F	; 47
   0359 08                  902 	.db #0x08	; 8
   035A 08                  903 	.db #0x08	; 8
   035B 08                  904 	.db #0x08	; 8
   035C 08                  905 	.db #0x08	; 8
   035D 08                  906 	.db #0x08	; 8
   035E 08                  907 	.db #0x08	; 8
   035F 08                  908 	.db #0x08	; 8
   0360 02                  909 	.db #0x02	; 2
   0361 2E                  910 	.db #0x2E	; 46
   0362 02                  911 	.db #0x02	; 2
   0363 02                  912 	.db #0x02	; 2
   0364 02                  913 	.db #0x02	; 2
   0365 2D                  914 	.db #0x2D	; 45
   0366 02                  915 	.db #0x02	; 2
   0367 02                  916 	.db #0x02	; 2
   0368 02                  917 	.db #0x02	; 2
   0369 01                  918 	.db #0x01	; 1
   036A 01                  919 	.db #0x01	; 1
   036B 01                  920 	.db #0x01	; 1
   036C 01                  921 	.db #0x01	; 1
   036D 01                  922 	.db #0x01	; 1
   036E 07                  923 	.db #0x07	; 7
   036F 1F                  924 	.db #0x1F	; 31
   0370 06                  925 	.db #0x06	; 6
   0371 06                  926 	.db #0x06	; 6
   0372 06                  927 	.db #0x06	; 6
   0373 06                  928 	.db #0x06	; 6
   0374 06                  929 	.db #0x06	; 6
   0375 06                  930 	.db #0x06	; 6
   0376 06                  931 	.db #0x06	; 6
   0377 06                  932 	.db #0x06	; 6
   0378 22                  933 	.db #0x22	; 34
   0379 06                  934 	.db #0x06	; 6
   037A 06                  935 	.db #0x06	; 6
   037B 06                  936 	.db #0x06	; 6
   037C 06                  937 	.db #0x06	; 6
   037D 06                  938 	.db #0x06	; 6
   037E 06                  939 	.db #0x06	; 6
   037F 06                  940 	.db #0x06	; 6
   0380 06                  941 	.db #0x06	; 6
   0381 06                  942 	.db #0x06	; 6
   0382 08                  943 	.db #0x08	; 8
   0383 08                  944 	.db #0x08	; 8
   0384 08                  945 	.db #0x08	; 8
   0385 08                  946 	.db #0x08	; 8
   0386 08                  947 	.db #0x08	; 8
   0387 08                  948 	.db #0x08	; 8
   0388 08                  949 	.db #0x08	; 8
   0389 02                  950 	.db #0x02	; 2
   038A 02                  951 	.db #0x02	; 2
   038B 02                  952 	.db #0x02	; 2
   038C 02                  953 	.db #0x02	; 2
   038D 02                  954 	.db #0x02	; 2
   038E 02                  955 	.db #0x02	; 2
   038F 02                  956 	.db #0x02	; 2
   0390 02                  957 	.db #0x02	; 2
   0391 02                  958 	.db #0x02	; 2
   0392 01                  959 	.db #0x01	; 1
   0393 01                  960 	.db #0x01	; 1
   0394 01                  961 	.db #0x01	; 1
   0395 01                  962 	.db #0x01	; 1
   0396 01                  963 	.db #0x01	; 1
   0397 1F                  964 	.db #0x1F	; 31
   0398 06                  965 	.db #0x06	; 6
   0399 06                  966 	.db #0x06	; 6
   039A 06                  967 	.db #0x06	; 6
   039B 06                  968 	.db #0x06	; 6
   039C 06                  969 	.db #0x06	; 6
   039D 06                  970 	.db #0x06	; 6
   039E 06                  971 	.db #0x06	; 6
   039F 06                  972 	.db #0x06	; 6
   03A0 06                  973 	.db #0x06	; 6
   03A1 06                  974 	.db #0x06	; 6
   03A2 06                  975 	.db #0x06	; 6
   03A3 06                  976 	.db #0x06	; 6
   03A4 06                  977 	.db #0x06	; 6
   03A5 06                  978 	.db #0x06	; 6
   03A6 06                  979 	.db #0x06	; 6
   03A7 06                  980 	.db #0x06	; 6
   03A8 22                  981 	.db #0x22	; 34
   03A9 06                  982 	.db #0x06	; 6
   03AA 06                  983 	.db #0x06	; 6
   03AB 08                  984 	.db #0x08	; 8
   03AC 08                  985 	.db #0x08	; 8
   03AD 08                  986 	.db #0x08	; 8
   03AE 08                  987 	.db #0x08	; 8
   03AF 08                  988 	.db #0x08	; 8
   03B0 08                  989 	.db #0x08	; 8
   03B1 02                  990 	.db #0x02	; 2
   03B2 02                  991 	.db #0x02	; 2
   03B3 02                  992 	.db #0x02	; 2
   03B4 02                  993 	.db #0x02	; 2
   03B5 02                  994 	.db #0x02	; 2
   03B6 02                  995 	.db #0x02	; 2
   03B7 02                  996 	.db #0x02	; 2
   03B8 02                  997 	.db #0x02	; 2
   03B9 02                  998 	.db #0x02	; 2
   03BA 01                  999 	.db #0x01	; 1
   03BB 01                 1000 	.db #0x01	; 1
   03BC 07                 1001 	.db #0x07	; 7
   03BD 01                 1002 	.db #0x01	; 1
   03BE 01                 1003 	.db #0x01	; 1
   03BF 1F                 1004 	.db #0x1F	; 31
   03C0 06                 1005 	.db #0x06	; 6
   03C1 06                 1006 	.db #0x06	; 6
   03C2 26                 1007 	.db #0x26	; 38
   03C3 06                 1008 	.db #0x06	; 6
   03C4 06                 1009 	.db #0x06	; 6
   03C5 06                 1010 	.db #0x06	; 6
   03C6 06                 1011 	.db #0x06	; 6
   03C7 06                 1012 	.db #0x06	; 6
   03C8 06                 1013 	.db #0x06	; 6
   03C9 06                 1014 	.db #0x06	; 6
   03CA 06                 1015 	.db #0x06	; 6
   03CB 06                 1016 	.db #0x06	; 6
   03CC 06                 1017 	.db #0x06	; 6
   03CD 06                 1018 	.db #0x06	; 6
   03CE 06                 1019 	.db #0x06	; 6
   03CF 06                 1020 	.db #0x06	; 6
   03D0 06                 1021 	.db #0x06	; 6
   03D1 06                 1022 	.db #0x06	; 6
   03D2 06                 1023 	.db #0x06	; 6
   03D3 08                 1024 	.db #0x08	; 8
   03D4 2A                 1025 	.db #0x2A	; 42
   03D5 08                 1026 	.db #0x08	; 8
   03D6 2C                 1027 	.db #0x2C	; 44
   03D7 08                 1028 	.db #0x08	; 8
   03D8 08                 1029 	.db #0x08	; 8
   03D9 08                 1030 	.db #0x08	; 8
   03DA 02                 1031 	.db #0x02	; 2
   03DB 02                 1032 	.db #0x02	; 2
   03DC 02                 1033 	.db #0x02	; 2
   03DD 02                 1034 	.db #0x02	; 2
   03DE 02                 1035 	.db #0x02	; 2
   03DF 02                 1036 	.db #0x02	; 2
   03E0 02                 1037 	.db #0x02	; 2
   03E1 02                 1038 	.db #0x02	; 2
   03E2 02                 1039 	.db #0x02	; 2
   03E3 01                 1040 	.db #0x01	; 1
   03E4 01                 1041 	.db #0x01	; 1
   03E5 01                 1042 	.db #0x01	; 1
   03E6 01                 1043 	.db #0x01	; 1
   03E7 1F                 1044 	.db #0x1F	; 31
   03E8 06                 1045 	.db #0x06	; 6
   03E9 06                 1046 	.db #0x06	; 6
   03EA 06                 1047 	.db #0x06	; 6
   03EB 06                 1048 	.db #0x06	; 6
   03EC 06                 1049 	.db #0x06	; 6
   03ED 06                 1050 	.db #0x06	; 6
   03EE 06                 1051 	.db #0x06	; 6
   03EF 06                 1052 	.db #0x06	; 6
   03F0 06                 1053 	.db #0x06	; 6
   03F1 06                 1054 	.db #0x06	; 6
   03F2 06                 1055 	.db #0x06	; 6
   03F3 06                 1056 	.db #0x06	; 6
   03F4 22                 1057 	.db #0x22	; 34
   03F5 06                 1058 	.db #0x06	; 6
   03F6 06                 1059 	.db #0x06	; 6
   03F7 06                 1060 	.db #0x06	; 6
   03F8 12                 1061 	.db #0x12	; 18
   03F9 06                 1062 	.db #0x06	; 6
   03FA 06                 1063 	.db #0x06	; 6
   03FB 06                 1064 	.db #0x06	; 6
   03FC 08                 1065 	.db #0x08	; 8
   03FD 08                 1066 	.db #0x08	; 8
   03FE 08                 1067 	.db #0x08	; 8
   03FF 08                 1068 	.db #0x08	; 8
   0400 08                 1069 	.db #0x08	; 8
   0401 08                 1070 	.db #0x08	; 8
   0402 02                 1071 	.db #0x02	; 2
   0403 02                 1072 	.db #0x02	; 2
   0404 02                 1073 	.db #0x02	; 2
   0405 2E                 1074 	.db #0x2E	; 46
   0406 2E                 1075 	.db #0x2E	; 46
   0407 02                 1076 	.db #0x02	; 2
   0408 2D                 1077 	.db #0x2D	; 45
   0409 02                 1078 	.db #0x02	; 2
   040A 02                 1079 	.db #0x02	; 2
   040B 01                 1080 	.db #0x01	; 1
   040C 01                 1081 	.db #0x01	; 1
   040D 01                 1082 	.db #0x01	; 1
   040E 01                 1083 	.db #0x01	; 1
   040F 1F                 1084 	.db #0x1F	; 31
   0410 06                 1085 	.db #0x06	; 6
   0411 06                 1086 	.db #0x06	; 6
   0412 06                 1087 	.db #0x06	; 6
   0413 06                 1088 	.db #0x06	; 6
   0414 22                 1089 	.db #0x22	; 34
   0415 06                 1090 	.db #0x06	; 6
   0416 06                 1091 	.db #0x06	; 6
   0417 26                 1092 	.db #0x26	; 38
   0418 06                 1093 	.db #0x06	; 6
   0419 06                 1094 	.db #0x06	; 6
   041A 06                 1095 	.db #0x06	; 6
   041B 06                 1096 	.db #0x06	; 6
   041C 06                 1097 	.db #0x06	; 6
   041D 06                 1098 	.db #0x06	; 6
   041E 06                 1099 	.db #0x06	; 6
   041F 06                 1100 	.db #0x06	; 6
   0420 06                 1101 	.db #0x06	; 6
   0421 06                 1102 	.db #0x06	; 6
   0422 06                 1103 	.db #0x06	; 6
   0423 06                 1104 	.db #0x06	; 6
   0424 08                 1105 	.db #0x08	; 8
   0425 08                 1106 	.db #0x08	; 8
   0426 08                 1107 	.db #0x08	; 8
   0427 08                 1108 	.db #0x08	; 8
   0428 08                 1109 	.db #0x08	; 8
   0429 08                 1110 	.db #0x08	; 8
   042A 08                 1111 	.db #0x08	; 8
   042B 02                 1112 	.db #0x02	; 2
   042C 02                 1113 	.db #0x02	; 2
   042D 02                 1114 	.db #0x02	; 2
   042E 02                 1115 	.db #0x02	; 2
   042F 02                 1116 	.db #0x02	; 2
   0430 02                 1117 	.db #0x02	; 2
   0431 02                 1118 	.db #0x02	; 2
   0432 02                 1119 	.db #0x02	; 2
   0433 02                 1120 	.db #0x02	; 2
   0434 01                 1121 	.db #0x01	; 1
   0435 01                 1122 	.db #0x01	; 1
   0436 03                 1123 	.db #0x03	; 3
   0437 1F                 1124 	.db #0x1F	; 31
   0438 06                 1125 	.db #0x06	; 6
   0439 06                 1126 	.db #0x06	; 6
   043A 06                 1127 	.db #0x06	; 6
   043B 06                 1128 	.db #0x06	; 6
   043C 22                 1129 	.db #0x22	; 34
   043D 06                 1130 	.db #0x06	; 6
   043E 06                 1131 	.db #0x06	; 6
   043F 06                 1132 	.db #0x06	; 6
   0440 06                 1133 	.db #0x06	; 6
   0441 06                 1134 	.db #0x06	; 6
   0442 06                 1135 	.db #0x06	; 6
   0443 06                 1136 	.db #0x06	; 6
   0444 06                 1137 	.db #0x06	; 6
   0445 22                 1138 	.db #0x22	; 34
   0446 06                 1139 	.db #0x06	; 6
   0447 06                 1140 	.db #0x06	; 6
   0448 06                 1141 	.db #0x06	; 6
   0449 06                 1142 	.db #0x06	; 6
   044A 06                 1143 	.db #0x06	; 6
   044B 06                 1144 	.db #0x06	; 6
   044C 08                 1145 	.db #0x08	; 8
   044D 2C                 1146 	.db #0x2C	; 44
   044E 08                 1147 	.db #0x08	; 8
   044F 2A                 1148 	.db #0x2A	; 42
   0450 08                 1149 	.db #0x08	; 8
   0451 08                 1150 	.db #0x08	; 8
   0452 08                 1151 	.db #0x08	; 8
   0453 02                 1152 	.db #0x02	; 2
   0454 02                 1153 	.db #0x02	; 2
   0455 02                 1154 	.db #0x02	; 2
   0456 02                 1155 	.db #0x02	; 2
   0457 02                 1156 	.db #0x02	; 2
   0458 02                 1157 	.db #0x02	; 2
   0459 02                 1158 	.db #0x02	; 2
   045A 02                 1159 	.db #0x02	; 2
   045B 02                 1160 	.db #0x02	; 2
   045C 02                 1161 	.db #0x02	; 2
   045D 01                 1162 	.db #0x01	; 1
   045E 01                 1163 	.db #0x01	; 1
   045F 1F                 1164 	.db #0x1F	; 31
   0460 06                 1165 	.db #0x06	; 6
   0461 06                 1166 	.db #0x06	; 6
   0462 06                 1167 	.db #0x06	; 6
   0463 06                 1168 	.db #0x06	; 6
   0464 06                 1169 	.db #0x06	; 6
   0465 06                 1170 	.db #0x06	; 6
   0466 06                 1171 	.db #0x06	; 6
   0467 06                 1172 	.db #0x06	; 6
   0468 06                 1173 	.db #0x06	; 6
   0469 06                 1174 	.db #0x06	; 6
   046A 06                 1175 	.db #0x06	; 6
   046B 06                 1176 	.db #0x06	; 6
   046C 06                 1177 	.db #0x06	; 6
   046D 06                 1178 	.db #0x06	; 6
   046E 06                 1179 	.db #0x06	; 6
   046F 06                 1180 	.db #0x06	; 6
   0470 06                 1181 	.db #0x06	; 6
   0471 06                 1182 	.db #0x06	; 6
   0472 2B                 1183 	.db #0x2B	; 43
   0473 06                 1184 	.db #0x06	; 6
   0474 06                 1185 	.db #0x06	; 6
   0475 08                 1186 	.db #0x08	; 8
   0476 08                 1187 	.db #0x08	; 8
   0477 08                 1188 	.db #0x08	; 8
   0478 08                 1189 	.db #0x08	; 8
   0479 08                 1190 	.db #0x08	; 8
   047A 08                 1191 	.db #0x08	; 8
   047B 08                 1192 	.db #0x08	; 8
   047C 02                 1193 	.db #0x02	; 2
   047D 02                 1194 	.db #0x02	; 2
   047E 02                 1195 	.db #0x02	; 2
   047F 02                 1196 	.db #0x02	; 2
   0480 02                 1197 	.db #0x02	; 2
   0481 02                 1198 	.db #0x02	; 2
   0482 02                 1199 	.db #0x02	; 2
   0483 02                 1200 	.db #0x02	; 2
   0484 02                 1201 	.db #0x02	; 2
   0485 02                 1202 	.db #0x02	; 2
   0486 02                 1203 	.db #0x02	; 2
   0487 27                 1204 	.db #0x27	; 39
   0488 06                 1205 	.db #0x06	; 6
   0489 06                 1206 	.db #0x06	; 6
   048A 06                 1207 	.db #0x06	; 6
   048B 06                 1208 	.db #0x06	; 6
   048C 06                 1209 	.db #0x06	; 6
   048D 06                 1210 	.db #0x06	; 6
   048E 06                 1211 	.db #0x06	; 6
   048F 06                 1212 	.db #0x06	; 6
   0490 06                 1213 	.db #0x06	; 6
   0491 06                 1214 	.db #0x06	; 6
   0492 06                 1215 	.db #0x06	; 6
   0493 06                 1216 	.db #0x06	; 6
   0494 06                 1217 	.db #0x06	; 6
   0495 06                 1218 	.db #0x06	; 6
   0496 06                 1219 	.db #0x06	; 6
   0497 22                 1220 	.db #0x22	; 34
   0498 06                 1221 	.db #0x06	; 6
   0499 06                 1222 	.db #0x06	; 6
   049A 06                 1223 	.db #0x06	; 6
   049B 06                 1224 	.db #0x06	; 6
   049C 06                 1225 	.db #0x06	; 6
   049D 08                 1226 	.db #0x08	; 8
   049E 08                 1227 	.db #0x08	; 8
   049F 08                 1228 	.db #0x08	; 8
   04A0 08                 1229 	.db #0x08	; 8
   04A1 08                 1230 	.db #0x08	; 8
   04A2 2A                 1231 	.db #0x2A	; 42
   04A3 08                 1232 	.db #0x08	; 8
   04A4 08                 1233 	.db #0x08	; 8
   04A5 02                 1234 	.db #0x02	; 2
   04A6 02                 1235 	.db #0x02	; 2
   04A7 02                 1236 	.db #0x02	; 2
   04A8 02                 1237 	.db #0x02	; 2
   04A9 02                 1238 	.db #0x02	; 2
   04AA 2D                 1239 	.db #0x2D	; 45
   04AB 02                 1240 	.db #0x02	; 2
   04AC 02                 1241 	.db #0x02	; 2
   04AD 02                 1242 	.db #0x02	; 2
   04AE 02                 1243 	.db #0x02	; 2
   04AF 27                 1244 	.db #0x27	; 39
   04B0 06                 1245 	.db #0x06	; 6
   04B1 26                 1246 	.db #0x26	; 38
   04B2 06                 1247 	.db #0x06	; 6
   04B3 06                 1248 	.db #0x06	; 6
   04B4 06                 1249 	.db #0x06	; 6
   04B5 06                 1250 	.db #0x06	; 6
   04B6 06                 1251 	.db #0x06	; 6
   04B7 06                 1252 	.db #0x06	; 6
   04B8 06                 1253 	.db #0x06	; 6
   04B9 06                 1254 	.db #0x06	; 6
   04BA 06                 1255 	.db #0x06	; 6
   04BB 06                 1256 	.db #0x06	; 6
   04BC 06                 1257 	.db #0x06	; 6
   04BD 06                 1258 	.db #0x06	; 6
   04BE 06                 1259 	.db #0x06	; 6
   04BF 06                 1260 	.db #0x06	; 6
   04C0 06                 1261 	.db #0x06	; 6
   04C1 06                 1262 	.db #0x06	; 6
   04C2 22                 1263 	.db #0x22	; 34
   04C3 06                 1264 	.db #0x06	; 6
   04C4 06                 1265 	.db #0x06	; 6
   04C5 06                 1266 	.db #0x06	; 6
   04C6 08                 1267 	.db #0x08	; 8
   04C7 08                 1268 	.db #0x08	; 8
   04C8 08                 1269 	.db #0x08	; 8
   04C9 08                 1270 	.db #0x08	; 8
   04CA 08                 1271 	.db #0x08	; 8
   04CB 08                 1272 	.db #0x08	; 8
   04CC 08                 1273 	.db #0x08	; 8
   04CD 08                 1274 	.db #0x08	; 8
   04CE 02                 1275 	.db #0x02	; 2
   04CF 02                 1276 	.db #0x02	; 2
   04D0 02                 1277 	.db #0x02	; 2
   04D1 02                 1278 	.db #0x02	; 2
   04D2 02                 1279 	.db #0x02	; 2
   04D3 02                 1280 	.db #0x02	; 2
   04D4 02                 1281 	.db #0x02	; 2
   04D5 02                 1282 	.db #0x02	; 2
   04D6 02                 1283 	.db #0x02	; 2
   04D7 27                 1284 	.db #0x27	; 39
   04D8 06                 1285 	.db #0x06	; 6
   04D9 06                 1286 	.db #0x06	; 6
   04DA 06                 1287 	.db #0x06	; 6
   04DB 06                 1288 	.db #0x06	; 6
   04DC 06                 1289 	.db #0x06	; 6
   04DD 06                 1290 	.db #0x06	; 6
   04DE 06                 1291 	.db #0x06	; 6
   04DF 06                 1292 	.db #0x06	; 6
   04E0 06                 1293 	.db #0x06	; 6
   04E1 06                 1294 	.db #0x06	; 6
   04E2 06                 1295 	.db #0x06	; 6
   04E3 06                 1296 	.db #0x06	; 6
   04E4 06                 1297 	.db #0x06	; 6
   04E5 06                 1298 	.db #0x06	; 6
   04E6 06                 1299 	.db #0x06	; 6
   04E7 06                 1300 	.db #0x06	; 6
   04E8 06                 1301 	.db #0x06	; 6
   04E9 06                 1302 	.db #0x06	; 6
   04EA 06                 1303 	.db #0x06	; 6
   04EB 06                 1304 	.db #0x06	; 6
   04EC 06                 1305 	.db #0x06	; 6
   04ED 06                 1306 	.db #0x06	; 6
   04EE 08                 1307 	.db #0x08	; 8
   04EF 08                 1308 	.db #0x08	; 8
   04F0 08                 1309 	.db #0x08	; 8
   04F1 08                 1310 	.db #0x08	; 8
   04F2 08                 1311 	.db #0x08	; 8
   04F3 08                 1312 	.db #0x08	; 8
   04F4 08                 1313 	.db #0x08	; 8
   04F5 08                 1314 	.db #0x08	; 8
   04F6 08                 1315 	.db #0x08	; 8
   04F7 08                 1316 	.db #0x08	; 8
   04F8 02                 1317 	.db #0x02	; 2
   04F9 02                 1318 	.db #0x02	; 2
   04FA 02                 1319 	.db #0x02	; 2
   04FB 02                 1320 	.db #0x02	; 2
   04FC 02                 1321 	.db #0x02	; 2
   04FD 02                 1322 	.db #0x02	; 2
   04FE 02                 1323 	.db #0x02	; 2
   04FF 27                 1324 	.db #0x27	; 39
   0500 06                 1325 	.db #0x06	; 6
   0501 06                 1326 	.db #0x06	; 6
   0502 06                 1327 	.db #0x06	; 6
   0503 26                 1328 	.db #0x26	; 38
   0504 06                 1329 	.db #0x06	; 6
   0505 06                 1330 	.db #0x06	; 6
   0506 06                 1331 	.db #0x06	; 6
   0507 06                 1332 	.db #0x06	; 6
   0508 06                 1333 	.db #0x06	; 6
   0509 06                 1334 	.db #0x06	; 6
   050A 26                 1335 	.db #0x26	; 38
   050B 06                 1336 	.db #0x06	; 6
   050C 06                 1337 	.db #0x06	; 6
   050D 06                 1338 	.db #0x06	; 6
   050E 06                 1339 	.db #0x06	; 6
   050F 22                 1340 	.db #0x22	; 34
   0510 06                 1341 	.db #0x06	; 6
   0511 06                 1342 	.db #0x06	; 6
   0512 06                 1343 	.db #0x06	; 6
   0513 06                 1344 	.db #0x06	; 6
   0514 06                 1345 	.db #0x06	; 6
   0515 06                 1346 	.db #0x06	; 6
   0516 06                 1347 	.db #0x06	; 6
   0517 08                 1348 	.db #0x08	; 8
   0518 08                 1349 	.db #0x08	; 8
   0519 08                 1350 	.db #0x08	; 8
   051A 08                 1351 	.db #0x08	; 8
   051B 08                 1352 	.db #0x08	; 8
   051C 08                 1353 	.db #0x08	; 8
   051D 08                 1354 	.db #0x08	; 8
   051E 08                 1355 	.db #0x08	; 8
   051F 08                 1356 	.db #0x08	; 8
   0520 08                 1357 	.db #0x08	; 8
   0521 08                 1358 	.db #0x08	; 8
   0522 02                 1359 	.db #0x02	; 2
   0523 02                 1360 	.db #0x02	; 2
   0524 02                 1361 	.db #0x02	; 2
   0525 02                 1362 	.db #0x02	; 2
   0526 2E                 1363 	.db #0x2E	; 46
   0527 27                 1364 	.db #0x27	; 39
   0528 06                 1365 	.db #0x06	; 6
   0529 06                 1366 	.db #0x06	; 6
   052A 06                 1367 	.db #0x06	; 6
   052B 06                 1368 	.db #0x06	; 6
   052C 06                 1369 	.db #0x06	; 6
   052D 06                 1370 	.db #0x06	; 6
   052E 06                 1371 	.db #0x06	; 6
   052F 06                 1372 	.db #0x06	; 6
   0530 22                 1373 	.db #0x22	; 34
   0531 06                 1374 	.db #0x06	; 6
   0532 06                 1375 	.db #0x06	; 6
   0533 06                 1376 	.db #0x06	; 6
   0534 06                 1377 	.db #0x06	; 6
   0535 06                 1378 	.db #0x06	; 6
   0536 06                 1379 	.db #0x06	; 6
   0537 06                 1380 	.db #0x06	; 6
   0538 06                 1381 	.db #0x06	; 6
   0539 06                 1382 	.db #0x06	; 6
   053A 06                 1383 	.db #0x06	; 6
   053B 06                 1384 	.db #0x06	; 6
   053C 12                 1385 	.db #0x12	; 18
   053D 06                 1386 	.db #0x06	; 6
   053E 06                 1387 	.db #0x06	; 6
   053F 06                 1388 	.db #0x06	; 6
   0540 06                 1389 	.db #0x06	; 6
   0541 08                 1390 	.db #0x08	; 8
   0542 08                 1391 	.db #0x08	; 8
   0543 08                 1392 	.db #0x08	; 8
   0544 2A                 1393 	.db #0x2A	; 42
   0545 08                 1394 	.db #0x08	; 8
   0546 08                 1395 	.db #0x08	; 8
   0547 08                 1396 	.db #0x08	; 8
   0548 08                 1397 	.db #0x08	; 8
   0549 08                 1398 	.db #0x08	; 8
   054A 08                 1399 	.db #0x08	; 8
   054B 08                 1400 	.db #0x08	; 8
   054C 02                 1401 	.db #0x02	; 2
   054D 02                 1402 	.db #0x02	; 2
   054E 02                 1403 	.db #0x02	; 2
   054F 27                 1404 	.db #0x27	; 39
   0550 06                 1405 	.db #0x06	; 6
   0551 06                 1406 	.db #0x06	; 6
   0552 06                 1407 	.db #0x06	; 6
   0553 06                 1408 	.db #0x06	; 6
   0554 06                 1409 	.db #0x06	; 6
   0555 26                 1410 	.db #0x26	; 38
   0556 06                 1411 	.db #0x06	; 6
   0557 06                 1412 	.db #0x06	; 6
   0558 06                 1413 	.db #0x06	; 6
   0559 06                 1414 	.db #0x06	; 6
   055A 06                 1415 	.db #0x06	; 6
   055B 06                 1416 	.db #0x06	; 6
   055C 06                 1417 	.db #0x06	; 6
   055D 06                 1418 	.db #0x06	; 6
   055E 06                 1419 	.db #0x06	; 6
   055F 06                 1420 	.db #0x06	; 6
   0560 06                 1421 	.db #0x06	; 6
   0561 06                 1422 	.db #0x06	; 6
   0562 06                 1423 	.db #0x06	; 6
   0563 06                 1424 	.db #0x06	; 6
   0564 06                 1425 	.db #0x06	; 6
   0565 22                 1426 	.db #0x22	; 34
   0566 06                 1427 	.db #0x06	; 6
   0567 06                 1428 	.db #0x06	; 6
   0568 06                 1429 	.db #0x06	; 6
   0569 06                 1430 	.db #0x06	; 6
   056A 08                 1431 	.db #0x08	; 8
   056B 08                 1432 	.db #0x08	; 8
   056C 08                 1433 	.db #0x08	; 8
   056D 08                 1434 	.db #0x08	; 8
   056E 08                 1435 	.db #0x08	; 8
   056F 2C                 1436 	.db #0x2C	; 44
   0570 08                 1437 	.db #0x08	; 8
   0571 08                 1438 	.db #0x08	; 8
   0572 08                 1439 	.db #0x08	; 8
   0573 08                 1440 	.db #0x08	; 8
   0574 08                 1441 	.db #0x08	; 8
   0575 08                 1442 	.db #0x08	; 8
   0576 02                 1443 	.db #0x02	; 2
   0577 27                 1444 	.db #0x27	; 39
   0578 06                 1445 	.db #0x06	; 6
   0579 26                 1446 	.db #0x26	; 38
   057A 06                 1447 	.db #0x06	; 6
   057B 06                 1448 	.db #0x06	; 6
   057C 06                 1449 	.db #0x06	; 6
   057D 06                 1450 	.db #0x06	; 6
   057E 06                 1451 	.db #0x06	; 6
   057F 06                 1452 	.db #0x06	; 6
   0580 06                 1453 	.db #0x06	; 6
   0581 06                 1454 	.db #0x06	; 6
   0582 06                 1455 	.db #0x06	; 6
   0583 06                 1456 	.db #0x06	; 6
   0584 06                 1457 	.db #0x06	; 6
   0585 26                 1458 	.db #0x26	; 38
   0586 06                 1459 	.db #0x06	; 6
   0587 06                 1460 	.db #0x06	; 6
   0588 06                 1461 	.db #0x06	; 6
   0589 06                 1462 	.db #0x06	; 6
   058A 06                 1463 	.db #0x06	; 6
   058B 06                 1464 	.db #0x06	; 6
   058C 06                 1465 	.db #0x06	; 6
   058D 06                 1466 	.db #0x06	; 6
   058E 06                 1467 	.db #0x06	; 6
   058F 06                 1468 	.db #0x06	; 6
   0590 06                 1469 	.db #0x06	; 6
   0591 06                 1470 	.db #0x06	; 6
   0592 06                 1471 	.db #0x06	; 6
   0593 08                 1472 	.db #0x08	; 8
   0594 08                 1473 	.db #0x08	; 8
   0595 08                 1474 	.db #0x08	; 8
   0596 08                 1475 	.db #0x08	; 8
   0597 08                 1476 	.db #0x08	; 8
   0598 08                 1477 	.db #0x08	; 8
   0599 08                 1478 	.db #0x08	; 8
   059A 08                 1479 	.db #0x08	; 8
   059B 08                 1480 	.db #0x08	; 8
   059C 08                 1481 	.db #0x08	; 8
   059D 08                 1482 	.db #0x08	; 8
   059E 08                 1483 	.db #0x08	; 8
   059F 34                 1484 	.db #0x34	; 52	'4'
   05A0 06                 1485 	.db #0x06	; 6
   05A1 06                 1486 	.db #0x06	; 6
   05A2 06                 1487 	.db #0x06	; 6
   05A3 06                 1488 	.db #0x06	; 6
   05A4 06                 1489 	.db #0x06	; 6
   05A5 06                 1490 	.db #0x06	; 6
   05A6 06                 1491 	.db #0x06	; 6
   05A7 06                 1492 	.db #0x06	; 6
   05A8 06                 1493 	.db #0x06	; 6
   05A9 06                 1494 	.db #0x06	; 6
   05AA 06                 1495 	.db #0x06	; 6
   05AB 06                 1496 	.db #0x06	; 6
   05AC 06                 1497 	.db #0x06	; 6
   05AD 06                 1498 	.db #0x06	; 6
   05AE 06                 1499 	.db #0x06	; 6
   05AF 06                 1500 	.db #0x06	; 6
   05B0 06                 1501 	.db #0x06	; 6
   05B1 06                 1502 	.db #0x06	; 6
   05B2 22                 1503 	.db #0x22	; 34
   05B3 06                 1504 	.db #0x06	; 6
   05B4 06                 1505 	.db #0x06	; 6
   05B5 06                 1506 	.db #0x06	; 6
   05B6 06                 1507 	.db #0x06	; 6
   05B7 06                 1508 	.db #0x06	; 6
   05B8 06                 1509 	.db #0x06	; 6
   05B9 06                 1510 	.db #0x06	; 6
   05BA 06                 1511 	.db #0x06	; 6
   05BB 06                 1512 	.db #0x06	; 6
   05BC 06                 1513 	.db #0x06	; 6
   05BD 08                 1514 	.db #0x08	; 8
   05BE 08                 1515 	.db #0x08	; 8
   05BF 08                 1516 	.db #0x08	; 8
   05C0 08                 1517 	.db #0x08	; 8
   05C1 2C                 1518 	.db #0x2C	; 44
   05C2 08                 1519 	.db #0x08	; 8
   05C3 08                 1520 	.db #0x08	; 8
   05C4 08                 1521 	.db #0x08	; 8
   05C5 08                 1522 	.db #0x08	; 8
   05C6 08                 1523 	.db #0x08	; 8
   05C7 34                 1524 	.db #0x34	; 52	'4'
   05C8 06                 1525 	.db #0x06	; 6
   05C9 06                 1526 	.db #0x06	; 6
   05CA 12                 1527 	.db #0x12	; 18
   05CB 06                 1528 	.db #0x06	; 6
   05CC 06                 1529 	.db #0x06	; 6
   05CD 06                 1530 	.db #0x06	; 6
   05CE 06                 1531 	.db #0x06	; 6
   05CF 06                 1532 	.db #0x06	; 6
   05D0 26                 1533 	.db #0x26	; 38
   05D1 06                 1534 	.db #0x06	; 6
   05D2 06                 1535 	.db #0x06	; 6
   05D3 06                 1536 	.db #0x06	; 6
   05D4 06                 1537 	.db #0x06	; 6
   05D5 06                 1538 	.db #0x06	; 6
   05D6 06                 1539 	.db #0x06	; 6
   05D7 06                 1540 	.db #0x06	; 6
   05D8 06                 1541 	.db #0x06	; 6
   05D9 06                 1542 	.db #0x06	; 6
   05DA 06                 1543 	.db #0x06	; 6
   05DB 06                 1544 	.db #0x06	; 6
   05DC 06                 1545 	.db #0x06	; 6
   05DD 06                 1546 	.db #0x06	; 6
   05DE 06                 1547 	.db #0x06	; 6
   05DF 06                 1548 	.db #0x06	; 6
   05E0 2F                 1549 	.db #0x2F	; 47
   05E1 06                 1550 	.db #0x06	; 6
   05E2 06                 1551 	.db #0x06	; 6
   05E3 06                 1552 	.db #0x06	; 6
   05E4 06                 1553 	.db #0x06	; 6
   05E5 12                 1554 	.db #0x12	; 18
   05E6 06                 1555 	.db #0x06	; 6
   05E7 08                 1556 	.db #0x08	; 8
   05E8 08                 1557 	.db #0x08	; 8
   05E9 08                 1558 	.db #0x08	; 8
   05EA 08                 1559 	.db #0x08	; 8
   05EB 08                 1560 	.db #0x08	; 8
   05EC 08                 1561 	.db #0x08	; 8
   05ED 08                 1562 	.db #0x08	; 8
   05EE 2C                 1563 	.db #0x2C	; 44
   05EF 34                 1564 	.db #0x34	; 52	'4'
   05F0 2F                 1565 	.db #0x2F	; 47
   05F1 06                 1566 	.db #0x06	; 6
   05F2 06                 1567 	.db #0x06	; 6
   05F3 06                 1568 	.db #0x06	; 6
   05F4 06                 1569 	.db #0x06	; 6
   05F5 06                 1570 	.db #0x06	; 6
   05F6 06                 1571 	.db #0x06	; 6
   05F7 06                 1572 	.db #0x06	; 6
   05F8 06                 1573 	.db #0x06	; 6
   05F9 06                 1574 	.db #0x06	; 6
   05FA 06                 1575 	.db #0x06	; 6
   05FB 06                 1576 	.db #0x06	; 6
   05FC 06                 1577 	.db #0x06	; 6
   05FD 06                 1578 	.db #0x06	; 6
   05FE 06                 1579 	.db #0x06	; 6
   05FF 26                 1580 	.db #0x26	; 38
   0600 06                 1581 	.db #0x06	; 6
   0601 06                 1582 	.db #0x06	; 6
   0602 06                 1583 	.db #0x06	; 6
   0603 06                 1584 	.db #0x06	; 6
   0604 22                 1585 	.db #0x22	; 34
   0605 06                 1586 	.db #0x06	; 6
   0606 06                 1587 	.db #0x06	; 6
   0607 06                 1588 	.db #0x06	; 6
   0608 06                 1589 	.db #0x06	; 6
   0609 06                 1590 	.db #0x06	; 6
   060A 06                 1591 	.db #0x06	; 6
   060B 06                 1592 	.db #0x06	; 6
   060C 06                 1593 	.db #0x06	; 6
   060D 06                 1594 	.db #0x06	; 6
   060E 06                 1595 	.db #0x06	; 6
   060F 06                 1596 	.db #0x06	; 6
   0610 08                 1597 	.db #0x08	; 8
   0611 08                 1598 	.db #0x08	; 8
   0612 08                 1599 	.db #0x08	; 8
   0613 08                 1600 	.db #0x08	; 8
   0614 08                 1601 	.db #0x08	; 8
   0615 08                 1602 	.db #0x08	; 8
   0616 08                 1603 	.db #0x08	; 8
   0617 34                 1604 	.db #0x34	; 52	'4'
   0618 06                 1605 	.db #0x06	; 6
   0619 06                 1606 	.db #0x06	; 6
   061A 06                 1607 	.db #0x06	; 6
   061B 12                 1608 	.db #0x12	; 18
   061C 06                 1609 	.db #0x06	; 6
   061D 06                 1610 	.db #0x06	; 6
   061E 06                 1611 	.db #0x06	; 6
   061F 06                 1612 	.db #0x06	; 6
   0620 06                 1613 	.db #0x06	; 6
   0621 26                 1614 	.db #0x26	; 38
   0622 06                 1615 	.db #0x06	; 6
   0623 06                 1616 	.db #0x06	; 6
   0624 06                 1617 	.db #0x06	; 6
   0625 06                 1618 	.db #0x06	; 6
   0626 06                 1619 	.db #0x06	; 6
   0627 06                 1620 	.db #0x06	; 6
   0628 06                 1621 	.db #0x06	; 6
   0629 06                 1622 	.db #0x06	; 6
   062A 06                 1623 	.db #0x06	; 6
   062B 06                 1624 	.db #0x06	; 6
   062C 06                 1625 	.db #0x06	; 6
   062D 06                 1626 	.db #0x06	; 6
   062E 06                 1627 	.db #0x06	; 6
   062F 06                 1628 	.db #0x06	; 6
   0630 06                 1629 	.db #0x06	; 6
   0631 22                 1630 	.db #0x22	; 34
   0632 06                 1631 	.db #0x06	; 6
   0633 06                 1632 	.db #0x06	; 6
   0634 06                 1633 	.db #0x06	; 6
   0635 06                 1634 	.db #0x06	; 6
   0636 06                 1635 	.db #0x06	; 6
   0637 22                 1636 	.db #0x22	; 34
   0638 06                 1637 	.db #0x06	; 6
   0639 08                 1638 	.db #0x08	; 8
   063A 06                 1639 	.db #0x06	; 6
   063B 06                 1640 	.db #0x06	; 6
   063C 08                 1641 	.db #0x08	; 8
   063D 08                 1642 	.db #0x08	; 8
   063E 08                 1643 	.db #0x08	; 8
   063F 34                 1644 	.db #0x34	; 52	'4'
                           1645 	.area _INITIALIZER
                           1646 	.area _CABS (ABS)
