                              1 ;--------------------------------------------------------
                              2 ; File Created by SDCC : free open source ANSI-C Compiler
                              3 ; Version 3.5.5 #9498 (Linux)
                              4 ;--------------------------------------------------------
                              5 	.module map31
                              6 	.optsdcc -mz80
                              7 	
                              8 ;--------------------------------------------------------
                              9 ; Public variables in this module
                             10 ;--------------------------------------------------------
                             11 	.globl _g_map31
                             12 ;--------------------------------------------------------
                             13 ; special function registers
                             14 ;--------------------------------------------------------
                             15 ;--------------------------------------------------------
                             16 ; ram data
                             17 ;--------------------------------------------------------
                             18 	.area _DATA
                             19 ;--------------------------------------------------------
                             20 ; ram data
                             21 ;--------------------------------------------------------
                             22 	.area _INITIALIZED
                             23 ;--------------------------------------------------------
                             24 ; absolute external ram data
                             25 ;--------------------------------------------------------
                             26 	.area _DABS (ABS)
                             27 ;--------------------------------------------------------
                             28 ; global & static initialisations
                             29 ;--------------------------------------------------------
                             30 	.area _HOME
                             31 	.area _GSINIT
                             32 	.area _GSFINAL
                             33 	.area _GSINIT
                             34 ;--------------------------------------------------------
                             35 ; Home
                             36 ;--------------------------------------------------------
                             37 	.area _HOME
                             38 	.area _HOME
                             39 ;--------------------------------------------------------
                             40 ; code
                             41 ;--------------------------------------------------------
                             42 	.area _CODE
                             43 	.area _CODE
   0000                      44 _g_map31:
   0000 05                   45 	.db #0x05	; 5
   0001 05                   46 	.db #0x05	; 5
   0002 05                   47 	.db #0x05	; 5
   0003 05                   48 	.db #0x05	; 5
   0004 05                   49 	.db #0x05	; 5
   0005 05                   50 	.db #0x05	; 5
   0006 05                   51 	.db #0x05	; 5
   0007 05                   52 	.db #0x05	; 5
   0008 05                   53 	.db #0x05	; 5
   0009 05                   54 	.db #0x05	; 5
   000A 05                   55 	.db #0x05	; 5
   000B 05                   56 	.db #0x05	; 5
   000C 05                   57 	.db #0x05	; 5
   000D 05                   58 	.db #0x05	; 5
   000E 05                   59 	.db #0x05	; 5
   000F 05                   60 	.db #0x05	; 5
   0010 05                   61 	.db #0x05	; 5
   0011 05                   62 	.db #0x05	; 5
   0012 05                   63 	.db #0x05	; 5
   0013 05                   64 	.db #0x05	; 5
   0014 05                   65 	.db #0x05	; 5
   0015 05                   66 	.db #0x05	; 5
   0016 05                   67 	.db #0x05	; 5
   0017 05                   68 	.db #0x05	; 5
   0018 05                   69 	.db #0x05	; 5
   0019 05                   70 	.db #0x05	; 5
   001A 05                   71 	.db #0x05	; 5
   001B 05                   72 	.db #0x05	; 5
   001C 05                   73 	.db #0x05	; 5
   001D 05                   74 	.db #0x05	; 5
   001E 05                   75 	.db #0x05	; 5
   001F 05                   76 	.db #0x05	; 5
   0020 05                   77 	.db #0x05	; 5
   0021 05                   78 	.db #0x05	; 5
   0022 05                   79 	.db #0x05	; 5
   0023 05                   80 	.db #0x05	; 5
   0024 05                   81 	.db #0x05	; 5
   0025 05                   82 	.db #0x05	; 5
   0026 05                   83 	.db #0x05	; 5
   0027 05                   84 	.db #0x05	; 5
   0028 0B                   85 	.db #0x0B	; 11
   0029 06                   86 	.db #0x06	; 6
   002A 06                   87 	.db #0x06	; 6
   002B 06                   88 	.db #0x06	; 6
   002C 06                   89 	.db #0x06	; 6
   002D 06                   90 	.db #0x06	; 6
   002E 06                   91 	.db #0x06	; 6
   002F 06                   92 	.db #0x06	; 6
   0030 06                   93 	.db #0x06	; 6
   0031 06                   94 	.db #0x06	; 6
   0032 06                   95 	.db #0x06	; 6
   0033 06                   96 	.db #0x06	; 6
   0034 06                   97 	.db #0x06	; 6
   0035 06                   98 	.db #0x06	; 6
   0036 06                   99 	.db #0x06	; 6
   0037 06                  100 	.db #0x06	; 6
   0038 06                  101 	.db #0x06	; 6
   0039 06                  102 	.db #0x06	; 6
   003A 06                  103 	.db #0x06	; 6
   003B 06                  104 	.db #0x06	; 6
   003C 06                  105 	.db #0x06	; 6
   003D 06                  106 	.db #0x06	; 6
   003E 06                  107 	.db #0x06	; 6
   003F 06                  108 	.db #0x06	; 6
   0040 06                  109 	.db #0x06	; 6
   0041 06                  110 	.db #0x06	; 6
   0042 06                  111 	.db #0x06	; 6
   0043 06                  112 	.db #0x06	; 6
   0044 06                  113 	.db #0x06	; 6
   0045 06                  114 	.db #0x06	; 6
   0046 06                  115 	.db #0x06	; 6
   0047 06                  116 	.db #0x06	; 6
   0048 22                  117 	.db #0x22	; 34
   0049 06                  118 	.db #0x06	; 6
   004A 06                  119 	.db #0x06	; 6
   004B 06                  120 	.db #0x06	; 6
   004C 06                  121 	.db #0x06	; 6
   004D 06                  122 	.db #0x06	; 6
   004E 06                  123 	.db #0x06	; 6
   004F 06                  124 	.db #0x06	; 6
   0050 0B                  125 	.db #0x0B	; 11
   0051 06                  126 	.db #0x06	; 6
   0052 06                  127 	.db #0x06	; 6
   0053 22                  128 	.db #0x22	; 34
   0054 06                  129 	.db #0x06	; 6
   0055 06                  130 	.db #0x06	; 6
   0056 06                  131 	.db #0x06	; 6
   0057 06                  132 	.db #0x06	; 6
   0058 22                  133 	.db #0x22	; 34
   0059 06                  134 	.db #0x06	; 6
   005A 06                  135 	.db #0x06	; 6
   005B 06                  136 	.db #0x06	; 6
   005C 06                  137 	.db #0x06	; 6
   005D 06                  138 	.db #0x06	; 6
   005E 06                  139 	.db #0x06	; 6
   005F 06                  140 	.db #0x06	; 6
   0060 06                  141 	.db #0x06	; 6
   0061 06                  142 	.db #0x06	; 6
   0062 06                  143 	.db #0x06	; 6
   0063 06                  144 	.db #0x06	; 6
   0064 06                  145 	.db #0x06	; 6
   0065 22                  146 	.db #0x22	; 34
   0066 06                  147 	.db #0x06	; 6
   0067 06                  148 	.db #0x06	; 6
   0068 06                  149 	.db #0x06	; 6
   0069 06                  150 	.db #0x06	; 6
   006A 06                  151 	.db #0x06	; 6
   006B 06                  152 	.db #0x06	; 6
   006C 06                  153 	.db #0x06	; 6
   006D 06                  154 	.db #0x06	; 6
   006E 06                  155 	.db #0x06	; 6
   006F 06                  156 	.db #0x06	; 6
   0070 06                  157 	.db #0x06	; 6
   0071 06                  158 	.db #0x06	; 6
   0072 06                  159 	.db #0x06	; 6
   0073 06                  160 	.db #0x06	; 6
   0074 06                  161 	.db #0x06	; 6
   0075 06                  162 	.db #0x06	; 6
   0076 06                  163 	.db #0x06	; 6
   0077 06                  164 	.db #0x06	; 6
   0078 0B                  165 	.db #0x0B	; 11
   0079 06                  166 	.db #0x06	; 6
   007A 06                  167 	.db #0x06	; 6
   007B 06                  168 	.db #0x06	; 6
   007C 06                  169 	.db #0x06	; 6
   007D 06                  170 	.db #0x06	; 6
   007E 06                  171 	.db #0x06	; 6
   007F 06                  172 	.db #0x06	; 6
   0080 06                  173 	.db #0x06	; 6
   0081 06                  174 	.db #0x06	; 6
   0082 06                  175 	.db #0x06	; 6
   0083 06                  176 	.db #0x06	; 6
   0084 06                  177 	.db #0x06	; 6
   0085 06                  178 	.db #0x06	; 6
   0086 06                  179 	.db #0x06	; 6
   0087 06                  180 	.db #0x06	; 6
   0088 22                  181 	.db #0x22	; 34
   0089 06                  182 	.db #0x06	; 6
   008A 06                  183 	.db #0x06	; 6
   008B 06                  184 	.db #0x06	; 6
   008C 06                  185 	.db #0x06	; 6
   008D 06                  186 	.db #0x06	; 6
   008E 06                  187 	.db #0x06	; 6
   008F 06                  188 	.db #0x06	; 6
   0090 06                  189 	.db #0x06	; 6
   0091 06                  190 	.db #0x06	; 6
   0092 06                  191 	.db #0x06	; 6
   0093 06                  192 	.db #0x06	; 6
   0094 22                  193 	.db #0x22	; 34
   0095 06                  194 	.db #0x06	; 6
   0096 06                  195 	.db #0x06	; 6
   0097 06                  196 	.db #0x06	; 6
   0098 06                  197 	.db #0x06	; 6
   0099 06                  198 	.db #0x06	; 6
   009A 06                  199 	.db #0x06	; 6
   009B 06                  200 	.db #0x06	; 6
   009C 06                  201 	.db #0x06	; 6
   009D 06                  202 	.db #0x06	; 6
   009E 06                  203 	.db #0x06	; 6
   009F 06                  204 	.db #0x06	; 6
   00A0 0B                  205 	.db #0x0B	; 11
   00A1 06                  206 	.db #0x06	; 6
   00A2 06                  207 	.db #0x06	; 6
   00A3 06                  208 	.db #0x06	; 6
   00A4 06                  209 	.db #0x06	; 6
   00A5 06                  210 	.db #0x06	; 6
   00A6 06                  211 	.db #0x06	; 6
   00A7 06                  212 	.db #0x06	; 6
   00A8 06                  213 	.db #0x06	; 6
   00A9 06                  214 	.db #0x06	; 6
   00AA 06                  215 	.db #0x06	; 6
   00AB 06                  216 	.db #0x06	; 6
   00AC 06                  217 	.db #0x06	; 6
   00AD 06                  218 	.db #0x06	; 6
   00AE 06                  219 	.db #0x06	; 6
   00AF 06                  220 	.db #0x06	; 6
   00B0 06                  221 	.db #0x06	; 6
   00B1 06                  222 	.db #0x06	; 6
   00B2 06                  223 	.db #0x06	; 6
   00B3 06                  224 	.db #0x06	; 6
   00B4 06                  225 	.db #0x06	; 6
   00B5 06                  226 	.db #0x06	; 6
   00B6 06                  227 	.db #0x06	; 6
   00B7 06                  228 	.db #0x06	; 6
   00B8 06                  229 	.db #0x06	; 6
   00B9 06                  230 	.db #0x06	; 6
   00BA 22                  231 	.db #0x22	; 34
   00BB 06                  232 	.db #0x06	; 6
   00BC 06                  233 	.db #0x06	; 6
   00BD 06                  234 	.db #0x06	; 6
   00BE 06                  235 	.db #0x06	; 6
   00BF 06                  236 	.db #0x06	; 6
   00C0 06                  237 	.db #0x06	; 6
   00C1 06                  238 	.db #0x06	; 6
   00C2 06                  239 	.db #0x06	; 6
   00C3 06                  240 	.db #0x06	; 6
   00C4 06                  241 	.db #0x06	; 6
   00C5 06                  242 	.db #0x06	; 6
   00C6 06                  243 	.db #0x06	; 6
   00C7 06                  244 	.db #0x06	; 6
   00C8 0B                  245 	.db #0x0B	; 11
   00C9 06                  246 	.db #0x06	; 6
   00CA 06                  247 	.db #0x06	; 6
   00CB 06                  248 	.db #0x06	; 6
   00CC 06                  249 	.db #0x06	; 6
   00CD 06                  250 	.db #0x06	; 6
   00CE 06                  251 	.db #0x06	; 6
   00CF 06                  252 	.db #0x06	; 6
   00D0 06                  253 	.db #0x06	; 6
   00D1 06                  254 	.db #0x06	; 6
   00D2 06                  255 	.db #0x06	; 6
   00D3 06                  256 	.db #0x06	; 6
   00D4 06                  257 	.db #0x06	; 6
   00D5 06                  258 	.db #0x06	; 6
   00D6 06                  259 	.db #0x06	; 6
   00D7 06                  260 	.db #0x06	; 6
   00D8 06                  261 	.db #0x06	; 6
   00D9 06                  262 	.db #0x06	; 6
   00DA 06                  263 	.db #0x06	; 6
   00DB 06                  264 	.db #0x06	; 6
   00DC 06                  265 	.db #0x06	; 6
   00DD 06                  266 	.db #0x06	; 6
   00DE 06                  267 	.db #0x06	; 6
   00DF 06                  268 	.db #0x06	; 6
   00E0 06                  269 	.db #0x06	; 6
   00E1 06                  270 	.db #0x06	; 6
   00E2 06                  271 	.db #0x06	; 6
   00E3 06                  272 	.db #0x06	; 6
   00E4 06                  273 	.db #0x06	; 6
   00E5 06                  274 	.db #0x06	; 6
   00E6 06                  275 	.db #0x06	; 6
   00E7 06                  276 	.db #0x06	; 6
   00E8 06                  277 	.db #0x06	; 6
   00E9 26                  278 	.db #0x26	; 38
   00EA 06                  279 	.db #0x06	; 6
   00EB 06                  280 	.db #0x06	; 6
   00EC 06                  281 	.db #0x06	; 6
   00ED 22                  282 	.db #0x22	; 34
   00EE 06                  283 	.db #0x06	; 6
   00EF 06                  284 	.db #0x06	; 6
   00F0 0B                  285 	.db #0x0B	; 11
   00F1 06                  286 	.db #0x06	; 6
   00F2 06                  287 	.db #0x06	; 6
   00F3 06                  288 	.db #0x06	; 6
   00F4 06                  289 	.db #0x06	; 6
   00F5 06                  290 	.db #0x06	; 6
   00F6 06                  291 	.db #0x06	; 6
   00F7 06                  292 	.db #0x06	; 6
   00F8 22                  293 	.db #0x22	; 34
   00F9 06                  294 	.db #0x06	; 6
   00FA 06                  295 	.db #0x06	; 6
   00FB 06                  296 	.db #0x06	; 6
   00FC 06                  297 	.db #0x06	; 6
   00FD 06                  298 	.db #0x06	; 6
   00FE 06                  299 	.db #0x06	; 6
   00FF 06                  300 	.db #0x06	; 6
   0100 06                  301 	.db #0x06	; 6
   0101 06                  302 	.db #0x06	; 6
   0102 06                  303 	.db #0x06	; 6
   0103 06                  304 	.db #0x06	; 6
   0104 06                  305 	.db #0x06	; 6
   0105 26                  306 	.db #0x26	; 38
   0106 06                  307 	.db #0x06	; 6
   0107 06                  308 	.db #0x06	; 6
   0108 06                  309 	.db #0x06	; 6
   0109 06                  310 	.db #0x06	; 6
   010A 06                  311 	.db #0x06	; 6
   010B 06                  312 	.db #0x06	; 6
   010C 06                  313 	.db #0x06	; 6
   010D 06                  314 	.db #0x06	; 6
   010E 06                  315 	.db #0x06	; 6
   010F 06                  316 	.db #0x06	; 6
   0110 06                  317 	.db #0x06	; 6
   0111 06                  318 	.db #0x06	; 6
   0112 06                  319 	.db #0x06	; 6
   0113 06                  320 	.db #0x06	; 6
   0114 06                  321 	.db #0x06	; 6
   0115 06                  322 	.db #0x06	; 6
   0116 06                  323 	.db #0x06	; 6
   0117 06                  324 	.db #0x06	; 6
   0118 0B                  325 	.db #0x0B	; 11
   0119 06                  326 	.db #0x06	; 6
   011A 16                  327 	.db #0x16	; 22
   011B 1D                  328 	.db #0x1D	; 29
   011C 1D                  329 	.db #0x1D	; 29
   011D 15                  330 	.db #0x15	; 21
   011E 06                  331 	.db #0x06	; 6
   011F 06                  332 	.db #0x06	; 6
   0120 06                  333 	.db #0x06	; 6
   0121 06                  334 	.db #0x06	; 6
   0122 06                  335 	.db #0x06	; 6
   0123 06                  336 	.db #0x06	; 6
   0124 06                  337 	.db #0x06	; 6
   0125 22                  338 	.db #0x22	; 34
   0126 06                  339 	.db #0x06	; 6
   0127 06                  340 	.db #0x06	; 6
   0128 06                  341 	.db #0x06	; 6
   0129 06                  342 	.db #0x06	; 6
   012A 06                  343 	.db #0x06	; 6
   012B 06                  344 	.db #0x06	; 6
   012C 06                  345 	.db #0x06	; 6
   012D 06                  346 	.db #0x06	; 6
   012E 06                  347 	.db #0x06	; 6
   012F 06                  348 	.db #0x06	; 6
   0130 06                  349 	.db #0x06	; 6
   0131 06                  350 	.db #0x06	; 6
   0132 06                  351 	.db #0x06	; 6
   0133 06                  352 	.db #0x06	; 6
   0134 06                  353 	.db #0x06	; 6
   0135 06                  354 	.db #0x06	; 6
   0136 06                  355 	.db #0x06	; 6
   0137 06                  356 	.db #0x06	; 6
   0138 06                  357 	.db #0x06	; 6
   0139 06                  358 	.db #0x06	; 6
   013A 06                  359 	.db #0x06	; 6
   013B 06                  360 	.db #0x06	; 6
   013C 06                  361 	.db #0x06	; 6
   013D 06                  362 	.db #0x06	; 6
   013E 06                  363 	.db #0x06	; 6
   013F 06                  364 	.db #0x06	; 6
   0140 0B                  365 	.db #0x0B	; 11
   0141 06                  366 	.db #0x06	; 6
   0142 1A                  367 	.db #0x1A	; 26
   0143 20                  368 	.db #0x20	; 32
   0144 21                  369 	.db #0x21	; 33
   0145 1C                  370 	.db #0x1C	; 28
   0146 06                  371 	.db #0x06	; 6
   0147 06                  372 	.db #0x06	; 6
   0148 06                  373 	.db #0x06	; 6
   0149 06                  374 	.db #0x06	; 6
   014A 06                  375 	.db #0x06	; 6
   014B 06                  376 	.db #0x06	; 6
   014C 06                  377 	.db #0x06	; 6
   014D 06                  378 	.db #0x06	; 6
   014E 06                  379 	.db #0x06	; 6
   014F 06                  380 	.db #0x06	; 6
   0150 06                  381 	.db #0x06	; 6
   0151 06                  382 	.db #0x06	; 6
   0152 06                  383 	.db #0x06	; 6
   0153 06                  384 	.db #0x06	; 6
   0154 06                  385 	.db #0x06	; 6
   0155 06                  386 	.db #0x06	; 6
   0156 06                  387 	.db #0x06	; 6
   0157 06                  388 	.db #0x06	; 6
   0158 06                  389 	.db #0x06	; 6
   0159 06                  390 	.db #0x06	; 6
   015A 06                  391 	.db #0x06	; 6
   015B 06                  392 	.db #0x06	; 6
   015C 06                  393 	.db #0x06	; 6
   015D 06                  394 	.db #0x06	; 6
   015E 06                  395 	.db #0x06	; 6
   015F 06                  396 	.db #0x06	; 6
   0160 06                  397 	.db #0x06	; 6
   0161 06                  398 	.db #0x06	; 6
   0162 06                  399 	.db #0x06	; 6
   0163 06                  400 	.db #0x06	; 6
   0164 06                  401 	.db #0x06	; 6
   0165 06                  402 	.db #0x06	; 6
   0166 06                  403 	.db #0x06	; 6
   0167 06                  404 	.db #0x06	; 6
   0168 0B                  405 	.db #0x0B	; 11
   0169 06                  406 	.db #0x06	; 6
   016A 1A                  407 	.db #0x1A	; 26
   016B 24                  408 	.db #0x24	; 36
   016C 25                  409 	.db #0x25	; 37
   016D 1C                  410 	.db #0x1C	; 28
   016E 06                  411 	.db #0x06	; 6
   016F 06                  412 	.db #0x06	; 6
   0170 06                  413 	.db #0x06	; 6
   0171 06                  414 	.db #0x06	; 6
   0172 06                  415 	.db #0x06	; 6
   0173 06                  416 	.db #0x06	; 6
   0174 06                  417 	.db #0x06	; 6
   0175 06                  418 	.db #0x06	; 6
   0176 06                  419 	.db #0x06	; 6
   0177 06                  420 	.db #0x06	; 6
   0178 06                  421 	.db #0x06	; 6
   0179 06                  422 	.db #0x06	; 6
   017A 06                  423 	.db #0x06	; 6
   017B 22                  424 	.db #0x22	; 34
   017C 06                  425 	.db #0x06	; 6
   017D 06                  426 	.db #0x06	; 6
   017E 06                  427 	.db #0x06	; 6
   017F 06                  428 	.db #0x06	; 6
   0180 06                  429 	.db #0x06	; 6
   0181 06                  430 	.db #0x06	; 6
   0182 06                  431 	.db #0x06	; 6
   0183 06                  432 	.db #0x06	; 6
   0184 06                  433 	.db #0x06	; 6
   0185 06                  434 	.db #0x06	; 6
   0186 06                  435 	.db #0x06	; 6
   0187 06                  436 	.db #0x06	; 6
   0188 06                  437 	.db #0x06	; 6
   0189 06                  438 	.db #0x06	; 6
   018A 06                  439 	.db #0x06	; 6
   018B 06                  440 	.db #0x06	; 6
   018C 06                  441 	.db #0x06	; 6
   018D 06                  442 	.db #0x06	; 6
   018E 06                  443 	.db #0x06	; 6
   018F 06                  444 	.db #0x06	; 6
   0190 0B                  445 	.db #0x0B	; 11
   0191 06                  446 	.db #0x06	; 6
   0192 1A                  447 	.db #0x1A	; 26
   0193 28                  448 	.db #0x28	; 40
   0194 29                  449 	.db #0x29	; 41
   0195 1C                  450 	.db #0x1C	; 28
   0196 06                  451 	.db #0x06	; 6
   0197 06                  452 	.db #0x06	; 6
   0198 06                  453 	.db #0x06	; 6
   0199 06                  454 	.db #0x06	; 6
   019A 06                  455 	.db #0x06	; 6
   019B 06                  456 	.db #0x06	; 6
   019C 06                  457 	.db #0x06	; 6
   019D 06                  458 	.db #0x06	; 6
   019E 06                  459 	.db #0x06	; 6
   019F 06                  460 	.db #0x06	; 6
   01A0 06                  461 	.db #0x06	; 6
   01A1 06                  462 	.db #0x06	; 6
   01A2 06                  463 	.db #0x06	; 6
   01A3 06                  464 	.db #0x06	; 6
   01A4 06                  465 	.db #0x06	; 6
   01A5 06                  466 	.db #0x06	; 6
   01A6 06                  467 	.db #0x06	; 6
   01A7 06                  468 	.db #0x06	; 6
   01A8 06                  469 	.db #0x06	; 6
   01A9 06                  470 	.db #0x06	; 6
   01AA 22                  471 	.db #0x22	; 34
   01AB 06                  472 	.db #0x06	; 6
   01AC 06                  473 	.db #0x06	; 6
   01AD 06                  474 	.db #0x06	; 6
   01AE 06                  475 	.db #0x06	; 6
   01AF 26                  476 	.db #0x26	; 38
   01B0 06                  477 	.db #0x06	; 6
   01B1 06                  478 	.db #0x06	; 6
   01B2 06                  479 	.db #0x06	; 6
   01B3 06                  480 	.db #0x06	; 6
   01B4 06                  481 	.db #0x06	; 6
   01B5 06                  482 	.db #0x06	; 6
   01B6 06                  483 	.db #0x06	; 6
   01B7 06                  484 	.db #0x06	; 6
   01B8 0B                  485 	.db #0x0B	; 11
   01B9 06                  486 	.db #0x06	; 6
   01BA 19                  487 	.db #0x19	; 25
   01BB 1E                  488 	.db #0x1E	; 30
   01BC 1E                  489 	.db #0x1E	; 30
   01BD 18                  490 	.db #0x18	; 24
   01BE 06                  491 	.db #0x06	; 6
   01BF 06                  492 	.db #0x06	; 6
   01C0 06                  493 	.db #0x06	; 6
   01C1 06                  494 	.db #0x06	; 6
   01C2 06                  495 	.db #0x06	; 6
   01C3 22                  496 	.db #0x22	; 34
   01C4 06                  497 	.db #0x06	; 6
   01C5 06                  498 	.db #0x06	; 6
   01C6 06                  499 	.db #0x06	; 6
   01C7 06                  500 	.db #0x06	; 6
   01C8 06                  501 	.db #0x06	; 6
   01C9 06                  502 	.db #0x06	; 6
   01CA 06                  503 	.db #0x06	; 6
   01CB 06                  504 	.db #0x06	; 6
   01CC 06                  505 	.db #0x06	; 6
   01CD 06                  506 	.db #0x06	; 6
   01CE 06                  507 	.db #0x06	; 6
   01CF 06                  508 	.db #0x06	; 6
   01D0 06                  509 	.db #0x06	; 6
   01D1 06                  510 	.db #0x06	; 6
   01D2 06                  511 	.db #0x06	; 6
   01D3 06                  512 	.db #0x06	; 6
   01D4 06                  513 	.db #0x06	; 6
   01D5 06                  514 	.db #0x06	; 6
   01D6 06                  515 	.db #0x06	; 6
   01D7 06                  516 	.db #0x06	; 6
   01D8 06                  517 	.db #0x06	; 6
   01D9 06                  518 	.db #0x06	; 6
   01DA 06                  519 	.db #0x06	; 6
   01DB 06                  520 	.db #0x06	; 6
   01DC 06                  521 	.db #0x06	; 6
   01DD 06                  522 	.db #0x06	; 6
   01DE 06                  523 	.db #0x06	; 6
   01DF 06                  524 	.db #0x06	; 6
   01E0 0B                  525 	.db #0x0B	; 11
   01E1 06                  526 	.db #0x06	; 6
   01E2 06                  527 	.db #0x06	; 6
   01E3 06                  528 	.db #0x06	; 6
   01E4 06                  529 	.db #0x06	; 6
   01E5 06                  530 	.db #0x06	; 6
   01E6 06                  531 	.db #0x06	; 6
   01E7 06                  532 	.db #0x06	; 6
   01E8 06                  533 	.db #0x06	; 6
   01E9 06                  534 	.db #0x06	; 6
   01EA 06                  535 	.db #0x06	; 6
   01EB 06                  536 	.db #0x06	; 6
   01EC 06                  537 	.db #0x06	; 6
   01ED 06                  538 	.db #0x06	; 6
   01EE 06                  539 	.db #0x06	; 6
   01EF 06                  540 	.db #0x06	; 6
   01F0 06                  541 	.db #0x06	; 6
   01F1 06                  542 	.db #0x06	; 6
   01F2 06                  543 	.db #0x06	; 6
   01F3 06                  544 	.db #0x06	; 6
   01F4 06                  545 	.db #0x06	; 6
   01F5 06                  546 	.db #0x06	; 6
   01F6 06                  547 	.db #0x06	; 6
   01F7 06                  548 	.db #0x06	; 6
   01F8 06                  549 	.db #0x06	; 6
   01F9 06                  550 	.db #0x06	; 6
   01FA 06                  551 	.db #0x06	; 6
   01FB 06                  552 	.db #0x06	; 6
   01FC 06                  553 	.db #0x06	; 6
   01FD 06                  554 	.db #0x06	; 6
   01FE 06                  555 	.db #0x06	; 6
   01FF 06                  556 	.db #0x06	; 6
   0200 06                  557 	.db #0x06	; 6
   0201 06                  558 	.db #0x06	; 6
   0202 06                  559 	.db #0x06	; 6
   0203 06                  560 	.db #0x06	; 6
   0204 06                  561 	.db #0x06	; 6
   0205 06                  562 	.db #0x06	; 6
   0206 06                  563 	.db #0x06	; 6
   0207 06                  564 	.db #0x06	; 6
   0208 0B                  565 	.db #0x0B	; 11
   0209 06                  566 	.db #0x06	; 6
   020A 06                  567 	.db #0x06	; 6
   020B 06                  568 	.db #0x06	; 6
   020C 06                  569 	.db #0x06	; 6
   020D 26                  570 	.db #0x26	; 38
   020E 06                  571 	.db #0x06	; 6
   020F 06                  572 	.db #0x06	; 6
   0210 06                  573 	.db #0x06	; 6
   0211 06                  574 	.db #0x06	; 6
   0212 06                  575 	.db #0x06	; 6
   0213 06                  576 	.db #0x06	; 6
   0214 06                  577 	.db #0x06	; 6
   0215 06                  578 	.db #0x06	; 6
   0216 06                  579 	.db #0x06	; 6
   0217 06                  580 	.db #0x06	; 6
   0218 06                  581 	.db #0x06	; 6
   0219 06                  582 	.db #0x06	; 6
   021A 06                  583 	.db #0x06	; 6
   021B 06                  584 	.db #0x06	; 6
   021C 06                  585 	.db #0x06	; 6
   021D 06                  586 	.db #0x06	; 6
   021E 06                  587 	.db #0x06	; 6
   021F 26                  588 	.db #0x26	; 38
   0220 06                  589 	.db #0x06	; 6
   0221 06                  590 	.db #0x06	; 6
   0222 06                  591 	.db #0x06	; 6
   0223 06                  592 	.db #0x06	; 6
   0224 06                  593 	.db #0x06	; 6
   0225 06                  594 	.db #0x06	; 6
   0226 06                  595 	.db #0x06	; 6
   0227 06                  596 	.db #0x06	; 6
   0228 06                  597 	.db #0x06	; 6
   0229 06                  598 	.db #0x06	; 6
   022A 06                  599 	.db #0x06	; 6
   022B 06                  600 	.db #0x06	; 6
   022C 06                  601 	.db #0x06	; 6
   022D 06                  602 	.db #0x06	; 6
   022E 06                  603 	.db #0x06	; 6
   022F 06                  604 	.db #0x06	; 6
   0230 0B                  605 	.db #0x0B	; 11
   0231 06                  606 	.db #0x06	; 6
   0232 06                  607 	.db #0x06	; 6
   0233 06                  608 	.db #0x06	; 6
   0234 06                  609 	.db #0x06	; 6
   0235 06                  610 	.db #0x06	; 6
   0236 06                  611 	.db #0x06	; 6
   0237 06                  612 	.db #0x06	; 6
   0238 06                  613 	.db #0x06	; 6
   0239 06                  614 	.db #0x06	; 6
   023A 06                  615 	.db #0x06	; 6
   023B 06                  616 	.db #0x06	; 6
   023C 06                  617 	.db #0x06	; 6
   023D 06                  618 	.db #0x06	; 6
   023E 06                  619 	.db #0x06	; 6
   023F 06                  620 	.db #0x06	; 6
   0240 06                  621 	.db #0x06	; 6
   0241 26                  622 	.db #0x26	; 38
   0242 06                  623 	.db #0x06	; 6
   0243 06                  624 	.db #0x06	; 6
   0244 06                  625 	.db #0x06	; 6
   0245 06                  626 	.db #0x06	; 6
   0246 06                  627 	.db #0x06	; 6
   0247 06                  628 	.db #0x06	; 6
   0248 06                  629 	.db #0x06	; 6
   0249 06                  630 	.db #0x06	; 6
   024A 06                  631 	.db #0x06	; 6
   024B 06                  632 	.db #0x06	; 6
   024C 06                  633 	.db #0x06	; 6
   024D 26                  634 	.db #0x26	; 38
   024E 06                  635 	.db #0x06	; 6
   024F 06                  636 	.db #0x06	; 6
   0250 06                  637 	.db #0x06	; 6
   0251 06                  638 	.db #0x06	; 6
   0252 06                  639 	.db #0x06	; 6
   0253 06                  640 	.db #0x06	; 6
   0254 06                  641 	.db #0x06	; 6
   0255 06                  642 	.db #0x06	; 6
   0256 06                  643 	.db #0x06	; 6
   0257 06                  644 	.db #0x06	; 6
   0258 0B                  645 	.db #0x0B	; 11
   0259 06                  646 	.db #0x06	; 6
   025A 06                  647 	.db #0x06	; 6
   025B 06                  648 	.db #0x06	; 6
   025C 06                  649 	.db #0x06	; 6
   025D 06                  650 	.db #0x06	; 6
   025E 06                  651 	.db #0x06	; 6
   025F 06                  652 	.db #0x06	; 6
   0260 06                  653 	.db #0x06	; 6
   0261 06                  654 	.db #0x06	; 6
   0262 06                  655 	.db #0x06	; 6
   0263 06                  656 	.db #0x06	; 6
   0264 06                  657 	.db #0x06	; 6
   0265 06                  658 	.db #0x06	; 6
   0266 06                  659 	.db #0x06	; 6
   0267 06                  660 	.db #0x06	; 6
   0268 06                  661 	.db #0x06	; 6
   0269 06                  662 	.db #0x06	; 6
   026A 06                  663 	.db #0x06	; 6
   026B 06                  664 	.db #0x06	; 6
   026C 06                  665 	.db #0x06	; 6
   026D 06                  666 	.db #0x06	; 6
   026E 06                  667 	.db #0x06	; 6
   026F 06                  668 	.db #0x06	; 6
   0270 06                  669 	.db #0x06	; 6
   0271 06                  670 	.db #0x06	; 6
   0272 06                  671 	.db #0x06	; 6
   0273 06                  672 	.db #0x06	; 6
   0274 06                  673 	.db #0x06	; 6
   0275 06                  674 	.db #0x06	; 6
   0276 06                  675 	.db #0x06	; 6
   0277 06                  676 	.db #0x06	; 6
   0278 06                  677 	.db #0x06	; 6
   0279 06                  678 	.db #0x06	; 6
   027A 06                  679 	.db #0x06	; 6
   027B 06                  680 	.db #0x06	; 6
   027C 22                  681 	.db #0x22	; 34
   027D 06                  682 	.db #0x06	; 6
   027E 06                  683 	.db #0x06	; 6
   027F 06                  684 	.db #0x06	; 6
   0280 0B                  685 	.db #0x0B	; 11
   0281 26                  686 	.db #0x26	; 38
   0282 06                  687 	.db #0x06	; 6
   0283 06                  688 	.db #0x06	; 6
   0284 06                  689 	.db #0x06	; 6
   0285 0A                  690 	.db #0x0A	; 10
   0286 06                  691 	.db #0x06	; 6
   0287 06                  692 	.db #0x06	; 6
   0288 06                  693 	.db #0x06	; 6
   0289 06                  694 	.db #0x06	; 6
   028A 06                  695 	.db #0x06	; 6
   028B 06                  696 	.db #0x06	; 6
   028C 06                  697 	.db #0x06	; 6
   028D 06                  698 	.db #0x06	; 6
   028E 06                  699 	.db #0x06	; 6
   028F 06                  700 	.db #0x06	; 6
   0290 06                  701 	.db #0x06	; 6
   0291 06                  702 	.db #0x06	; 6
   0292 06                  703 	.db #0x06	; 6
   0293 06                  704 	.db #0x06	; 6
   0294 06                  705 	.db #0x06	; 6
   0295 06                  706 	.db #0x06	; 6
   0296 06                  707 	.db #0x06	; 6
   0297 06                  708 	.db #0x06	; 6
   0298 06                  709 	.db #0x06	; 6
   0299 06                  710 	.db #0x06	; 6
   029A 06                  711 	.db #0x06	; 6
   029B 06                  712 	.db #0x06	; 6
   029C 06                  713 	.db #0x06	; 6
   029D 06                  714 	.db #0x06	; 6
   029E 06                  715 	.db #0x06	; 6
   029F 06                  716 	.db #0x06	; 6
   02A0 06                  717 	.db #0x06	; 6
   02A1 06                  718 	.db #0x06	; 6
   02A2 06                  719 	.db #0x06	; 6
   02A3 06                  720 	.db #0x06	; 6
   02A4 06                  721 	.db #0x06	; 6
   02A5 06                  722 	.db #0x06	; 6
   02A6 06                  723 	.db #0x06	; 6
   02A7 06                  724 	.db #0x06	; 6
   02A8 0B                  725 	.db #0x0B	; 11
   02A9 06                  726 	.db #0x06	; 6
   02AA 26                  727 	.db #0x26	; 38
   02AB 06                  728 	.db #0x06	; 6
   02AC 0A                  729 	.db #0x0A	; 10
   02AD 0A                  730 	.db #0x0A	; 10
   02AE 0A                  731 	.db #0x0A	; 10
   02AF 06                  732 	.db #0x06	; 6
   02B0 06                  733 	.db #0x06	; 6
   02B1 06                  734 	.db #0x06	; 6
   02B2 06                  735 	.db #0x06	; 6
   02B3 06                  736 	.db #0x06	; 6
   02B4 06                  737 	.db #0x06	; 6
   02B5 06                  738 	.db #0x06	; 6
   02B6 06                  739 	.db #0x06	; 6
   02B7 06                  740 	.db #0x06	; 6
   02B8 06                  741 	.db #0x06	; 6
   02B9 06                  742 	.db #0x06	; 6
   02BA 06                  743 	.db #0x06	; 6
   02BB 06                  744 	.db #0x06	; 6
   02BC 06                  745 	.db #0x06	; 6
   02BD 06                  746 	.db #0x06	; 6
   02BE 06                  747 	.db #0x06	; 6
   02BF 06                  748 	.db #0x06	; 6
   02C0 06                  749 	.db #0x06	; 6
   02C1 06                  750 	.db #0x06	; 6
   02C2 06                  751 	.db #0x06	; 6
   02C3 06                  752 	.db #0x06	; 6
   02C4 06                  753 	.db #0x06	; 6
   02C5 06                  754 	.db #0x06	; 6
   02C6 06                  755 	.db #0x06	; 6
   02C7 06                  756 	.db #0x06	; 6
   02C8 26                  757 	.db #0x26	; 38
   02C9 06                  758 	.db #0x06	; 6
   02CA 06                  759 	.db #0x06	; 6
   02CB 06                  760 	.db #0x06	; 6
   02CC 06                  761 	.db #0x06	; 6
   02CD 06                  762 	.db #0x06	; 6
   02CE 06                  763 	.db #0x06	; 6
   02CF 06                  764 	.db #0x06	; 6
   02D0 0B                  765 	.db #0x0B	; 11
   02D1 06                  766 	.db #0x06	; 6
   02D2 06                  767 	.db #0x06	; 6
   02D3 0A                  768 	.db #0x0A	; 10
   02D4 0A                  769 	.db #0x0A	; 10
   02D5 0A                  770 	.db #0x0A	; 10
   02D6 0A                  771 	.db #0x0A	; 10
   02D7 0A                  772 	.db #0x0A	; 10
   02D8 06                  773 	.db #0x06	; 6
   02D9 06                  774 	.db #0x06	; 6
   02DA 06                  775 	.db #0x06	; 6
   02DB 06                  776 	.db #0x06	; 6
   02DC 22                  777 	.db #0x22	; 34
   02DD 06                  778 	.db #0x06	; 6
   02DE 06                  779 	.db #0x06	; 6
   02DF 06                  780 	.db #0x06	; 6
   02E0 06                  781 	.db #0x06	; 6
   02E1 06                  782 	.db #0x06	; 6
   02E2 06                  783 	.db #0x06	; 6
   02E3 06                  784 	.db #0x06	; 6
   02E4 06                  785 	.db #0x06	; 6
   02E5 06                  786 	.db #0x06	; 6
   02E6 22                  787 	.db #0x22	; 34
   02E7 06                  788 	.db #0x06	; 6
   02E8 06                  789 	.db #0x06	; 6
   02E9 06                  790 	.db #0x06	; 6
   02EA 06                  791 	.db #0x06	; 6
   02EB 06                  792 	.db #0x06	; 6
   02EC 06                  793 	.db #0x06	; 6
   02ED 06                  794 	.db #0x06	; 6
   02EE 06                  795 	.db #0x06	; 6
   02EF 06                  796 	.db #0x06	; 6
   02F0 06                  797 	.db #0x06	; 6
   02F1 06                  798 	.db #0x06	; 6
   02F2 06                  799 	.db #0x06	; 6
   02F3 06                  800 	.db #0x06	; 6
   02F4 06                  801 	.db #0x06	; 6
   02F5 06                  802 	.db #0x06	; 6
   02F6 06                  803 	.db #0x06	; 6
   02F7 06                  804 	.db #0x06	; 6
   02F8 0B                  805 	.db #0x0B	; 11
   02F9 06                  806 	.db #0x06	; 6
   02FA 06                  807 	.db #0x06	; 6
   02FB 0A                  808 	.db #0x0A	; 10
   02FC 0A                  809 	.db #0x0A	; 10
   02FD 0A                  810 	.db #0x0A	; 10
   02FE 0A                  811 	.db #0x0A	; 10
   02FF 0A                  812 	.db #0x0A	; 10
   0300 0A                  813 	.db #0x0A	; 10
   0301 06                  814 	.db #0x06	; 6
   0302 06                  815 	.db #0x06	; 6
   0303 06                  816 	.db #0x06	; 6
   0304 06                  817 	.db #0x06	; 6
   0305 06                  818 	.db #0x06	; 6
   0306 06                  819 	.db #0x06	; 6
   0307 06                  820 	.db #0x06	; 6
   0308 06                  821 	.db #0x06	; 6
   0309 06                  822 	.db #0x06	; 6
   030A 22                  823 	.db #0x22	; 34
   030B 06                  824 	.db #0x06	; 6
   030C 06                  825 	.db #0x06	; 6
   030D 06                  826 	.db #0x06	; 6
   030E 06                  827 	.db #0x06	; 6
   030F 06                  828 	.db #0x06	; 6
   0310 06                  829 	.db #0x06	; 6
   0311 06                  830 	.db #0x06	; 6
   0312 06                  831 	.db #0x06	; 6
   0313 06                  832 	.db #0x06	; 6
   0314 06                  833 	.db #0x06	; 6
   0315 06                  834 	.db #0x06	; 6
   0316 06                  835 	.db #0x06	; 6
   0317 06                  836 	.db #0x06	; 6
   0318 06                  837 	.db #0x06	; 6
   0319 06                  838 	.db #0x06	; 6
   031A 06                  839 	.db #0x06	; 6
   031B 06                  840 	.db #0x06	; 6
   031C 06                  841 	.db #0x06	; 6
   031D 06                  842 	.db #0x06	; 6
   031E 06                  843 	.db #0x06	; 6
   031F 06                  844 	.db #0x06	; 6
   0320 0B                  845 	.db #0x0B	; 11
   0321 06                  846 	.db #0x06	; 6
   0322 06                  847 	.db #0x06	; 6
   0323 0A                  848 	.db #0x0A	; 10
   0324 0A                  849 	.db #0x0A	; 10
   0325 0A                  850 	.db #0x0A	; 10
   0326 0A                  851 	.db #0x0A	; 10
   0327 0A                  852 	.db #0x0A	; 10
   0328 0A                  853 	.db #0x0A	; 10
   0329 06                  854 	.db #0x06	; 6
   032A 06                  855 	.db #0x06	; 6
   032B 06                  856 	.db #0x06	; 6
   032C 06                  857 	.db #0x06	; 6
   032D 06                  858 	.db #0x06	; 6
   032E 06                  859 	.db #0x06	; 6
   032F 06                  860 	.db #0x06	; 6
   0330 06                  861 	.db #0x06	; 6
   0331 06                  862 	.db #0x06	; 6
   0332 06                  863 	.db #0x06	; 6
   0333 06                  864 	.db #0x06	; 6
   0334 06                  865 	.db #0x06	; 6
   0335 06                  866 	.db #0x06	; 6
   0336 06                  867 	.db #0x06	; 6
   0337 06                  868 	.db #0x06	; 6
   0338 06                  869 	.db #0x06	; 6
   0339 06                  870 	.db #0x06	; 6
   033A 06                  871 	.db #0x06	; 6
   033B 26                  872 	.db #0x26	; 38
   033C 06                  873 	.db #0x06	; 6
   033D 06                  874 	.db #0x06	; 6
   033E 06                  875 	.db #0x06	; 6
   033F 06                  876 	.db #0x06	; 6
   0340 06                  877 	.db #0x06	; 6
   0341 06                  878 	.db #0x06	; 6
   0342 06                  879 	.db #0x06	; 6
   0343 06                  880 	.db #0x06	; 6
   0344 06                  881 	.db #0x06	; 6
   0345 06                  882 	.db #0x06	; 6
   0346 06                  883 	.db #0x06	; 6
   0347 06                  884 	.db #0x06	; 6
   0348 0B                  885 	.db #0x0B	; 11
   0349 06                  886 	.db #0x06	; 6
   034A 06                  887 	.db #0x06	; 6
   034B 0A                  888 	.db #0x0A	; 10
   034C 0A                  889 	.db #0x0A	; 10
   034D 0A                  890 	.db #0x0A	; 10
   034E 0A                  891 	.db #0x0A	; 10
   034F 0A                  892 	.db #0x0A	; 10
   0350 0A                  893 	.db #0x0A	; 10
   0351 06                  894 	.db #0x06	; 6
   0352 06                  895 	.db #0x06	; 6
   0353 06                  896 	.db #0x06	; 6
   0354 06                  897 	.db #0x06	; 6
   0355 06                  898 	.db #0x06	; 6
   0356 06                  899 	.db #0x06	; 6
   0357 06                  900 	.db #0x06	; 6
   0358 06                  901 	.db #0x06	; 6
   0359 06                  902 	.db #0x06	; 6
   035A 06                  903 	.db #0x06	; 6
   035B 06                  904 	.db #0x06	; 6
   035C 22                  905 	.db #0x22	; 34
   035D 06                  906 	.db #0x06	; 6
   035E 06                  907 	.db #0x06	; 6
   035F 06                  908 	.db #0x06	; 6
   0360 06                  909 	.db #0x06	; 6
   0361 06                  910 	.db #0x06	; 6
   0362 06                  911 	.db #0x06	; 6
   0363 06                  912 	.db #0x06	; 6
   0364 06                  913 	.db #0x06	; 6
   0365 06                  914 	.db #0x06	; 6
   0366 06                  915 	.db #0x06	; 6
   0367 06                  916 	.db #0x06	; 6
   0368 06                  917 	.db #0x06	; 6
   0369 22                  918 	.db #0x22	; 34
   036A 06                  919 	.db #0x06	; 6
   036B 06                  920 	.db #0x06	; 6
   036C 06                  921 	.db #0x06	; 6
   036D 06                  922 	.db #0x06	; 6
   036E 06                  923 	.db #0x06	; 6
   036F 06                  924 	.db #0x06	; 6
   0370 0B                  925 	.db #0x0B	; 11
   0371 06                  926 	.db #0x06	; 6
   0372 06                  927 	.db #0x06	; 6
   0373 0A                  928 	.db #0x0A	; 10
   0374 0A                  929 	.db #0x0A	; 10
   0375 0A                  930 	.db #0x0A	; 10
   0376 0A                  931 	.db #0x0A	; 10
   0377 0A                  932 	.db #0x0A	; 10
   0378 0A                  933 	.db #0x0A	; 10
   0379 0A                  934 	.db #0x0A	; 10
   037A 0A                  935 	.db #0x0A	; 10
   037B 06                  936 	.db #0x06	; 6
   037C 06                  937 	.db #0x06	; 6
   037D 06                  938 	.db #0x06	; 6
   037E 06                  939 	.db #0x06	; 6
   037F 06                  940 	.db #0x06	; 6
   0380 06                  941 	.db #0x06	; 6
   0381 06                  942 	.db #0x06	; 6
   0382 06                  943 	.db #0x06	; 6
   0383 06                  944 	.db #0x06	; 6
   0384 06                  945 	.db #0x06	; 6
   0385 06                  946 	.db #0x06	; 6
   0386 06                  947 	.db #0x06	; 6
   0387 06                  948 	.db #0x06	; 6
   0388 06                  949 	.db #0x06	; 6
   0389 06                  950 	.db #0x06	; 6
   038A 06                  951 	.db #0x06	; 6
   038B 06                  952 	.db #0x06	; 6
   038C 06                  953 	.db #0x06	; 6
   038D 06                  954 	.db #0x06	; 6
   038E 06                  955 	.db #0x06	; 6
   038F 06                  956 	.db #0x06	; 6
   0390 06                  957 	.db #0x06	; 6
   0391 06                  958 	.db #0x06	; 6
   0392 06                  959 	.db #0x06	; 6
   0393 06                  960 	.db #0x06	; 6
   0394 06                  961 	.db #0x06	; 6
   0395 06                  962 	.db #0x06	; 6
   0396 06                  963 	.db #0x06	; 6
   0397 06                  964 	.db #0x06	; 6
   0398 0B                  965 	.db #0x0B	; 11
   0399 06                  966 	.db #0x06	; 6
   039A 06                  967 	.db #0x06	; 6
   039B 06                  968 	.db #0x06	; 6
   039C 0A                  969 	.db #0x0A	; 10
   039D 0A                  970 	.db #0x0A	; 10
   039E 0A                  971 	.db #0x0A	; 10
   039F 0A                  972 	.db #0x0A	; 10
   03A0 0A                  973 	.db #0x0A	; 10
   03A1 0A                  974 	.db #0x0A	; 10
   03A2 0A                  975 	.db #0x0A	; 10
   03A3 0A                  976 	.db #0x0A	; 10
   03A4 06                  977 	.db #0x06	; 6
   03A5 06                  978 	.db #0x06	; 6
   03A6 06                  979 	.db #0x06	; 6
   03A7 06                  980 	.db #0x06	; 6
   03A8 06                  981 	.db #0x06	; 6
   03A9 06                  982 	.db #0x06	; 6
   03AA 06                  983 	.db #0x06	; 6
   03AB 06                  984 	.db #0x06	; 6
   03AC 06                  985 	.db #0x06	; 6
   03AD 06                  986 	.db #0x06	; 6
   03AE 06                  987 	.db #0x06	; 6
   03AF 06                  988 	.db #0x06	; 6
   03B0 06                  989 	.db #0x06	; 6
   03B1 06                  990 	.db #0x06	; 6
   03B2 06                  991 	.db #0x06	; 6
   03B3 06                  992 	.db #0x06	; 6
   03B4 06                  993 	.db #0x06	; 6
   03B5 06                  994 	.db #0x06	; 6
   03B6 06                  995 	.db #0x06	; 6
   03B7 06                  996 	.db #0x06	; 6
   03B8 06                  997 	.db #0x06	; 6
   03B9 06                  998 	.db #0x06	; 6
   03BA 06                  999 	.db #0x06	; 6
   03BB 06                 1000 	.db #0x06	; 6
   03BC 06                 1001 	.db #0x06	; 6
   03BD 06                 1002 	.db #0x06	; 6
   03BE 06                 1003 	.db #0x06	; 6
   03BF 06                 1004 	.db #0x06	; 6
   03C0 0B                 1005 	.db #0x0B	; 11
   03C1 26                 1006 	.db #0x26	; 38
   03C2 06                 1007 	.db #0x06	; 6
   03C3 06                 1008 	.db #0x06	; 6
   03C4 06                 1009 	.db #0x06	; 6
   03C5 0A                 1010 	.db #0x0A	; 10
   03C6 0A                 1011 	.db #0x0A	; 10
   03C7 0A                 1012 	.db #0x0A	; 10
   03C8 0A                 1013 	.db #0x0A	; 10
   03C9 0A                 1014 	.db #0x0A	; 10
   03CA 0A                 1015 	.db #0x0A	; 10
   03CB 0A                 1016 	.db #0x0A	; 10
   03CC 06                 1017 	.db #0x06	; 6
   03CD 06                 1018 	.db #0x06	; 6
   03CE 06                 1019 	.db #0x06	; 6
   03CF 06                 1020 	.db #0x06	; 6
   03D0 06                 1021 	.db #0x06	; 6
   03D1 06                 1022 	.db #0x06	; 6
   03D2 06                 1023 	.db #0x06	; 6
   03D3 06                 1024 	.db #0x06	; 6
   03D4 06                 1025 	.db #0x06	; 6
   03D5 06                 1026 	.db #0x06	; 6
   03D6 06                 1027 	.db #0x06	; 6
   03D7 06                 1028 	.db #0x06	; 6
   03D8 06                 1029 	.db #0x06	; 6
   03D9 06                 1030 	.db #0x06	; 6
   03DA 06                 1031 	.db #0x06	; 6
   03DB 06                 1032 	.db #0x06	; 6
   03DC 06                 1033 	.db #0x06	; 6
   03DD 06                 1034 	.db #0x06	; 6
   03DE 06                 1035 	.db #0x06	; 6
   03DF 06                 1036 	.db #0x06	; 6
   03E0 06                 1037 	.db #0x06	; 6
   03E1 06                 1038 	.db #0x06	; 6
   03E2 06                 1039 	.db #0x06	; 6
   03E3 06                 1040 	.db #0x06	; 6
   03E4 06                 1041 	.db #0x06	; 6
   03E5 06                 1042 	.db #0x06	; 6
   03E6 06                 1043 	.db #0x06	; 6
   03E7 06                 1044 	.db #0x06	; 6
   03E8 0B                 1045 	.db #0x0B	; 11
   03E9 06                 1046 	.db #0x06	; 6
   03EA 06                 1047 	.db #0x06	; 6
   03EB 26                 1048 	.db #0x26	; 38
   03EC 06                 1049 	.db #0x06	; 6
   03ED 0A                 1050 	.db #0x0A	; 10
   03EE 0A                 1051 	.db #0x0A	; 10
   03EF 0A                 1052 	.db #0x0A	; 10
   03F0 0A                 1053 	.db #0x0A	; 10
   03F1 0A                 1054 	.db #0x0A	; 10
   03F2 0A                 1055 	.db #0x0A	; 10
   03F3 0A                 1056 	.db #0x0A	; 10
   03F4 0A                 1057 	.db #0x0A	; 10
   03F5 06                 1058 	.db #0x06	; 6
   03F6 06                 1059 	.db #0x06	; 6
   03F7 06                 1060 	.db #0x06	; 6
   03F8 06                 1061 	.db #0x06	; 6
   03F9 06                 1062 	.db #0x06	; 6
   03FA 06                 1063 	.db #0x06	; 6
   03FB 22                 1064 	.db #0x22	; 34
   03FC 06                 1065 	.db #0x06	; 6
   03FD 06                 1066 	.db #0x06	; 6
   03FE 06                 1067 	.db #0x06	; 6
   03FF 06                 1068 	.db #0x06	; 6
   0400 06                 1069 	.db #0x06	; 6
   0401 26                 1070 	.db #0x26	; 38
   0402 06                 1071 	.db #0x06	; 6
   0403 06                 1072 	.db #0x06	; 6
   0404 06                 1073 	.db #0x06	; 6
   0405 06                 1074 	.db #0x06	; 6
   0406 06                 1075 	.db #0x06	; 6
   0407 06                 1076 	.db #0x06	; 6
   0408 06                 1077 	.db #0x06	; 6
   0409 06                 1078 	.db #0x06	; 6
   040A 06                 1079 	.db #0x06	; 6
   040B 06                 1080 	.db #0x06	; 6
   040C 06                 1081 	.db #0x06	; 6
   040D 06                 1082 	.db #0x06	; 6
   040E 06                 1083 	.db #0x06	; 6
   040F 06                 1084 	.db #0x06	; 6
   0410 0B                 1085 	.db #0x0B	; 11
   0411 06                 1086 	.db #0x06	; 6
   0412 06                 1087 	.db #0x06	; 6
   0413 06                 1088 	.db #0x06	; 6
   0414 06                 1089 	.db #0x06	; 6
   0415 06                 1090 	.db #0x06	; 6
   0416 0A                 1091 	.db #0x0A	; 10
   0417 0A                 1092 	.db #0x0A	; 10
   0418 0A                 1093 	.db #0x0A	; 10
   0419 0A                 1094 	.db #0x0A	; 10
   041A 0A                 1095 	.db #0x0A	; 10
   041B 0A                 1096 	.db #0x0A	; 10
   041C 0A                 1097 	.db #0x0A	; 10
   041D 0A                 1098 	.db #0x0A	; 10
   041E 06                 1099 	.db #0x06	; 6
   041F 06                 1100 	.db #0x06	; 6
   0420 06                 1101 	.db #0x06	; 6
   0421 22                 1102 	.db #0x22	; 34
   0422 06                 1103 	.db #0x06	; 6
   0423 06                 1104 	.db #0x06	; 6
   0424 22                 1105 	.db #0x22	; 34
   0425 22                 1106 	.db #0x22	; 34
   0426 06                 1107 	.db #0x06	; 6
   0427 06                 1108 	.db #0x06	; 6
   0428 06                 1109 	.db #0x06	; 6
   0429 06                 1110 	.db #0x06	; 6
   042A 06                 1111 	.db #0x06	; 6
   042B 06                 1112 	.db #0x06	; 6
   042C 06                 1113 	.db #0x06	; 6
   042D 06                 1114 	.db #0x06	; 6
   042E 06                 1115 	.db #0x06	; 6
   042F 06                 1116 	.db #0x06	; 6
   0430 06                 1117 	.db #0x06	; 6
   0431 06                 1118 	.db #0x06	; 6
   0432 06                 1119 	.db #0x06	; 6
   0433 06                 1120 	.db #0x06	; 6
   0434 06                 1121 	.db #0x06	; 6
   0435 06                 1122 	.db #0x06	; 6
   0436 26                 1123 	.db #0x26	; 38
   0437 06                 1124 	.db #0x06	; 6
   0438 0B                 1125 	.db #0x0B	; 11
   0439 06                 1126 	.db #0x06	; 6
   043A 06                 1127 	.db #0x06	; 6
   043B 06                 1128 	.db #0x06	; 6
   043C 06                 1129 	.db #0x06	; 6
   043D 06                 1130 	.db #0x06	; 6
   043E 0A                 1131 	.db #0x0A	; 10
   043F 0A                 1132 	.db #0x0A	; 10
   0440 0A                 1133 	.db #0x0A	; 10
   0441 0A                 1134 	.db #0x0A	; 10
   0442 0A                 1135 	.db #0x0A	; 10
   0443 0A                 1136 	.db #0x0A	; 10
   0444 0A                 1137 	.db #0x0A	; 10
   0445 0A                 1138 	.db #0x0A	; 10
   0446 06                 1139 	.db #0x06	; 6
   0447 06                 1140 	.db #0x06	; 6
   0448 06                 1141 	.db #0x06	; 6
   0449 06                 1142 	.db #0x06	; 6
   044A 06                 1143 	.db #0x06	; 6
   044B 06                 1144 	.db #0x06	; 6
   044C 06                 1145 	.db #0x06	; 6
   044D 06                 1146 	.db #0x06	; 6
   044E 06                 1147 	.db #0x06	; 6
   044F 06                 1148 	.db #0x06	; 6
   0450 06                 1149 	.db #0x06	; 6
   0451 06                 1150 	.db #0x06	; 6
   0452 06                 1151 	.db #0x06	; 6
   0453 06                 1152 	.db #0x06	; 6
   0454 06                 1153 	.db #0x06	; 6
   0455 06                 1154 	.db #0x06	; 6
   0456 06                 1155 	.db #0x06	; 6
   0457 22                 1156 	.db #0x22	; 34
   0458 06                 1157 	.db #0x06	; 6
   0459 06                 1158 	.db #0x06	; 6
   045A 06                 1159 	.db #0x06	; 6
   045B 06                 1160 	.db #0x06	; 6
   045C 06                 1161 	.db #0x06	; 6
   045D 06                 1162 	.db #0x06	; 6
   045E 06                 1163 	.db #0x06	; 6
   045F 06                 1164 	.db #0x06	; 6
   0460 0B                 1165 	.db #0x0B	; 11
   0461 06                 1166 	.db #0x06	; 6
   0462 06                 1167 	.db #0x06	; 6
   0463 26                 1168 	.db #0x26	; 38
   0464 06                 1169 	.db #0x06	; 6
   0465 06                 1170 	.db #0x06	; 6
   0466 06                 1171 	.db #0x06	; 6
   0467 0A                 1172 	.db #0x0A	; 10
   0468 0A                 1173 	.db #0x0A	; 10
   0469 0A                 1174 	.db #0x0A	; 10
   046A 0A                 1175 	.db #0x0A	; 10
   046B 0A                 1176 	.db #0x0A	; 10
   046C 0A                 1177 	.db #0x0A	; 10
   046D 0A                 1178 	.db #0x0A	; 10
   046E 06                 1179 	.db #0x06	; 6
   046F 06                 1180 	.db #0x06	; 6
   0470 06                 1181 	.db #0x06	; 6
   0471 06                 1182 	.db #0x06	; 6
   0472 06                 1183 	.db #0x06	; 6
   0473 06                 1184 	.db #0x06	; 6
   0474 06                 1185 	.db #0x06	; 6
   0475 06                 1186 	.db #0x06	; 6
   0476 06                 1187 	.db #0x06	; 6
   0477 26                 1188 	.db #0x26	; 38
   0478 06                 1189 	.db #0x06	; 6
   0479 06                 1190 	.db #0x06	; 6
   047A 06                 1191 	.db #0x06	; 6
   047B 06                 1192 	.db #0x06	; 6
   047C 06                 1193 	.db #0x06	; 6
   047D 06                 1194 	.db #0x06	; 6
   047E 06                 1195 	.db #0x06	; 6
   047F 06                 1196 	.db #0x06	; 6
   0480 06                 1197 	.db #0x06	; 6
   0481 06                 1198 	.db #0x06	; 6
   0482 06                 1199 	.db #0x06	; 6
   0483 06                 1200 	.db #0x06	; 6
   0484 06                 1201 	.db #0x06	; 6
   0485 06                 1202 	.db #0x06	; 6
   0486 06                 1203 	.db #0x06	; 6
   0487 06                 1204 	.db #0x06	; 6
   0488 0B                 1205 	.db #0x0B	; 11
   0489 06                 1206 	.db #0x06	; 6
   048A 06                 1207 	.db #0x06	; 6
   048B 06                 1208 	.db #0x06	; 6
   048C 06                 1209 	.db #0x06	; 6
   048D 06                 1210 	.db #0x06	; 6
   048E 06                 1211 	.db #0x06	; 6
   048F 06                 1212 	.db #0x06	; 6
   0490 0A                 1213 	.db #0x0A	; 10
   0491 0A                 1214 	.db #0x0A	; 10
   0492 0A                 1215 	.db #0x0A	; 10
   0493 0A                 1216 	.db #0x0A	; 10
   0494 0A                 1217 	.db #0x0A	; 10
   0495 0A                 1218 	.db #0x0A	; 10
   0496 06                 1219 	.db #0x06	; 6
   0497 06                 1220 	.db #0x06	; 6
   0498 06                 1221 	.db #0x06	; 6
   0499 06                 1222 	.db #0x06	; 6
   049A 06                 1223 	.db #0x06	; 6
   049B 06                 1224 	.db #0x06	; 6
   049C 06                 1225 	.db #0x06	; 6
   049D 06                 1226 	.db #0x06	; 6
   049E 06                 1227 	.db #0x06	; 6
   049F 06                 1228 	.db #0x06	; 6
   04A0 06                 1229 	.db #0x06	; 6
   04A1 06                 1230 	.db #0x06	; 6
   04A2 06                 1231 	.db #0x06	; 6
   04A3 06                 1232 	.db #0x06	; 6
   04A4 06                 1233 	.db #0x06	; 6
   04A5 06                 1234 	.db #0x06	; 6
   04A6 06                 1235 	.db #0x06	; 6
   04A7 06                 1236 	.db #0x06	; 6
   04A8 06                 1237 	.db #0x06	; 6
   04A9 06                 1238 	.db #0x06	; 6
   04AA 06                 1239 	.db #0x06	; 6
   04AB 06                 1240 	.db #0x06	; 6
   04AC 06                 1241 	.db #0x06	; 6
   04AD 06                 1242 	.db #0x06	; 6
   04AE 06                 1243 	.db #0x06	; 6
   04AF 06                 1244 	.db #0x06	; 6
   04B0 0B                 1245 	.db #0x0B	; 11
   04B1 06                 1246 	.db #0x06	; 6
   04B2 06                 1247 	.db #0x06	; 6
   04B3 06                 1248 	.db #0x06	; 6
   04B4 06                 1249 	.db #0x06	; 6
   04B5 06                 1250 	.db #0x06	; 6
   04B6 06                 1251 	.db #0x06	; 6
   04B7 06                 1252 	.db #0x06	; 6
   04B8 0A                 1253 	.db #0x0A	; 10
   04B9 0A                 1254 	.db #0x0A	; 10
   04BA 0A                 1255 	.db #0x0A	; 10
   04BB 0A                 1256 	.db #0x0A	; 10
   04BC 06                 1257 	.db #0x06	; 6
   04BD 06                 1258 	.db #0x06	; 6
   04BE 06                 1259 	.db #0x06	; 6
   04BF 06                 1260 	.db #0x06	; 6
   04C0 06                 1261 	.db #0x06	; 6
   04C1 06                 1262 	.db #0x06	; 6
   04C2 22                 1263 	.db #0x22	; 34
   04C3 06                 1264 	.db #0x06	; 6
   04C4 06                 1265 	.db #0x06	; 6
   04C5 06                 1266 	.db #0x06	; 6
   04C6 06                 1267 	.db #0x06	; 6
   04C7 06                 1268 	.db #0x06	; 6
   04C8 06                 1269 	.db #0x06	; 6
   04C9 06                 1270 	.db #0x06	; 6
   04CA 26                 1271 	.db #0x26	; 38
   04CB 06                 1272 	.db #0x06	; 6
   04CC 06                 1273 	.db #0x06	; 6
   04CD 06                 1274 	.db #0x06	; 6
   04CE 06                 1275 	.db #0x06	; 6
   04CF 06                 1276 	.db #0x06	; 6
   04D0 06                 1277 	.db #0x06	; 6
   04D1 06                 1278 	.db #0x06	; 6
   04D2 06                 1279 	.db #0x06	; 6
   04D3 26                 1280 	.db #0x26	; 38
   04D4 06                 1281 	.db #0x06	; 6
   04D5 06                 1282 	.db #0x06	; 6
   04D6 06                 1283 	.db #0x06	; 6
   04D7 06                 1284 	.db #0x06	; 6
   04D8 0B                 1285 	.db #0x0B	; 11
   04D9 06                 1286 	.db #0x06	; 6
   04DA 06                 1287 	.db #0x06	; 6
   04DB 06                 1288 	.db #0x06	; 6
   04DC 06                 1289 	.db #0x06	; 6
   04DD 06                 1290 	.db #0x06	; 6
   04DE 06                 1291 	.db #0x06	; 6
   04DF 06                 1292 	.db #0x06	; 6
   04E0 06                 1293 	.db #0x06	; 6
   04E1 0A                 1294 	.db #0x0A	; 10
   04E2 0A                 1295 	.db #0x0A	; 10
   04E3 06                 1296 	.db #0x06	; 6
   04E4 06                 1297 	.db #0x06	; 6
   04E5 06                 1298 	.db #0x06	; 6
   04E6 06                 1299 	.db #0x06	; 6
   04E7 06                 1300 	.db #0x06	; 6
   04E8 06                 1301 	.db #0x06	; 6
   04E9 06                 1302 	.db #0x06	; 6
   04EA 06                 1303 	.db #0x06	; 6
   04EB 06                 1304 	.db #0x06	; 6
   04EC 06                 1305 	.db #0x06	; 6
   04ED 06                 1306 	.db #0x06	; 6
   04EE 06                 1307 	.db #0x06	; 6
   04EF 06                 1308 	.db #0x06	; 6
   04F0 06                 1309 	.db #0x06	; 6
   04F1 06                 1310 	.db #0x06	; 6
   04F2 06                 1311 	.db #0x06	; 6
   04F3 06                 1312 	.db #0x06	; 6
   04F4 06                 1313 	.db #0x06	; 6
   04F5 06                 1314 	.db #0x06	; 6
   04F6 06                 1315 	.db #0x06	; 6
   04F7 06                 1316 	.db #0x06	; 6
   04F8 06                 1317 	.db #0x06	; 6
   04F9 06                 1318 	.db #0x06	; 6
   04FA 06                 1319 	.db #0x06	; 6
   04FB 06                 1320 	.db #0x06	; 6
   04FC 06                 1321 	.db #0x06	; 6
   04FD 06                 1322 	.db #0x06	; 6
   04FE 06                 1323 	.db #0x06	; 6
   04FF 06                 1324 	.db #0x06	; 6
   0500 0B                 1325 	.db #0x0B	; 11
   0501 06                 1326 	.db #0x06	; 6
   0502 06                 1327 	.db #0x06	; 6
   0503 06                 1328 	.db #0x06	; 6
   0504 06                 1329 	.db #0x06	; 6
   0505 06                 1330 	.db #0x06	; 6
   0506 06                 1331 	.db #0x06	; 6
   0507 06                 1332 	.db #0x06	; 6
   0508 06                 1333 	.db #0x06	; 6
   0509 06                 1334 	.db #0x06	; 6
   050A 06                 1335 	.db #0x06	; 6
   050B 06                 1336 	.db #0x06	; 6
   050C 06                 1337 	.db #0x06	; 6
   050D 06                 1338 	.db #0x06	; 6
   050E 06                 1339 	.db #0x06	; 6
   050F 06                 1340 	.db #0x06	; 6
   0510 06                 1341 	.db #0x06	; 6
   0511 06                 1342 	.db #0x06	; 6
   0512 06                 1343 	.db #0x06	; 6
   0513 06                 1344 	.db #0x06	; 6
   0514 06                 1345 	.db #0x06	; 6
   0515 06                 1346 	.db #0x06	; 6
   0516 06                 1347 	.db #0x06	; 6
   0517 06                 1348 	.db #0x06	; 6
   0518 06                 1349 	.db #0x06	; 6
   0519 06                 1350 	.db #0x06	; 6
   051A 06                 1351 	.db #0x06	; 6
   051B 06                 1352 	.db #0x06	; 6
   051C 06                 1353 	.db #0x06	; 6
   051D 06                 1354 	.db #0x06	; 6
   051E 06                 1355 	.db #0x06	; 6
   051F 06                 1356 	.db #0x06	; 6
   0520 06                 1357 	.db #0x06	; 6
   0521 06                 1358 	.db #0x06	; 6
   0522 06                 1359 	.db #0x06	; 6
   0523 06                 1360 	.db #0x06	; 6
   0524 06                 1361 	.db #0x06	; 6
   0525 06                 1362 	.db #0x06	; 6
   0526 06                 1363 	.db #0x06	; 6
   0527 06                 1364 	.db #0x06	; 6
   0528 0B                 1365 	.db #0x0B	; 11
   0529 06                 1366 	.db #0x06	; 6
   052A 06                 1367 	.db #0x06	; 6
   052B 06                 1368 	.db #0x06	; 6
   052C 06                 1369 	.db #0x06	; 6
   052D 06                 1370 	.db #0x06	; 6
   052E 06                 1371 	.db #0x06	; 6
   052F 06                 1372 	.db #0x06	; 6
   0530 06                 1373 	.db #0x06	; 6
   0531 06                 1374 	.db #0x06	; 6
   0532 06                 1375 	.db #0x06	; 6
   0533 06                 1376 	.db #0x06	; 6
   0534 06                 1377 	.db #0x06	; 6
   0535 06                 1378 	.db #0x06	; 6
   0536 22                 1379 	.db #0x22	; 34
   0537 06                 1380 	.db #0x06	; 6
   0538 06                 1381 	.db #0x06	; 6
   0539 06                 1382 	.db #0x06	; 6
   053A 06                 1383 	.db #0x06	; 6
   053B 06                 1384 	.db #0x06	; 6
   053C 06                 1385 	.db #0x06	; 6
   053D 22                 1386 	.db #0x22	; 34
   053E 06                 1387 	.db #0x06	; 6
   053F 06                 1388 	.db #0x06	; 6
   0540 06                 1389 	.db #0x06	; 6
   0541 06                 1390 	.db #0x06	; 6
   0542 06                 1391 	.db #0x06	; 6
   0543 06                 1392 	.db #0x06	; 6
   0544 06                 1393 	.db #0x06	; 6
   0545 06                 1394 	.db #0x06	; 6
   0546 06                 1395 	.db #0x06	; 6
   0547 06                 1396 	.db #0x06	; 6
   0548 06                 1397 	.db #0x06	; 6
   0549 06                 1398 	.db #0x06	; 6
   054A 06                 1399 	.db #0x06	; 6
   054B 06                 1400 	.db #0x06	; 6
   054C 06                 1401 	.db #0x06	; 6
   054D 06                 1402 	.db #0x06	; 6
   054E 06                 1403 	.db #0x06	; 6
   054F 06                 1404 	.db #0x06	; 6
   0550 0B                 1405 	.db #0x0B	; 11
   0551 06                 1406 	.db #0x06	; 6
   0552 06                 1407 	.db #0x06	; 6
   0553 06                 1408 	.db #0x06	; 6
   0554 06                 1409 	.db #0x06	; 6
   0555 06                 1410 	.db #0x06	; 6
   0556 26                 1411 	.db #0x26	; 38
   0557 06                 1412 	.db #0x06	; 6
   0558 06                 1413 	.db #0x06	; 6
   0559 06                 1414 	.db #0x06	; 6
   055A 06                 1415 	.db #0x06	; 6
   055B 06                 1416 	.db #0x06	; 6
   055C 06                 1417 	.db #0x06	; 6
   055D 06                 1418 	.db #0x06	; 6
   055E 06                 1419 	.db #0x06	; 6
   055F 06                 1420 	.db #0x06	; 6
   0560 06                 1421 	.db #0x06	; 6
   0561 06                 1422 	.db #0x06	; 6
   0562 06                 1423 	.db #0x06	; 6
   0563 06                 1424 	.db #0x06	; 6
   0564 06                 1425 	.db #0x06	; 6
   0565 06                 1426 	.db #0x06	; 6
   0566 06                 1427 	.db #0x06	; 6
   0567 06                 1428 	.db #0x06	; 6
   0568 06                 1429 	.db #0x06	; 6
   0569 06                 1430 	.db #0x06	; 6
   056A 06                 1431 	.db #0x06	; 6
   056B 06                 1432 	.db #0x06	; 6
   056C 06                 1433 	.db #0x06	; 6
   056D 06                 1434 	.db #0x06	; 6
   056E 06                 1435 	.db #0x06	; 6
   056F 06                 1436 	.db #0x06	; 6
   0570 26                 1437 	.db #0x26	; 38
   0571 06                 1438 	.db #0x06	; 6
   0572 06                 1439 	.db #0x06	; 6
   0573 06                 1440 	.db #0x06	; 6
   0574 06                 1441 	.db #0x06	; 6
   0575 26                 1442 	.db #0x26	; 38
   0576 06                 1443 	.db #0x06	; 6
   0577 06                 1444 	.db #0x06	; 6
   0578 0B                 1445 	.db #0x0B	; 11
   0579 06                 1446 	.db #0x06	; 6
   057A 26                 1447 	.db #0x26	; 38
   057B 06                 1448 	.db #0x06	; 6
   057C 06                 1449 	.db #0x06	; 6
   057D 06                 1450 	.db #0x06	; 6
   057E 06                 1451 	.db #0x06	; 6
   057F 06                 1452 	.db #0x06	; 6
   0580 06                 1453 	.db #0x06	; 6
   0581 06                 1454 	.db #0x06	; 6
   0582 06                 1455 	.db #0x06	; 6
   0583 06                 1456 	.db #0x06	; 6
   0584 06                 1457 	.db #0x06	; 6
   0585 06                 1458 	.db #0x06	; 6
   0586 06                 1459 	.db #0x06	; 6
   0587 06                 1460 	.db #0x06	; 6
   0588 06                 1461 	.db #0x06	; 6
   0589 06                 1462 	.db #0x06	; 6
   058A 06                 1463 	.db #0x06	; 6
   058B 06                 1464 	.db #0x06	; 6
   058C 06                 1465 	.db #0x06	; 6
   058D 06                 1466 	.db #0x06	; 6
   058E 06                 1467 	.db #0x06	; 6
   058F 06                 1468 	.db #0x06	; 6
   0590 06                 1469 	.db #0x06	; 6
   0591 06                 1470 	.db #0x06	; 6
   0592 06                 1471 	.db #0x06	; 6
   0593 06                 1472 	.db #0x06	; 6
   0594 06                 1473 	.db #0x06	; 6
   0595 06                 1474 	.db #0x06	; 6
   0596 06                 1475 	.db #0x06	; 6
   0597 06                 1476 	.db #0x06	; 6
   0598 06                 1477 	.db #0x06	; 6
   0599 06                 1478 	.db #0x06	; 6
   059A 06                 1479 	.db #0x06	; 6
   059B 06                 1480 	.db #0x06	; 6
   059C 06                 1481 	.db #0x06	; 6
   059D 06                 1482 	.db #0x06	; 6
   059E 06                 1483 	.db #0x06	; 6
   059F 06                 1484 	.db #0x06	; 6
   05A0 0B                 1485 	.db #0x0B	; 11
   05A1 06                 1486 	.db #0x06	; 6
   05A2 06                 1487 	.db #0x06	; 6
   05A3 06                 1488 	.db #0x06	; 6
   05A4 26                 1489 	.db #0x26	; 38
   05A5 06                 1490 	.db #0x06	; 6
   05A6 06                 1491 	.db #0x06	; 6
   05A7 06                 1492 	.db #0x06	; 6
   05A8 06                 1493 	.db #0x06	; 6
   05A9 06                 1494 	.db #0x06	; 6
   05AA 26                 1495 	.db #0x26	; 38
   05AB 06                 1496 	.db #0x06	; 6
   05AC 06                 1497 	.db #0x06	; 6
   05AD 06                 1498 	.db #0x06	; 6
   05AE 06                 1499 	.db #0x06	; 6
   05AF 06                 1500 	.db #0x06	; 6
   05B0 06                 1501 	.db #0x06	; 6
   05B1 06                 1502 	.db #0x06	; 6
   05B2 06                 1503 	.db #0x06	; 6
   05B3 06                 1504 	.db #0x06	; 6
   05B4 06                 1505 	.db #0x06	; 6
   05B5 06                 1506 	.db #0x06	; 6
   05B6 06                 1507 	.db #0x06	; 6
   05B7 06                 1508 	.db #0x06	; 6
   05B8 06                 1509 	.db #0x06	; 6
   05B9 06                 1510 	.db #0x06	; 6
   05BA 06                 1511 	.db #0x06	; 6
   05BB 26                 1512 	.db #0x26	; 38
   05BC 06                 1513 	.db #0x06	; 6
   05BD 06                 1514 	.db #0x06	; 6
   05BE 06                 1515 	.db #0x06	; 6
   05BF 06                 1516 	.db #0x06	; 6
   05C0 06                 1517 	.db #0x06	; 6
   05C1 06                 1518 	.db #0x06	; 6
   05C2 06                 1519 	.db #0x06	; 6
   05C3 06                 1520 	.db #0x06	; 6
   05C4 06                 1521 	.db #0x06	; 6
   05C5 06                 1522 	.db #0x06	; 6
   05C6 06                 1523 	.db #0x06	; 6
   05C7 06                 1524 	.db #0x06	; 6
   05C8 0B                 1525 	.db #0x0B	; 11
   05C9 06                 1526 	.db #0x06	; 6
   05CA 06                 1527 	.db #0x06	; 6
   05CB 06                 1528 	.db #0x06	; 6
   05CC 06                 1529 	.db #0x06	; 6
   05CD 06                 1530 	.db #0x06	; 6
   05CE 06                 1531 	.db #0x06	; 6
   05CF 06                 1532 	.db #0x06	; 6
   05D0 06                 1533 	.db #0x06	; 6
   05D1 06                 1534 	.db #0x06	; 6
   05D2 06                 1535 	.db #0x06	; 6
   05D3 06                 1536 	.db #0x06	; 6
   05D4 06                 1537 	.db #0x06	; 6
   05D5 06                 1538 	.db #0x06	; 6
   05D6 06                 1539 	.db #0x06	; 6
   05D7 06                 1540 	.db #0x06	; 6
   05D8 06                 1541 	.db #0x06	; 6
   05D9 06                 1542 	.db #0x06	; 6
   05DA 06                 1543 	.db #0x06	; 6
   05DB 06                 1544 	.db #0x06	; 6
   05DC 06                 1545 	.db #0x06	; 6
   05DD 26                 1546 	.db #0x26	; 38
   05DE 06                 1547 	.db #0x06	; 6
   05DF 06                 1548 	.db #0x06	; 6
   05E0 06                 1549 	.db #0x06	; 6
   05E1 06                 1550 	.db #0x06	; 6
   05E2 06                 1551 	.db #0x06	; 6
   05E3 06                 1552 	.db #0x06	; 6
   05E4 06                 1553 	.db #0x06	; 6
   05E5 06                 1554 	.db #0x06	; 6
   05E6 06                 1555 	.db #0x06	; 6
   05E7 06                 1556 	.db #0x06	; 6
   05E8 06                 1557 	.db #0x06	; 6
   05E9 06                 1558 	.db #0x06	; 6
   05EA 06                 1559 	.db #0x06	; 6
   05EB 06                 1560 	.db #0x06	; 6
   05EC 06                 1561 	.db #0x06	; 6
   05ED 06                 1562 	.db #0x06	; 6
   05EE 06                 1563 	.db #0x06	; 6
   05EF 06                 1564 	.db #0x06	; 6
   05F0 0B                 1565 	.db #0x0B	; 11
   05F1 06                 1566 	.db #0x06	; 6
   05F2 06                 1567 	.db #0x06	; 6
   05F3 06                 1568 	.db #0x06	; 6
   05F4 06                 1569 	.db #0x06	; 6
   05F5 06                 1570 	.db #0x06	; 6
   05F6 06                 1571 	.db #0x06	; 6
   05F7 06                 1572 	.db #0x06	; 6
   05F8 26                 1573 	.db #0x26	; 38
   05F9 06                 1574 	.db #0x06	; 6
   05FA 06                 1575 	.db #0x06	; 6
   05FB 06                 1576 	.db #0x06	; 6
   05FC 06                 1577 	.db #0x06	; 6
   05FD 06                 1578 	.db #0x06	; 6
   05FE 06                 1579 	.db #0x06	; 6
   05FF 06                 1580 	.db #0x06	; 6
   0600 06                 1581 	.db #0x06	; 6
   0601 26                 1582 	.db #0x26	; 38
   0602 06                 1583 	.db #0x06	; 6
   0603 06                 1584 	.db #0x06	; 6
   0604 06                 1585 	.db #0x06	; 6
   0605 06                 1586 	.db #0x06	; 6
   0606 06                 1587 	.db #0x06	; 6
   0607 06                 1588 	.db #0x06	; 6
   0608 06                 1589 	.db #0x06	; 6
   0609 06                 1590 	.db #0x06	; 6
   060A 06                 1591 	.db #0x06	; 6
   060B 06                 1592 	.db #0x06	; 6
   060C 06                 1593 	.db #0x06	; 6
   060D 06                 1594 	.db #0x06	; 6
   060E 06                 1595 	.db #0x06	; 6
   060F 06                 1596 	.db #0x06	; 6
   0610 06                 1597 	.db #0x06	; 6
   0611 06                 1598 	.db #0x06	; 6
   0612 06                 1599 	.db #0x06	; 6
   0613 06                 1600 	.db #0x06	; 6
   0614 06                 1601 	.db #0x06	; 6
   0615 06                 1602 	.db #0x06	; 6
   0616 06                 1603 	.db #0x06	; 6
   0617 06                 1604 	.db #0x06	; 6
   0618 0B                 1605 	.db #0x0B	; 11
   0619 06                 1606 	.db #0x06	; 6
   061A 06                 1607 	.db #0x06	; 6
   061B 06                 1608 	.db #0x06	; 6
   061C 06                 1609 	.db #0x06	; 6
   061D 06                 1610 	.db #0x06	; 6
   061E 06                 1611 	.db #0x06	; 6
   061F 06                 1612 	.db #0x06	; 6
   0620 06                 1613 	.db #0x06	; 6
   0621 06                 1614 	.db #0x06	; 6
   0622 06                 1615 	.db #0x06	; 6
   0623 06                 1616 	.db #0x06	; 6
   0624 06                 1617 	.db #0x06	; 6
   0625 06                 1618 	.db #0x06	; 6
   0626 06                 1619 	.db #0x06	; 6
   0627 06                 1620 	.db #0x06	; 6
   0628 06                 1621 	.db #0x06	; 6
   0629 06                 1622 	.db #0x06	; 6
   062A 06                 1623 	.db #0x06	; 6
   062B 06                 1624 	.db #0x06	; 6
   062C 06                 1625 	.db #0x06	; 6
   062D 06                 1626 	.db #0x06	; 6
   062E 06                 1627 	.db #0x06	; 6
   062F 06                 1628 	.db #0x06	; 6
   0630 06                 1629 	.db #0x06	; 6
   0631 06                 1630 	.db #0x06	; 6
   0632 06                 1631 	.db #0x06	; 6
   0633 06                 1632 	.db #0x06	; 6
   0634 06                 1633 	.db #0x06	; 6
   0635 06                 1634 	.db #0x06	; 6
   0636 26                 1635 	.db #0x26	; 38
   0637 06                 1636 	.db #0x06	; 6
   0638 06                 1637 	.db #0x06	; 6
   0639 06                 1638 	.db #0x06	; 6
   063A 06                 1639 	.db #0x06	; 6
   063B 06                 1640 	.db #0x06	; 6
   063C 06                 1641 	.db #0x06	; 6
   063D 06                 1642 	.db #0x06	; 6
   063E 06                 1643 	.db #0x06	; 6
   063F 06                 1644 	.db #0x06	; 6
                           1645 	.area _INITIALIZER
                           1646 	.area _CABS (ABS)
