                              1 ;--------------------------------------------------------
                              2 ; File Created by SDCC : free open source ANSI-C Compiler
                              3 ; Version 3.5.5 #9498 (Linux)
                              4 ;--------------------------------------------------------
                              5 	.module naves
                              6 	.optsdcc -mz80
                              7 	
                              8 ;--------------------------------------------------------
                              9 ; Public variables in this module
                             10 ;--------------------------------------------------------
                             11 	.globl _g_naves_3
                             12 	.globl _g_naves_2
                             13 	.globl _g_naves_1
                             14 	.globl _g_naves_0
                             15 	.globl _g_palette
                             16 ;--------------------------------------------------------
                             17 ; special function registers
                             18 ;--------------------------------------------------------
                             19 ;--------------------------------------------------------
                             20 ; ram data
                             21 ;--------------------------------------------------------
                             22 	.area _DATA
                             23 ;--------------------------------------------------------
                             24 ; ram data
                             25 ;--------------------------------------------------------
                             26 	.area _INITIALIZED
                             27 ;--------------------------------------------------------
                             28 ; absolute external ram data
                             29 ;--------------------------------------------------------
                             30 	.area _DABS (ABS)
                             31 ;--------------------------------------------------------
                             32 ; global & static initialisations
                             33 ;--------------------------------------------------------
                             34 	.area _HOME
                             35 	.area _GSINIT
                             36 	.area _GSFINAL
                             37 	.area _GSINIT
                             38 ;--------------------------------------------------------
                             39 ; Home
                             40 ;--------------------------------------------------------
                             41 	.area _HOME
                             42 	.area _HOME
                             43 ;--------------------------------------------------------
                             44 ; code
                             45 ;--------------------------------------------------------
                             46 	.area _CODE
                             47 	.area _CODE
   0000                      48 _g_palette:
   0000 54                   49 	.db #0x54	; 84	'T'
   0001 44                   50 	.db #0x44	; 68	'D'
   0002 55                   51 	.db #0x55	; 85	'U'
   0003 5C                   52 	.db #0x5C	; 92
   0004 58                   53 	.db #0x58	; 88	'X'
   0005 56                   54 	.db #0x56	; 86	'V'
   0006 57                   55 	.db #0x57	; 87	'W'
   0007 5E                   56 	.db #0x5E	; 94
   0008 40                   57 	.db #0x40	; 64
   0009 5F                   58 	.db #0x5F	; 95
   000A 4E                   59 	.db #0x4E	; 78	'N'
   000B 42                   60 	.db #0x42	; 66	'B'
   000C 53                   61 	.db #0x53	; 83	'S'
   000D 4A                   62 	.db #0x4A	; 74	'J'
   000E 43                   63 	.db #0x43	; 67	'C'
   000F 4B                   64 	.db #0x4B	; 75	'K'
   0010                      65 _g_naves_0:
   0010 00                   66 	.db #0x00	; 0
   0011 00                   67 	.db #0x00	; 0
   0012 00                   68 	.db #0x00	; 0
   0013 44                   69 	.db #0x44	; 68	'D'
   0014 88                   70 	.db #0x88	; 136
   0015 00                   71 	.db #0x00	; 0
   0016 00                   72 	.db #0x00	; 0
   0017 00                   73 	.db #0x00	; 0
   0018 00                   74 	.db #0x00	; 0
   0019 00                   75 	.db #0x00	; 0
   001A 00                   76 	.db #0x00	; 0
   001B 44                   77 	.db #0x44	; 68	'D'
   001C 88                   78 	.db #0x88	; 136
   001D 00                   79 	.db #0x00	; 0
   001E 00                   80 	.db #0x00	; 0
   001F 00                   81 	.db #0x00	; 0
   0020 00                   82 	.db #0x00	; 0
   0021 00                   83 	.db #0x00	; 0
   0022 00                   84 	.db #0x00	; 0
   0023 FF                   85 	.db #0xFF	; 255
   0024 FF                   86 	.db #0xFF	; 255
   0025 00                   87 	.db #0x00	; 0
   0026 00                   88 	.db #0x00	; 0
   0027 00                   89 	.db #0x00	; 0
   0028 00                   90 	.db #0x00	; 0
   0029 AA                   91 	.db #0xAA	; 170
   002A 00                   92 	.db #0x00	; 0
   002B AE                   93 	.db #0xAE	; 174
   002C 5D                   94 	.db #0x5D	; 93
   002D 00                   95 	.db #0x00	; 0
   002E 55                   96 	.db #0x55	; 85	'U'
   002F 00                   97 	.db #0x00	; 0
   0030 00                   98 	.db #0x00	; 0
   0031 AA                   99 	.db #0xAA	; 170
   0032 00                  100 	.db #0x00	; 0
   0033 AE                  101 	.db #0xAE	; 174
   0034 5D                  102 	.db #0x5D	; 93
   0035 00                  103 	.db #0x00	; 0
   0036 55                  104 	.db #0x55	; 85	'U'
   0037 00                  105 	.db #0x00	; 0
   0038 55                  106 	.db #0x55	; 85	'U'
   0039 00                  107 	.db #0x00	; 0
   003A 55                  108 	.db #0x55	; 85	'U'
   003B FF                  109 	.db #0xFF	; 255
   003C FF                  110 	.db #0xFF	; 255
   003D AA                  111 	.db #0xAA	; 170
   003E 00                  112 	.db #0x00	; 0
   003F AA                  113 	.db #0xAA	; 170
   0040 55                  114 	.db #0x55	; 85	'U'
   0041 00                  115 	.db #0x00	; 0
   0042 55                  116 	.db #0x55	; 85	'U'
   0043 0C                  117 	.db #0x0C	; 12
   0044 0C                  118 	.db #0x0C	; 12
   0045 AA                  119 	.db #0xAA	; 170
   0046 00                  120 	.db #0x00	; 0
   0047 AA                  121 	.db #0xAA	; 170
   0048 55                  122 	.db #0x55	; 85	'U'
   0049 00                  123 	.db #0x00	; 0
   004A 55                  124 	.db #0x55	; 85	'U'
   004B 0C                  125 	.db #0x0C	; 12
   004C 0C                  126 	.db #0x0C	; 12
   004D AA                  127 	.db #0xAA	; 170
   004E 00                  128 	.db #0x00	; 0
   004F AA                  129 	.db #0xAA	; 170
   0050 55                  130 	.db #0x55	; 85	'U'
   0051 AA                  131 	.db #0xAA	; 170
   0052 FF                  132 	.db #0xFF	; 255
   0053 0C                  133 	.db #0x0C	; 12
   0054 0C                  134 	.db #0x0C	; 12
   0055 FF                  135 	.db #0xFF	; 255
   0056 55                  136 	.db #0x55	; 85	'U'
   0057 AA                  137 	.db #0xAA	; 170
   0058 55                  138 	.db #0x55	; 85	'U'
   0059 FF                  139 	.db #0xFF	; 255
   005A 5D                  140 	.db #0x5D	; 93
   005B 0C                  141 	.db #0x0C	; 12
   005C 0C                  142 	.db #0x0C	; 12
   005D AE                  143 	.db #0xAE	; 174
   005E FF                  144 	.db #0xFF	; 255
   005F AA                  145 	.db #0xAA	; 170
   0060 55                  146 	.db #0x55	; 85	'U'
   0061 AE                  147 	.db #0xAE	; 174
   0062 5D                  148 	.db #0x5D	; 93
   0063 0C                  149 	.db #0x0C	; 12
   0064 0C                  150 	.db #0x0C	; 12
   0065 AE                  151 	.db #0xAE	; 174
   0066 5D                  152 	.db #0x5D	; 93
   0067 AA                  153 	.db #0xAA	; 170
   0068 FF                  154 	.db #0xFF	; 255
   0069 0C                  155 	.db #0x0C	; 12
   006A 5D                  156 	.db #0x5D	; 93
   006B 0C                  157 	.db #0x0C	; 12
   006C 0C                  158 	.db #0x0C	; 12
   006D AE                  159 	.db #0xAE	; 174
   006E 0C                  160 	.db #0x0C	; 12
   006F FF                  161 	.db #0xFF	; 255
   0070 AE                  162 	.db #0xAE	; 174
   0071 0C                  163 	.db #0x0C	; 12
   0072 FF                  164 	.db #0xFF	; 255
   0073 0C                  165 	.db #0x0C	; 12
   0074 0C                  166 	.db #0x0C	; 12
   0075 FF                  167 	.db #0xFF	; 255
   0076 0C                  168 	.db #0x0C	; 12
   0077 5D                  169 	.db #0x5D	; 93
   0078 AE                  170 	.db #0xAE	; 174
   0079 5D                  171 	.db #0x5D	; 93
   007A 55                  172 	.db #0x55	; 85	'U'
   007B AE                  173 	.db #0xAE	; 174
   007C 5D                  174 	.db #0x5D	; 93
   007D AA                  175 	.db #0xAA	; 170
   007E AE                  176 	.db #0xAE	; 174
   007F 5D                  177 	.db #0x5D	; 93
   0080 AE                  178 	.db #0xAE	; 174
   0081 AA                  179 	.db #0xAA	; 170
   0082 00                  180 	.db #0x00	; 0
   0083 EE                  181 	.db #0xEE	; 238
   0084 DD                  182 	.db #0xDD	; 221
   0085 00                  183 	.db #0x00	; 0
   0086 55                  184 	.db #0x55	; 85	'U'
   0087 5D                  185 	.db #0x5D	; 93
   0088 FF                  186 	.db #0xFF	; 255
   0089 00                  187 	.db #0x00	; 0
   008A 00                  188 	.db #0x00	; 0
   008B 00                  189 	.db #0x00	; 0
   008C 00                  190 	.db #0x00	; 0
   008D 00                  191 	.db #0x00	; 0
   008E 00                  192 	.db #0x00	; 0
   008F FF                  193 	.db #0xFF	; 255
   0090                     194 _g_naves_1:
   0090 FF                  195 	.db #0xFF	; 255
   0091 FF                  196 	.db #0xFF	; 255
   0092 AA                  197 	.db #0xAA	; 170
   0093 00                  198 	.db #0x00	; 0
   0094 00                  199 	.db #0x00	; 0
   0095 00                  200 	.db #0x00	; 0
   0096 00                  201 	.db #0x00	; 0
   0097 00                  202 	.db #0x00	; 0
   0098 AE                  203 	.db #0xAE	; 174
   0099 0C                  204 	.db #0x0C	; 12
   009A FF                  205 	.db #0xFF	; 255
   009B FF                  206 	.db #0xFF	; 255
   009C FF                  207 	.db #0xFF	; 255
   009D AA                  208 	.db #0xAA	; 170
   009E 00                  209 	.db #0x00	; 0
   009F 00                  210 	.db #0x00	; 0
   00A0 55                  211 	.db #0x55	; 85	'U'
   00A1 0C                  212 	.db #0x0C	; 12
   00A2 5D                  213 	.db #0x5D	; 93
   00A3 FF                  214 	.db #0xFF	; 255
   00A4 00                  215 	.db #0x00	; 0
   00A5 55                  216 	.db #0x55	; 85	'U'
   00A6 AA                  217 	.db #0xAA	; 170
   00A7 00                  218 	.db #0x00	; 0
   00A8 00                  219 	.db #0x00	; 0
   00A9 AE                  220 	.db #0xAE	; 174
   00AA 0C                  221 	.db #0x0C	; 12
   00AB AA                  222 	.db #0xAA	; 170
   00AC 00                  223 	.db #0x00	; 0
   00AD 00                  224 	.db #0x00	; 0
   00AE 00                  225 	.db #0x00	; 0
   00AF 00                  226 	.db #0x00	; 0
   00B0 00                  227 	.db #0x00	; 0
   00B1 55                  228 	.db #0x55	; 85	'U'
   00B2 0C                  229 	.db #0x0C	; 12
   00B3 5D                  230 	.db #0x5D	; 93
   00B4 00                  231 	.db #0x00	; 0
   00B5 00                  232 	.db #0x00	; 0
   00B6 00                  233 	.db #0x00	; 0
   00B7 00                  234 	.db #0x00	; 0
   00B8 00                  235 	.db #0x00	; 0
   00B9 FF                  236 	.db #0xFF	; 255
   00BA FF                  237 	.db #0xFF	; 255
   00BB FF                  238 	.db #0xFF	; 255
   00BC FF                  239 	.db #0xFF	; 255
   00BD AA                  240 	.db #0xAA	; 170
   00BE 00                  241 	.db #0x00	; 0
   00BF 00                  242 	.db #0x00	; 0
   00C0 55                  243 	.db #0x55	; 85	'U'
   00C1 AE                  244 	.db #0xAE	; 174
   00C2 0C                  245 	.db #0x0C	; 12
   00C3 0C                  246 	.db #0x0C	; 12
   00C4 0C                  247 	.db #0x0C	; 12
   00C5 FF                  248 	.db #0xFF	; 255
   00C6 FF                  249 	.db #0xFF	; 255
   00C7 00                  250 	.db #0x00	; 0
   00C8 44                  251 	.db #0x44	; 68	'D'
   00C9 0C                  252 	.db #0x0C	; 12
   00CA 0C                  253 	.db #0x0C	; 12
   00CB 0C                  254 	.db #0x0C	; 12
   00CC 0C                  255 	.db #0x0C	; 12
   00CD AE                  256 	.db #0xAE	; 174
   00CE 5D                  257 	.db #0x5D	; 93
   00CF CC                  258 	.db #0xCC	; 204
   00D0 44                  259 	.db #0x44	; 68	'D'
   00D1 0C                  260 	.db #0x0C	; 12
   00D2 0C                  261 	.db #0x0C	; 12
   00D3 0C                  262 	.db #0x0C	; 12
   00D4 0C                  263 	.db #0x0C	; 12
   00D5 AE                  264 	.db #0xAE	; 174
   00D6 5D                  265 	.db #0x5D	; 93
   00D7 CC                  266 	.db #0xCC	; 204
   00D8 55                  267 	.db #0x55	; 85	'U'
   00D9 AE                  268 	.db #0xAE	; 174
   00DA 0C                  269 	.db #0x0C	; 12
   00DB 0C                  270 	.db #0x0C	; 12
   00DC 0C                  271 	.db #0x0C	; 12
   00DD FF                  272 	.db #0xFF	; 255
   00DE FF                  273 	.db #0xFF	; 255
   00DF 00                  274 	.db #0x00	; 0
   00E0 00                  275 	.db #0x00	; 0
   00E1 FF                  276 	.db #0xFF	; 255
   00E2 FF                  277 	.db #0xFF	; 255
   00E3 FF                  278 	.db #0xFF	; 255
   00E4 FF                  279 	.db #0xFF	; 255
   00E5 AA                  280 	.db #0xAA	; 170
   00E6 00                  281 	.db #0x00	; 0
   00E7 00                  282 	.db #0x00	; 0
   00E8 00                  283 	.db #0x00	; 0
   00E9 55                  284 	.db #0x55	; 85	'U'
   00EA 0C                  285 	.db #0x0C	; 12
   00EB 5D                  286 	.db #0x5D	; 93
   00EC 00                  287 	.db #0x00	; 0
   00ED 00                  288 	.db #0x00	; 0
   00EE 00                  289 	.db #0x00	; 0
   00EF 00                  290 	.db #0x00	; 0
   00F0 00                  291 	.db #0x00	; 0
   00F1 AE                  292 	.db #0xAE	; 174
   00F2 0C                  293 	.db #0x0C	; 12
   00F3 AA                  294 	.db #0xAA	; 170
   00F4 00                  295 	.db #0x00	; 0
   00F5 00                  296 	.db #0x00	; 0
   00F6 00                  297 	.db #0x00	; 0
   00F7 00                  298 	.db #0x00	; 0
   00F8 55                  299 	.db #0x55	; 85	'U'
   00F9 0C                  300 	.db #0x0C	; 12
   00FA 5D                  301 	.db #0x5D	; 93
   00FB FF                  302 	.db #0xFF	; 255
   00FC AA                  303 	.db #0xAA	; 170
   00FD 55                  304 	.db #0x55	; 85	'U'
   00FE AA                  305 	.db #0xAA	; 170
   00FF 00                  306 	.db #0x00	; 0
   0100 AE                  307 	.db #0xAE	; 174
   0101 0C                  308 	.db #0x0C	; 12
   0102 FF                  309 	.db #0xFF	; 255
   0103 FF                  310 	.db #0xFF	; 255
   0104 FF                  311 	.db #0xFF	; 255
   0105 AA                  312 	.db #0xAA	; 170
   0106 00                  313 	.db #0x00	; 0
   0107 00                  314 	.db #0x00	; 0
   0108 FF                  315 	.db #0xFF	; 255
   0109 FF                  316 	.db #0xFF	; 255
   010A AA                  317 	.db #0xAA	; 170
   010B 00                  318 	.db #0x00	; 0
   010C 00                  319 	.db #0x00	; 0
   010D 00                  320 	.db #0x00	; 0
   010E 00                  321 	.db #0x00	; 0
   010F 00                  322 	.db #0x00	; 0
   0110                     323 _g_naves_2:
   0110 FF                  324 	.db #0xFF	; 255
   0111 00                  325 	.db #0x00	; 0
   0112 00                  326 	.db #0x00	; 0
   0113 00                  327 	.db #0x00	; 0
   0114 00                  328 	.db #0x00	; 0
   0115 00                  329 	.db #0x00	; 0
   0116 00                  330 	.db #0x00	; 0
   0117 FF                  331 	.db #0xFF	; 255
   0118 AE                  332 	.db #0xAE	; 174
   0119 AA                  333 	.db #0xAA	; 170
   011A 00                  334 	.db #0x00	; 0
   011B EE                  335 	.db #0xEE	; 238
   011C DD                  336 	.db #0xDD	; 221
   011D 00                  337 	.db #0x00	; 0
   011E 55                  338 	.db #0x55	; 85	'U'
   011F 5D                  339 	.db #0x5D	; 93
   0120 AE                  340 	.db #0xAE	; 174
   0121 5D                  341 	.db #0x5D	; 93
   0122 55                  342 	.db #0x55	; 85	'U'
   0123 AE                  343 	.db #0xAE	; 174
   0124 5D                  344 	.db #0x5D	; 93
   0125 AA                  345 	.db #0xAA	; 170
   0126 AE                  346 	.db #0xAE	; 174
   0127 5D                  347 	.db #0x5D	; 93
   0128 AE                  348 	.db #0xAE	; 174
   0129 0C                  349 	.db #0x0C	; 12
   012A FF                  350 	.db #0xFF	; 255
   012B 0C                  351 	.db #0x0C	; 12
   012C 0C                  352 	.db #0x0C	; 12
   012D FF                  353 	.db #0xFF	; 255
   012E 0C                  354 	.db #0x0C	; 12
   012F 5D                  355 	.db #0x5D	; 93
   0130 55                  356 	.db #0x55	; 85	'U'
   0131 0C                  357 	.db #0x0C	; 12
   0132 5D                  358 	.db #0x5D	; 93
   0133 0C                  359 	.db #0x0C	; 12
   0134 0C                  360 	.db #0x0C	; 12
   0135 AE                  361 	.db #0xAE	; 174
   0136 0C                  362 	.db #0x0C	; 12
   0137 AA                  363 	.db #0xAA	; 170
   0138 55                  364 	.db #0x55	; 85	'U'
   0139 AE                  365 	.db #0xAE	; 174
   013A 5D                  366 	.db #0x5D	; 93
   013B 0C                  367 	.db #0x0C	; 12
   013C 0C                  368 	.db #0x0C	; 12
   013D AE                  369 	.db #0xAE	; 174
   013E 5D                  370 	.db #0x5D	; 93
   013F AA                  371 	.db #0xAA	; 170
   0140 55                  372 	.db #0x55	; 85	'U'
   0141 FF                  373 	.db #0xFF	; 255
   0142 5D                  374 	.db #0x5D	; 93
   0143 0C                  375 	.db #0x0C	; 12
   0144 0C                  376 	.db #0x0C	; 12
   0145 AE                  377 	.db #0xAE	; 174
   0146 FF                  378 	.db #0xFF	; 255
   0147 AA                  379 	.db #0xAA	; 170
   0148 55                  380 	.db #0x55	; 85	'U'
   0149 AA                  381 	.db #0xAA	; 170
   014A FF                  382 	.db #0xFF	; 255
   014B 0C                  383 	.db #0x0C	; 12
   014C 0C                  384 	.db #0x0C	; 12
   014D FF                  385 	.db #0xFF	; 255
   014E 55                  386 	.db #0x55	; 85	'U'
   014F AA                  387 	.db #0xAA	; 170
   0150 55                  388 	.db #0x55	; 85	'U'
   0151 00                  389 	.db #0x00	; 0
   0152 55                  390 	.db #0x55	; 85	'U'
   0153 0C                  391 	.db #0x0C	; 12
   0154 0C                  392 	.db #0x0C	; 12
   0155 AA                  393 	.db #0xAA	; 170
   0156 00                  394 	.db #0x00	; 0
   0157 AA                  395 	.db #0xAA	; 170
   0158 55                  396 	.db #0x55	; 85	'U'
   0159 00                  397 	.db #0x00	; 0
   015A 55                  398 	.db #0x55	; 85	'U'
   015B 0C                  399 	.db #0x0C	; 12
   015C 0C                  400 	.db #0x0C	; 12
   015D AA                  401 	.db #0xAA	; 170
   015E 00                  402 	.db #0x00	; 0
   015F AA                  403 	.db #0xAA	; 170
   0160 55                  404 	.db #0x55	; 85	'U'
   0161 00                  405 	.db #0x00	; 0
   0162 55                  406 	.db #0x55	; 85	'U'
   0163 FF                  407 	.db #0xFF	; 255
   0164 FF                  408 	.db #0xFF	; 255
   0165 AA                  409 	.db #0xAA	; 170
   0166 00                  410 	.db #0x00	; 0
   0167 AA                  411 	.db #0xAA	; 170
   0168 00                  412 	.db #0x00	; 0
   0169 AA                  413 	.db #0xAA	; 170
   016A 00                  414 	.db #0x00	; 0
   016B AE                  415 	.db #0xAE	; 174
   016C 5D                  416 	.db #0x5D	; 93
   016D 00                  417 	.db #0x00	; 0
   016E 55                  418 	.db #0x55	; 85	'U'
   016F 00                  419 	.db #0x00	; 0
   0170 00                  420 	.db #0x00	; 0
   0171 AA                  421 	.db #0xAA	; 170
   0172 00                  422 	.db #0x00	; 0
   0173 AE                  423 	.db #0xAE	; 174
   0174 5D                  424 	.db #0x5D	; 93
   0175 00                  425 	.db #0x00	; 0
   0176 55                  426 	.db #0x55	; 85	'U'
   0177 00                  427 	.db #0x00	; 0
   0178 00                  428 	.db #0x00	; 0
   0179 00                  429 	.db #0x00	; 0
   017A 00                  430 	.db #0x00	; 0
   017B FF                  431 	.db #0xFF	; 255
   017C FF                  432 	.db #0xFF	; 255
   017D 00                  433 	.db #0x00	; 0
   017E 00                  434 	.db #0x00	; 0
   017F 00                  435 	.db #0x00	; 0
   0180 00                  436 	.db #0x00	; 0
   0181 00                  437 	.db #0x00	; 0
   0182 00                  438 	.db #0x00	; 0
   0183 44                  439 	.db #0x44	; 68	'D'
   0184 88                  440 	.db #0x88	; 136
   0185 00                  441 	.db #0x00	; 0
   0186 00                  442 	.db #0x00	; 0
   0187 00                  443 	.db #0x00	; 0
   0188 00                  444 	.db #0x00	; 0
   0189 00                  445 	.db #0x00	; 0
   018A 00                  446 	.db #0x00	; 0
   018B 44                  447 	.db #0x44	; 68	'D'
   018C 88                  448 	.db #0x88	; 136
   018D 00                  449 	.db #0x00	; 0
   018E 00                  450 	.db #0x00	; 0
   018F 00                  451 	.db #0x00	; 0
   0190                     452 _g_naves_3:
   0190 00                  453 	.db #0x00	; 0
   0191 00                  454 	.db #0x00	; 0
   0192 00                  455 	.db #0x00	; 0
   0193 00                  456 	.db #0x00	; 0
   0194 00                  457 	.db #0x00	; 0
   0195 55                  458 	.db #0x55	; 85	'U'
   0196 FF                  459 	.db #0xFF	; 255
   0197 FF                  460 	.db #0xFF	; 255
   0198 00                  461 	.db #0x00	; 0
   0199 00                  462 	.db #0x00	; 0
   019A 55                  463 	.db #0x55	; 85	'U'
   019B FF                  464 	.db #0xFF	; 255
   019C FF                  465 	.db #0xFF	; 255
   019D FF                  466 	.db #0xFF	; 255
   019E 0C                  467 	.db #0x0C	; 12
   019F 5D                  468 	.db #0x5D	; 93
   01A0 00                  469 	.db #0x00	; 0
   01A1 55                  470 	.db #0x55	; 85	'U'
   01A2 AA                  471 	.db #0xAA	; 170
   01A3 00                  472 	.db #0x00	; 0
   01A4 FF                  473 	.db #0xFF	; 255
   01A5 AE                  474 	.db #0xAE	; 174
   01A6 0C                  475 	.db #0x0C	; 12
   01A7 AA                  476 	.db #0xAA	; 170
   01A8 00                  477 	.db #0x00	; 0
   01A9 00                  478 	.db #0x00	; 0
   01AA 00                  479 	.db #0x00	; 0
   01AB 00                  480 	.db #0x00	; 0
   01AC 55                  481 	.db #0x55	; 85	'U'
   01AD 0C                  482 	.db #0x0C	; 12
   01AE 5D                  483 	.db #0x5D	; 93
   01AF 00                  484 	.db #0x00	; 0
   01B0 00                  485 	.db #0x00	; 0
   01B1 00                  486 	.db #0x00	; 0
   01B2 00                  487 	.db #0x00	; 0
   01B3 00                  488 	.db #0x00	; 0
   01B4 AE                  489 	.db #0xAE	; 174
   01B5 0C                  490 	.db #0x0C	; 12
   01B6 AA                  491 	.db #0xAA	; 170
   01B7 00                  492 	.db #0x00	; 0
   01B8 00                  493 	.db #0x00	; 0
   01B9 00                  494 	.db #0x00	; 0
   01BA 55                  495 	.db #0x55	; 85	'U'
   01BB FF                  496 	.db #0xFF	; 255
   01BC FF                  497 	.db #0xFF	; 255
   01BD FF                  498 	.db #0xFF	; 255
   01BE FF                  499 	.db #0xFF	; 255
   01BF 00                  500 	.db #0x00	; 0
   01C0 00                  501 	.db #0x00	; 0
   01C1 FF                  502 	.db #0xFF	; 255
   01C2 FF                  503 	.db #0xFF	; 255
   01C3 0C                  504 	.db #0x0C	; 12
   01C4 0C                  505 	.db #0x0C	; 12
   01C5 0C                  506 	.db #0x0C	; 12
   01C6 5D                  507 	.db #0x5D	; 93
   01C7 AA                  508 	.db #0xAA	; 170
   01C8 CC                  509 	.db #0xCC	; 204
   01C9 AE                  510 	.db #0xAE	; 174
   01CA 5D                  511 	.db #0x5D	; 93
   01CB 0C                  512 	.db #0x0C	; 12
   01CC 0C                  513 	.db #0x0C	; 12
   01CD 0C                  514 	.db #0x0C	; 12
   01CE 0C                  515 	.db #0x0C	; 12
   01CF 88                  516 	.db #0x88	; 136
   01D0 CC                  517 	.db #0xCC	; 204
   01D1 AE                  518 	.db #0xAE	; 174
   01D2 5D                  519 	.db #0x5D	; 93
   01D3 0C                  520 	.db #0x0C	; 12
   01D4 0C                  521 	.db #0x0C	; 12
   01D5 0C                  522 	.db #0x0C	; 12
   01D6 0C                  523 	.db #0x0C	; 12
   01D7 88                  524 	.db #0x88	; 136
   01D8 00                  525 	.db #0x00	; 0
   01D9 FF                  526 	.db #0xFF	; 255
   01DA FF                  527 	.db #0xFF	; 255
   01DB 0C                  528 	.db #0x0C	; 12
   01DC 0C                  529 	.db #0x0C	; 12
   01DD 0C                  530 	.db #0x0C	; 12
   01DE 5D                  531 	.db #0x5D	; 93
   01DF AA                  532 	.db #0xAA	; 170
   01E0 00                  533 	.db #0x00	; 0
   01E1 00                  534 	.db #0x00	; 0
   01E2 55                  535 	.db #0x55	; 85	'U'
   01E3 FF                  536 	.db #0xFF	; 255
   01E4 FF                  537 	.db #0xFF	; 255
   01E5 FF                  538 	.db #0xFF	; 255
   01E6 FF                  539 	.db #0xFF	; 255
   01E7 00                  540 	.db #0x00	; 0
   01E8 00                  541 	.db #0x00	; 0
   01E9 00                  542 	.db #0x00	; 0
   01EA 00                  543 	.db #0x00	; 0
   01EB 00                  544 	.db #0x00	; 0
   01EC AE                  545 	.db #0xAE	; 174
   01ED 0C                  546 	.db #0x0C	; 12
   01EE AA                  547 	.db #0xAA	; 170
   01EF 00                  548 	.db #0x00	; 0
   01F0 00                  549 	.db #0x00	; 0
   01F1 00                  550 	.db #0x00	; 0
   01F2 00                  551 	.db #0x00	; 0
   01F3 00                  552 	.db #0x00	; 0
   01F4 55                  553 	.db #0x55	; 85	'U'
   01F5 0C                  554 	.db #0x0C	; 12
   01F6 5D                  555 	.db #0x5D	; 93
   01F7 00                  556 	.db #0x00	; 0
   01F8 00                  557 	.db #0x00	; 0
   01F9 55                  558 	.db #0x55	; 85	'U'
   01FA AA                  559 	.db #0xAA	; 170
   01FB 00                  560 	.db #0x00	; 0
   01FC FF                  561 	.db #0xFF	; 255
   01FD AE                  562 	.db #0xAE	; 174
   01FE 0C                  563 	.db #0x0C	; 12
   01FF AA                  564 	.db #0xAA	; 170
   0200 00                  565 	.db #0x00	; 0
   0201 00                  566 	.db #0x00	; 0
   0202 55                  567 	.db #0x55	; 85	'U'
   0203 FF                  568 	.db #0xFF	; 255
   0204 FF                  569 	.db #0xFF	; 255
   0205 FF                  570 	.db #0xFF	; 255
   0206 0C                  571 	.db #0x0C	; 12
   0207 5D                  572 	.db #0x5D	; 93
   0208 00                  573 	.db #0x00	; 0
   0209 00                  574 	.db #0x00	; 0
   020A 00                  575 	.db #0x00	; 0
   020B 00                  576 	.db #0x00	; 0
   020C 00                  577 	.db #0x00	; 0
   020D 55                  578 	.db #0x55	; 85	'U'
   020E FF                  579 	.db #0xFF	; 255
   020F FF                  580 	.db #0xFF	; 255
                            581 	.area _INITIALIZER
                            582 	.area _CABS (ABS)
