                              1 ;--------------------------------------------------------
                              2 ; File Created by SDCC : free open source ANSI-C Compiler
                              3 ; Version 3.5.5 #9498 (Linux)
                              4 ;--------------------------------------------------------
                              5 	.module tileset4x4
                              6 	.optsdcc -mz80
                              7 	
                              8 ;--------------------------------------------------------
                              9 ; Public variables in this module
                             10 ;--------------------------------------------------------
                             11 	.globl _g_tileset4x4_23
                             12 	.globl _g_tileset4x4_22
                             13 	.globl _g_tileset4x4_21
                             14 	.globl _g_tileset4x4_20
                             15 	.globl _g_tileset4x4_19
                             16 	.globl _g_tileset4x4_18
                             17 	.globl _g_tileset4x4_17
                             18 	.globl _g_tileset4x4_16
                             19 	.globl _g_tileset4x4_15
                             20 	.globl _g_tileset4x4_14
                             21 	.globl _g_tileset4x4_13
                             22 	.globl _g_tileset4x4_12
                             23 	.globl _g_tileset4x4_11
                             24 	.globl _g_tileset4x4_10
                             25 	.globl _g_tileset4x4_09
                             26 	.globl _g_tileset4x4_08
                             27 	.globl _g_tileset4x4_07
                             28 	.globl _g_tileset4x4_06
                             29 	.globl _g_tileset4x4_05
                             30 	.globl _g_tileset4x4_04
                             31 	.globl _g_tileset4x4_03
                             32 	.globl _g_tileset4x4_02
                             33 	.globl _g_tileset4x4_01
                             34 	.globl _g_tileset4x4_00
                             35 	.globl _g_tileset
                             36 ;--------------------------------------------------------
                             37 ; special function registers
                             38 ;--------------------------------------------------------
                             39 ;--------------------------------------------------------
                             40 ; ram data
                             41 ;--------------------------------------------------------
                             42 	.area _DATA
                             43 ;--------------------------------------------------------
                             44 ; ram data
                             45 ;--------------------------------------------------------
                             46 	.area _INITIALIZED
                             47 ;--------------------------------------------------------
                             48 ; absolute external ram data
                             49 ;--------------------------------------------------------
                             50 	.area _DABS (ABS)
                             51 ;--------------------------------------------------------
                             52 ; global & static initialisations
                             53 ;--------------------------------------------------------
                             54 	.area _HOME
                             55 	.area _GSINIT
                             56 	.area _GSFINAL
                             57 	.area _GSINIT
                             58 ;--------------------------------------------------------
                             59 ; Home
                             60 ;--------------------------------------------------------
                             61 	.area _HOME
                             62 	.area _HOME
                             63 ;--------------------------------------------------------
                             64 ; code
                             65 ;--------------------------------------------------------
                             66 	.area _CODE
                             67 	.area _CODE
   0000                      68 _g_tileset:
   0000r30r00                69 	.dw _g_tileset4x4_00
   0002r38r00                70 	.dw _g_tileset4x4_01
   0004r40r00                71 	.dw _g_tileset4x4_02
   0006r48r00                72 	.dw _g_tileset4x4_03
   0008r50r00                73 	.dw _g_tileset4x4_04
   000Ar58r00                74 	.dw _g_tileset4x4_05
   000Cr60r00                75 	.dw _g_tileset4x4_06
   000Er68r00                76 	.dw _g_tileset4x4_07
   0010r70r00                77 	.dw _g_tileset4x4_08
   0012r78r00                78 	.dw _g_tileset4x4_09
   0014r80r00                79 	.dw _g_tileset4x4_10
   0016r88r00                80 	.dw _g_tileset4x4_11
   0018r90r00                81 	.dw _g_tileset4x4_12
   001Ar98r00                82 	.dw _g_tileset4x4_13
   001CrA0r00                83 	.dw _g_tileset4x4_14
   001ErA8r00                84 	.dw _g_tileset4x4_15
   0020rB0r00                85 	.dw _g_tileset4x4_16
   0022rB8r00                86 	.dw _g_tileset4x4_17
   0024rC0r00                87 	.dw _g_tileset4x4_18
   0026rC8r00                88 	.dw _g_tileset4x4_19
   0028rD0r00                89 	.dw _g_tileset4x4_20
   002ArD8r00                90 	.dw _g_tileset4x4_21
   002CrE0r00                91 	.dw _g_tileset4x4_22
   002ErE8r00                92 	.dw _g_tileset4x4_23
   0030                      93 _g_tileset4x4_00:
   0030 A9                   94 	.db #0xA9	; 169
   0031 FC                   95 	.db #0xFC	; 252
   0032 A9                   96 	.db #0xA9	; 169
   0033 03                   97 	.db #0x03	; 3
   0034 16                   98 	.db #0x16	; 22
   0035 94                   99 	.db #0x94	; 148
   0036 A9                  100 	.db #0xA9	; 169
   0037 C0                  101 	.db #0xC0	; 192
   0038                     102 _g_tileset4x4_01:
   0038 03                  103 	.db #0x03	; 3
   0039 A9                  104 	.db #0xA9	; 169
   003A 03                  105 	.db #0x03	; 3
   003B 03                  106 	.db #0x03	; 3
   003C 68                  107 	.db #0x68	; 104	'h'
   003D C0                  108 	.db #0xC0	; 192
   003E C0                  109 	.db #0xC0	; 192
   003F C0                  110 	.db #0xC0	; 192
   0040                     111 _g_tileset4x4_02:
   0040 A9                  112 	.db #0xA9	; 169
   0041 A9                  113 	.db #0xA9	; 169
   0042 03                  114 	.db #0x03	; 3
   0043 03                  115 	.db #0x03	; 3
   0044 C0                  116 	.db #0xC0	; 192
   0045 3C                  117 	.db #0x3C	; 60
   0046 C0                  118 	.db #0xC0	; 192
   0047 C0                  119 	.db #0xC0	; 192
   0048                     120 _g_tileset4x4_03:
   0048 56                  121 	.db #0x56	; 86	'V'
   0049 56                  122 	.db #0x56	; 86	'V'
   004A 03                  123 	.db #0x03	; 3
   004B 56                  124 	.db #0x56	; 86	'V'
   004C 94                  125 	.db #0x94	; 148
   004D 03                  126 	.db #0x03	; 3
   004E 94                  127 	.db #0x94	; 148
   004F 56                  128 	.db #0x56	; 86	'V'
   0050                     129 _g_tileset4x4_04:
   0050 C0                  130 	.db #0xC0	; 192
   0051 C0                  131 	.db #0xC0	; 192
   0052 C0                  132 	.db #0xC0	; 192
   0053 42                  133 	.db #0x42	; 66	'B'
   0054 81                  134 	.db #0x81	; 129
   0055 56                  135 	.db #0x56	; 86	'V'
   0056 81                  136 	.db #0x81	; 129
   0057 03                  137 	.db #0x03	; 3
   0058                     138 _g_tileset4x4_05:
   0058 C0                  139 	.db #0xC0	; 192
   0059 C0                  140 	.db #0xC0	; 192
   005A 42                  141 	.db #0x42	; 66	'B'
   005B C0                  142 	.db #0xC0	; 192
   005C 03                  143 	.db #0x03	; 3
   005D C0                  144 	.db #0xC0	; 192
   005E FC                  145 	.db #0xFC	; 252
   005F C0                  146 	.db #0xC0	; 192
   0060                     147 _g_tileset4x4_06:
   0060 A9                  148 	.db #0xA9	; 169
   0061 C0                  149 	.db #0xC0	; 192
   0062 03                  150 	.db #0x03	; 3
   0063 C0                  151 	.db #0xC0	; 192
   0064 A9                  152 	.db #0xA9	; 169
   0065 C0                  153 	.db #0xC0	; 192
   0066 03                  154 	.db #0x03	; 3
   0067 C0                  155 	.db #0xC0	; 192
   0068                     156 _g_tileset4x4_07:
   0068 C0                  157 	.db #0xC0	; 192
   0069 C0                  158 	.db #0xC0	; 192
   006A C0                  159 	.db #0xC0	; 192
   006B C0                  160 	.db #0xC0	; 192
   006C C0                  161 	.db #0xC0	; 192
   006D C0                  162 	.db #0xC0	; 192
   006E C0                  163 	.db #0xC0	; 192
   006F C0                  164 	.db #0xC0	; 192
   0070                     165 _g_tileset4x4_08:
   0070 C0                  166 	.db #0xC0	; 192
   0071 C0                  167 	.db #0xC0	; 192
   0072 C0                  168 	.db #0xC0	; 192
   0073 C0                  169 	.db #0xC0	; 192
   0074 C0                  170 	.db #0xC0	; 192
   0075 C0                  171 	.db #0xC0	; 192
   0076 C0                  172 	.db #0xC0	; 192
   0077 C0                  173 	.db #0xC0	; 192
   0078                     174 _g_tileset4x4_09:
   0078 94                  175 	.db #0x94	; 148
   0079 03                  176 	.db #0x03	; 3
   007A C0                  177 	.db #0xC0	; 192
   007B 03                  178 	.db #0x03	; 3
   007C C0                  179 	.db #0xC0	; 192
   007D 56                  180 	.db #0x56	; 86	'V'
   007E C0                  181 	.db #0xC0	; 192
   007F 03                  182 	.db #0x03	; 3
   0080                     183 _g_tileset4x4_10:
   0080 C0                  184 	.db #0xC0	; 192
   0081 56                  185 	.db #0x56	; 86	'V'
   0082 C0                  186 	.db #0xC0	; 192
   0083 FC                  187 	.db #0xFC	; 252
   0084 81                  188 	.db #0x81	; 129
   0085 C0                  189 	.db #0xC0	; 192
   0086 C0                  190 	.db #0xC0	; 192
   0087 C0                  191 	.db #0xC0	; 192
   0088                     192 _g_tileset4x4_11:
   0088 56                  193 	.db #0x56	; 86	'V'
   0089 42                  194 	.db #0x42	; 66	'B'
   008A FC                  195 	.db #0xFC	; 252
   008B C0                  196 	.db #0xC0	; 192
   008C 42                  197 	.db #0x42	; 66	'B'
   008D C0                  198 	.db #0xC0	; 192
   008E C0                  199 	.db #0xC0	; 192
   008F C0                  200 	.db #0xC0	; 192
   0090                     201 _g_tileset4x4_12:
   0090 A9                  202 	.db #0xA9	; 169
   0091 C0                  203 	.db #0xC0	; 192
   0092 A9                  204 	.db #0xA9	; 169
   0093 C0                  205 	.db #0xC0	; 192
   0094 03                  206 	.db #0x03	; 3
   0095 C0                  207 	.db #0xC0	; 192
   0096 42                  208 	.db #0x42	; 66	'B'
   0097 C0                  209 	.db #0xC0	; 192
   0098                     210 _g_tileset4x4_13:
   0098 C0                  211 	.db #0xC0	; 192
   0099 C0                  212 	.db #0xC0	; 192
   009A C0                  213 	.db #0xC0	; 192
   009B C0                  214 	.db #0xC0	; 192
   009C C0                  215 	.db #0xC0	; 192
   009D C0                  216 	.db #0xC0	; 192
   009E C0                  217 	.db #0xC0	; 192
   009F C0                  218 	.db #0xC0	; 192
   00A0                     219 _g_tileset4x4_14:
   00A0 C0                  220 	.db #0xC0	; 192
   00A1 C0                  221 	.db #0xC0	; 192
   00A2 C0                  222 	.db #0xC0	; 192
   00A3 C0                  223 	.db #0xC0	; 192
   00A4 C0                  224 	.db #0xC0	; 192
   00A5 C0                  225 	.db #0xC0	; 192
   00A6 C0                  226 	.db #0xC0	; 192
   00A7 C0                  227 	.db #0xC0	; 192
   00A8                     228 _g_tileset4x4_15:
   00A8 C0                  229 	.db #0xC0	; 192
   00A9 03                  230 	.db #0x03	; 3
   00AA C0                  231 	.db #0xC0	; 192
   00AB 7C                  232 	.db #0x7C	; 124
   00AC C0                  233 	.db #0xC0	; 192
   00AD 56                  234 	.db #0x56	; 86	'V'
   00AE C0                  235 	.db #0xC0	; 192
   00AF 03                  236 	.db #0x03	; 3
   00B0                     237 _g_tileset4x4_16:
   00B0 C0                  238 	.db #0xC0	; 192
   00B1 C0                  239 	.db #0xC0	; 192
   00B2 C0                  240 	.db #0xC0	; 192
   00B3 C0                  241 	.db #0xC0	; 192
   00B4 56                  242 	.db #0x56	; 86	'V'
   00B5 94                  243 	.db #0x94	; 148
   00B6 56                  244 	.db #0x56	; 86	'V'
   00B7 A9                  245 	.db #0xA9	; 169
   00B8                     246 _g_tileset4x4_17:
   00B8 C0                  247 	.db #0xC0	; 192
   00B9 C0                  248 	.db #0xC0	; 192
   00BA C0                  249 	.db #0xC0	; 192
   00BB C0                  250 	.db #0xC0	; 192
   00BC C0                  251 	.db #0xC0	; 192
   00BD C0                  252 	.db #0xC0	; 192
   00BE 68                  253 	.db #0x68	; 104	'h'
   00BF C0                  254 	.db #0xC0	; 192
   00C0                     255 _g_tileset4x4_18:
   00C0 E8                  256 	.db #0xE8	; 232
   00C1 C0                  257 	.db #0xC0	; 192
   00C2 A9                  258 	.db #0xA9	; 169
   00C3 C0                  259 	.db #0xC0	; 192
   00C4 03                  260 	.db #0x03	; 3
   00C5 68                  261 	.db #0x68	; 104	'h'
   00C6 03                  262 	.db #0x03	; 3
   00C7 FC                  263 	.db #0xFC	; 252
   00C8                     264 _g_tileset4x4_19:
   00C8 C0                  265 	.db #0xC0	; 192
   00C9 C0                  266 	.db #0xC0	; 192
   00CA C0                  267 	.db #0xC0	; 192
   00CB C0                  268 	.db #0xC0	; 192
   00CC C0                  269 	.db #0xC0	; 192
   00CD 94                  270 	.db #0x94	; 148
   00CE 03                  271 	.db #0x03	; 3
   00CF 56                  272 	.db #0x56	; 86	'V'
   00D0                     273 _g_tileset4x4_20:
   00D0 C0                  274 	.db #0xC0	; 192
   00D1 C0                  275 	.db #0xC0	; 192
   00D2 C0                  276 	.db #0xC0	; 192
   00D3 C0                  277 	.db #0xC0	; 192
   00D4 03                  278 	.db #0x03	; 3
   00D5 3C                  279 	.db #0x3C	; 60
   00D6 A9                  280 	.db #0xA9	; 169
   00D7 56                  281 	.db #0x56	; 86	'V'
   00D8                     282 _g_tileset4x4_21:
   00D8 C0                  283 	.db #0xC0	; 192
   00D9 03                  284 	.db #0x03	; 3
   00DA C0                  285 	.db #0xC0	; 192
   00DB 81                  286 	.db #0x81	; 129
   00DC C0                  287 	.db #0xC0	; 192
   00DD 56                  288 	.db #0x56	; 86	'V'
   00DE A9                  289 	.db #0xA9	; 169
   00DF 56                  290 	.db #0x56	; 86	'V'
   00E0                     291 _g_tileset4x4_22:
   00E0 DC                  292 	.db #0xDC	; 220
   00E1 FC                  293 	.db #0xFC	; 252
   00E2 A9                  294 	.db #0xA9	; 169
   00E3 03                  295 	.db #0x03	; 3
   00E4 03                  296 	.db #0x03	; 3
   00E5 03                  297 	.db #0x03	; 3
   00E6 56                  298 	.db #0x56	; 86	'V'
   00E7 FC                  299 	.db #0xFC	; 252
   00E8                     300 _g_tileset4x4_23:
   00E8 C0                  301 	.db #0xC0	; 192
   00E9 C0                  302 	.db #0xC0	; 192
   00EA 42                  303 	.db #0x42	; 66	'B'
   00EB C0                  304 	.db #0xC0	; 192
   00EC 03                  305 	.db #0x03	; 3
   00ED C0                  306 	.db #0xC0	; 192
   00EE FC                  307 	.db #0xFC	; 252
   00EF E8                  308 	.db #0xE8	; 232
                            309 	.area _INITIALIZER
                            310 	.area _CABS (ABS)
