                              1 ;--------------------------------------------------------
                              2 ; File Created by SDCC : free open source ANSI-C Compiler
                              3 ; Version 3.5.5 #9498 (Linux)
                              4 ;--------------------------------------------------------
                              5 	.module mapa1
                              6 	.optsdcc -mz80
                              7 	
                              8 ;--------------------------------------------------------
                              9 ; Public variables in this module
                             10 ;--------------------------------------------------------
                             11 	.globl _g_map1
                             12 ;--------------------------------------------------------
                             13 ; special function registers
                             14 ;--------------------------------------------------------
                             15 ;--------------------------------------------------------
                             16 ; ram data
                             17 ;--------------------------------------------------------
                             18 	.area _DATA
                             19 ;--------------------------------------------------------
                             20 ; ram data
                             21 ;--------------------------------------------------------
                             22 	.area _INITIALIZED
                             23 ;--------------------------------------------------------
                             24 ; absolute external ram data
                             25 ;--------------------------------------------------------
                             26 	.area _DABS (ABS)
                             27 ;--------------------------------------------------------
                             28 ; global & static initialisations
                             29 ;--------------------------------------------------------
                             30 	.area _HOME
                             31 	.area _GSINIT
                             32 	.area _GSFINAL
                             33 	.area _GSINIT
                             34 ;--------------------------------------------------------
                             35 ; Home
                             36 ;--------------------------------------------------------
                             37 	.area _HOME
                             38 	.area _HOME
                             39 ;--------------------------------------------------------
                             40 ; code
                             41 ;--------------------------------------------------------
                             42 	.area _CODE
                             43 	.area _CODE
   0000                      44 _g_map1:
   0000 13                   45 	.db #0x13	; 19
   0001 08                   46 	.db #0x08	; 8
   0002 09                   47 	.db #0x09	; 9
   0003 08                   48 	.db #0x08	; 8
   0004 09                   49 	.db #0x09	; 9
   0005 08                   50 	.db #0x08	; 8
   0006 09                   51 	.db #0x09	; 9
   0007 08                   52 	.db #0x08	; 8
   0008 08                   53 	.db #0x08	; 8
   0009 08                   54 	.db #0x08	; 8
   000A 09                   55 	.db #0x09	; 9
   000B 08                   56 	.db #0x08	; 8
   000C 09                   57 	.db #0x09	; 9
   000D 08                   58 	.db #0x08	; 8
   000E 09                   59 	.db #0x09	; 9
   000F 08                   60 	.db #0x08	; 8
   0010 09                   61 	.db #0x09	; 9
   0011 08                   62 	.db #0x08	; 8
   0012 09                   63 	.db #0x09	; 9
   0013 08                   64 	.db #0x08	; 8
   0014 09                   65 	.db #0x09	; 9
   0015 08                   66 	.db #0x08	; 8
   0016 09                   67 	.db #0x09	; 9
   0017 08                   68 	.db #0x08	; 8
   0018 09                   69 	.db #0x09	; 9
   0019 08                   70 	.db #0x08	; 8
   001A 09                   71 	.db #0x09	; 9
   001B 08                   72 	.db #0x08	; 8
   001C 09                   73 	.db #0x09	; 9
   001D 08                   74 	.db #0x08	; 8
   001E 09                   75 	.db #0x09	; 9
   001F 08                   76 	.db #0x08	; 8
   0020 09                   77 	.db #0x09	; 9
   0021 08                   78 	.db #0x08	; 8
   0022 09                   79 	.db #0x09	; 9
   0023 08                   80 	.db #0x08	; 8
   0024 09                   81 	.db #0x09	; 9
   0025 08                   82 	.db #0x08	; 8
   0026 09                   83 	.db #0x09	; 9
   0027 13                   84 	.db #0x13	; 19
   0028 13                   85 	.db #0x13	; 19
   0029 08                   86 	.db #0x08	; 8
   002A 09                   87 	.db #0x09	; 9
   002B 08                   88 	.db #0x08	; 8
   002C 09                   89 	.db #0x09	; 9
   002D 08                   90 	.db #0x08	; 8
   002E 09                   91 	.db #0x09	; 9
   002F 08                   92 	.db #0x08	; 8
   0030 09                   93 	.db #0x09	; 9
   0031 08                   94 	.db #0x08	; 8
   0032 09                   95 	.db #0x09	; 9
   0033 08                   96 	.db #0x08	; 8
   0034 09                   97 	.db #0x09	; 9
   0035 08                   98 	.db #0x08	; 8
   0036 09                   99 	.db #0x09	; 9
   0037 08                  100 	.db #0x08	; 8
   0038 09                  101 	.db #0x09	; 9
   0039 08                  102 	.db #0x08	; 8
   003A 09                  103 	.db #0x09	; 9
   003B 08                  104 	.db #0x08	; 8
   003C 09                  105 	.db #0x09	; 9
   003D 08                  106 	.db #0x08	; 8
   003E 09                  107 	.db #0x09	; 9
   003F 08                  108 	.db #0x08	; 8
   0040 09                  109 	.db #0x09	; 9
   0041 08                  110 	.db #0x08	; 8
   0042 09                  111 	.db #0x09	; 9
   0043 08                  112 	.db #0x08	; 8
   0044 09                  113 	.db #0x09	; 9
   0045 08                  114 	.db #0x08	; 8
   0046 09                  115 	.db #0x09	; 9
   0047 08                  116 	.db #0x08	; 8
   0048 09                  117 	.db #0x09	; 9
   0049 08                  118 	.db #0x08	; 8
   004A 09                  119 	.db #0x09	; 9
   004B 08                  120 	.db #0x08	; 8
   004C 09                  121 	.db #0x09	; 9
   004D 08                  122 	.db #0x08	; 8
   004E 09                  123 	.db #0x09	; 9
   004F 13                  124 	.db #0x13	; 19
   0050 13                  125 	.db #0x13	; 19
   0051 0F                  126 	.db #0x0F	; 15
   0052 10                  127 	.db #0x10	; 16
   0053 0F                  128 	.db #0x0F	; 15
   0054 10                  129 	.db #0x10	; 16
   0055 0F                  130 	.db #0x0F	; 15
   0056 10                  131 	.db #0x10	; 16
   0057 0F                  132 	.db #0x0F	; 15
   0058 10                  133 	.db #0x10	; 16
   0059 0F                  134 	.db #0x0F	; 15
   005A 10                  135 	.db #0x10	; 16
   005B 0F                  136 	.db #0x0F	; 15
   005C 10                  137 	.db #0x10	; 16
   005D 0F                  138 	.db #0x0F	; 15
   005E 10                  139 	.db #0x10	; 16
   005F 0F                  140 	.db #0x0F	; 15
   0060 10                  141 	.db #0x10	; 16
   0061 0F                  142 	.db #0x0F	; 15
   0062 10                  143 	.db #0x10	; 16
   0063 0F                  144 	.db #0x0F	; 15
   0064 10                  145 	.db #0x10	; 16
   0065 0F                  146 	.db #0x0F	; 15
   0066 10                  147 	.db #0x10	; 16
   0067 0F                  148 	.db #0x0F	; 15
   0068 10                  149 	.db #0x10	; 16
   0069 0F                  150 	.db #0x0F	; 15
   006A 10                  151 	.db #0x10	; 16
   006B 0F                  152 	.db #0x0F	; 15
   006C 10                  153 	.db #0x10	; 16
   006D 0F                  154 	.db #0x0F	; 15
   006E 10                  155 	.db #0x10	; 16
   006F 0F                  156 	.db #0x0F	; 15
   0070 10                  157 	.db #0x10	; 16
   0071 0F                  158 	.db #0x0F	; 15
   0072 10                  159 	.db #0x10	; 16
   0073 0F                  160 	.db #0x0F	; 15
   0074 10                  161 	.db #0x10	; 16
   0075 0F                  162 	.db #0x0F	; 15
   0076 10                  163 	.db #0x10	; 16
   0077 13                  164 	.db #0x13	; 19
   0078 13                  165 	.db #0x13	; 19
   0079 08                  166 	.db #0x08	; 8
   007A 09                  167 	.db #0x09	; 9
   007B 08                  168 	.db #0x08	; 8
   007C 09                  169 	.db #0x09	; 9
   007D 08                  170 	.db #0x08	; 8
   007E 09                  171 	.db #0x09	; 9
   007F 08                  172 	.db #0x08	; 8
   0080 09                  173 	.db #0x09	; 9
   0081 08                  174 	.db #0x08	; 8
   0082 09                  175 	.db #0x09	; 9
   0083 08                  176 	.db #0x08	; 8
   0084 09                  177 	.db #0x09	; 9
   0085 08                  178 	.db #0x08	; 8
   0086 09                  179 	.db #0x09	; 9
   0087 08                  180 	.db #0x08	; 8
   0088 09                  181 	.db #0x09	; 9
   0089 08                  182 	.db #0x08	; 8
   008A 09                  183 	.db #0x09	; 9
   008B 08                  184 	.db #0x08	; 8
   008C 09                  185 	.db #0x09	; 9
   008D 08                  186 	.db #0x08	; 8
   008E 09                  187 	.db #0x09	; 9
   008F 08                  188 	.db #0x08	; 8
   0090 09                  189 	.db #0x09	; 9
   0091 08                  190 	.db #0x08	; 8
   0092 09                  191 	.db #0x09	; 9
   0093 08                  192 	.db #0x08	; 8
   0094 09                  193 	.db #0x09	; 9
   0095 08                  194 	.db #0x08	; 8
   0096 09                  195 	.db #0x09	; 9
   0097 08                  196 	.db #0x08	; 8
   0098 09                  197 	.db #0x09	; 9
   0099 08                  198 	.db #0x08	; 8
   009A 09                  199 	.db #0x09	; 9
   009B 08                  200 	.db #0x08	; 8
   009C 09                  201 	.db #0x09	; 9
   009D 08                  202 	.db #0x08	; 8
   009E 09                  203 	.db #0x09	; 9
   009F 13                  204 	.db #0x13	; 19
   00A0 13                  205 	.db #0x13	; 19
   00A1 0F                  206 	.db #0x0F	; 15
   00A2 10                  207 	.db #0x10	; 16
   00A3 0F                  208 	.db #0x0F	; 15
   00A4 10                  209 	.db #0x10	; 16
   00A5 0F                  210 	.db #0x0F	; 15
   00A6 10                  211 	.db #0x10	; 16
   00A7 0F                  212 	.db #0x0F	; 15
   00A8 10                  213 	.db #0x10	; 16
   00A9 0F                  214 	.db #0x0F	; 15
   00AA 10                  215 	.db #0x10	; 16
   00AB 0F                  216 	.db #0x0F	; 15
   00AC 10                  217 	.db #0x10	; 16
   00AD 0F                  218 	.db #0x0F	; 15
   00AE 10                  219 	.db #0x10	; 16
   00AF 0F                  220 	.db #0x0F	; 15
   00B0 10                  221 	.db #0x10	; 16
   00B1 0F                  222 	.db #0x0F	; 15
   00B2 10                  223 	.db #0x10	; 16
   00B3 0F                  224 	.db #0x0F	; 15
   00B4 10                  225 	.db #0x10	; 16
   00B5 0F                  226 	.db #0x0F	; 15
   00B6 10                  227 	.db #0x10	; 16
   00B7 0F                  228 	.db #0x0F	; 15
   00B8 10                  229 	.db #0x10	; 16
   00B9 0F                  230 	.db #0x0F	; 15
   00BA 10                  231 	.db #0x10	; 16
   00BB 0F                  232 	.db #0x0F	; 15
   00BC 10                  233 	.db #0x10	; 16
   00BD 0F                  234 	.db #0x0F	; 15
   00BE 10                  235 	.db #0x10	; 16
   00BF 0F                  236 	.db #0x0F	; 15
   00C0 10                  237 	.db #0x10	; 16
   00C1 0F                  238 	.db #0x0F	; 15
   00C2 10                  239 	.db #0x10	; 16
   00C3 0F                  240 	.db #0x0F	; 15
   00C4 10                  241 	.db #0x10	; 16
   00C5 0F                  242 	.db #0x0F	; 15
   00C6 10                  243 	.db #0x10	; 16
   00C7 13                  244 	.db #0x13	; 19
   00C8 13                  245 	.db #0x13	; 19
   00C9 08                  246 	.db #0x08	; 8
   00CA 09                  247 	.db #0x09	; 9
   00CB 08                  248 	.db #0x08	; 8
   00CC 09                  249 	.db #0x09	; 9
   00CD 08                  250 	.db #0x08	; 8
   00CE 09                  251 	.db #0x09	; 9
   00CF 08                  252 	.db #0x08	; 8
   00D0 09                  253 	.db #0x09	; 9
   00D1 08                  254 	.db #0x08	; 8
   00D2 09                  255 	.db #0x09	; 9
   00D3 08                  256 	.db #0x08	; 8
   00D4 09                  257 	.db #0x09	; 9
   00D5 08                  258 	.db #0x08	; 8
   00D6 09                  259 	.db #0x09	; 9
   00D7 08                  260 	.db #0x08	; 8
   00D8 09                  261 	.db #0x09	; 9
   00D9 08                  262 	.db #0x08	; 8
   00DA 09                  263 	.db #0x09	; 9
   00DB 08                  264 	.db #0x08	; 8
   00DC 09                  265 	.db #0x09	; 9
   00DD 08                  266 	.db #0x08	; 8
   00DE 09                  267 	.db #0x09	; 9
   00DF 08                  268 	.db #0x08	; 8
   00E0 09                  269 	.db #0x09	; 9
   00E1 08                  270 	.db #0x08	; 8
   00E2 09                  271 	.db #0x09	; 9
   00E3 08                  272 	.db #0x08	; 8
   00E4 09                  273 	.db #0x09	; 9
   00E5 08                  274 	.db #0x08	; 8
   00E6 09                  275 	.db #0x09	; 9
   00E7 08                  276 	.db #0x08	; 8
   00E8 09                  277 	.db #0x09	; 9
   00E9 08                  278 	.db #0x08	; 8
   00EA 09                  279 	.db #0x09	; 9
   00EB 08                  280 	.db #0x08	; 8
   00EC 09                  281 	.db #0x09	; 9
   00ED 08                  282 	.db #0x08	; 8
   00EE 09                  283 	.db #0x09	; 9
   00EF 13                  284 	.db #0x13	; 19
   00F0 13                  285 	.db #0x13	; 19
   00F1 0F                  286 	.db #0x0F	; 15
   00F2 10                  287 	.db #0x10	; 16
   00F3 0F                  288 	.db #0x0F	; 15
   00F4 10                  289 	.db #0x10	; 16
   00F5 0F                  290 	.db #0x0F	; 15
   00F6 10                  291 	.db #0x10	; 16
   00F7 13                  292 	.db #0x13	; 19
   00F8 13                  293 	.db #0x13	; 19
   00F9 13                  294 	.db #0x13	; 19
   00FA 13                  295 	.db #0x13	; 19
   00FB 0F                  296 	.db #0x0F	; 15
   00FC 10                  297 	.db #0x10	; 16
   00FD 0F                  298 	.db #0x0F	; 15
   00FE 10                  299 	.db #0x10	; 16
   00FF 0F                  300 	.db #0x0F	; 15
   0100 10                  301 	.db #0x10	; 16
   0101 0F                  302 	.db #0x0F	; 15
   0102 10                  303 	.db #0x10	; 16
   0103 0F                  304 	.db #0x0F	; 15
   0104 10                  305 	.db #0x10	; 16
   0105 0F                  306 	.db #0x0F	; 15
   0106 10                  307 	.db #0x10	; 16
   0107 0F                  308 	.db #0x0F	; 15
   0108 10                  309 	.db #0x10	; 16
   0109 0F                  310 	.db #0x0F	; 15
   010A 10                  311 	.db #0x10	; 16
   010B 0F                  312 	.db #0x0F	; 15
   010C 10                  313 	.db #0x10	; 16
   010D 0F                  314 	.db #0x0F	; 15
   010E 10                  315 	.db #0x10	; 16
   010F 0F                  316 	.db #0x0F	; 15
   0110 10                  317 	.db #0x10	; 16
   0111 0F                  318 	.db #0x0F	; 15
   0112 10                  319 	.db #0x10	; 16
   0113 0F                  320 	.db #0x0F	; 15
   0114 10                  321 	.db #0x10	; 16
   0115 0F                  322 	.db #0x0F	; 15
   0116 10                  323 	.db #0x10	; 16
   0117 13                  324 	.db #0x13	; 19
   0118 13                  325 	.db #0x13	; 19
   0119 08                  326 	.db #0x08	; 8
   011A 09                  327 	.db #0x09	; 9
   011B 08                  328 	.db #0x08	; 8
   011C 09                  329 	.db #0x09	; 9
   011D 08                  330 	.db #0x08	; 8
   011E 09                  331 	.db #0x09	; 9
   011F 13                  332 	.db #0x13	; 19
   0120 13                  333 	.db #0x13	; 19
   0121 13                  334 	.db #0x13	; 19
   0122 13                  335 	.db #0x13	; 19
   0123 08                  336 	.db #0x08	; 8
   0124 09                  337 	.db #0x09	; 9
   0125 08                  338 	.db #0x08	; 8
   0126 09                  339 	.db #0x09	; 9
   0127 08                  340 	.db #0x08	; 8
   0128 09                  341 	.db #0x09	; 9
   0129 08                  342 	.db #0x08	; 8
   012A 09                  343 	.db #0x09	; 9
   012B 08                  344 	.db #0x08	; 8
   012C 09                  345 	.db #0x09	; 9
   012D 08                  346 	.db #0x08	; 8
   012E 09                  347 	.db #0x09	; 9
   012F 08                  348 	.db #0x08	; 8
   0130 09                  349 	.db #0x09	; 9
   0131 08                  350 	.db #0x08	; 8
   0132 09                  351 	.db #0x09	; 9
   0133 08                  352 	.db #0x08	; 8
   0134 09                  353 	.db #0x09	; 9
   0135 08                  354 	.db #0x08	; 8
   0136 09                  355 	.db #0x09	; 9
   0137 08                  356 	.db #0x08	; 8
   0138 09                  357 	.db #0x09	; 9
   0139 08                  358 	.db #0x08	; 8
   013A 09                  359 	.db #0x09	; 9
   013B 08                  360 	.db #0x08	; 8
   013C 09                  361 	.db #0x09	; 9
   013D 08                  362 	.db #0x08	; 8
   013E 09                  363 	.db #0x09	; 9
   013F 13                  364 	.db #0x13	; 19
   0140 13                  365 	.db #0x13	; 19
   0141 0F                  366 	.db #0x0F	; 15
   0142 10                  367 	.db #0x10	; 16
   0143 0F                  368 	.db #0x0F	; 15
   0144 10                  369 	.db #0x10	; 16
   0145 0F                  370 	.db #0x0F	; 15
   0146 10                  371 	.db #0x10	; 16
   0147 13                  372 	.db #0x13	; 19
   0148 13                  373 	.db #0x13	; 19
   0149 13                  374 	.db #0x13	; 19
   014A 13                  375 	.db #0x13	; 19
   014B 0F                  376 	.db #0x0F	; 15
   014C 10                  377 	.db #0x10	; 16
   014D 0F                  378 	.db #0x0F	; 15
   014E 10                  379 	.db #0x10	; 16
   014F 0F                  380 	.db #0x0F	; 15
   0150 10                  381 	.db #0x10	; 16
   0151 0F                  382 	.db #0x0F	; 15
   0152 10                  383 	.db #0x10	; 16
   0153 0F                  384 	.db #0x0F	; 15
   0154 10                  385 	.db #0x10	; 16
   0155 0F                  386 	.db #0x0F	; 15
   0156 10                  387 	.db #0x10	; 16
   0157 0F                  388 	.db #0x0F	; 15
   0158 10                  389 	.db #0x10	; 16
   0159 0F                  390 	.db #0x0F	; 15
   015A 10                  391 	.db #0x10	; 16
   015B 0F                  392 	.db #0x0F	; 15
   015C 10                  393 	.db #0x10	; 16
   015D 0F                  394 	.db #0x0F	; 15
   015E 10                  395 	.db #0x10	; 16
   015F 0F                  396 	.db #0x0F	; 15
   0160 10                  397 	.db #0x10	; 16
   0161 0F                  398 	.db #0x0F	; 15
   0162 10                  399 	.db #0x10	; 16
   0163 0F                  400 	.db #0x0F	; 15
   0164 10                  401 	.db #0x10	; 16
   0165 0F                  402 	.db #0x0F	; 15
   0166 10                  403 	.db #0x10	; 16
   0167 13                  404 	.db #0x13	; 19
   0168 13                  405 	.db #0x13	; 19
   0169 08                  406 	.db #0x08	; 8
   016A 09                  407 	.db #0x09	; 9
   016B 08                  408 	.db #0x08	; 8
   016C 09                  409 	.db #0x09	; 9
   016D 08                  410 	.db #0x08	; 8
   016E 09                  411 	.db #0x09	; 9
   016F 13                  412 	.db #0x13	; 19
   0170 13                  413 	.db #0x13	; 19
   0171 13                  414 	.db #0x13	; 19
   0172 13                  415 	.db #0x13	; 19
   0173 08                  416 	.db #0x08	; 8
   0174 09                  417 	.db #0x09	; 9
   0175 08                  418 	.db #0x08	; 8
   0176 09                  419 	.db #0x09	; 9
   0177 08                  420 	.db #0x08	; 8
   0178 09                  421 	.db #0x09	; 9
   0179 08                  422 	.db #0x08	; 8
   017A 09                  423 	.db #0x09	; 9
   017B 08                  424 	.db #0x08	; 8
   017C 09                  425 	.db #0x09	; 9
   017D 08                  426 	.db #0x08	; 8
   017E 09                  427 	.db #0x09	; 9
   017F 08                  428 	.db #0x08	; 8
   0180 09                  429 	.db #0x09	; 9
   0181 08                  430 	.db #0x08	; 8
   0182 09                  431 	.db #0x09	; 9
   0183 08                  432 	.db #0x08	; 8
   0184 09                  433 	.db #0x09	; 9
   0185 08                  434 	.db #0x08	; 8
   0186 09                  435 	.db #0x09	; 9
   0187 08                  436 	.db #0x08	; 8
   0188 09                  437 	.db #0x09	; 9
   0189 08                  438 	.db #0x08	; 8
   018A 09                  439 	.db #0x09	; 9
   018B 08                  440 	.db #0x08	; 8
   018C 09                  441 	.db #0x09	; 9
   018D 08                  442 	.db #0x08	; 8
   018E 09                  443 	.db #0x09	; 9
   018F 13                  444 	.db #0x13	; 19
   0190 13                  445 	.db #0x13	; 19
   0191 0F                  446 	.db #0x0F	; 15
   0192 10                  447 	.db #0x10	; 16
   0193 0F                  448 	.db #0x0F	; 15
   0194 10                  449 	.db #0x10	; 16
   0195 0F                  450 	.db #0x0F	; 15
   0196 10                  451 	.db #0x10	; 16
   0197 0F                  452 	.db #0x0F	; 15
   0198 10                  453 	.db #0x10	; 16
   0199 0F                  454 	.db #0x0F	; 15
   019A 10                  455 	.db #0x10	; 16
   019B 0F                  456 	.db #0x0F	; 15
   019C 10                  457 	.db #0x10	; 16
   019D 0F                  458 	.db #0x0F	; 15
   019E 10                  459 	.db #0x10	; 16
   019F 0F                  460 	.db #0x0F	; 15
   01A0 10                  461 	.db #0x10	; 16
   01A1 0F                  462 	.db #0x0F	; 15
   01A2 10                  463 	.db #0x10	; 16
   01A3 0F                  464 	.db #0x0F	; 15
   01A4 10                  465 	.db #0x10	; 16
   01A5 0F                  466 	.db #0x0F	; 15
   01A6 10                  467 	.db #0x10	; 16
   01A7 0F                  468 	.db #0x0F	; 15
   01A8 10                  469 	.db #0x10	; 16
   01A9 0F                  470 	.db #0x0F	; 15
   01AA 10                  471 	.db #0x10	; 16
   01AB 0F                  472 	.db #0x0F	; 15
   01AC 10                  473 	.db #0x10	; 16
   01AD 0F                  474 	.db #0x0F	; 15
   01AE 10                  475 	.db #0x10	; 16
   01AF 0F                  476 	.db #0x0F	; 15
   01B0 10                  477 	.db #0x10	; 16
   01B1 0F                  478 	.db #0x0F	; 15
   01B2 10                  479 	.db #0x10	; 16
   01B3 0F                  480 	.db #0x0F	; 15
   01B4 10                  481 	.db #0x10	; 16
   01B5 0F                  482 	.db #0x0F	; 15
   01B6 10                  483 	.db #0x10	; 16
   01B7 13                  484 	.db #0x13	; 19
   01B8 13                  485 	.db #0x13	; 19
   01B9 08                  486 	.db #0x08	; 8
   01BA 09                  487 	.db #0x09	; 9
   01BB 08                  488 	.db #0x08	; 8
   01BC 09                  489 	.db #0x09	; 9
   01BD 08                  490 	.db #0x08	; 8
   01BE 09                  491 	.db #0x09	; 9
   01BF 08                  492 	.db #0x08	; 8
   01C0 09                  493 	.db #0x09	; 9
   01C1 08                  494 	.db #0x08	; 8
   01C2 09                  495 	.db #0x09	; 9
   01C3 08                  496 	.db #0x08	; 8
   01C4 09                  497 	.db #0x09	; 9
   01C5 08                  498 	.db #0x08	; 8
   01C6 09                  499 	.db #0x09	; 9
   01C7 08                  500 	.db #0x08	; 8
   01C8 09                  501 	.db #0x09	; 9
   01C9 08                  502 	.db #0x08	; 8
   01CA 09                  503 	.db #0x09	; 9
   01CB 08                  504 	.db #0x08	; 8
   01CC 09                  505 	.db #0x09	; 9
   01CD 08                  506 	.db #0x08	; 8
   01CE 09                  507 	.db #0x09	; 9
   01CF 08                  508 	.db #0x08	; 8
   01D0 09                  509 	.db #0x09	; 9
   01D1 08                  510 	.db #0x08	; 8
   01D2 09                  511 	.db #0x09	; 9
   01D3 08                  512 	.db #0x08	; 8
   01D4 09                  513 	.db #0x09	; 9
   01D5 08                  514 	.db #0x08	; 8
   01D6 09                  515 	.db #0x09	; 9
   01D7 08                  516 	.db #0x08	; 8
   01D8 09                  517 	.db #0x09	; 9
   01D9 08                  518 	.db #0x08	; 8
   01DA 09                  519 	.db #0x09	; 9
   01DB 08                  520 	.db #0x08	; 8
   01DC 09                  521 	.db #0x09	; 9
   01DD 08                  522 	.db #0x08	; 8
   01DE 09                  523 	.db #0x09	; 9
   01DF 13                  524 	.db #0x13	; 19
   01E0 13                  525 	.db #0x13	; 19
   01E1 0F                  526 	.db #0x0F	; 15
   01E2 10                  527 	.db #0x10	; 16
   01E3 0F                  528 	.db #0x0F	; 15
   01E4 10                  529 	.db #0x10	; 16
   01E5 0F                  530 	.db #0x0F	; 15
   01E6 10                  531 	.db #0x10	; 16
   01E7 0F                  532 	.db #0x0F	; 15
   01E8 10                  533 	.db #0x10	; 16
   01E9 0F                  534 	.db #0x0F	; 15
   01EA 10                  535 	.db #0x10	; 16
   01EB 0F                  536 	.db #0x0F	; 15
   01EC 10                  537 	.db #0x10	; 16
   01ED 0F                  538 	.db #0x0F	; 15
   01EE 10                  539 	.db #0x10	; 16
   01EF 0F                  540 	.db #0x0F	; 15
   01F0 10                  541 	.db #0x10	; 16
   01F1 0F                  542 	.db #0x0F	; 15
   01F2 10                  543 	.db #0x10	; 16
   01F3 0F                  544 	.db #0x0F	; 15
   01F4 10                  545 	.db #0x10	; 16
   01F5 0F                  546 	.db #0x0F	; 15
   01F6 10                  547 	.db #0x10	; 16
   01F7 0F                  548 	.db #0x0F	; 15
   01F8 10                  549 	.db #0x10	; 16
   01F9 0F                  550 	.db #0x0F	; 15
   01FA 10                  551 	.db #0x10	; 16
   01FB 0F                  552 	.db #0x0F	; 15
   01FC 10                  553 	.db #0x10	; 16
   01FD 0F                  554 	.db #0x0F	; 15
   01FE 10                  555 	.db #0x10	; 16
   01FF 0F                  556 	.db #0x0F	; 15
   0200 10                  557 	.db #0x10	; 16
   0201 0F                  558 	.db #0x0F	; 15
   0202 10                  559 	.db #0x10	; 16
   0203 0F                  560 	.db #0x0F	; 15
   0204 10                  561 	.db #0x10	; 16
   0205 0F                  562 	.db #0x0F	; 15
   0206 10                  563 	.db #0x10	; 16
   0207 13                  564 	.db #0x13	; 19
   0208 13                  565 	.db #0x13	; 19
   0209 08                  566 	.db #0x08	; 8
   020A 09                  567 	.db #0x09	; 9
   020B 08                  568 	.db #0x08	; 8
   020C 09                  569 	.db #0x09	; 9
   020D 08                  570 	.db #0x08	; 8
   020E 09                  571 	.db #0x09	; 9
   020F 08                  572 	.db #0x08	; 8
   0210 09                  573 	.db #0x09	; 9
   0211 08                  574 	.db #0x08	; 8
   0212 09                  575 	.db #0x09	; 9
   0213 08                  576 	.db #0x08	; 8
   0214 09                  577 	.db #0x09	; 9
   0215 08                  578 	.db #0x08	; 8
   0216 09                  579 	.db #0x09	; 9
   0217 08                  580 	.db #0x08	; 8
   0218 09                  581 	.db #0x09	; 9
   0219 08                  582 	.db #0x08	; 8
   021A 09                  583 	.db #0x09	; 9
   021B 08                  584 	.db #0x08	; 8
   021C 09                  585 	.db #0x09	; 9
   021D 08                  586 	.db #0x08	; 8
   021E 09                  587 	.db #0x09	; 9
   021F 08                  588 	.db #0x08	; 8
   0220 09                  589 	.db #0x09	; 9
   0221 08                  590 	.db #0x08	; 8
   0222 09                  591 	.db #0x09	; 9
   0223 08                  592 	.db #0x08	; 8
   0224 09                  593 	.db #0x09	; 9
   0225 08                  594 	.db #0x08	; 8
   0226 09                  595 	.db #0x09	; 9
   0227 08                  596 	.db #0x08	; 8
   0228 09                  597 	.db #0x09	; 9
   0229 08                  598 	.db #0x08	; 8
   022A 09                  599 	.db #0x09	; 9
   022B 08                  600 	.db #0x08	; 8
   022C 09                  601 	.db #0x09	; 9
   022D 08                  602 	.db #0x08	; 8
   022E 09                  603 	.db #0x09	; 9
   022F 13                  604 	.db #0x13	; 19
   0230 13                  605 	.db #0x13	; 19
   0231 0F                  606 	.db #0x0F	; 15
   0232 10                  607 	.db #0x10	; 16
   0233 0F                  608 	.db #0x0F	; 15
   0234 10                  609 	.db #0x10	; 16
   0235 0F                  610 	.db #0x0F	; 15
   0236 10                  611 	.db #0x10	; 16
   0237 0F                  612 	.db #0x0F	; 15
   0238 10                  613 	.db #0x10	; 16
   0239 0F                  614 	.db #0x0F	; 15
   023A 10                  615 	.db #0x10	; 16
   023B 0F                  616 	.db #0x0F	; 15
   023C 10                  617 	.db #0x10	; 16
   023D 0F                  618 	.db #0x0F	; 15
   023E 10                  619 	.db #0x10	; 16
   023F 0F                  620 	.db #0x0F	; 15
   0240 10                  621 	.db #0x10	; 16
   0241 0F                  622 	.db #0x0F	; 15
   0242 10                  623 	.db #0x10	; 16
   0243 0F                  624 	.db #0x0F	; 15
   0244 10                  625 	.db #0x10	; 16
   0245 0F                  626 	.db #0x0F	; 15
   0246 10                  627 	.db #0x10	; 16
   0247 0F                  628 	.db #0x0F	; 15
   0248 10                  629 	.db #0x10	; 16
   0249 0F                  630 	.db #0x0F	; 15
   024A 10                  631 	.db #0x10	; 16
   024B 0F                  632 	.db #0x0F	; 15
   024C 10                  633 	.db #0x10	; 16
   024D 0F                  634 	.db #0x0F	; 15
   024E 10                  635 	.db #0x10	; 16
   024F 0F                  636 	.db #0x0F	; 15
   0250 10                  637 	.db #0x10	; 16
   0251 0F                  638 	.db #0x0F	; 15
   0252 10                  639 	.db #0x10	; 16
   0253 0F                  640 	.db #0x0F	; 15
   0254 10                  641 	.db #0x10	; 16
   0255 0F                  642 	.db #0x0F	; 15
   0256 10                  643 	.db #0x10	; 16
   0257 13                  644 	.db #0x13	; 19
   0258 13                  645 	.db #0x13	; 19
   0259 08                  646 	.db #0x08	; 8
   025A 09                  647 	.db #0x09	; 9
   025B 08                  648 	.db #0x08	; 8
   025C 09                  649 	.db #0x09	; 9
   025D 08                  650 	.db #0x08	; 8
   025E 09                  651 	.db #0x09	; 9
   025F 08                  652 	.db #0x08	; 8
   0260 09                  653 	.db #0x09	; 9
   0261 08                  654 	.db #0x08	; 8
   0262 09                  655 	.db #0x09	; 9
   0263 08                  656 	.db #0x08	; 8
   0264 09                  657 	.db #0x09	; 9
   0265 08                  658 	.db #0x08	; 8
   0266 09                  659 	.db #0x09	; 9
   0267 08                  660 	.db #0x08	; 8
   0268 09                  661 	.db #0x09	; 9
   0269 08                  662 	.db #0x08	; 8
   026A 09                  663 	.db #0x09	; 9
   026B 08                  664 	.db #0x08	; 8
   026C 09                  665 	.db #0x09	; 9
   026D 08                  666 	.db #0x08	; 8
   026E 09                  667 	.db #0x09	; 9
   026F 08                  668 	.db #0x08	; 8
   0270 09                  669 	.db #0x09	; 9
   0271 08                  670 	.db #0x08	; 8
   0272 09                  671 	.db #0x09	; 9
   0273 08                  672 	.db #0x08	; 8
   0274 09                  673 	.db #0x09	; 9
   0275 08                  674 	.db #0x08	; 8
   0276 09                  675 	.db #0x09	; 9
   0277 08                  676 	.db #0x08	; 8
   0278 09                  677 	.db #0x09	; 9
   0279 08                  678 	.db #0x08	; 8
   027A 09                  679 	.db #0x09	; 9
   027B 08                  680 	.db #0x08	; 8
   027C 09                  681 	.db #0x09	; 9
   027D 08                  682 	.db #0x08	; 8
   027E 09                  683 	.db #0x09	; 9
   027F 13                  684 	.db #0x13	; 19
   0280 13                  685 	.db #0x13	; 19
   0281 0F                  686 	.db #0x0F	; 15
   0282 10                  687 	.db #0x10	; 16
   0283 0F                  688 	.db #0x0F	; 15
   0284 10                  689 	.db #0x10	; 16
   0285 0F                  690 	.db #0x0F	; 15
   0286 10                  691 	.db #0x10	; 16
   0287 0F                  692 	.db #0x0F	; 15
   0288 10                  693 	.db #0x10	; 16
   0289 0F                  694 	.db #0x0F	; 15
   028A 10                  695 	.db #0x10	; 16
   028B 0F                  696 	.db #0x0F	; 15
   028C 10                  697 	.db #0x10	; 16
   028D 0F                  698 	.db #0x0F	; 15
   028E 10                  699 	.db #0x10	; 16
   028F 0F                  700 	.db #0x0F	; 15
   0290 10                  701 	.db #0x10	; 16
   0291 0F                  702 	.db #0x0F	; 15
   0292 10                  703 	.db #0x10	; 16
   0293 0F                  704 	.db #0x0F	; 15
   0294 10                  705 	.db #0x10	; 16
   0295 0F                  706 	.db #0x0F	; 15
   0296 10                  707 	.db #0x10	; 16
   0297 0F                  708 	.db #0x0F	; 15
   0298 10                  709 	.db #0x10	; 16
   0299 0F                  710 	.db #0x0F	; 15
   029A 10                  711 	.db #0x10	; 16
   029B 0F                  712 	.db #0x0F	; 15
   029C 10                  713 	.db #0x10	; 16
   029D 0F                  714 	.db #0x0F	; 15
   029E 10                  715 	.db #0x10	; 16
   029F 0F                  716 	.db #0x0F	; 15
   02A0 10                  717 	.db #0x10	; 16
   02A1 0F                  718 	.db #0x0F	; 15
   02A2 10                  719 	.db #0x10	; 16
   02A3 0F                  720 	.db #0x0F	; 15
   02A4 10                  721 	.db #0x10	; 16
   02A5 0F                  722 	.db #0x0F	; 15
   02A6 10                  723 	.db #0x10	; 16
   02A7 13                  724 	.db #0x13	; 19
   02A8 13                  725 	.db #0x13	; 19
   02A9 08                  726 	.db #0x08	; 8
   02AA 09                  727 	.db #0x09	; 9
   02AB 08                  728 	.db #0x08	; 8
   02AC 09                  729 	.db #0x09	; 9
   02AD 08                  730 	.db #0x08	; 8
   02AE 09                  731 	.db #0x09	; 9
   02AF 08                  732 	.db #0x08	; 8
   02B0 09                  733 	.db #0x09	; 9
   02B1 08                  734 	.db #0x08	; 8
   02B2 09                  735 	.db #0x09	; 9
   02B3 08                  736 	.db #0x08	; 8
   02B4 09                  737 	.db #0x09	; 9
   02B5 08                  738 	.db #0x08	; 8
   02B6 09                  739 	.db #0x09	; 9
   02B7 08                  740 	.db #0x08	; 8
   02B8 09                  741 	.db #0x09	; 9
   02B9 08                  742 	.db #0x08	; 8
   02BA 09                  743 	.db #0x09	; 9
   02BB 08                  744 	.db #0x08	; 8
   02BC 09                  745 	.db #0x09	; 9
   02BD 08                  746 	.db #0x08	; 8
   02BE 09                  747 	.db #0x09	; 9
   02BF 08                  748 	.db #0x08	; 8
   02C0 09                  749 	.db #0x09	; 9
   02C1 13                  750 	.db #0x13	; 19
   02C2 13                  751 	.db #0x13	; 19
   02C3 13                  752 	.db #0x13	; 19
   02C4 13                  753 	.db #0x13	; 19
   02C5 08                  754 	.db #0x08	; 8
   02C6 09                  755 	.db #0x09	; 9
   02C7 08                  756 	.db #0x08	; 8
   02C8 09                  757 	.db #0x09	; 9
   02C9 08                  758 	.db #0x08	; 8
   02CA 09                  759 	.db #0x09	; 9
   02CB 08                  760 	.db #0x08	; 8
   02CC 09                  761 	.db #0x09	; 9
   02CD 08                  762 	.db #0x08	; 8
   02CE 09                  763 	.db #0x09	; 9
   02CF 13                  764 	.db #0x13	; 19
   02D0 13                  765 	.db #0x13	; 19
   02D1 0F                  766 	.db #0x0F	; 15
   02D2 10                  767 	.db #0x10	; 16
   02D3 0F                  768 	.db #0x0F	; 15
   02D4 10                  769 	.db #0x10	; 16
   02D5 0F                  770 	.db #0x0F	; 15
   02D6 10                  771 	.db #0x10	; 16
   02D7 0F                  772 	.db #0x0F	; 15
   02D8 10                  773 	.db #0x10	; 16
   02D9 0F                  774 	.db #0x0F	; 15
   02DA 10                  775 	.db #0x10	; 16
   02DB 0F                  776 	.db #0x0F	; 15
   02DC 10                  777 	.db #0x10	; 16
   02DD 0F                  778 	.db #0x0F	; 15
   02DE 10                  779 	.db #0x10	; 16
   02DF 0F                  780 	.db #0x0F	; 15
   02E0 10                  781 	.db #0x10	; 16
   02E1 0F                  782 	.db #0x0F	; 15
   02E2 10                  783 	.db #0x10	; 16
   02E3 0F                  784 	.db #0x0F	; 15
   02E4 10                  785 	.db #0x10	; 16
   02E5 0F                  786 	.db #0x0F	; 15
   02E6 10                  787 	.db #0x10	; 16
   02E7 0F                  788 	.db #0x0F	; 15
   02E8 10                  789 	.db #0x10	; 16
   02E9 13                  790 	.db #0x13	; 19
   02EA 13                  791 	.db #0x13	; 19
   02EB 13                  792 	.db #0x13	; 19
   02EC 13                  793 	.db #0x13	; 19
   02ED 0F                  794 	.db #0x0F	; 15
   02EE 10                  795 	.db #0x10	; 16
   02EF 0F                  796 	.db #0x0F	; 15
   02F0 10                  797 	.db #0x10	; 16
   02F1 0F                  798 	.db #0x0F	; 15
   02F2 10                  799 	.db #0x10	; 16
   02F3 0F                  800 	.db #0x0F	; 15
   02F4 10                  801 	.db #0x10	; 16
   02F5 0F                  802 	.db #0x0F	; 15
   02F6 10                  803 	.db #0x10	; 16
   02F7 13                  804 	.db #0x13	; 19
   02F8 13                  805 	.db #0x13	; 19
   02F9 08                  806 	.db #0x08	; 8
   02FA 09                  807 	.db #0x09	; 9
   02FB 08                  808 	.db #0x08	; 8
   02FC 09                  809 	.db #0x09	; 9
   02FD 08                  810 	.db #0x08	; 8
   02FE 09                  811 	.db #0x09	; 9
   02FF 08                  812 	.db #0x08	; 8
   0300 09                  813 	.db #0x09	; 9
   0301 08                  814 	.db #0x08	; 8
   0302 09                  815 	.db #0x09	; 9
   0303 08                  816 	.db #0x08	; 8
   0304 09                  817 	.db #0x09	; 9
   0305 08                  818 	.db #0x08	; 8
   0306 09                  819 	.db #0x09	; 9
   0307 08                  820 	.db #0x08	; 8
   0308 09                  821 	.db #0x09	; 9
   0309 08                  822 	.db #0x08	; 8
   030A 09                  823 	.db #0x09	; 9
   030B 08                  824 	.db #0x08	; 8
   030C 09                  825 	.db #0x09	; 9
   030D 08                  826 	.db #0x08	; 8
   030E 09                  827 	.db #0x09	; 9
   030F 08                  828 	.db #0x08	; 8
   0310 09                  829 	.db #0x09	; 9
   0311 13                  830 	.db #0x13	; 19
   0312 13                  831 	.db #0x13	; 19
   0313 13                  832 	.db #0x13	; 19
   0314 13                  833 	.db #0x13	; 19
   0315 08                  834 	.db #0x08	; 8
   0316 09                  835 	.db #0x09	; 9
   0317 08                  836 	.db #0x08	; 8
   0318 09                  837 	.db #0x09	; 9
   0319 08                  838 	.db #0x08	; 8
   031A 09                  839 	.db #0x09	; 9
   031B 08                  840 	.db #0x08	; 8
   031C 09                  841 	.db #0x09	; 9
   031D 08                  842 	.db #0x08	; 8
   031E 09                  843 	.db #0x09	; 9
   031F 13                  844 	.db #0x13	; 19
   0320 13                  845 	.db #0x13	; 19
   0321 0F                  846 	.db #0x0F	; 15
   0322 10                  847 	.db #0x10	; 16
   0323 0F                  848 	.db #0x0F	; 15
   0324 10                  849 	.db #0x10	; 16
   0325 0F                  850 	.db #0x0F	; 15
   0326 10                  851 	.db #0x10	; 16
   0327 0F                  852 	.db #0x0F	; 15
   0328 10                  853 	.db #0x10	; 16
   0329 0F                  854 	.db #0x0F	; 15
   032A 10                  855 	.db #0x10	; 16
   032B 0F                  856 	.db #0x0F	; 15
   032C 10                  857 	.db #0x10	; 16
   032D 0F                  858 	.db #0x0F	; 15
   032E 10                  859 	.db #0x10	; 16
   032F 0F                  860 	.db #0x0F	; 15
   0330 10                  861 	.db #0x10	; 16
   0331 0F                  862 	.db #0x0F	; 15
   0332 10                  863 	.db #0x10	; 16
   0333 0F                  864 	.db #0x0F	; 15
   0334 10                  865 	.db #0x10	; 16
   0335 0F                  866 	.db #0x0F	; 15
   0336 10                  867 	.db #0x10	; 16
   0337 0F                  868 	.db #0x0F	; 15
   0338 10                  869 	.db #0x10	; 16
   0339 13                  870 	.db #0x13	; 19
   033A 13                  871 	.db #0x13	; 19
   033B 13                  872 	.db #0x13	; 19
   033C 13                  873 	.db #0x13	; 19
   033D 0F                  874 	.db #0x0F	; 15
   033E 10                  875 	.db #0x10	; 16
   033F 0F                  876 	.db #0x0F	; 15
   0340 10                  877 	.db #0x10	; 16
   0341 0F                  878 	.db #0x0F	; 15
   0342 10                  879 	.db #0x10	; 16
   0343 0F                  880 	.db #0x0F	; 15
   0344 10                  881 	.db #0x10	; 16
   0345 0F                  882 	.db #0x0F	; 15
   0346 10                  883 	.db #0x10	; 16
   0347 13                  884 	.db #0x13	; 19
   0348 13                  885 	.db #0x13	; 19
   0349 08                  886 	.db #0x08	; 8
   034A 09                  887 	.db #0x09	; 9
   034B 08                  888 	.db #0x08	; 8
   034C 09                  889 	.db #0x09	; 9
   034D 08                  890 	.db #0x08	; 8
   034E 09                  891 	.db #0x09	; 9
   034F 08                  892 	.db #0x08	; 8
   0350 09                  893 	.db #0x09	; 9
   0351 08                  894 	.db #0x08	; 8
   0352 09                  895 	.db #0x09	; 9
   0353 08                  896 	.db #0x08	; 8
   0354 09                  897 	.db #0x09	; 9
   0355 08                  898 	.db #0x08	; 8
   0356 09                  899 	.db #0x09	; 9
   0357 08                  900 	.db #0x08	; 8
   0358 09                  901 	.db #0x09	; 9
   0359 08                  902 	.db #0x08	; 8
   035A 09                  903 	.db #0x09	; 9
   035B 08                  904 	.db #0x08	; 8
   035C 09                  905 	.db #0x09	; 9
   035D 08                  906 	.db #0x08	; 8
   035E 09                  907 	.db #0x09	; 9
   035F 08                  908 	.db #0x08	; 8
   0360 09                  909 	.db #0x09	; 9
   0361 08                  910 	.db #0x08	; 8
   0362 09                  911 	.db #0x09	; 9
   0363 08                  912 	.db #0x08	; 8
   0364 09                  913 	.db #0x09	; 9
   0365 08                  914 	.db #0x08	; 8
   0366 09                  915 	.db #0x09	; 9
   0367 08                  916 	.db #0x08	; 8
   0368 09                  917 	.db #0x09	; 9
   0369 08                  918 	.db #0x08	; 8
   036A 09                  919 	.db #0x09	; 9
   036B 08                  920 	.db #0x08	; 8
   036C 09                  921 	.db #0x09	; 9
   036D 08                  922 	.db #0x08	; 8
   036E 09                  923 	.db #0x09	; 9
   036F 13                  924 	.db #0x13	; 19
   0370 13                  925 	.db #0x13	; 19
   0371 0F                  926 	.db #0x0F	; 15
   0372 10                  927 	.db #0x10	; 16
   0373 0F                  928 	.db #0x0F	; 15
   0374 10                  929 	.db #0x10	; 16
   0375 0F                  930 	.db #0x0F	; 15
   0376 10                  931 	.db #0x10	; 16
   0377 0F                  932 	.db #0x0F	; 15
   0378 10                  933 	.db #0x10	; 16
   0379 0F                  934 	.db #0x0F	; 15
   037A 10                  935 	.db #0x10	; 16
   037B 0F                  936 	.db #0x0F	; 15
   037C 10                  937 	.db #0x10	; 16
   037D 0F                  938 	.db #0x0F	; 15
   037E 10                  939 	.db #0x10	; 16
   037F 0F                  940 	.db #0x0F	; 15
   0380 10                  941 	.db #0x10	; 16
   0381 0F                  942 	.db #0x0F	; 15
   0382 10                  943 	.db #0x10	; 16
   0383 0F                  944 	.db #0x0F	; 15
   0384 10                  945 	.db #0x10	; 16
   0385 0F                  946 	.db #0x0F	; 15
   0386 10                  947 	.db #0x10	; 16
   0387 0F                  948 	.db #0x0F	; 15
   0388 10                  949 	.db #0x10	; 16
   0389 0F                  950 	.db #0x0F	; 15
   038A 10                  951 	.db #0x10	; 16
   038B 0F                  952 	.db #0x0F	; 15
   038C 10                  953 	.db #0x10	; 16
   038D 0F                  954 	.db #0x0F	; 15
   038E 10                  955 	.db #0x10	; 16
   038F 0F                  956 	.db #0x0F	; 15
   0390 10                  957 	.db #0x10	; 16
   0391 0F                  958 	.db #0x0F	; 15
   0392 10                  959 	.db #0x10	; 16
   0393 0F                  960 	.db #0x0F	; 15
   0394 10                  961 	.db #0x10	; 16
   0395 0F                  962 	.db #0x0F	; 15
   0396 10                  963 	.db #0x10	; 16
   0397 13                  964 	.db #0x13	; 19
   0398 13                  965 	.db #0x13	; 19
   0399 08                  966 	.db #0x08	; 8
   039A 09                  967 	.db #0x09	; 9
   039B 08                  968 	.db #0x08	; 8
   039C 09                  969 	.db #0x09	; 9
   039D 08                  970 	.db #0x08	; 8
   039E 09                  971 	.db #0x09	; 9
   039F 08                  972 	.db #0x08	; 8
   03A0 09                  973 	.db #0x09	; 9
   03A1 08                  974 	.db #0x08	; 8
   03A2 09                  975 	.db #0x09	; 9
   03A3 08                  976 	.db #0x08	; 8
   03A4 09                  977 	.db #0x09	; 9
   03A5 08                  978 	.db #0x08	; 8
   03A6 09                  979 	.db #0x09	; 9
   03A7 08                  980 	.db #0x08	; 8
   03A8 09                  981 	.db #0x09	; 9
   03A9 08                  982 	.db #0x08	; 8
   03AA 09                  983 	.db #0x09	; 9
   03AB 08                  984 	.db #0x08	; 8
   03AC 09                  985 	.db #0x09	; 9
   03AD 08                  986 	.db #0x08	; 8
   03AE 09                  987 	.db #0x09	; 9
   03AF 08                  988 	.db #0x08	; 8
   03B0 09                  989 	.db #0x09	; 9
   03B1 08                  990 	.db #0x08	; 8
   03B2 09                  991 	.db #0x09	; 9
   03B3 08                  992 	.db #0x08	; 8
   03B4 09                  993 	.db #0x09	; 9
   03B5 08                  994 	.db #0x08	; 8
   03B6 09                  995 	.db #0x09	; 9
   03B7 08                  996 	.db #0x08	; 8
   03B8 09                  997 	.db #0x09	; 9
   03B9 08                  998 	.db #0x08	; 8
   03BA 09                  999 	.db #0x09	; 9
   03BB 08                 1000 	.db #0x08	; 8
   03BC 09                 1001 	.db #0x09	; 9
   03BD 08                 1002 	.db #0x08	; 8
   03BE 09                 1003 	.db #0x09	; 9
   03BF 13                 1004 	.db #0x13	; 19
   03C0 13                 1005 	.db #0x13	; 19
   03C1 0F                 1006 	.db #0x0F	; 15
   03C2 10                 1007 	.db #0x10	; 16
   03C3 0F                 1008 	.db #0x0F	; 15
   03C4 10                 1009 	.db #0x10	; 16
   03C5 0F                 1010 	.db #0x0F	; 15
   03C6 10                 1011 	.db #0x10	; 16
   03C7 0F                 1012 	.db #0x0F	; 15
   03C8 10                 1013 	.db #0x10	; 16
   03C9 0F                 1014 	.db #0x0F	; 15
   03CA 10                 1015 	.db #0x10	; 16
   03CB 0F                 1016 	.db #0x0F	; 15
   03CC 10                 1017 	.db #0x10	; 16
   03CD 0F                 1018 	.db #0x0F	; 15
   03CE 10                 1019 	.db #0x10	; 16
   03CF 0F                 1020 	.db #0x0F	; 15
   03D0 10                 1021 	.db #0x10	; 16
   03D1 0F                 1022 	.db #0x0F	; 15
   03D2 10                 1023 	.db #0x10	; 16
   03D3 0F                 1024 	.db #0x0F	; 15
   03D4 10                 1025 	.db #0x10	; 16
   03D5 0F                 1026 	.db #0x0F	; 15
   03D6 10                 1027 	.db #0x10	; 16
   03D7 0F                 1028 	.db #0x0F	; 15
   03D8 10                 1029 	.db #0x10	; 16
   03D9 0F                 1030 	.db #0x0F	; 15
   03DA 10                 1031 	.db #0x10	; 16
   03DB 0F                 1032 	.db #0x0F	; 15
   03DC 10                 1033 	.db #0x10	; 16
   03DD 0F                 1034 	.db #0x0F	; 15
   03DE 10                 1035 	.db #0x10	; 16
   03DF 0F                 1036 	.db #0x0F	; 15
   03E0 10                 1037 	.db #0x10	; 16
   03E1 0F                 1038 	.db #0x0F	; 15
   03E2 10                 1039 	.db #0x10	; 16
   03E3 0F                 1040 	.db #0x0F	; 15
   03E4 10                 1041 	.db #0x10	; 16
   03E5 0F                 1042 	.db #0x0F	; 15
   03E6 10                 1043 	.db #0x10	; 16
   03E7 13                 1044 	.db #0x13	; 19
   03E8 13                 1045 	.db #0x13	; 19
   03E9 08                 1046 	.db #0x08	; 8
   03EA 09                 1047 	.db #0x09	; 9
   03EB 08                 1048 	.db #0x08	; 8
   03EC 09                 1049 	.db #0x09	; 9
   03ED 08                 1050 	.db #0x08	; 8
   03EE 09                 1051 	.db #0x09	; 9
   03EF 08                 1052 	.db #0x08	; 8
   03F0 09                 1053 	.db #0x09	; 9
   03F1 08                 1054 	.db #0x08	; 8
   03F2 09                 1055 	.db #0x09	; 9
   03F3 08                 1056 	.db #0x08	; 8
   03F4 09                 1057 	.db #0x09	; 9
   03F5 08                 1058 	.db #0x08	; 8
   03F6 09                 1059 	.db #0x09	; 9
   03F7 08                 1060 	.db #0x08	; 8
   03F8 09                 1061 	.db #0x09	; 9
   03F9 08                 1062 	.db #0x08	; 8
   03FA 09                 1063 	.db #0x09	; 9
   03FB 08                 1064 	.db #0x08	; 8
   03FC 09                 1065 	.db #0x09	; 9
   03FD 08                 1066 	.db #0x08	; 8
   03FE 09                 1067 	.db #0x09	; 9
   03FF 08                 1068 	.db #0x08	; 8
   0400 09                 1069 	.db #0x09	; 9
   0401 08                 1070 	.db #0x08	; 8
   0402 09                 1071 	.db #0x09	; 9
   0403 08                 1072 	.db #0x08	; 8
   0404 09                 1073 	.db #0x09	; 9
   0405 08                 1074 	.db #0x08	; 8
   0406 09                 1075 	.db #0x09	; 9
   0407 08                 1076 	.db #0x08	; 8
   0408 09                 1077 	.db #0x09	; 9
   0409 08                 1078 	.db #0x08	; 8
   040A 09                 1079 	.db #0x09	; 9
   040B 08                 1080 	.db #0x08	; 8
   040C 09                 1081 	.db #0x09	; 9
   040D 08                 1082 	.db #0x08	; 8
   040E 09                 1083 	.db #0x09	; 9
   040F 13                 1084 	.db #0x13	; 19
   0410 13                 1085 	.db #0x13	; 19
   0411 0F                 1086 	.db #0x0F	; 15
   0412 10                 1087 	.db #0x10	; 16
   0413 0F                 1088 	.db #0x0F	; 15
   0414 10                 1089 	.db #0x10	; 16
   0415 0F                 1090 	.db #0x0F	; 15
   0416 10                 1091 	.db #0x10	; 16
   0417 0F                 1092 	.db #0x0F	; 15
   0418 10                 1093 	.db #0x10	; 16
   0419 0F                 1094 	.db #0x0F	; 15
   041A 10                 1095 	.db #0x10	; 16
   041B 0F                 1096 	.db #0x0F	; 15
   041C 10                 1097 	.db #0x10	; 16
   041D 0F                 1098 	.db #0x0F	; 15
   041E 10                 1099 	.db #0x10	; 16
   041F 0F                 1100 	.db #0x0F	; 15
   0420 10                 1101 	.db #0x10	; 16
   0421 0F                 1102 	.db #0x0F	; 15
   0422 10                 1103 	.db #0x10	; 16
   0423 0F                 1104 	.db #0x0F	; 15
   0424 10                 1105 	.db #0x10	; 16
   0425 0F                 1106 	.db #0x0F	; 15
   0426 10                 1107 	.db #0x10	; 16
   0427 0F                 1108 	.db #0x0F	; 15
   0428 10                 1109 	.db #0x10	; 16
   0429 0F                 1110 	.db #0x0F	; 15
   042A 10                 1111 	.db #0x10	; 16
   042B 0F                 1112 	.db #0x0F	; 15
   042C 10                 1113 	.db #0x10	; 16
   042D 0F                 1114 	.db #0x0F	; 15
   042E 10                 1115 	.db #0x10	; 16
   042F 0F                 1116 	.db #0x0F	; 15
   0430 10                 1117 	.db #0x10	; 16
   0431 0F                 1118 	.db #0x0F	; 15
   0432 10                 1119 	.db #0x10	; 16
   0433 0F                 1120 	.db #0x0F	; 15
   0434 10                 1121 	.db #0x10	; 16
   0435 0F                 1122 	.db #0x0F	; 15
   0436 10                 1123 	.db #0x10	; 16
   0437 13                 1124 	.db #0x13	; 19
   0438 13                 1125 	.db #0x13	; 19
   0439 08                 1126 	.db #0x08	; 8
   043A 09                 1127 	.db #0x09	; 9
   043B 08                 1128 	.db #0x08	; 8
   043C 09                 1129 	.db #0x09	; 9
   043D 08                 1130 	.db #0x08	; 8
   043E 09                 1131 	.db #0x09	; 9
   043F 08                 1132 	.db #0x08	; 8
   0440 09                 1133 	.db #0x09	; 9
   0441 08                 1134 	.db #0x08	; 8
   0442 09                 1135 	.db #0x09	; 9
   0443 08                 1136 	.db #0x08	; 8
   0444 09                 1137 	.db #0x09	; 9
   0445 08                 1138 	.db #0x08	; 8
   0446 09                 1139 	.db #0x09	; 9
   0447 08                 1140 	.db #0x08	; 8
   0448 09                 1141 	.db #0x09	; 9
   0449 08                 1142 	.db #0x08	; 8
   044A 09                 1143 	.db #0x09	; 9
   044B 08                 1144 	.db #0x08	; 8
   044C 09                 1145 	.db #0x09	; 9
   044D 08                 1146 	.db #0x08	; 8
   044E 09                 1147 	.db #0x09	; 9
   044F 08                 1148 	.db #0x08	; 8
   0450 09                 1149 	.db #0x09	; 9
   0451 08                 1150 	.db #0x08	; 8
   0452 09                 1151 	.db #0x09	; 9
   0453 08                 1152 	.db #0x08	; 8
   0454 09                 1153 	.db #0x09	; 9
   0455 08                 1154 	.db #0x08	; 8
   0456 09                 1155 	.db #0x09	; 9
   0457 08                 1156 	.db #0x08	; 8
   0458 09                 1157 	.db #0x09	; 9
   0459 08                 1158 	.db #0x08	; 8
   045A 09                 1159 	.db #0x09	; 9
   045B 08                 1160 	.db #0x08	; 8
   045C 09                 1161 	.db #0x09	; 9
   045D 08                 1162 	.db #0x08	; 8
   045E 09                 1163 	.db #0x09	; 9
   045F 13                 1164 	.db #0x13	; 19
   0460 13                 1165 	.db #0x13	; 19
   0461 0F                 1166 	.db #0x0F	; 15
   0462 10                 1167 	.db #0x10	; 16
   0463 0F                 1168 	.db #0x0F	; 15
   0464 10                 1169 	.db #0x10	; 16
   0465 0F                 1170 	.db #0x0F	; 15
   0466 10                 1171 	.db #0x10	; 16
   0467 0F                 1172 	.db #0x0F	; 15
   0468 10                 1173 	.db #0x10	; 16
   0469 0F                 1174 	.db #0x0F	; 15
   046A 10                 1175 	.db #0x10	; 16
   046B 0F                 1176 	.db #0x0F	; 15
   046C 10                 1177 	.db #0x10	; 16
   046D 0F                 1178 	.db #0x0F	; 15
   046E 10                 1179 	.db #0x10	; 16
   046F 0F                 1180 	.db #0x0F	; 15
   0470 10                 1181 	.db #0x10	; 16
   0471 0F                 1182 	.db #0x0F	; 15
   0472 10                 1183 	.db #0x10	; 16
   0473 0F                 1184 	.db #0x0F	; 15
   0474 10                 1185 	.db #0x10	; 16
   0475 0F                 1186 	.db #0x0F	; 15
   0476 10                 1187 	.db #0x10	; 16
   0477 0F                 1188 	.db #0x0F	; 15
   0478 10                 1189 	.db #0x10	; 16
   0479 0F                 1190 	.db #0x0F	; 15
   047A 10                 1191 	.db #0x10	; 16
   047B 0F                 1192 	.db #0x0F	; 15
   047C 10                 1193 	.db #0x10	; 16
   047D 0F                 1194 	.db #0x0F	; 15
   047E 10                 1195 	.db #0x10	; 16
   047F 0F                 1196 	.db #0x0F	; 15
   0480 10                 1197 	.db #0x10	; 16
   0481 0F                 1198 	.db #0x0F	; 15
   0482 10                 1199 	.db #0x10	; 16
   0483 0F                 1200 	.db #0x0F	; 15
   0484 10                 1201 	.db #0x10	; 16
   0485 0F                 1202 	.db #0x0F	; 15
   0486 10                 1203 	.db #0x10	; 16
   0487 13                 1204 	.db #0x13	; 19
   0488 13                 1205 	.db #0x13	; 19
   0489 08                 1206 	.db #0x08	; 8
   048A 09                 1207 	.db #0x09	; 9
   048B 08                 1208 	.db #0x08	; 8
   048C 09                 1209 	.db #0x09	; 9
   048D 08                 1210 	.db #0x08	; 8
   048E 09                 1211 	.db #0x09	; 9
   048F 08                 1212 	.db #0x08	; 8
   0490 09                 1213 	.db #0x09	; 9
   0491 08                 1214 	.db #0x08	; 8
   0492 09                 1215 	.db #0x09	; 9
   0493 08                 1216 	.db #0x08	; 8
   0494 09                 1217 	.db #0x09	; 9
   0495 08                 1218 	.db #0x08	; 8
   0496 09                 1219 	.db #0x09	; 9
   0497 08                 1220 	.db #0x08	; 8
   0498 09                 1221 	.db #0x09	; 9
   0499 08                 1222 	.db #0x08	; 8
   049A 09                 1223 	.db #0x09	; 9
   049B 08                 1224 	.db #0x08	; 8
   049C 09                 1225 	.db #0x09	; 9
   049D 08                 1226 	.db #0x08	; 8
   049E 09                 1227 	.db #0x09	; 9
   049F 08                 1228 	.db #0x08	; 8
   04A0 09                 1229 	.db #0x09	; 9
   04A1 08                 1230 	.db #0x08	; 8
   04A2 09                 1231 	.db #0x09	; 9
   04A3 08                 1232 	.db #0x08	; 8
   04A4 09                 1233 	.db #0x09	; 9
   04A5 08                 1234 	.db #0x08	; 8
   04A6 09                 1235 	.db #0x09	; 9
   04A7 08                 1236 	.db #0x08	; 8
   04A8 09                 1237 	.db #0x09	; 9
   04A9 08                 1238 	.db #0x08	; 8
   04AA 09                 1239 	.db #0x09	; 9
   04AB 08                 1240 	.db #0x08	; 8
   04AC 09                 1241 	.db #0x09	; 9
   04AD 08                 1242 	.db #0x08	; 8
   04AE 09                 1243 	.db #0x09	; 9
   04AF 13                 1244 	.db #0x13	; 19
   04B0 13                 1245 	.db #0x13	; 19
   04B1 0F                 1246 	.db #0x0F	; 15
   04B2 10                 1247 	.db #0x10	; 16
   04B3 0F                 1248 	.db #0x0F	; 15
   04B4 10                 1249 	.db #0x10	; 16
   04B5 0F                 1250 	.db #0x0F	; 15
   04B6 10                 1251 	.db #0x10	; 16
   04B7 0F                 1252 	.db #0x0F	; 15
   04B8 10                 1253 	.db #0x10	; 16
   04B9 0F                 1254 	.db #0x0F	; 15
   04BA 10                 1255 	.db #0x10	; 16
   04BB 0F                 1256 	.db #0x0F	; 15
   04BC 10                 1257 	.db #0x10	; 16
   04BD 0F                 1258 	.db #0x0F	; 15
   04BE 10                 1259 	.db #0x10	; 16
   04BF 0F                 1260 	.db #0x0F	; 15
   04C0 10                 1261 	.db #0x10	; 16
   04C1 0F                 1262 	.db #0x0F	; 15
   04C2 10                 1263 	.db #0x10	; 16
   04C3 0F                 1264 	.db #0x0F	; 15
   04C4 10                 1265 	.db #0x10	; 16
   04C5 0F                 1266 	.db #0x0F	; 15
   04C6 10                 1267 	.db #0x10	; 16
   04C7 0F                 1268 	.db #0x0F	; 15
   04C8 10                 1269 	.db #0x10	; 16
   04C9 0F                 1270 	.db #0x0F	; 15
   04CA 10                 1271 	.db #0x10	; 16
   04CB 0F                 1272 	.db #0x0F	; 15
   04CC 10                 1273 	.db #0x10	; 16
   04CD 0F                 1274 	.db #0x0F	; 15
   04CE 10                 1275 	.db #0x10	; 16
   04CF 0F                 1276 	.db #0x0F	; 15
   04D0 10                 1277 	.db #0x10	; 16
   04D1 0F                 1278 	.db #0x0F	; 15
   04D2 10                 1279 	.db #0x10	; 16
   04D3 0F                 1280 	.db #0x0F	; 15
   04D4 10                 1281 	.db #0x10	; 16
   04D5 0F                 1282 	.db #0x0F	; 15
   04D6 10                 1283 	.db #0x10	; 16
   04D7 13                 1284 	.db #0x13	; 19
   04D8 13                 1285 	.db #0x13	; 19
   04D9 08                 1286 	.db #0x08	; 8
   04DA 09                 1287 	.db #0x09	; 9
   04DB 08                 1288 	.db #0x08	; 8
   04DC 09                 1289 	.db #0x09	; 9
   04DD 08                 1290 	.db #0x08	; 8
   04DE 09                 1291 	.db #0x09	; 9
   04DF 08                 1292 	.db #0x08	; 8
   04E0 09                 1293 	.db #0x09	; 9
   04E1 08                 1294 	.db #0x08	; 8
   04E2 09                 1295 	.db #0x09	; 9
   04E3 08                 1296 	.db #0x08	; 8
   04E4 09                 1297 	.db #0x09	; 9
   04E5 08                 1298 	.db #0x08	; 8
   04E6 09                 1299 	.db #0x09	; 9
   04E7 08                 1300 	.db #0x08	; 8
   04E8 09                 1301 	.db #0x09	; 9
   04E9 08                 1302 	.db #0x08	; 8
   04EA 09                 1303 	.db #0x09	; 9
   04EB 08                 1304 	.db #0x08	; 8
   04EC 09                 1305 	.db #0x09	; 9
   04ED 08                 1306 	.db #0x08	; 8
   04EE 09                 1307 	.db #0x09	; 9
   04EF 08                 1308 	.db #0x08	; 8
   04F0 09                 1309 	.db #0x09	; 9
   04F1 08                 1310 	.db #0x08	; 8
   04F2 09                 1311 	.db #0x09	; 9
   04F3 08                 1312 	.db #0x08	; 8
   04F4 09                 1313 	.db #0x09	; 9
   04F5 08                 1314 	.db #0x08	; 8
   04F6 09                 1315 	.db #0x09	; 9
   04F7 08                 1316 	.db #0x08	; 8
   04F8 09                 1317 	.db #0x09	; 9
   04F9 08                 1318 	.db #0x08	; 8
   04FA 09                 1319 	.db #0x09	; 9
   04FB 08                 1320 	.db #0x08	; 8
   04FC 09                 1321 	.db #0x09	; 9
   04FD 08                 1322 	.db #0x08	; 8
   04FE 09                 1323 	.db #0x09	; 9
   04FF 13                 1324 	.db #0x13	; 19
   0500 13                 1325 	.db #0x13	; 19
   0501 0F                 1326 	.db #0x0F	; 15
   0502 10                 1327 	.db #0x10	; 16
   0503 0F                 1328 	.db #0x0F	; 15
   0504 10                 1329 	.db #0x10	; 16
   0505 0F                 1330 	.db #0x0F	; 15
   0506 10                 1331 	.db #0x10	; 16
   0507 0F                 1332 	.db #0x0F	; 15
   0508 10                 1333 	.db #0x10	; 16
   0509 0F                 1334 	.db #0x0F	; 15
   050A 10                 1335 	.db #0x10	; 16
   050B 0F                 1336 	.db #0x0F	; 15
   050C 10                 1337 	.db #0x10	; 16
   050D 0F                 1338 	.db #0x0F	; 15
   050E 10                 1339 	.db #0x10	; 16
   050F 0F                 1340 	.db #0x0F	; 15
   0510 10                 1341 	.db #0x10	; 16
   0511 0F                 1342 	.db #0x0F	; 15
   0512 10                 1343 	.db #0x10	; 16
   0513 0F                 1344 	.db #0x0F	; 15
   0514 10                 1345 	.db #0x10	; 16
   0515 0F                 1346 	.db #0x0F	; 15
   0516 10                 1347 	.db #0x10	; 16
   0517 0F                 1348 	.db #0x0F	; 15
   0518 10                 1349 	.db #0x10	; 16
   0519 0F                 1350 	.db #0x0F	; 15
   051A 10                 1351 	.db #0x10	; 16
   051B 0F                 1352 	.db #0x0F	; 15
   051C 10                 1353 	.db #0x10	; 16
   051D 0F                 1354 	.db #0x0F	; 15
   051E 10                 1355 	.db #0x10	; 16
   051F 0F                 1356 	.db #0x0F	; 15
   0520 10                 1357 	.db #0x10	; 16
   0521 0F                 1358 	.db #0x0F	; 15
   0522 10                 1359 	.db #0x10	; 16
   0523 0F                 1360 	.db #0x0F	; 15
   0524 10                 1361 	.db #0x10	; 16
   0525 0F                 1362 	.db #0x0F	; 15
   0526 10                 1363 	.db #0x10	; 16
   0527 13                 1364 	.db #0x13	; 19
   0528 13                 1365 	.db #0x13	; 19
   0529 08                 1366 	.db #0x08	; 8
   052A 09                 1367 	.db #0x09	; 9
   052B 08                 1368 	.db #0x08	; 8
   052C 09                 1369 	.db #0x09	; 9
   052D 08                 1370 	.db #0x08	; 8
   052E 09                 1371 	.db #0x09	; 9
   052F 08                 1372 	.db #0x08	; 8
   0530 09                 1373 	.db #0x09	; 9
   0531 08                 1374 	.db #0x08	; 8
   0532 09                 1375 	.db #0x09	; 9
   0533 08                 1376 	.db #0x08	; 8
   0534 09                 1377 	.db #0x09	; 9
   0535 08                 1378 	.db #0x08	; 8
   0536 09                 1379 	.db #0x09	; 9
   0537 08                 1380 	.db #0x08	; 8
   0538 09                 1381 	.db #0x09	; 9
   0539 08                 1382 	.db #0x08	; 8
   053A 09                 1383 	.db #0x09	; 9
   053B 08                 1384 	.db #0x08	; 8
   053C 09                 1385 	.db #0x09	; 9
   053D 08                 1386 	.db #0x08	; 8
   053E 09                 1387 	.db #0x09	; 9
   053F 08                 1388 	.db #0x08	; 8
   0540 09                 1389 	.db #0x09	; 9
   0541 08                 1390 	.db #0x08	; 8
   0542 09                 1391 	.db #0x09	; 9
   0543 08                 1392 	.db #0x08	; 8
   0544 09                 1393 	.db #0x09	; 9
   0545 08                 1394 	.db #0x08	; 8
   0546 09                 1395 	.db #0x09	; 9
   0547 08                 1396 	.db #0x08	; 8
   0548 09                 1397 	.db #0x09	; 9
   0549 08                 1398 	.db #0x08	; 8
   054A 09                 1399 	.db #0x09	; 9
   054B 08                 1400 	.db #0x08	; 8
   054C 09                 1401 	.db #0x09	; 9
   054D 08                 1402 	.db #0x08	; 8
   054E 09                 1403 	.db #0x09	; 9
   054F 13                 1404 	.db #0x13	; 19
   0550 13                 1405 	.db #0x13	; 19
   0551 0F                 1406 	.db #0x0F	; 15
   0552 10                 1407 	.db #0x10	; 16
   0553 0F                 1408 	.db #0x0F	; 15
   0554 10                 1409 	.db #0x10	; 16
   0555 0F                 1410 	.db #0x0F	; 15
   0556 10                 1411 	.db #0x10	; 16
   0557 0F                 1412 	.db #0x0F	; 15
   0558 10                 1413 	.db #0x10	; 16
   0559 0F                 1414 	.db #0x0F	; 15
   055A 10                 1415 	.db #0x10	; 16
   055B 0F                 1416 	.db #0x0F	; 15
   055C 10                 1417 	.db #0x10	; 16
   055D 0F                 1418 	.db #0x0F	; 15
   055E 10                 1419 	.db #0x10	; 16
   055F 0F                 1420 	.db #0x0F	; 15
   0560 10                 1421 	.db #0x10	; 16
   0561 0F                 1422 	.db #0x0F	; 15
   0562 10                 1423 	.db #0x10	; 16
   0563 0F                 1424 	.db #0x0F	; 15
   0564 10                 1425 	.db #0x10	; 16
   0565 0F                 1426 	.db #0x0F	; 15
   0566 10                 1427 	.db #0x10	; 16
   0567 0F                 1428 	.db #0x0F	; 15
   0568 10                 1429 	.db #0x10	; 16
   0569 0F                 1430 	.db #0x0F	; 15
   056A 10                 1431 	.db #0x10	; 16
   056B 0F                 1432 	.db #0x0F	; 15
   056C 10                 1433 	.db #0x10	; 16
   056D 0F                 1434 	.db #0x0F	; 15
   056E 10                 1435 	.db #0x10	; 16
   056F 0F                 1436 	.db #0x0F	; 15
   0570 10                 1437 	.db #0x10	; 16
   0571 0F                 1438 	.db #0x0F	; 15
   0572 10                 1439 	.db #0x10	; 16
   0573 0F                 1440 	.db #0x0F	; 15
   0574 10                 1441 	.db #0x10	; 16
   0575 0F                 1442 	.db #0x0F	; 15
   0576 10                 1443 	.db #0x10	; 16
   0577 13                 1444 	.db #0x13	; 19
   0578 13                 1445 	.db #0x13	; 19
   0579 08                 1446 	.db #0x08	; 8
   057A 09                 1447 	.db #0x09	; 9
   057B 08                 1448 	.db #0x08	; 8
   057C 09                 1449 	.db #0x09	; 9
   057D 08                 1450 	.db #0x08	; 8
   057E 09                 1451 	.db #0x09	; 9
   057F 08                 1452 	.db #0x08	; 8
   0580 09                 1453 	.db #0x09	; 9
   0581 08                 1454 	.db #0x08	; 8
   0582 09                 1455 	.db #0x09	; 9
   0583 08                 1456 	.db #0x08	; 8
   0584 09                 1457 	.db #0x09	; 9
   0585 08                 1458 	.db #0x08	; 8
   0586 09                 1459 	.db #0x09	; 9
   0587 08                 1460 	.db #0x08	; 8
   0588 09                 1461 	.db #0x09	; 9
   0589 08                 1462 	.db #0x08	; 8
   058A 09                 1463 	.db #0x09	; 9
   058B 08                 1464 	.db #0x08	; 8
   058C 09                 1465 	.db #0x09	; 9
   058D 08                 1466 	.db #0x08	; 8
   058E 09                 1467 	.db #0x09	; 9
   058F 08                 1468 	.db #0x08	; 8
   0590 09                 1469 	.db #0x09	; 9
   0591 08                 1470 	.db #0x08	; 8
   0592 09                 1471 	.db #0x09	; 9
   0593 08                 1472 	.db #0x08	; 8
   0594 09                 1473 	.db #0x09	; 9
   0595 08                 1474 	.db #0x08	; 8
   0596 09                 1475 	.db #0x09	; 9
   0597 08                 1476 	.db #0x08	; 8
   0598 09                 1477 	.db #0x09	; 9
   0599 08                 1478 	.db #0x08	; 8
   059A 09                 1479 	.db #0x09	; 9
   059B 08                 1480 	.db #0x08	; 8
   059C 09                 1481 	.db #0x09	; 9
   059D 08                 1482 	.db #0x08	; 8
   059E 09                 1483 	.db #0x09	; 9
   059F 13                 1484 	.db #0x13	; 19
   05A0 13                 1485 	.db #0x13	; 19
   05A1 0F                 1486 	.db #0x0F	; 15
   05A2 10                 1487 	.db #0x10	; 16
   05A3 0F                 1488 	.db #0x0F	; 15
   05A4 10                 1489 	.db #0x10	; 16
   05A5 0F                 1490 	.db #0x0F	; 15
   05A6 10                 1491 	.db #0x10	; 16
   05A7 0F                 1492 	.db #0x0F	; 15
   05A8 10                 1493 	.db #0x10	; 16
   05A9 0F                 1494 	.db #0x0F	; 15
   05AA 10                 1495 	.db #0x10	; 16
   05AB 0F                 1496 	.db #0x0F	; 15
   05AC 10                 1497 	.db #0x10	; 16
   05AD 0F                 1498 	.db #0x0F	; 15
   05AE 10                 1499 	.db #0x10	; 16
   05AF 0F                 1500 	.db #0x0F	; 15
   05B0 10                 1501 	.db #0x10	; 16
   05B1 0F                 1502 	.db #0x0F	; 15
   05B2 10                 1503 	.db #0x10	; 16
   05B3 0F                 1504 	.db #0x0F	; 15
   05B4 10                 1505 	.db #0x10	; 16
   05B5 0F                 1506 	.db #0x0F	; 15
   05B6 10                 1507 	.db #0x10	; 16
   05B7 0F                 1508 	.db #0x0F	; 15
   05B8 10                 1509 	.db #0x10	; 16
   05B9 0F                 1510 	.db #0x0F	; 15
   05BA 10                 1511 	.db #0x10	; 16
   05BB 0F                 1512 	.db #0x0F	; 15
   05BC 10                 1513 	.db #0x10	; 16
   05BD 0F                 1514 	.db #0x0F	; 15
   05BE 10                 1515 	.db #0x10	; 16
   05BF 0F                 1516 	.db #0x0F	; 15
   05C0 10                 1517 	.db #0x10	; 16
   05C1 0F                 1518 	.db #0x0F	; 15
   05C2 10                 1519 	.db #0x10	; 16
   05C3 0F                 1520 	.db #0x0F	; 15
   05C4 10                 1521 	.db #0x10	; 16
   05C5 0F                 1522 	.db #0x0F	; 15
   05C6 10                 1523 	.db #0x10	; 16
   05C7 13                 1524 	.db #0x13	; 19
   05C8 13                 1525 	.db #0x13	; 19
   05C9 08                 1526 	.db #0x08	; 8
   05CA 09                 1527 	.db #0x09	; 9
   05CB 08                 1528 	.db #0x08	; 8
   05CC 09                 1529 	.db #0x09	; 9
   05CD 08                 1530 	.db #0x08	; 8
   05CE 09                 1531 	.db #0x09	; 9
   05CF 08                 1532 	.db #0x08	; 8
   05D0 09                 1533 	.db #0x09	; 9
   05D1 08                 1534 	.db #0x08	; 8
   05D2 09                 1535 	.db #0x09	; 9
   05D3 08                 1536 	.db #0x08	; 8
   05D4 09                 1537 	.db #0x09	; 9
   05D5 08                 1538 	.db #0x08	; 8
   05D6 09                 1539 	.db #0x09	; 9
   05D7 08                 1540 	.db #0x08	; 8
   05D8 09                 1541 	.db #0x09	; 9
   05D9 08                 1542 	.db #0x08	; 8
   05DA 09                 1543 	.db #0x09	; 9
   05DB 08                 1544 	.db #0x08	; 8
   05DC 09                 1545 	.db #0x09	; 9
   05DD 08                 1546 	.db #0x08	; 8
   05DE 09                 1547 	.db #0x09	; 9
   05DF 08                 1548 	.db #0x08	; 8
   05E0 09                 1549 	.db #0x09	; 9
   05E1 08                 1550 	.db #0x08	; 8
   05E2 09                 1551 	.db #0x09	; 9
   05E3 08                 1552 	.db #0x08	; 8
   05E4 09                 1553 	.db #0x09	; 9
   05E5 08                 1554 	.db #0x08	; 8
   05E6 09                 1555 	.db #0x09	; 9
   05E7 08                 1556 	.db #0x08	; 8
   05E8 09                 1557 	.db #0x09	; 9
   05E9 08                 1558 	.db #0x08	; 8
   05EA 09                 1559 	.db #0x09	; 9
   05EB 08                 1560 	.db #0x08	; 8
   05EC 09                 1561 	.db #0x09	; 9
   05ED 08                 1562 	.db #0x08	; 8
   05EE 09                 1563 	.db #0x09	; 9
   05EF 13                 1564 	.db #0x13	; 19
   05F0 13                 1565 	.db #0x13	; 19
   05F1 0F                 1566 	.db #0x0F	; 15
   05F2 10                 1567 	.db #0x10	; 16
   05F3 0F                 1568 	.db #0x0F	; 15
   05F4 10                 1569 	.db #0x10	; 16
   05F5 0F                 1570 	.db #0x0F	; 15
   05F6 10                 1571 	.db #0x10	; 16
   05F7 0F                 1572 	.db #0x0F	; 15
   05F8 10                 1573 	.db #0x10	; 16
   05F9 0F                 1574 	.db #0x0F	; 15
   05FA 10                 1575 	.db #0x10	; 16
   05FB 0F                 1576 	.db #0x0F	; 15
   05FC 10                 1577 	.db #0x10	; 16
   05FD 0F                 1578 	.db #0x0F	; 15
   05FE 10                 1579 	.db #0x10	; 16
   05FF 0F                 1580 	.db #0x0F	; 15
   0600 10                 1581 	.db #0x10	; 16
   0601 0F                 1582 	.db #0x0F	; 15
   0602 10                 1583 	.db #0x10	; 16
   0603 0F                 1584 	.db #0x0F	; 15
   0604 10                 1585 	.db #0x10	; 16
   0605 0F                 1586 	.db #0x0F	; 15
   0606 10                 1587 	.db #0x10	; 16
   0607 0F                 1588 	.db #0x0F	; 15
   0608 10                 1589 	.db #0x10	; 16
   0609 0F                 1590 	.db #0x0F	; 15
   060A 10                 1591 	.db #0x10	; 16
   060B 0F                 1592 	.db #0x0F	; 15
   060C 10                 1593 	.db #0x10	; 16
   060D 0F                 1594 	.db #0x0F	; 15
   060E 10                 1595 	.db #0x10	; 16
   060F 0F                 1596 	.db #0x0F	; 15
   0610 10                 1597 	.db #0x10	; 16
   0611 0F                 1598 	.db #0x0F	; 15
   0612 10                 1599 	.db #0x10	; 16
   0613 0F                 1600 	.db #0x0F	; 15
   0614 10                 1601 	.db #0x10	; 16
   0615 0F                 1602 	.db #0x0F	; 15
   0616 10                 1603 	.db #0x10	; 16
   0617 13                 1604 	.db #0x13	; 19
   0618 13                 1605 	.db #0x13	; 19
   0619 08                 1606 	.db #0x08	; 8
   061A 09                 1607 	.db #0x09	; 9
   061B 08                 1608 	.db #0x08	; 8
   061C 09                 1609 	.db #0x09	; 9
   061D 08                 1610 	.db #0x08	; 8
   061E 09                 1611 	.db #0x09	; 9
   061F 08                 1612 	.db #0x08	; 8
   0620 09                 1613 	.db #0x09	; 9
   0621 08                 1614 	.db #0x08	; 8
   0622 09                 1615 	.db #0x09	; 9
   0623 08                 1616 	.db #0x08	; 8
   0624 09                 1617 	.db #0x09	; 9
   0625 08                 1618 	.db #0x08	; 8
   0626 09                 1619 	.db #0x09	; 9
   0627 08                 1620 	.db #0x08	; 8
   0628 09                 1621 	.db #0x09	; 9
   0629 08                 1622 	.db #0x08	; 8
   062A 09                 1623 	.db #0x09	; 9
   062B 08                 1624 	.db #0x08	; 8
   062C 09                 1625 	.db #0x09	; 9
   062D 08                 1626 	.db #0x08	; 8
   062E 09                 1627 	.db #0x09	; 9
   062F 08                 1628 	.db #0x08	; 8
   0630 09                 1629 	.db #0x09	; 9
   0631 08                 1630 	.db #0x08	; 8
   0632 09                 1631 	.db #0x09	; 9
   0633 08                 1632 	.db #0x08	; 8
   0634 09                 1633 	.db #0x09	; 9
   0635 08                 1634 	.db #0x08	; 8
   0636 09                 1635 	.db #0x09	; 9
   0637 08                 1636 	.db #0x08	; 8
   0638 09                 1637 	.db #0x09	; 9
   0639 08                 1638 	.db #0x08	; 8
   063A 09                 1639 	.db #0x09	; 9
   063B 08                 1640 	.db #0x08	; 8
   063C 09                 1641 	.db #0x09	; 9
   063D 08                 1642 	.db #0x08	; 8
   063E 09                 1643 	.db #0x09	; 9
   063F 13                 1644 	.db #0x13	; 19
   0640 13                 1645 	.db #0x13	; 19
   0641 0F                 1646 	.db #0x0F	; 15
   0642 10                 1647 	.db #0x10	; 16
   0643 0F                 1648 	.db #0x0F	; 15
   0644 10                 1649 	.db #0x10	; 16
   0645 0F                 1650 	.db #0x0F	; 15
   0646 10                 1651 	.db #0x10	; 16
   0647 0F                 1652 	.db #0x0F	; 15
   0648 10                 1653 	.db #0x10	; 16
   0649 0F                 1654 	.db #0x0F	; 15
   064A 10                 1655 	.db #0x10	; 16
   064B 0F                 1656 	.db #0x0F	; 15
   064C 10                 1657 	.db #0x10	; 16
   064D 0F                 1658 	.db #0x0F	; 15
   064E 10                 1659 	.db #0x10	; 16
   064F 0F                 1660 	.db #0x0F	; 15
   0650 10                 1661 	.db #0x10	; 16
   0651 0F                 1662 	.db #0x0F	; 15
   0652 10                 1663 	.db #0x10	; 16
   0653 0F                 1664 	.db #0x0F	; 15
   0654 10                 1665 	.db #0x10	; 16
   0655 0F                 1666 	.db #0x0F	; 15
   0656 10                 1667 	.db #0x10	; 16
   0657 0F                 1668 	.db #0x0F	; 15
   0658 10                 1669 	.db #0x10	; 16
   0659 0F                 1670 	.db #0x0F	; 15
   065A 10                 1671 	.db #0x10	; 16
   065B 0F                 1672 	.db #0x0F	; 15
   065C 10                 1673 	.db #0x10	; 16
   065D 0F                 1674 	.db #0x0F	; 15
   065E 10                 1675 	.db #0x10	; 16
   065F 0F                 1676 	.db #0x0F	; 15
   0660 10                 1677 	.db #0x10	; 16
   0661 0F                 1678 	.db #0x0F	; 15
   0662 10                 1679 	.db #0x10	; 16
   0663 0F                 1680 	.db #0x0F	; 15
   0664 10                 1681 	.db #0x10	; 16
   0665 0F                 1682 	.db #0x0F	; 15
   0666 10                 1683 	.db #0x10	; 16
   0667 13                 1684 	.db #0x13	; 19
   0668 13                 1685 	.db #0x13	; 19
   0669 08                 1686 	.db #0x08	; 8
   066A 09                 1687 	.db #0x09	; 9
   066B 08                 1688 	.db #0x08	; 8
   066C 09                 1689 	.db #0x09	; 9
   066D 08                 1690 	.db #0x08	; 8
   066E 09                 1691 	.db #0x09	; 9
   066F 08                 1692 	.db #0x08	; 8
   0670 09                 1693 	.db #0x09	; 9
   0671 08                 1694 	.db #0x08	; 8
   0672 09                 1695 	.db #0x09	; 9
   0673 08                 1696 	.db #0x08	; 8
   0674 09                 1697 	.db #0x09	; 9
   0675 08                 1698 	.db #0x08	; 8
   0676 09                 1699 	.db #0x09	; 9
   0677 08                 1700 	.db #0x08	; 8
   0678 09                 1701 	.db #0x09	; 9
   0679 08                 1702 	.db #0x08	; 8
   067A 09                 1703 	.db #0x09	; 9
   067B 08                 1704 	.db #0x08	; 8
   067C 09                 1705 	.db #0x09	; 9
   067D 08                 1706 	.db #0x08	; 8
   067E 09                 1707 	.db #0x09	; 9
   067F 08                 1708 	.db #0x08	; 8
   0680 09                 1709 	.db #0x09	; 9
   0681 08                 1710 	.db #0x08	; 8
   0682 09                 1711 	.db #0x09	; 9
   0683 08                 1712 	.db #0x08	; 8
   0684 09                 1713 	.db #0x09	; 9
   0685 08                 1714 	.db #0x08	; 8
   0686 09                 1715 	.db #0x09	; 9
   0687 08                 1716 	.db #0x08	; 8
   0688 09                 1717 	.db #0x09	; 9
   0689 08                 1718 	.db #0x08	; 8
   068A 09                 1719 	.db #0x09	; 9
   068B 08                 1720 	.db #0x08	; 8
   068C 09                 1721 	.db #0x09	; 9
   068D 08                 1722 	.db #0x08	; 8
   068E 09                 1723 	.db #0x09	; 9
   068F 13                 1724 	.db #0x13	; 19
   0690 13                 1725 	.db #0x13	; 19
   0691 0F                 1726 	.db #0x0F	; 15
   0692 10                 1727 	.db #0x10	; 16
   0693 0F                 1728 	.db #0x0F	; 15
   0694 10                 1729 	.db #0x10	; 16
   0695 0F                 1730 	.db #0x0F	; 15
   0696 10                 1731 	.db #0x10	; 16
   0697 0F                 1732 	.db #0x0F	; 15
   0698 10                 1733 	.db #0x10	; 16
   0699 0F                 1734 	.db #0x0F	; 15
   069A 10                 1735 	.db #0x10	; 16
   069B 0F                 1736 	.db #0x0F	; 15
   069C 10                 1737 	.db #0x10	; 16
   069D 0F                 1738 	.db #0x0F	; 15
   069E 10                 1739 	.db #0x10	; 16
   069F 0F                 1740 	.db #0x0F	; 15
   06A0 10                 1741 	.db #0x10	; 16
   06A1 0F                 1742 	.db #0x0F	; 15
   06A2 10                 1743 	.db #0x10	; 16
   06A3 0F                 1744 	.db #0x0F	; 15
   06A4 10                 1745 	.db #0x10	; 16
   06A5 0F                 1746 	.db #0x0F	; 15
   06A6 10                 1747 	.db #0x10	; 16
   06A7 0F                 1748 	.db #0x0F	; 15
   06A8 10                 1749 	.db #0x10	; 16
   06A9 0F                 1750 	.db #0x0F	; 15
   06AA 10                 1751 	.db #0x10	; 16
   06AB 0F                 1752 	.db #0x0F	; 15
   06AC 10                 1753 	.db #0x10	; 16
   06AD 0F                 1754 	.db #0x0F	; 15
   06AE 10                 1755 	.db #0x10	; 16
   06AF 0F                 1756 	.db #0x0F	; 15
   06B0 10                 1757 	.db #0x10	; 16
   06B1 0F                 1758 	.db #0x0F	; 15
   06B2 10                 1759 	.db #0x10	; 16
   06B3 0F                 1760 	.db #0x0F	; 15
   06B4 10                 1761 	.db #0x10	; 16
   06B5 0F                 1762 	.db #0x0F	; 15
   06B6 10                 1763 	.db #0x10	; 16
   06B7 13                 1764 	.db #0x13	; 19
   06B8 13                 1765 	.db #0x13	; 19
   06B9 08                 1766 	.db #0x08	; 8
   06BA 09                 1767 	.db #0x09	; 9
   06BB 08                 1768 	.db #0x08	; 8
   06BC 09                 1769 	.db #0x09	; 9
   06BD 08                 1770 	.db #0x08	; 8
   06BE 09                 1771 	.db #0x09	; 9
   06BF 08                 1772 	.db #0x08	; 8
   06C0 09                 1773 	.db #0x09	; 9
   06C1 08                 1774 	.db #0x08	; 8
   06C2 09                 1775 	.db #0x09	; 9
   06C3 08                 1776 	.db #0x08	; 8
   06C4 09                 1777 	.db #0x09	; 9
   06C5 08                 1778 	.db #0x08	; 8
   06C6 09                 1779 	.db #0x09	; 9
   06C7 08                 1780 	.db #0x08	; 8
   06C8 09                 1781 	.db #0x09	; 9
   06C9 08                 1782 	.db #0x08	; 8
   06CA 09                 1783 	.db #0x09	; 9
   06CB 08                 1784 	.db #0x08	; 8
   06CC 09                 1785 	.db #0x09	; 9
   06CD 08                 1786 	.db #0x08	; 8
   06CE 09                 1787 	.db #0x09	; 9
   06CF 08                 1788 	.db #0x08	; 8
   06D0 09                 1789 	.db #0x09	; 9
   06D1 08                 1790 	.db #0x08	; 8
   06D2 09                 1791 	.db #0x09	; 9
   06D3 08                 1792 	.db #0x08	; 8
   06D4 09                 1793 	.db #0x09	; 9
   06D5 08                 1794 	.db #0x08	; 8
   06D6 09                 1795 	.db #0x09	; 9
   06D7 08                 1796 	.db #0x08	; 8
   06D8 09                 1797 	.db #0x09	; 9
   06D9 08                 1798 	.db #0x08	; 8
   06DA 09                 1799 	.db #0x09	; 9
   06DB 08                 1800 	.db #0x08	; 8
   06DC 09                 1801 	.db #0x09	; 9
   06DD 08                 1802 	.db #0x08	; 8
   06DE 09                 1803 	.db #0x09	; 9
   06DF 13                 1804 	.db #0x13	; 19
   06E0 13                 1805 	.db #0x13	; 19
   06E1 0F                 1806 	.db #0x0F	; 15
   06E2 10                 1807 	.db #0x10	; 16
   06E3 0F                 1808 	.db #0x0F	; 15
   06E4 10                 1809 	.db #0x10	; 16
   06E5 0F                 1810 	.db #0x0F	; 15
   06E6 10                 1811 	.db #0x10	; 16
   06E7 0F                 1812 	.db #0x0F	; 15
   06E8 10                 1813 	.db #0x10	; 16
   06E9 0F                 1814 	.db #0x0F	; 15
   06EA 10                 1815 	.db #0x10	; 16
   06EB 0F                 1816 	.db #0x0F	; 15
   06EC 10                 1817 	.db #0x10	; 16
   06ED 0F                 1818 	.db #0x0F	; 15
   06EE 10                 1819 	.db #0x10	; 16
   06EF 0F                 1820 	.db #0x0F	; 15
   06F0 10                 1821 	.db #0x10	; 16
   06F1 0F                 1822 	.db #0x0F	; 15
   06F2 10                 1823 	.db #0x10	; 16
   06F3 0F                 1824 	.db #0x0F	; 15
   06F4 10                 1825 	.db #0x10	; 16
   06F5 0F                 1826 	.db #0x0F	; 15
   06F6 10                 1827 	.db #0x10	; 16
   06F7 0F                 1828 	.db #0x0F	; 15
   06F8 10                 1829 	.db #0x10	; 16
   06F9 0F                 1830 	.db #0x0F	; 15
   06FA 10                 1831 	.db #0x10	; 16
   06FB 0F                 1832 	.db #0x0F	; 15
   06FC 10                 1833 	.db #0x10	; 16
   06FD 0F                 1834 	.db #0x0F	; 15
   06FE 10                 1835 	.db #0x10	; 16
   06FF 0F                 1836 	.db #0x0F	; 15
   0700 10                 1837 	.db #0x10	; 16
   0701 0F                 1838 	.db #0x0F	; 15
   0702 10                 1839 	.db #0x10	; 16
   0703 0F                 1840 	.db #0x0F	; 15
   0704 10                 1841 	.db #0x10	; 16
   0705 0F                 1842 	.db #0x0F	; 15
   0706 10                 1843 	.db #0x10	; 16
   0707 13                 1844 	.db #0x13	; 19
   0708 13                 1845 	.db #0x13	; 19
   0709 08                 1846 	.db #0x08	; 8
   070A 09                 1847 	.db #0x09	; 9
   070B 08                 1848 	.db #0x08	; 8
   070C 09                 1849 	.db #0x09	; 9
   070D 08                 1850 	.db #0x08	; 8
   070E 09                 1851 	.db #0x09	; 9
   070F 08                 1852 	.db #0x08	; 8
   0710 09                 1853 	.db #0x09	; 9
   0711 08                 1854 	.db #0x08	; 8
   0712 09                 1855 	.db #0x09	; 9
   0713 08                 1856 	.db #0x08	; 8
   0714 09                 1857 	.db #0x09	; 9
   0715 08                 1858 	.db #0x08	; 8
   0716 09                 1859 	.db #0x09	; 9
   0717 08                 1860 	.db #0x08	; 8
   0718 09                 1861 	.db #0x09	; 9
   0719 08                 1862 	.db #0x08	; 8
   071A 09                 1863 	.db #0x09	; 9
   071B 08                 1864 	.db #0x08	; 8
   071C 09                 1865 	.db #0x09	; 9
   071D 08                 1866 	.db #0x08	; 8
   071E 09                 1867 	.db #0x09	; 9
   071F 08                 1868 	.db #0x08	; 8
   0720 09                 1869 	.db #0x09	; 9
   0721 08                 1870 	.db #0x08	; 8
   0722 09                 1871 	.db #0x09	; 9
   0723 08                 1872 	.db #0x08	; 8
   0724 09                 1873 	.db #0x09	; 9
   0725 08                 1874 	.db #0x08	; 8
   0726 09                 1875 	.db #0x09	; 9
   0727 08                 1876 	.db #0x08	; 8
   0728 09                 1877 	.db #0x09	; 9
   0729 08                 1878 	.db #0x08	; 8
   072A 09                 1879 	.db #0x09	; 9
   072B 08                 1880 	.db #0x08	; 8
   072C 09                 1881 	.db #0x09	; 9
   072D 08                 1882 	.db #0x08	; 8
   072E 09                 1883 	.db #0x09	; 9
   072F 13                 1884 	.db #0x13	; 19
   0730 13                 1885 	.db #0x13	; 19
   0731 0F                 1886 	.db #0x0F	; 15
   0732 10                 1887 	.db #0x10	; 16
   0733 0F                 1888 	.db #0x0F	; 15
   0734 10                 1889 	.db #0x10	; 16
   0735 0F                 1890 	.db #0x0F	; 15
   0736 10                 1891 	.db #0x10	; 16
   0737 0F                 1892 	.db #0x0F	; 15
   0738 10                 1893 	.db #0x10	; 16
   0739 0F                 1894 	.db #0x0F	; 15
   073A 10                 1895 	.db #0x10	; 16
   073B 0F                 1896 	.db #0x0F	; 15
   073C 10                 1897 	.db #0x10	; 16
   073D 0F                 1898 	.db #0x0F	; 15
   073E 10                 1899 	.db #0x10	; 16
   073F 0F                 1900 	.db #0x0F	; 15
   0740 10                 1901 	.db #0x10	; 16
   0741 0F                 1902 	.db #0x0F	; 15
   0742 10                 1903 	.db #0x10	; 16
   0743 0F                 1904 	.db #0x0F	; 15
   0744 10                 1905 	.db #0x10	; 16
   0745 0F                 1906 	.db #0x0F	; 15
   0746 10                 1907 	.db #0x10	; 16
   0747 0F                 1908 	.db #0x0F	; 15
   0748 10                 1909 	.db #0x10	; 16
   0749 0F                 1910 	.db #0x0F	; 15
   074A 10                 1911 	.db #0x10	; 16
   074B 0F                 1912 	.db #0x0F	; 15
   074C 10                 1913 	.db #0x10	; 16
   074D 0F                 1914 	.db #0x0F	; 15
   074E 10                 1915 	.db #0x10	; 16
   074F 0F                 1916 	.db #0x0F	; 15
   0750 10                 1917 	.db #0x10	; 16
   0751 0F                 1918 	.db #0x0F	; 15
   0752 10                 1919 	.db #0x10	; 16
   0753 0F                 1920 	.db #0x0F	; 15
   0754 10                 1921 	.db #0x10	; 16
   0755 0F                 1922 	.db #0x0F	; 15
   0756 10                 1923 	.db #0x10	; 16
   0757 13                 1924 	.db #0x13	; 19
   0758 13                 1925 	.db #0x13	; 19
   0759 08                 1926 	.db #0x08	; 8
   075A 09                 1927 	.db #0x09	; 9
   075B 08                 1928 	.db #0x08	; 8
   075C 09                 1929 	.db #0x09	; 9
   075D 08                 1930 	.db #0x08	; 8
   075E 09                 1931 	.db #0x09	; 9
   075F 08                 1932 	.db #0x08	; 8
   0760 09                 1933 	.db #0x09	; 9
   0761 08                 1934 	.db #0x08	; 8
   0762 09                 1935 	.db #0x09	; 9
   0763 08                 1936 	.db #0x08	; 8
   0764 09                 1937 	.db #0x09	; 9
   0765 08                 1938 	.db #0x08	; 8
   0766 09                 1939 	.db #0x09	; 9
   0767 08                 1940 	.db #0x08	; 8
   0768 09                 1941 	.db #0x09	; 9
   0769 08                 1942 	.db #0x08	; 8
   076A 09                 1943 	.db #0x09	; 9
   076B 08                 1944 	.db #0x08	; 8
   076C 09                 1945 	.db #0x09	; 9
   076D 08                 1946 	.db #0x08	; 8
   076E 09                 1947 	.db #0x09	; 9
   076F 08                 1948 	.db #0x08	; 8
   0770 09                 1949 	.db #0x09	; 9
   0771 08                 1950 	.db #0x08	; 8
   0772 09                 1951 	.db #0x09	; 9
   0773 08                 1952 	.db #0x08	; 8
   0774 09                 1953 	.db #0x09	; 9
   0775 08                 1954 	.db #0x08	; 8
   0776 09                 1955 	.db #0x09	; 9
   0777 08                 1956 	.db #0x08	; 8
   0778 09                 1957 	.db #0x09	; 9
   0779 08                 1958 	.db #0x08	; 8
   077A 09                 1959 	.db #0x09	; 9
   077B 08                 1960 	.db #0x08	; 8
   077C 09                 1961 	.db #0x09	; 9
   077D 08                 1962 	.db #0x08	; 8
   077E 09                 1963 	.db #0x09	; 9
   077F 13                 1964 	.db #0x13	; 19
   0780 13                 1965 	.db #0x13	; 19
   0781 0F                 1966 	.db #0x0F	; 15
   0782 10                 1967 	.db #0x10	; 16
   0783 0F                 1968 	.db #0x0F	; 15
   0784 10                 1969 	.db #0x10	; 16
   0785 0F                 1970 	.db #0x0F	; 15
   0786 10                 1971 	.db #0x10	; 16
   0787 0F                 1972 	.db #0x0F	; 15
   0788 10                 1973 	.db #0x10	; 16
   0789 0F                 1974 	.db #0x0F	; 15
   078A 10                 1975 	.db #0x10	; 16
   078B 0F                 1976 	.db #0x0F	; 15
   078C 10                 1977 	.db #0x10	; 16
   078D 0F                 1978 	.db #0x0F	; 15
   078E 10                 1979 	.db #0x10	; 16
   078F 0F                 1980 	.db #0x0F	; 15
   0790 10                 1981 	.db #0x10	; 16
   0791 0F                 1982 	.db #0x0F	; 15
   0792 10                 1983 	.db #0x10	; 16
   0793 0F                 1984 	.db #0x0F	; 15
   0794 10                 1985 	.db #0x10	; 16
   0795 0F                 1986 	.db #0x0F	; 15
   0796 10                 1987 	.db #0x10	; 16
   0797 0F                 1988 	.db #0x0F	; 15
   0798 10                 1989 	.db #0x10	; 16
   0799 0F                 1990 	.db #0x0F	; 15
   079A 10                 1991 	.db #0x10	; 16
   079B 0F                 1992 	.db #0x0F	; 15
   079C 10                 1993 	.db #0x10	; 16
   079D 0F                 1994 	.db #0x0F	; 15
   079E 10                 1995 	.db #0x10	; 16
   079F 0F                 1996 	.db #0x0F	; 15
   07A0 10                 1997 	.db #0x10	; 16
   07A1 0F                 1998 	.db #0x0F	; 15
   07A2 10                 1999 	.db #0x10	; 16
   07A3 0F                 2000 	.db #0x0F	; 15
   07A4 10                 2001 	.db #0x10	; 16
   07A5 0F                 2002 	.db #0x0F	; 15
   07A6 10                 2003 	.db #0x10	; 16
   07A7 13                 2004 	.db #0x13	; 19
   07A8 13                 2005 	.db #0x13	; 19
   07A9 16                 2006 	.db #0x16	; 22
   07AA 16                 2007 	.db #0x16	; 22
   07AB 16                 2008 	.db #0x16	; 22
   07AC 16                 2009 	.db #0x16	; 22
   07AD 16                 2010 	.db #0x16	; 22
   07AE 16                 2011 	.db #0x16	; 22
   07AF 16                 2012 	.db #0x16	; 22
   07B0 16                 2013 	.db #0x16	; 22
   07B1 16                 2014 	.db #0x16	; 22
   07B2 16                 2015 	.db #0x16	; 22
   07B3 16                 2016 	.db #0x16	; 22
   07B4 16                 2017 	.db #0x16	; 22
   07B5 16                 2018 	.db #0x16	; 22
   07B6 16                 2019 	.db #0x16	; 22
   07B7 16                 2020 	.db #0x16	; 22
   07B8 16                 2021 	.db #0x16	; 22
   07B9 16                 2022 	.db #0x16	; 22
   07BA 16                 2023 	.db #0x16	; 22
   07BB 16                 2024 	.db #0x16	; 22
   07BC 16                 2025 	.db #0x16	; 22
   07BD 17                 2026 	.db #0x17	; 23
   07BE 17                 2027 	.db #0x17	; 23
   07BF 17                 2028 	.db #0x17	; 23
   07C0 17                 2029 	.db #0x17	; 23
   07C1 17                 2030 	.db #0x17	; 23
   07C2 17                 2031 	.db #0x17	; 23
   07C3 17                 2032 	.db #0x17	; 23
   07C4 17                 2033 	.db #0x17	; 23
   07C5 17                 2034 	.db #0x17	; 23
   07C6 17                 2035 	.db #0x17	; 23
   07C7 17                 2036 	.db #0x17	; 23
   07C8 17                 2037 	.db #0x17	; 23
   07C9 17                 2038 	.db #0x17	; 23
   07CA 17                 2039 	.db #0x17	; 23
   07CB 17                 2040 	.db #0x17	; 23
   07CC 17                 2041 	.db #0x17	; 23
   07CD 16                 2042 	.db #0x16	; 22
   07CE 17                 2043 	.db #0x17	; 23
   07CF 18                 2044 	.db #0x18	; 24
                           2045 	.area _INITIALIZER
                           2046 	.area _CABS (ABS)
