                              1 ;--------------------------------------------------------
                              2 ; File Created by SDCC : free open source ANSI-C Compiler
                              3 ; Version 3.5.5 #9498 (Linux)
                              4 ;--------------------------------------------------------
                              5 	.module capturada
                              6 	.optsdcc -mz80
                              7 	
                              8 ;--------------------------------------------------------
                              9 ; Public variables in this module
                             10 ;--------------------------------------------------------
                             11 	.globl _g_capturada
                             12 ;--------------------------------------------------------
                             13 ; special function registers
                             14 ;--------------------------------------------------------
                             15 ;--------------------------------------------------------
                             16 ; ram data
                             17 ;--------------------------------------------------------
                             18 	.area _DATA
                             19 ;--------------------------------------------------------
                             20 ; ram data
                             21 ;--------------------------------------------------------
                             22 	.area _INITIALIZED
                             23 ;--------------------------------------------------------
                             24 ; absolute external ram data
                             25 ;--------------------------------------------------------
                             26 	.area _DABS (ABS)
                             27 ;--------------------------------------------------------
                             28 ; global & static initialisations
                             29 ;--------------------------------------------------------
                             30 	.area _HOME
                             31 	.area _GSINIT
                             32 	.area _GSFINAL
                             33 	.area _GSINIT
                             34 ;--------------------------------------------------------
                             35 ; Home
                             36 ;--------------------------------------------------------
                             37 	.area _HOME
                             38 	.area _HOME
                             39 ;--------------------------------------------------------
                             40 ; code
                             41 ;--------------------------------------------------------
                             42 	.area _CODE
                             43 	.area _CODE
   0000                      44 _g_capturada:
   0000 F0                   45 	.db #0xF0	; 240
   0001 F0                   46 	.db #0xF0	; 240
   0002 F0                   47 	.db #0xF0	; 240
   0003 F0                   48 	.db #0xF0	; 240
   0004 F0                   49 	.db #0xF0	; 240
   0005 F0                   50 	.db #0xF0	; 240
   0006 F0                   51 	.db #0xF0	; 240
   0007 F0                   52 	.db #0xF0	; 240
   0008 A1                   53 	.db #0xA1	; 161
   0009 03                   54 	.db #0x03	; 3
   000A 03                   55 	.db #0x03	; 3
   000B 03                   56 	.db #0x03	; 3
   000C 03                   57 	.db #0x03	; 3
   000D 03                   58 	.db #0x03	; 3
   000E 03                   59 	.db #0x03	; 3
   000F 52                   60 	.db #0x52	; 82	'R'
   0010 A1                   61 	.db #0xA1	; 161
   0011 0F                   62 	.db #0x0F	; 15
   0012 0F                   63 	.db #0x0F	; 15
   0013 0F                   64 	.db #0x0F	; 15
   0014 0F                   65 	.db #0x0F	; 15
   0015 0F                   66 	.db #0x0F	; 15
   0016 0F                   67 	.db #0x0F	; 15
   0017 52                   68 	.db #0x52	; 82	'R'
   0018 A1                   69 	.db #0xA1	; 161
   0019 0F                   70 	.db #0x0F	; 15
   001A 0F                   71 	.db #0x0F	; 15
   001B 0F                   72 	.db #0x0F	; 15
   001C 0F                   73 	.db #0x0F	; 15
   001D 0F                   74 	.db #0x0F	; 15
   001E 0F                   75 	.db #0x0F	; 15
   001F 52                   76 	.db #0x52	; 82	'R'
   0020 A1                   77 	.db #0xA1	; 161
   0021 0F                   78 	.db #0x0F	; 15
   0022 F0                   79 	.db #0xF0	; 240
   0023 F0                   80 	.db #0xF0	; 240
   0024 F0                   81 	.db #0xF0	; 240
   0025 F0                   82 	.db #0xF0	; 240
   0026 0F                   83 	.db #0x0F	; 15
   0027 52                   84 	.db #0x52	; 82	'R'
   0028 A1                   85 	.db #0xA1	; 161
   0029 0F                   86 	.db #0x0F	; 15
   002A F0                   87 	.db #0xF0	; 240
   002B F0                   88 	.db #0xF0	; 240
   002C F0                   89 	.db #0xF0	; 240
   002D F0                   90 	.db #0xF0	; 240
   002E 0F                   91 	.db #0x0F	; 15
   002F 52                   92 	.db #0x52	; 82	'R'
   0030 A1                   93 	.db #0xA1	; 161
   0031 0F                   94 	.db #0x0F	; 15
   0032 F0                   95 	.db #0xF0	; 240
   0033 F5                   96 	.db #0xF5	; 245
   0034 FA                   97 	.db #0xFA	; 250
   0035 F0                   98 	.db #0xF0	; 240
   0036 0F                   99 	.db #0x0F	; 15
   0037 52                  100 	.db #0x52	; 82	'R'
   0038 A1                  101 	.db #0xA1	; 161
   0039 0F                  102 	.db #0x0F	; 15
   003A F0                  103 	.db #0xF0	; 240
   003B FA                  104 	.db #0xFA	; 250
   003C F5                  105 	.db #0xF5	; 245
   003D F0                  106 	.db #0xF0	; 240
   003E 0F                  107 	.db #0x0F	; 15
   003F 52                  108 	.db #0x52	; 82	'R'
   0040 A1                  109 	.db #0xA1	; 161
   0041 0F                  110 	.db #0x0F	; 15
   0042 F0                  111 	.db #0xF0	; 240
   0043 FA                  112 	.db #0xFA	; 250
   0044 F5                  113 	.db #0xF5	; 245
   0045 F0                  114 	.db #0xF0	; 240
   0046 0F                  115 	.db #0x0F	; 15
   0047 52                  116 	.db #0x52	; 82	'R'
   0048 A1                  117 	.db #0xA1	; 161
   0049 0F                  118 	.db #0x0F	; 15
   004A F0                  119 	.db #0xF0	; 240
   004B FF                  120 	.db #0xFF	; 255
   004C FF                  121 	.db #0xFF	; 255
   004D F0                  122 	.db #0xF0	; 240
   004E 0F                  123 	.db #0x0F	; 15
   004F 52                  124 	.db #0x52	; 82	'R'
   0050 A1                  125 	.db #0xA1	; 161
   0051 0F                  126 	.db #0x0F	; 15
   0052 F0                  127 	.db #0xF0	; 240
   0053 FA                  128 	.db #0xFA	; 250
   0054 F5                  129 	.db #0xF5	; 245
   0055 F0                  130 	.db #0xF0	; 240
   0056 0F                  131 	.db #0x0F	; 15
   0057 52                  132 	.db #0x52	; 82	'R'
   0058 A1                  133 	.db #0xA1	; 161
   0059 0F                  134 	.db #0x0F	; 15
   005A F0                  135 	.db #0xF0	; 240
   005B FA                  136 	.db #0xFA	; 250
   005C F5                  137 	.db #0xF5	; 245
   005D F0                  138 	.db #0xF0	; 240
   005E 0F                  139 	.db #0x0F	; 15
   005F 52                  140 	.db #0x52	; 82	'R'
   0060 A1                  141 	.db #0xA1	; 161
   0061 0F                  142 	.db #0x0F	; 15
   0062 F0                  143 	.db #0xF0	; 240
   0063 FA                  144 	.db #0xFA	; 250
   0064 F5                  145 	.db #0xF5	; 245
   0065 F0                  146 	.db #0xF0	; 240
   0066 0F                  147 	.db #0x0F	; 15
   0067 52                  148 	.db #0x52	; 82	'R'
   0068 A1                  149 	.db #0xA1	; 161
   0069 0F                  150 	.db #0x0F	; 15
   006A F0                  151 	.db #0xF0	; 240
   006B F0                  152 	.db #0xF0	; 240
   006C F0                  153 	.db #0xF0	; 240
   006D F0                  154 	.db #0xF0	; 240
   006E 0F                  155 	.db #0x0F	; 15
   006F 52                  156 	.db #0x52	; 82	'R'
   0070 A1                  157 	.db #0xA1	; 161
   0071 0F                  158 	.db #0x0F	; 15
   0072 F0                  159 	.db #0xF0	; 240
   0073 F0                  160 	.db #0xF0	; 240
   0074 F0                  161 	.db #0xF0	; 240
   0075 F0                  162 	.db #0xF0	; 240
   0076 0F                  163 	.db #0x0F	; 15
   0077 52                  164 	.db #0x52	; 82	'R'
   0078 A1                  165 	.db #0xA1	; 161
   0079 0F                  166 	.db #0x0F	; 15
   007A F0                  167 	.db #0xF0	; 240
   007B F0                  168 	.db #0xF0	; 240
   007C F0                  169 	.db #0xF0	; 240
   007D F0                  170 	.db #0xF0	; 240
   007E 0F                  171 	.db #0x0F	; 15
   007F 52                  172 	.db #0x52	; 82	'R'
   0080 A1                  173 	.db #0xA1	; 161
   0081 0F                  174 	.db #0x0F	; 15
   0082 0F                  175 	.db #0x0F	; 15
   0083 0F                  176 	.db #0x0F	; 15
   0084 0F                  177 	.db #0x0F	; 15
   0085 0F                  178 	.db #0x0F	; 15
   0086 0F                  179 	.db #0x0F	; 15
   0087 52                  180 	.db #0x52	; 82	'R'
   0088 A1                  181 	.db #0xA1	; 161
   0089 0F                  182 	.db #0x0F	; 15
   008A 0F                  183 	.db #0x0F	; 15
   008B 0F                  184 	.db #0x0F	; 15
   008C 0F                  185 	.db #0x0F	; 15
   008D 0F                  186 	.db #0x0F	; 15
   008E 0F                  187 	.db #0x0F	; 15
   008F 52                  188 	.db #0x52	; 82	'R'
   0090 A1                  189 	.db #0xA1	; 161
   0091 03                  190 	.db #0x03	; 3
   0092 03                  191 	.db #0x03	; 3
   0093 03                  192 	.db #0x03	; 3
   0094 03                  193 	.db #0x03	; 3
   0095 03                  194 	.db #0x03	; 3
   0096 03                  195 	.db #0x03	; 3
   0097 52                  196 	.db #0x52	; 82	'R'
   0098 F0                  197 	.db #0xF0	; 240
   0099 F0                  198 	.db #0xF0	; 240
   009A F0                  199 	.db #0xF0	; 240
   009B F0                  200 	.db #0xF0	; 240
   009C F0                  201 	.db #0xF0	; 240
   009D F0                  202 	.db #0xF0	; 240
   009E F0                  203 	.db #0xF0	; 240
   009F F0                  204 	.db #0xF0	; 240
                            205 	.area _INITIALIZER
                            206 	.area _CABS (ABS)
