                              1 ;--------------------------------------------------------
                              2 ; File Created by SDCC : free open source ANSI-C Compiler
                              3 ; Version 3.5.5 #9498 (Linux)
                              4 ;--------------------------------------------------------
                              5 	.module captutada
                              6 	.optsdcc -mz80
                              7 	
                              8 ;--------------------------------------------------------
                              9 ; Public variables in this module
                             10 ;--------------------------------------------------------
                             11 	.globl _g_captutada
                             12 ;--------------------------------------------------------
                             13 ; special function registers
                             14 ;--------------------------------------------------------
                             15 ;--------------------------------------------------------
                             16 ; ram data
                             17 ;--------------------------------------------------------
                             18 	.area _DATA
                             19 ;--------------------------------------------------------
                             20 ; ram data
                             21 ;--------------------------------------------------------
                             22 	.area _INITIALIZED
                             23 ;--------------------------------------------------------
                             24 ; absolute external ram data
                             25 ;--------------------------------------------------------
                             26 	.area _DABS (ABS)
                             27 ;--------------------------------------------------------
                             28 ; global & static initialisations
                             29 ;--------------------------------------------------------
                             30 	.area _HOME
                             31 	.area _GSINIT
                             32 	.area _GSFINAL
                             33 	.area _GSINIT
                             34 ;--------------------------------------------------------
                             35 ; Home
                             36 ;--------------------------------------------------------
                             37 	.area _HOME
                             38 	.area _HOME
                             39 ;--------------------------------------------------------
                             40 ; code
                             41 ;--------------------------------------------------------
                             42 	.area _CODE
                             43 	.area _CODE
   0000                      44 _g_captutada:
   0000 F0                   45 	.db #0xF0	; 240
   0001 F0                   46 	.db #0xF0	; 240
   0002 F0                   47 	.db #0xF0	; 240
   0003 F0                   48 	.db #0xF0	; 240
   0004 F0                   49 	.db #0xF0	; 240
   0005 F0                   50 	.db #0xF0	; 240
   0006 F0                   51 	.db #0xF0	; 240
   0007 F0                   52 	.db #0xF0	; 240
   0008 F0                   53 	.db #0xF0	; 240
   0009 F5                   54 	.db #0xF5	; 245
   000A FA                   55 	.db #0xFA	; 250
   000B F0                   56 	.db #0xF0	; 240
   000C F0                   57 	.db #0xF0	; 240
   000D FA                   58 	.db #0xFA	; 250
   000E F5                   59 	.db #0xF5	; 245
   000F F0                   60 	.db #0xF0	; 240
   0010 F0                   61 	.db #0xF0	; 240
   0011 FA                   62 	.db #0xFA	; 250
   0012 F5                   63 	.db #0xF5	; 245
   0013 F0                   64 	.db #0xF0	; 240
   0014 F0                   65 	.db #0xF0	; 240
   0015 FF                   66 	.db #0xFF	; 255
   0016 FF                   67 	.db #0xFF	; 255
   0017 F0                   68 	.db #0xF0	; 240
   0018 F0                   69 	.db #0xF0	; 240
   0019 FA                   70 	.db #0xFA	; 250
   001A F5                   71 	.db #0xF5	; 245
   001B F0                   72 	.db #0xF0	; 240
   001C F0                   73 	.db #0xF0	; 240
   001D FA                   74 	.db #0xFA	; 250
   001E F5                   75 	.db #0xF5	; 245
   001F F0                   76 	.db #0xF0	; 240
   0020 F0                   77 	.db #0xF0	; 240
   0021 FA                   78 	.db #0xFA	; 250
   0022 F5                   79 	.db #0xF5	; 245
   0023 F0                   80 	.db #0xF0	; 240
   0024 F0                   81 	.db #0xF0	; 240
   0025 F0                   82 	.db #0xF0	; 240
   0026 F0                   83 	.db #0xF0	; 240
   0027 F0                   84 	.db #0xF0	; 240
   0028 F0                   85 	.db #0xF0	; 240
   0029 F0                   86 	.db #0xF0	; 240
   002A F0                   87 	.db #0xF0	; 240
   002B F0                   88 	.db #0xF0	; 240
   002C F0                   89 	.db #0xF0	; 240
   002D F0                   90 	.db #0xF0	; 240
   002E F0                   91 	.db #0xF0	; 240
   002F F0                   92 	.db #0xF0	; 240
                             93 	.area _INITIALIZER
                             94 	.area _CABS (ABS)
