                              1 ;--------------------------------------------------------
                              2 ; File Created by SDCC : free open source ANSI-C Compiler
                              3 ; Version 3.5.5 #9498 (Linux)
                              4 ;--------------------------------------------------------
                              5 	.module flores2
                              6 	.optsdcc -mz80
                              7 	
                              8 ;--------------------------------------------------------
                              9 ; Public variables in this module
                             10 ;--------------------------------------------------------
                             11 	.globl _g_flores2_1
                             12 	.globl _g_flores2_0
                             13 ;--------------------------------------------------------
                             14 ; special function registers
                             15 ;--------------------------------------------------------
                             16 ;--------------------------------------------------------
                             17 ; ram data
                             18 ;--------------------------------------------------------
                             19 	.area _DATA
                             20 ;--------------------------------------------------------
                             21 ; ram data
                             22 ;--------------------------------------------------------
                             23 	.area _INITIALIZED
                             24 ;--------------------------------------------------------
                             25 ; absolute external ram data
                             26 ;--------------------------------------------------------
                             27 	.area _DABS (ABS)
                             28 ;--------------------------------------------------------
                             29 ; global & static initialisations
                             30 ;--------------------------------------------------------
                             31 	.area _HOME
                             32 	.area _GSINIT
                             33 	.area _GSFINAL
                             34 	.area _GSINIT
                             35 ;--------------------------------------------------------
                             36 ; Home
                             37 ;--------------------------------------------------------
                             38 	.area _HOME
                             39 	.area _HOME
                             40 ;--------------------------------------------------------
                             41 ; code
                             42 ;--------------------------------------------------------
                             43 	.area _CODE
                             44 	.area _CODE
   0000                      45 _g_flores2_0:
   0000 A0                   46 	.db #0xA0	; 160
   0001 50                   47 	.db #0x50	; 80	'P'
   0002 50                   48 	.db #0x50	; 80	'P'
   0003 00                   49 	.db #0x00	; 0
   0004 A0                   50 	.db #0xA0	; 160
   0005 50                   51 	.db #0x50	; 80	'P'
   0006 F0                   52 	.db #0xF0	; 240
   0007 50                   53 	.db #0x50	; 80	'P'
   0008 A0                   54 	.db #0xA0	; 160
   0009 50                   55 	.db #0x50	; 80	'P'
   000A F0                   56 	.db #0xF0	; 240
   000B F0                   57 	.db #0xF0	; 240
   000C A0                   58 	.db #0xA0	; 160
   000D A0                   59 	.db #0xA0	; 160
   000E A0                   60 	.db #0xA0	; 160
   000F A0                   61 	.db #0xA0	; 160
   0010 50                   62 	.db #0x50	; 80	'P'
   0011 A0                   63 	.db #0xA0	; 160
   0012 00                   64 	.db #0x00	; 0
   0013 F0                   65 	.db #0xF0	; 240
   0014 F0                   66 	.db #0xF0	; 240
   0015 A0                   67 	.db #0xA0	; 160
   0016 A0                   68 	.db #0xA0	; 160
   0017 A0                   69 	.db #0xA0	; 160
   0018 A0                   70 	.db #0xA0	; 160
   0019 F0                   71 	.db #0xF0	; 240
   001A A0                   72 	.db #0xA0	; 160
   001B A0                   73 	.db #0xA0	; 160
   001C F0                   74 	.db #0xF0	; 240
   001D F0                   75 	.db #0xF0	; 240
   001E F0                   76 	.db #0xF0	; 240
   001F F0                   77 	.db #0xF0	; 240
   0020 F0                   78 	.db #0xF0	; 240
   0021 00                   79 	.db #0x00	; 0
   0022 F0                   80 	.db #0xF0	; 240
   0023 A0                   81 	.db #0xA0	; 160
   0024 F0                   82 	.db #0xF0	; 240
   0025 00                   83 	.db #0x00	; 0
   0026 F0                   84 	.db #0xF0	; 240
   0027 F0                   85 	.db #0xF0	; 240
   0028 50                   86 	.db #0x50	; 80	'P'
   0029 A0                   87 	.db #0xA0	; 160
   002A A0                   88 	.db #0xA0	; 160
   002B 50                   89 	.db #0x50	; 80	'P'
   002C 50                   90 	.db #0x50	; 80	'P'
   002D F0                   91 	.db #0xF0	; 240
   002E A0                   92 	.db #0xA0	; 160
   002F A0                   93 	.db #0xA0	; 160
   0030 50                   94 	.db #0x50	; 80	'P'
   0031 A0                   95 	.db #0xA0	; 160
   0032 50                   96 	.db #0x50	; 80	'P'
   0033 50                   97 	.db #0x50	; 80	'P'
   0034 50                   98 	.db #0x50	; 80	'P'
   0035 50                   99 	.db #0x50	; 80	'P'
   0036 50                  100 	.db #0x50	; 80	'P'
   0037 A0                  101 	.db #0xA0	; 160
   0038 F0                  102 	.db #0xF0	; 240
   0039 50                  103 	.db #0x50	; 80	'P'
   003A 50                  104 	.db #0x50	; 80	'P'
   003B F0                  105 	.db #0xF0	; 240
   003C 50                  106 	.db #0x50	; 80	'P'
   003D A0                  107 	.db #0xA0	; 160
   003E F0                  108 	.db #0xF0	; 240
   003F 50                  109 	.db #0x50	; 80	'P'
   0040 50                  110 	.db #0x50	; 80	'P'
   0041 F0                  111 	.db #0xF0	; 240
   0042 50                  112 	.db #0x50	; 80	'P'
   0043 F0                  113 	.db #0xF0	; 240
   0044 A0                  114 	.db #0xA0	; 160
   0045 F0                  115 	.db #0xF0	; 240
   0046 F0                  116 	.db #0xF0	; 240
   0047 F0                  117 	.db #0xF0	; 240
   0048 A0                  118 	.db #0xA0	; 160
   0049 F0                  119 	.db #0xF0	; 240
   004A F0                  120 	.db #0xF0	; 240
   004B 50                  121 	.db #0x50	; 80	'P'
   004C 00                  122 	.db #0x00	; 0
   004D F0                  123 	.db #0xF0	; 240
   004E 00                  124 	.db #0x00	; 0
   004F A0                  125 	.db #0xA0	; 160
   0050 F0                  126 	.db #0xF0	; 240
   0051 50                  127 	.db #0x50	; 80	'P'
   0052 F0                  128 	.db #0xF0	; 240
   0053 A0                  129 	.db #0xA0	; 160
   0054 00                  130 	.db #0x00	; 0
   0055 00                  131 	.db #0x00	; 0
   0056 F0                  132 	.db #0xF0	; 240
   0057 A0                  133 	.db #0xA0	; 160
   0058 00                  134 	.db #0x00	; 0
   0059 50                  135 	.db #0x50	; 80	'P'
   005A 50                  136 	.db #0x50	; 80	'P'
   005B 50                  137 	.db #0x50	; 80	'P'
   005C 00                  138 	.db #0x00	; 0
   005D A0                  139 	.db #0xA0	; 160
   005E A0                  140 	.db #0xA0	; 160
   005F 50                  141 	.db #0x50	; 80	'P'
   0060 00                  142 	.db #0x00	; 0
   0061 F0                  143 	.db #0xF0	; 240
   0062 A0                  144 	.db #0xA0	; 160
   0063 A0                  145 	.db #0xA0	; 160
   0064 00                  146 	.db #0x00	; 0
   0065 F0                  147 	.db #0xF0	; 240
   0066 A0                  148 	.db #0xA0	; 160
   0067 A0                  149 	.db #0xA0	; 160
   0068 A0                  150 	.db #0xA0	; 160
   0069 A0                  151 	.db #0xA0	; 160
   006A F0                  152 	.db #0xF0	; 240
   006B 00                  153 	.db #0x00	; 0
   006C 50                  154 	.db #0x50	; 80	'P'
   006D A0                  155 	.db #0xA0	; 160
   006E F0                  156 	.db #0xF0	; 240
   006F F0                  157 	.db #0xF0	; 240
   0070 00                  158 	.db #0x00	; 0
   0071 00                  159 	.db #0x00	; 0
   0072 50                  160 	.db #0x50	; 80	'P'
   0073 F0                  161 	.db #0xF0	; 240
   0074 00                  162 	.db #0x00	; 0
   0075 00                  163 	.db #0x00	; 0
   0076 A0                  164 	.db #0xA0	; 160
   0077 A0                  165 	.db #0xA0	; 160
   0078 50                  166 	.db #0x50	; 80	'P'
   0079 00                  167 	.db #0x00	; 0
   007A F0                  168 	.db #0xF0	; 240
   007B 50                  169 	.db #0x50	; 80	'P'
   007C 00                  170 	.db #0x00	; 0
   007D 00                  171 	.db #0x00	; 0
   007E A0                  172 	.db #0xA0	; 160
   007F A0                  173 	.db #0xA0	; 160
   0080 00                  174 	.db #0x00	; 0
   0081 F0                  175 	.db #0xF0	; 240
   0082 00                  176 	.db #0x00	; 0
   0083 50                  177 	.db #0x50	; 80	'P'
   0084 00                  178 	.db #0x00	; 0
   0085 F0                  179 	.db #0xF0	; 240
   0086 A0                  180 	.db #0xA0	; 160
   0087 A0                  181 	.db #0xA0	; 160
   0088 50                  182 	.db #0x50	; 80	'P'
   0089 50                  183 	.db #0x50	; 80	'P'
   008A A0                  184 	.db #0xA0	; 160
   008B 00                  185 	.db #0x00	; 0
   008C 00                  186 	.db #0x00	; 0
   008D 00                  187 	.db #0x00	; 0
   008E A0                  188 	.db #0xA0	; 160
   008F 50                  189 	.db #0x50	; 80	'P'
   0090 00                  190 	.db #0x00	; 0
   0091 00                  191 	.db #0x00	; 0
   0092 50                  192 	.db #0x50	; 80	'P'
   0093 F0                  193 	.db #0xF0	; 240
   0094 00                  194 	.db #0x00	; 0
   0095 A0                  195 	.db #0xA0	; 160
   0096 50                  196 	.db #0x50	; 80	'P'
   0097 A0                  197 	.db #0xA0	; 160
   0098 A0                  198 	.db #0xA0	; 160
   0099 00                  199 	.db #0x00	; 0
   009A 50                  200 	.db #0x50	; 80	'P'
   009B 50                  201 	.db #0x50	; 80	'P'
   009C 00                  202 	.db #0x00	; 0
   009D 50                  203 	.db #0x50	; 80	'P'
   009E A0                  204 	.db #0xA0	; 160
   009F 00                  205 	.db #0x00	; 0
   00A0 A0                  206 	.db #0xA0	; 160
   00A1 50                  207 	.db #0x50	; 80	'P'
   00A2 50                  208 	.db #0x50	; 80	'P'
   00A3 00                  209 	.db #0x00	; 0
   00A4 A0                  210 	.db #0xA0	; 160
   00A5 00                  211 	.db #0x00	; 0
   00A6 A0                  212 	.db #0xA0	; 160
   00A7 50                  213 	.db #0x50	; 80	'P'
   00A8 00                  214 	.db #0x00	; 0
   00A9 A0                  215 	.db #0xA0	; 160
   00AA 00                  216 	.db #0x00	; 0
   00AB F0                  217 	.db #0xF0	; 240
   00AC 00                  218 	.db #0x00	; 0
   00AD A0                  219 	.db #0xA0	; 160
   00AE 50                  220 	.db #0x50	; 80	'P'
   00AF 00                  221 	.db #0x00	; 0
   00B0 00                  222 	.db #0x00	; 0
   00B1 50                  223 	.db #0x50	; 80	'P'
   00B2 50                  224 	.db #0x50	; 80	'P'
   00B3 00                  225 	.db #0x00	; 0
   00B4 00                  226 	.db #0x00	; 0
   00B5 00                  227 	.db #0x00	; 0
   00B6 F0                  228 	.db #0xF0	; 240
   00B7 00                  229 	.db #0x00	; 0
   00B8 00                  230 	.db #0x00	; 0
   00B9 00                  231 	.db #0x00	; 0
   00BA A0                  232 	.db #0xA0	; 160
   00BB 50                  233 	.db #0x50	; 80	'P'
   00BC F0                  234 	.db #0xF0	; 240
   00BD 00                  235 	.db #0x00	; 0
   00BE A0                  236 	.db #0xA0	; 160
   00BF A0                  237 	.db #0xA0	; 160
   00C0 50                  238 	.db #0x50	; 80	'P'
   00C1 00                  239 	.db #0x00	; 0
   00C2 50                  240 	.db #0x50	; 80	'P'
   00C3 00                  241 	.db #0x00	; 0
   00C4 A0                  242 	.db #0xA0	; 160
   00C5 50                  243 	.db #0x50	; 80	'P'
   00C6 00                  244 	.db #0x00	; 0
   00C7 50                  245 	.db #0x50	; 80	'P'
   00C8 00                  246 	.db #0x00	; 0
   00C9 00                  247 	.db #0x00	; 0
   00CA 50                  248 	.db #0x50	; 80	'P'
   00CB 00                  249 	.db #0x00	; 0
   00CC A0                  250 	.db #0xA0	; 160
   00CD 00                  251 	.db #0x00	; 0
   00CE 50                  252 	.db #0x50	; 80	'P'
   00CF 00                  253 	.db #0x00	; 0
   00D0 00                  254 	.db #0x00	; 0
   00D1 00                  255 	.db #0x00	; 0
   00D2 00                  256 	.db #0x00	; 0
   00D3 A0                  257 	.db #0xA0	; 160
   00D4 00                  258 	.db #0x00	; 0
   00D5 50                  259 	.db #0x50	; 80	'P'
   00D6 00                  260 	.db #0x00	; 0
   00D7 00                  261 	.db #0x00	; 0
   00D8 00                  262 	.db #0x00	; 0
   00D9 A0                  263 	.db #0xA0	; 160
   00DA 50                  264 	.db #0x50	; 80	'P'
   00DB 00                  265 	.db #0x00	; 0
   00DC 00                  266 	.db #0x00	; 0
   00DD 00                  267 	.db #0x00	; 0
   00DE A0                  268 	.db #0xA0	; 160
   00DF 00                  269 	.db #0x00	; 0
   00E0 00                  270 	.db #0x00	; 0
   00E1 50                  271 	.db #0x50	; 80	'P'
   00E2 00                  272 	.db #0x00	; 0
   00E3 A0                  273 	.db #0xA0	; 160
   00E4 50                  274 	.db #0x50	; 80	'P'
   00E5 00                  275 	.db #0x00	; 0
   00E6 00                  276 	.db #0x00	; 0
   00E7 A0                  277 	.db #0xA0	; 160
   00E8 50                  278 	.db #0x50	; 80	'P'
   00E9 00                  279 	.db #0x00	; 0
   00EA 00                  280 	.db #0x00	; 0
   00EB A0                  281 	.db #0xA0	; 160
   00EC 00                  282 	.db #0x00	; 0
   00ED 00                  283 	.db #0x00	; 0
   00EE 00                  284 	.db #0x00	; 0
   00EF 50                  285 	.db #0x50	; 80	'P'
   00F0 00                  286 	.db #0x00	; 0
   00F1 00                  287 	.db #0x00	; 0
   00F2 50                  288 	.db #0x50	; 80	'P'
   00F3 40                  289 	.db #0x40	; 64
   00F4 A0                  290 	.db #0xA0	; 160
   00F5 00                  291 	.db #0x00	; 0
   00F6 A0                  292 	.db #0xA0	; 160
   00F7 00                  293 	.db #0x00	; 0
   00F8 00                  294 	.db #0x00	; 0
   00F9 00                  295 	.db #0x00	; 0
   00FA 50                  296 	.db #0x50	; 80	'P'
   00FB D0                  297 	.db #0xD0	; 208
   00FC 00                  298 	.db #0x00	; 0
   00FD A0                  299 	.db #0xA0	; 160
   00FE 00                  300 	.db #0x00	; 0
   00FF 00                  301 	.db #0x00	; 0
   0100 00                  302 	.db #0x00	; 0
   0101 00                  303 	.db #0x00	; 0
   0102 00                  304 	.db #0x00	; 0
   0103 F0                  305 	.db #0xF0	; 240
   0104 00                  306 	.db #0x00	; 0
   0105 80                  307 	.db #0x80	; 128
   0106 F0                  308 	.db #0xF0	; 240
   0107 00                  309 	.db #0x00	; 0
   0108 00                  310 	.db #0x00	; 0
   0109 50                  311 	.db #0x50	; 80	'P'
   010A 00                  312 	.db #0x00	; 0
   010B A0                  313 	.db #0xA0	; 160
   010C 50                  314 	.db #0x50	; 80	'P'
   010D 00                  315 	.db #0x00	; 0
   010E 00                  316 	.db #0x00	; 0
   010F A0                  317 	.db #0xA0	; 160
   0110 50                  318 	.db #0x50	; 80	'P'
   0111 00                  319 	.db #0x00	; 0
   0112 50                  320 	.db #0x50	; 80	'P'
   0113 00                  321 	.db #0x00	; 0
   0114 00                  322 	.db #0x00	; 0
   0115 00                  323 	.db #0x00	; 0
   0116 00                  324 	.db #0x00	; 0
   0117 E0                  325 	.db #0xE0	; 224
   0118 00                  326 	.db #0x00	; 0
   0119 00                  327 	.db #0x00	; 0
   011A A0                  328 	.db #0xA0	; 160
   011B D5                  329 	.db #0xD5	; 213
   011C D0                  330 	.db #0xD0	; 208
   011D 00                  331 	.db #0x00	; 0
   011E A0                  332 	.db #0xA0	; 160
   011F 00                  333 	.db #0x00	; 0
   0120 00                  334 	.db #0x00	; 0
   0121 00                  335 	.db #0x00	; 0
   0122 40                  336 	.db #0x40	; 64
   0123 EA                  337 	.db #0xEA	; 234
   0124 00                  338 	.db #0x00	; 0
   0125 00                  339 	.db #0x00	; 0
   0126 00                  340 	.db #0x00	; 0
   0127 00                  341 	.db #0x00	; 0
   0128 00                  342 	.db #0x00	; 0
   0129 00                  343 	.db #0x00	; 0
   012A 00                  344 	.db #0x00	; 0
   012B 50                  345 	.db #0x50	; 80	'P'
   012C E0                  346 	.db #0xE0	; 224
   012D EA                  347 	.db #0xEA	; 234
   012E A0                  348 	.db #0xA0	; 160
   012F 00                  349 	.db #0x00	; 0
   0130 00                  350 	.db #0x00	; 0
   0131 A0                  351 	.db #0xA0	; 160
   0132 00                  352 	.db #0x00	; 0
   0133 50                  353 	.db #0x50	; 80	'P'
   0134 00                  354 	.db #0x00	; 0
   0135 00                  355 	.db #0x00	; 0
   0136 D0                  356 	.db #0xD0	; 208
   0137 00                  357 	.db #0x00	; 0
   0138 00                  358 	.db #0x00	; 0
   0139 A0                  359 	.db #0xA0	; 160
   013A 50                  360 	.db #0x50	; 80	'P'
   013B 00                  361 	.db #0x00	; 0
   013C 00                  362 	.db #0x00	; 0
   013D 00                  363 	.db #0x00	; 0
   013E 00                  364 	.db #0x00	; 0
   013F D5                  365 	.db #0xD5	; 213
   0140 00                  366 	.db #0x00	; 0
   0141 00                  367 	.db #0x00	; 0
   0142 00                  368 	.db #0x00	; 0
   0143 40                  369 	.db #0x40	; 64
   0144 A0                  370 	.db #0xA0	; 160
   0145 A0                  371 	.db #0xA0	; 160
   0146 00                  372 	.db #0x00	; 0
   0147 00                  373 	.db #0x00	; 0
   0148 00                  374 	.db #0x00	; 0
   0149 00                  375 	.db #0x00	; 0
   014A 00                  376 	.db #0x00	; 0
   014B 80                  377 	.db #0x80	; 128
   014C 00                  378 	.db #0x00	; 0
   014D 00                  379 	.db #0x00	; 0
   014E 00                  380 	.db #0x00	; 0
   014F 00                  381 	.db #0x00	; 0
   0150 00                  382 	.db #0x00	; 0
   0151 00                  383 	.db #0x00	; 0
   0152 00                  384 	.db #0x00	; 0
   0153 A0                  385 	.db #0xA0	; 160
   0154 F0                  386 	.db #0xF0	; 240
   0155 D0                  387 	.db #0xD0	; 208
   0156 A0                  388 	.db #0xA0	; 160
   0157 00                  389 	.db #0x00	; 0
   0158 50                  390 	.db #0x50	; 80	'P'
   0159 50                  391 	.db #0x50	; 80	'P'
   015A 00                  392 	.db #0x00	; 0
   015B A0                  393 	.db #0xA0	; 160
   015C 00                  394 	.db #0x00	; 0
   015D 40                  395 	.db #0x40	; 64
   015E EA                  396 	.db #0xEA	; 234
   015F 00                  397 	.db #0x00	; 0
   0160 50                  398 	.db #0x50	; 80	'P'
   0161 50                  399 	.db #0x50	; 80	'P'
   0162 00                  400 	.db #0x00	; 0
   0163 00                  401 	.db #0x00	; 0
   0164 00                  402 	.db #0x00	; 0
   0165 00                  403 	.db #0x00	; 0
   0166 00                  404 	.db #0x00	; 0
   0167 40                  405 	.db #0x40	; 64
   0168 00                  406 	.db #0x00	; 0
   0169 00                  407 	.db #0x00	; 0
   016A 00                  408 	.db #0x00	; 0
   016B 00                  409 	.db #0x00	; 0
   016C 00                  410 	.db #0x00	; 0
   016D 00                  411 	.db #0x00	; 0
   016E 00                  412 	.db #0x00	; 0
   016F 00                  413 	.db #0x00	; 0
   0170 00                  414 	.db #0x00	; 0
   0171 00                  415 	.db #0x00	; 0
   0172 00                  416 	.db #0x00	; 0
   0173 00                  417 	.db #0x00	; 0
   0174 00                  418 	.db #0x00	; 0
   0175 00                  419 	.db #0x00	; 0
   0176 00                  420 	.db #0x00	; 0
   0177 00                  421 	.db #0x00	; 0
   0178 00                  422 	.db #0x00	; 0
   0179 00                  423 	.db #0x00	; 0
   017A 00                  424 	.db #0x00	; 0
   017B 00                  425 	.db #0x00	; 0
   017C 00                  426 	.db #0x00	; 0
   017D 00                  427 	.db #0x00	; 0
   017E 00                  428 	.db #0x00	; 0
   017F 00                  429 	.db #0x00	; 0
   0180 00                  430 	.db #0x00	; 0
   0181 00                  431 	.db #0x00	; 0
   0182 00                  432 	.db #0x00	; 0
   0183 00                  433 	.db #0x00	; 0
   0184 00                  434 	.db #0x00	; 0
   0185 00                  435 	.db #0x00	; 0
   0186 80                  436 	.db #0x80	; 128
   0187 00                  437 	.db #0x00	; 0
   0188 00                  438 	.db #0x00	; 0
   0189 00                  439 	.db #0x00	; 0
   018A 00                  440 	.db #0x00	; 0
   018B 00                  441 	.db #0x00	; 0
   018C 00                  442 	.db #0x00	; 0
   018D 00                  443 	.db #0x00	; 0
   018E 00                  444 	.db #0x00	; 0
   018F 00                  445 	.db #0x00	; 0
   0190                     446 _g_flores2_1:
   0190 F0                  447 	.db #0xF0	; 240
   0191 50                  448 	.db #0x50	; 80	'P'
   0192 50                  449 	.db #0x50	; 80	'P'
   0193 50                  450 	.db #0x50	; 80	'P'
   0194 00                  451 	.db #0x00	; 0
   0195 F0                  452 	.db #0xF0	; 240
   0196 00                  453 	.db #0x00	; 0
   0197 50                  454 	.db #0x50	; 80	'P'
   0198 F0                  455 	.db #0xF0	; 240
   0199 F0                  456 	.db #0xF0	; 240
   019A 50                  457 	.db #0x50	; 80	'P'
   019B 50                  458 	.db #0x50	; 80	'P'
   019C 50                  459 	.db #0x50	; 80	'P'
   019D 50                  460 	.db #0x50	; 80	'P'
   019E F0                  461 	.db #0xF0	; 240
   019F F0                  462 	.db #0xF0	; 240
   01A0 50                  463 	.db #0x50	; 80	'P'
   01A1 F0                  464 	.db #0xF0	; 240
   01A2 00                  465 	.db #0x00	; 0
   01A3 A0                  466 	.db #0xA0	; 160
   01A4 50                  467 	.db #0x50	; 80	'P'
   01A5 F0                  468 	.db #0xF0	; 240
   01A6 50                  469 	.db #0x50	; 80	'P'
   01A7 A0                  470 	.db #0xA0	; 160
   01A8 50                  471 	.db #0x50	; 80	'P'
   01A9 F0                  472 	.db #0xF0	; 240
   01AA F0                  473 	.db #0xF0	; 240
   01AB A0                  474 	.db #0xA0	; 160
   01AC A0                  475 	.db #0xA0	; 160
   01AD A0                  476 	.db #0xA0	; 160
   01AE A0                  477 	.db #0xA0	; 160
   01AF 50                  478 	.db #0x50	; 80	'P'
   01B0 A0                  479 	.db #0xA0	; 160
   01B1 00                  480 	.db #0x00	; 0
   01B2 F0                  481 	.db #0xF0	; 240
   01B3 F0                  482 	.db #0xF0	; 240
   01B4 A0                  483 	.db #0xA0	; 160
   01B5 A0                  484 	.db #0xA0	; 160
   01B6 A0                  485 	.db #0xA0	; 160
   01B7 A0                  486 	.db #0xA0	; 160
   01B8 A0                  487 	.db #0xA0	; 160
   01B9 A0                  488 	.db #0xA0	; 160
   01BA A0                  489 	.db #0xA0	; 160
   01BB F0                  490 	.db #0xF0	; 240
   01BC 50                  491 	.db #0x50	; 80	'P'
   01BD A0                  492 	.db #0xA0	; 160
   01BE A0                  493 	.db #0xA0	; 160
   01BF F0                  494 	.db #0xF0	; 240
   01C0 A0                  495 	.db #0xA0	; 160
   01C1 F0                  496 	.db #0xF0	; 240
   01C2 50                  497 	.db #0x50	; 80	'P'
   01C3 A0                  498 	.db #0xA0	; 160
   01C4 A0                  499 	.db #0xA0	; 160
   01C5 F0                  500 	.db #0xF0	; 240
   01C6 A0                  501 	.db #0xA0	; 160
   01C7 F0                  502 	.db #0xF0	; 240
   01C8 F0                  503 	.db #0xF0	; 240
   01C9 A0                  504 	.db #0xA0	; 160
   01CA 50                  505 	.db #0x50	; 80	'P'
   01CB 50                  506 	.db #0x50	; 80	'P'
   01CC F0                  507 	.db #0xF0	; 240
   01CD A0                  508 	.db #0xA0	; 160
   01CE A0                  509 	.db #0xA0	; 160
   01CF 50                  510 	.db #0x50	; 80	'P'
   01D0 A0                  511 	.db #0xA0	; 160
   01D1 50                  512 	.db #0x50	; 80	'P'
   01D2 50                  513 	.db #0x50	; 80	'P'
   01D3 50                  514 	.db #0x50	; 80	'P'
   01D4 50                  515 	.db #0x50	; 80	'P'
   01D5 50                  516 	.db #0x50	; 80	'P'
   01D6 A0                  517 	.db #0xA0	; 160
   01D7 F0                  518 	.db #0xF0	; 240
   01D8 50                  519 	.db #0x50	; 80	'P'
   01D9 50                  520 	.db #0x50	; 80	'P'
   01DA F0                  521 	.db #0xF0	; 240
   01DB 50                  522 	.db #0x50	; 80	'P'
   01DC A0                  523 	.db #0xA0	; 160
   01DD F0                  524 	.db #0xF0	; 240
   01DE 50                  525 	.db #0x50	; 80	'P'
   01DF 50                  526 	.db #0x50	; 80	'P'
   01E0 A0                  527 	.db #0xA0	; 160
   01E1 50                  528 	.db #0x50	; 80	'P'
   01E2 50                  529 	.db #0x50	; 80	'P'
   01E3 00                  530 	.db #0x00	; 0
   01E4 A0                  531 	.db #0xA0	; 160
   01E5 50                  532 	.db #0x50	; 80	'P'
   01E6 F0                  533 	.db #0xF0	; 240
   01E7 50                  534 	.db #0x50	; 80	'P'
   01E8 00                  535 	.db #0x00	; 0
   01E9 50                  536 	.db #0x50	; 80	'P'
   01EA F0                  537 	.db #0xF0	; 240
   01EB 50                  538 	.db #0x50	; 80	'P'
   01EC 50                  539 	.db #0x50	; 80	'P'
   01ED 50                  540 	.db #0x50	; 80	'P'
   01EE 50                  541 	.db #0x50	; 80	'P'
   01EF F0                  542 	.db #0xF0	; 240
   01F0 50                  543 	.db #0x50	; 80	'P'
   01F1 F0                  544 	.db #0xF0	; 240
   01F2 A0                  545 	.db #0xA0	; 160
   01F3 00                  546 	.db #0x00	; 0
   01F4 00                  547 	.db #0x00	; 0
   01F5 F0                  548 	.db #0xF0	; 240
   01F6 A0                  549 	.db #0xA0	; 160
   01F7 00                  550 	.db #0x00	; 0
   01F8 50                  551 	.db #0x50	; 80	'P'
   01F9 50                  552 	.db #0x50	; 80	'P'
   01FA 50                  553 	.db #0x50	; 80	'P'
   01FB 00                  554 	.db #0x00	; 0
   01FC A0                  555 	.db #0xA0	; 160
   01FD A0                  556 	.db #0xA0	; 160
   01FE 50                  557 	.db #0x50	; 80	'P'
   01FF 00                  558 	.db #0x00	; 0
   0200 F0                  559 	.db #0xF0	; 240
   0201 A0                  560 	.db #0xA0	; 160
   0202 A0                  561 	.db #0xA0	; 160
   0203 00                  562 	.db #0x00	; 0
   0204 F0                  563 	.db #0xF0	; 240
   0205 A0                  564 	.db #0xA0	; 160
   0206 A0                  565 	.db #0xA0	; 160
   0207 A0                  566 	.db #0xA0	; 160
   0208 A0                  567 	.db #0xA0	; 160
   0209 50                  568 	.db #0x50	; 80	'P'
   020A F0                  569 	.db #0xF0	; 240
   020B 50                  570 	.db #0x50	; 80	'P'
   020C 00                  571 	.db #0x00	; 0
   020D A0                  572 	.db #0xA0	; 160
   020E F0                  573 	.db #0xF0	; 240
   020F 00                  574 	.db #0x00	; 0
   0210 00                  575 	.db #0x00	; 0
   0211 00                  576 	.db #0x00	; 0
   0212 50                  577 	.db #0x50	; 80	'P'
   0213 00                  578 	.db #0x00	; 0
   0214 A0                  579 	.db #0xA0	; 160
   0215 00                  580 	.db #0x00	; 0
   0216 00                  581 	.db #0x00	; 0
   0217 F0                  582 	.db #0xF0	; 240
   0218 A0                  583 	.db #0xA0	; 160
   0219 F0                  584 	.db #0xF0	; 240
   021A 50                  585 	.db #0x50	; 80	'P'
   021B 00                  586 	.db #0x00	; 0
   021C 00                  587 	.db #0x00	; 0
   021D A0                  588 	.db #0xA0	; 160
   021E A0                  589 	.db #0xA0	; 160
   021F 00                  590 	.db #0x00	; 0
   0220 F0                  591 	.db #0xF0	; 240
   0221 00                  592 	.db #0x00	; 0
   0222 50                  593 	.db #0x50	; 80	'P'
   0223 00                  594 	.db #0x00	; 0
   0224 F0                  595 	.db #0xF0	; 240
   0225 A0                  596 	.db #0xA0	; 160
   0226 A0                  597 	.db #0xA0	; 160
   0227 50                  598 	.db #0x50	; 80	'P'
   0228 50                  599 	.db #0x50	; 80	'P'
   0229 A0                  600 	.db #0xA0	; 160
   022A 00                  601 	.db #0x00	; 0
   022B 00                  602 	.db #0x00	; 0
   022C 00                  603 	.db #0x00	; 0
   022D A0                  604 	.db #0xA0	; 160
   022E 50                  605 	.db #0x50	; 80	'P'
   022F 00                  606 	.db #0x00	; 0
   0230 A0                  607 	.db #0xA0	; 160
   0231 50                  608 	.db #0x50	; 80	'P'
   0232 00                  609 	.db #0x00	; 0
   0233 A0                  610 	.db #0xA0	; 160
   0234 00                  611 	.db #0x00	; 0
   0235 00                  612 	.db #0x00	; 0
   0236 A0                  613 	.db #0xA0	; 160
   0237 A0                  614 	.db #0xA0	; 160
   0238 00                  615 	.db #0x00	; 0
   0239 00                  616 	.db #0x00	; 0
   023A 50                  617 	.db #0x50	; 80	'P'
   023B A0                  618 	.db #0xA0	; 160
   023C 00                  619 	.db #0x00	; 0
   023D 00                  620 	.db #0x00	; 0
   023E 50                  621 	.db #0x50	; 80	'P'
   023F A0                  622 	.db #0xA0	; 160
   0240 F0                  623 	.db #0xF0	; 240
   0241 F0                  624 	.db #0xF0	; 240
   0242 00                  625 	.db #0x00	; 0
   0243 A0                  626 	.db #0xA0	; 160
   0244 00                  627 	.db #0x00	; 0
   0245 A0                  628 	.db #0xA0	; 160
   0246 50                  629 	.db #0x50	; 80	'P'
   0247 00                  630 	.db #0x00	; 0
   0248 A0                  631 	.db #0xA0	; 160
   0249 00                  632 	.db #0x00	; 0
   024A F0                  633 	.db #0xF0	; 240
   024B 00                  634 	.db #0x00	; 0
   024C A0                  635 	.db #0xA0	; 160
   024D 50                  636 	.db #0x50	; 80	'P'
   024E 00                  637 	.db #0x00	; 0
   024F 00                  638 	.db #0x00	; 0
   0250 50                  639 	.db #0x50	; 80	'P'
   0251 50                  640 	.db #0x50	; 80	'P'
   0252 00                  641 	.db #0x00	; 0
   0253 00                  642 	.db #0x00	; 0
   0254 00                  643 	.db #0x00	; 0
   0255 F0                  644 	.db #0xF0	; 240
   0256 00                  645 	.db #0x00	; 0
   0257 00                  646 	.db #0x00	; 0
   0258 00                  647 	.db #0x00	; 0
   0259 00                  648 	.db #0x00	; 0
   025A A0                  649 	.db #0xA0	; 160
   025B 00                  650 	.db #0x00	; 0
   025C 00                  651 	.db #0x00	; 0
   025D 50                  652 	.db #0x50	; 80	'P'
   025E 00                  653 	.db #0x00	; 0
   025F A0                  654 	.db #0xA0	; 160
   0260 00                  655 	.db #0x00	; 0
   0261 00                  656 	.db #0x00	; 0
   0262 50                  657 	.db #0x50	; 80	'P'
   0263 00                  658 	.db #0x00	; 0
   0264 00                  659 	.db #0x00	; 0
   0265 00                  660 	.db #0x00	; 0
   0266 A0                  661 	.db #0xA0	; 160
   0267 50                  662 	.db #0x50	; 80	'P'
   0268 00                  663 	.db #0x00	; 0
   0269 F0                  664 	.db #0xF0	; 240
   026A 00                  665 	.db #0x00	; 0
   026B A0                  666 	.db #0xA0	; 160
   026C 00                  667 	.db #0x00	; 0
   026D 50                  668 	.db #0x50	; 80	'P'
   026E 00                  669 	.db #0x00	; 0
   026F 00                  670 	.db #0x00	; 0
   0270 00                  671 	.db #0x00	; 0
   0271 00                  672 	.db #0x00	; 0
   0272 A0                  673 	.db #0xA0	; 160
   0273 00                  674 	.db #0x00	; 0
   0274 50                  675 	.db #0x50	; 80	'P'
   0275 00                  676 	.db #0x00	; 0
   0276 00                  677 	.db #0x00	; 0
   0277 00                  678 	.db #0x00	; 0
   0278 A0                  679 	.db #0xA0	; 160
   0279 50                  680 	.db #0x50	; 80	'P'
   027A 00                  681 	.db #0x00	; 0
   027B 00                  682 	.db #0x00	; 0
   027C 00                  683 	.db #0x00	; 0
   027D A0                  684 	.db #0xA0	; 160
   027E 00                  685 	.db #0x00	; 0
   027F 00                  686 	.db #0x00	; 0
   0280 A0                  687 	.db #0xA0	; 160
   0281 00                  688 	.db #0x00	; 0
   0282 00                  689 	.db #0x00	; 0
   0283 00                  690 	.db #0x00	; 0
   0284 00                  691 	.db #0x00	; 0
   0285 00                  692 	.db #0x00	; 0
   0286 00                  693 	.db #0x00	; 0
   0287 D0                  694 	.db #0xD0	; 208
   0288 A0                  695 	.db #0xA0	; 160
   0289 00                  696 	.db #0x00	; 0
   028A 50                  697 	.db #0x50	; 80	'P'
   028B A0                  698 	.db #0xA0	; 160
   028C 00                  699 	.db #0x00	; 0
   028D 00                  700 	.db #0x00	; 0
   028E A0                  701 	.db #0xA0	; 160
   028F 50                  702 	.db #0x50	; 80	'P'
   0290 00                  703 	.db #0x00	; 0
   0291 50                  704 	.db #0x50	; 80	'P'
   0292 00                  705 	.db #0x00	; 0
   0293 A0                  706 	.db #0xA0	; 160
   0294 00                  707 	.db #0x00	; 0
   0295 A0                  708 	.db #0xA0	; 160
   0296 00                  709 	.db #0x00	; 0
   0297 00                  710 	.db #0x00	; 0
   0298 00                  711 	.db #0x00	; 0
   0299 50                  712 	.db #0x50	; 80	'P'
   029A 50                  713 	.db #0x50	; 80	'P'
   029B 00                  714 	.db #0x00	; 0
   029C E0                  715 	.db #0xE0	; 224
   029D 00                  716 	.db #0x00	; 0
   029E 00                  717 	.db #0x00	; 0
   029F 00                  718 	.db #0x00	; 0
   02A0 00                  719 	.db #0x00	; 0
   02A1 00                  720 	.db #0x00	; 0
   02A2 F0                  721 	.db #0xF0	; 240
   02A3 00                  722 	.db #0x00	; 0
   02A4 00                  723 	.db #0x00	; 0
   02A5 F0                  724 	.db #0xF0	; 240
   02A6 00                  725 	.db #0x00	; 0
   02A7 00                  726 	.db #0x00	; 0
   02A8 80                  727 	.db #0x80	; 128
   02A9 00                  728 	.db #0x00	; 0
   02AA 00                  729 	.db #0x00	; 0
   02AB 00                  730 	.db #0x00	; 0
   02AC 00                  731 	.db #0x00	; 0
   02AD 00                  732 	.db #0x00	; 0
   02AE 40                  733 	.db #0x40	; 64
   02AF EA                  734 	.db #0xEA	; 234
   02B0 F0                  735 	.db #0xF0	; 240
   02B1 00                  736 	.db #0x00	; 0
   02B2 50                  737 	.db #0x50	; 80	'P'
   02B3 00                  738 	.db #0x00	; 0
   02B4 00                  739 	.db #0x00	; 0
   02B5 50                  740 	.db #0x50	; 80	'P'
   02B6 00                  741 	.db #0x00	; 0
   02B7 00                  742 	.db #0x00	; 0
   02B8 E0                  743 	.db #0xE0	; 224
   02B9 A0                  744 	.db #0xA0	; 160
   02BA 00                  745 	.db #0x00	; 0
   02BB 50                  746 	.db #0x50	; 80	'P'
   02BC 00                  747 	.db #0x00	; 0
   02BD A0                  748 	.db #0xA0	; 160
   02BE 00                  749 	.db #0x00	; 0
   02BF 00                  750 	.db #0x00	; 0
   02C0 00                  751 	.db #0x00	; 0
   02C1 00                  752 	.db #0x00	; 0
   02C2 00                  753 	.db #0x00	; 0
   02C3 00                  754 	.db #0x00	; 0
   02C4 D5                  755 	.db #0xD5	; 213
   02C5 80                  756 	.db #0x80	; 128
   02C6 00                  757 	.db #0x00	; 0
   02C7 00                  758 	.db #0x00	; 0
   02C8 00                  759 	.db #0x00	; 0
   02C9 00                  760 	.db #0x00	; 0
   02CA 50                  761 	.db #0x50	; 80	'P'
   02CB A0                  762 	.db #0xA0	; 160
   02CC 00                  763 	.db #0x00	; 0
   02CD A0                  764 	.db #0xA0	; 160
   02CE 80                  765 	.db #0x80	; 128
   02CF 00                  766 	.db #0x00	; 0
   02D0 00                  767 	.db #0x00	; 0
   02D1 00                  768 	.db #0x00	; 0
   02D2 00                  769 	.db #0x00	; 0
   02D3 00                  770 	.db #0x00	; 0
   02D4 00                  771 	.db #0x00	; 0
   02D5 00                  772 	.db #0x00	; 0
   02D6 00                  773 	.db #0x00	; 0
   02D7 D0                  774 	.db #0xD0	; 208
   02D8 50                  775 	.db #0x50	; 80	'P'
   02D9 A0                  776 	.db #0xA0	; 160
   02DA F0                  777 	.db #0xF0	; 240
   02DB 00                  778 	.db #0x00	; 0
   02DC 00                  779 	.db #0x00	; 0
   02DD A0                  780 	.db #0xA0	; 160
   02DE A0                  781 	.db #0xA0	; 160
   02DF 50                  782 	.db #0x50	; 80	'P'
   02E0 D5                  783 	.db #0xD5	; 213
   02E1 80                  784 	.db #0x80	; 128
   02E2 00                  785 	.db #0x00	; 0
   02E3 A0                  786 	.db #0xA0	; 160
   02E4 A0                  787 	.db #0xA0	; 160
   02E5 00                  788 	.db #0x00	; 0
   02E6 00                  789 	.db #0x00	; 0
   02E7 00                  790 	.db #0x00	; 0
   02E8 00                  791 	.db #0x00	; 0
   02E9 00                  792 	.db #0x00	; 0
   02EA 00                  793 	.db #0x00	; 0
   02EB 00                  794 	.db #0x00	; 0
   02EC 40                  795 	.db #0x40	; 64
   02ED 00                  796 	.db #0x00	; 0
   02EE 00                  797 	.db #0x00	; 0
   02EF 00                  798 	.db #0x00	; 0
   02F0 00                  799 	.db #0x00	; 0
   02F1 00                  800 	.db #0x00	; 0
   02F2 A0                  801 	.db #0xA0	; 160
   02F3 F0                  802 	.db #0xF0	; 240
   02F4 50                  803 	.db #0x50	; 80	'P'
   02F5 E0                  804 	.db #0xE0	; 224
   02F6 EA                  805 	.db #0xEA	; 234
   02F7 00                  806 	.db #0x00	; 0
   02F8 00                  807 	.db #0x00	; 0
   02F9 00                  808 	.db #0x00	; 0
   02FA 00                  809 	.db #0x00	; 0
   02FB 00                  810 	.db #0x00	; 0
   02FC 00                  811 	.db #0x00	; 0
   02FD 00                  812 	.db #0x00	; 0
   02FE 00                  813 	.db #0x00	; 0
   02FF 00                  814 	.db #0x00	; 0
   0300 00                  815 	.db #0x00	; 0
   0301 00                  816 	.db #0x00	; 0
   0302 00                  817 	.db #0x00	; 0
   0303 00                  818 	.db #0x00	; 0
   0304 00                  819 	.db #0x00	; 0
   0305 00                  820 	.db #0x00	; 0
   0306 00                  821 	.db #0x00	; 0
   0307 00                  822 	.db #0x00	; 0
   0308 40                  823 	.db #0x40	; 64
   0309 00                  824 	.db #0x00	; 0
   030A 00                  825 	.db #0x00	; 0
   030B 00                  826 	.db #0x00	; 0
   030C 00                  827 	.db #0x00	; 0
   030D 00                  828 	.db #0x00	; 0
   030E 00                  829 	.db #0x00	; 0
   030F 00                  830 	.db #0x00	; 0
   0310 00                  831 	.db #0x00	; 0
   0311 00                  832 	.db #0x00	; 0
   0312 00                  833 	.db #0x00	; 0
   0313 00                  834 	.db #0x00	; 0
   0314 00                  835 	.db #0x00	; 0
   0315 00                  836 	.db #0x00	; 0
   0316 00                  837 	.db #0x00	; 0
   0317 00                  838 	.db #0x00	; 0
   0318 00                  839 	.db #0x00	; 0
   0319 00                  840 	.db #0x00	; 0
   031A 00                  841 	.db #0x00	; 0
   031B 00                  842 	.db #0x00	; 0
   031C 00                  843 	.db #0x00	; 0
   031D 00                  844 	.db #0x00	; 0
   031E 80                  845 	.db #0x80	; 128
   031F 00                  846 	.db #0x00	; 0
                            847 	.area _INITIALIZER
                            848 	.area _CABS (ABS)
