                              1 ;--------------------------------------------------------
                              2 ; File Created by SDCC : free open source ANSI-C Compiler
                              3 ; Version 3.5.5 #9498 (Linux)
                              4 ;--------------------------------------------------------
                              5 	.module naveEnemiga3
                              6 	.optsdcc -mz80
                              7 	
                              8 ;--------------------------------------------------------
                              9 ; Public variables in this module
                             10 ;--------------------------------------------------------
                             11 	.globl _g_naveEnemiga3_3
                             12 	.globl _g_naveEnemiga3_2
                             13 	.globl _g_naveEnemiga3_1
                             14 	.globl _g_naveEnemiga3_0
                             15 ;--------------------------------------------------------
                             16 ; special function registers
                             17 ;--------------------------------------------------------
                             18 ;--------------------------------------------------------
                             19 ; ram data
                             20 ;--------------------------------------------------------
                             21 	.area _DATA
                             22 ;--------------------------------------------------------
                             23 ; ram data
                             24 ;--------------------------------------------------------
                             25 	.area _INITIALIZED
                             26 ;--------------------------------------------------------
                             27 ; absolute external ram data
                             28 ;--------------------------------------------------------
                             29 	.area _DABS (ABS)
                             30 ;--------------------------------------------------------
                             31 ; global & static initialisations
                             32 ;--------------------------------------------------------
                             33 	.area _HOME
                             34 	.area _GSINIT
                             35 	.area _GSFINAL
                             36 	.area _GSINIT
                             37 ;--------------------------------------------------------
                             38 ; Home
                             39 ;--------------------------------------------------------
                             40 	.area _HOME
                             41 	.area _HOME
                             42 ;--------------------------------------------------------
                             43 ; code
                             44 ;--------------------------------------------------------
                             45 	.area _CODE
                             46 	.area _CODE
   0000                      47 _g_naveEnemiga3_0:
   0000 00                   48 	.db #0x00	; 0
   0001 44                   49 	.db #0x44	; 68	'D'
   0002 88                   50 	.db #0x88	; 136
   0003 00                   51 	.db #0x00	; 0
   0004 00                   52 	.db #0x00	; 0
   0005 BF                   53 	.db #0xBF	; 191
   0006 7F                   54 	.db #0x7F	; 127
   0007 00                   55 	.db #0x00	; 0
   0008 55                   56 	.db #0x55	; 85	'U'
   0009 BF                   57 	.db #0xBF	; 191
   000A 7F                   58 	.db #0x7F	; 127
   000B AA                   59 	.db #0xAA	; 170
   000C FF                   60 	.db #0xFF	; 255
   000D 3F                   61 	.db #0x3F	; 63
   000E 3F                   62 	.db #0x3F	; 63
   000F FF                   63 	.db #0xFF	; 255
   0010 FF                   64 	.db #0xFF	; 255
   0011 3F                   65 	.db #0x3F	; 63
   0012 3F                   66 	.db #0x3F	; 63
   0013 FF                   67 	.db #0xFF	; 255
   0014 FF                   68 	.db #0xFF	; 255
   0015 15                   69 	.db #0x15	; 21
   0016 2A                   70 	.db #0x2A	; 42
   0017 FF                   71 	.db #0xFF	; 255
   0018 AA                   72 	.db #0xAA	; 170
   0019 15                   73 	.db #0x15	; 21
   001A 2A                   74 	.db #0x2A	; 42
   001B 55                   75 	.db #0x55	; 85	'U'
   001C AA                   76 	.db #0xAA	; 170
   001D 00                   77 	.db #0x00	; 0
   001E 00                   78 	.db #0x00	; 0
   001F 55                   79 	.db #0x55	; 85	'U'
   0020                      80 _g_naveEnemiga3_1:
   0020 FF                   81 	.db #0xFF	; 255
   0021 FF                   82 	.db #0xFF	; 255
   0022 AA                   83 	.db #0xAA	; 170
   0023 00                   84 	.db #0x00	; 0
   0024 00                   85 	.db #0x00	; 0
   0025 FF                   86 	.db #0xFF	; 255
   0026 FF                   87 	.db #0xFF	; 255
   0027 00                   88 	.db #0x00	; 0
   0028 00                   89 	.db #0x00	; 0
   0029 15                   90 	.db #0x15	; 21
   002A 7F                   91 	.db #0x7F	; 127
   002B AA                   92 	.db #0xAA	; 170
   002C 15                   93 	.db #0x15	; 21
   002D 3F                   94 	.db #0x3F	; 63
   002E 3F                   95 	.db #0x3F	; 63
   002F 6E                   96 	.db #0x6E	; 110	'n'
   0030 15                   97 	.db #0x15	; 21
   0031 3F                   98 	.db #0x3F	; 63
   0032 3F                   99 	.db #0x3F	; 63
   0033 6E                  100 	.db #0x6E	; 110	'n'
   0034 00                  101 	.db #0x00	; 0
   0035 15                  102 	.db #0x15	; 21
   0036 7F                  103 	.db #0x7F	; 127
   0037 AA                  104 	.db #0xAA	; 170
   0038 00                  105 	.db #0x00	; 0
   0039 FF                  106 	.db #0xFF	; 255
   003A FF                  107 	.db #0xFF	; 255
   003B 00                  108 	.db #0x00	; 0
   003C FF                  109 	.db #0xFF	; 255
   003D FF                  110 	.db #0xFF	; 255
   003E AA                  111 	.db #0xAA	; 170
   003F 00                  112 	.db #0x00	; 0
   0040                     113 _g_naveEnemiga3_2:
   0040 AA                  114 	.db #0xAA	; 170
   0041 00                  115 	.db #0x00	; 0
   0042 00                  116 	.db #0x00	; 0
   0043 55                  117 	.db #0x55	; 85	'U'
   0044 AA                  118 	.db #0xAA	; 170
   0045 15                  119 	.db #0x15	; 21
   0046 2A                  120 	.db #0x2A	; 42
   0047 55                  121 	.db #0x55	; 85	'U'
   0048 FF                  122 	.db #0xFF	; 255
   0049 15                  123 	.db #0x15	; 21
   004A 2A                  124 	.db #0x2A	; 42
   004B FF                  125 	.db #0xFF	; 255
   004C FF                  126 	.db #0xFF	; 255
   004D 3F                  127 	.db #0x3F	; 63
   004E 3F                  128 	.db #0x3F	; 63
   004F FF                  129 	.db #0xFF	; 255
   0050 FF                  130 	.db #0xFF	; 255
   0051 3F                  131 	.db #0x3F	; 63
   0052 3F                  132 	.db #0x3F	; 63
   0053 FF                  133 	.db #0xFF	; 255
   0054 55                  134 	.db #0x55	; 85	'U'
   0055 BF                  135 	.db #0xBF	; 191
   0056 7F                  136 	.db #0x7F	; 127
   0057 AA                  137 	.db #0xAA	; 170
   0058 00                  138 	.db #0x00	; 0
   0059 BF                  139 	.db #0xBF	; 191
   005A 7F                  140 	.db #0x7F	; 127
   005B 00                  141 	.db #0x00	; 0
   005C 00                  142 	.db #0x00	; 0
   005D 44                  143 	.db #0x44	; 68	'D'
   005E 88                  144 	.db #0x88	; 136
   005F 00                  145 	.db #0x00	; 0
   0060                     146 _g_naveEnemiga3_3:
   0060 00                  147 	.db #0x00	; 0
   0061 55                  148 	.db #0x55	; 85	'U'
   0062 FF                  149 	.db #0xFF	; 255
   0063 FF                  150 	.db #0xFF	; 255
   0064 00                  151 	.db #0x00	; 0
   0065 FF                  152 	.db #0xFF	; 255
   0066 FF                  153 	.db #0xFF	; 255
   0067 00                  154 	.db #0x00	; 0
   0068 55                  155 	.db #0x55	; 85	'U'
   0069 BF                  156 	.db #0xBF	; 191
   006A 2A                  157 	.db #0x2A	; 42
   006B 00                  158 	.db #0x00	; 0
   006C 9D                  159 	.db #0x9D	; 157
   006D 3F                  160 	.db #0x3F	; 63
   006E 3F                  161 	.db #0x3F	; 63
   006F 2A                  162 	.db #0x2A	; 42
   0070 9D                  163 	.db #0x9D	; 157
   0071 3F                  164 	.db #0x3F	; 63
   0072 3F                  165 	.db #0x3F	; 63
   0073 2A                  166 	.db #0x2A	; 42
   0074 55                  167 	.db #0x55	; 85	'U'
   0075 BF                  168 	.db #0xBF	; 191
   0076 2A                  169 	.db #0x2A	; 42
   0077 00                  170 	.db #0x00	; 0
   0078 00                  171 	.db #0x00	; 0
   0079 FF                  172 	.db #0xFF	; 255
   007A FF                  173 	.db #0xFF	; 255
   007B 00                  174 	.db #0x00	; 0
   007C 00                  175 	.db #0x00	; 0
   007D 55                  176 	.db #0x55	; 85	'U'
   007E FF                  177 	.db #0xFF	; 255
   007F FF                  178 	.db #0xFF	; 255
                            179 	.area _INITIALIZER
                            180 	.area _CABS (ABS)
