                              1 ;--------------------------------------------------------
                              2 ; File Created by SDCC : free open source ANSI-C Compiler
                              3 ; Version 3.5.5 #9498 (Linux)
                              4 ;--------------------------------------------------------
                              5 	.module game
                              6 	.optsdcc -mz80
                              7 	
                              8 ;--------------------------------------------------------
                              9 ; Public variables in this module
                             10 ;--------------------------------------------------------
                             11 	.globl _drawAll
                             12 	.globl _updateEntities
                             13 	.globl _updatePlayer
                             14 	.globl _accion
                             15 	.globl _incializarEntities
                             16 	.globl _cpct_etm_setTileset2x4
                             17 	.globl _cpct_etm_drawTileBox2x4
                             18 	.globl _cpct_waitVSYNC
                             19 	.globl _cpct_isAnyKeyPressed
                             20 	.globl _cpct_isKeyPressed
                             21 	.globl _cpct_scanKeyboard_if
                             22 	.globl _cpct_memset
                             23 	.globl _mapa
                             24 	.globl _player
                             25 	.globl _inicializarPantalla
                             26 	.globl _dibujarMapa
                             27 	.globl _updateUser
                             28 	.globl _play
                             29 ;--------------------------------------------------------
                             30 ; special function registers
                             31 ;--------------------------------------------------------
                             32 ;--------------------------------------------------------
                             33 ; ram data
                             34 ;--------------------------------------------------------
                             35 	.area _DATA
                             36 ;--------------------------------------------------------
                             37 ; ram data
                             38 ;--------------------------------------------------------
                             39 	.area _INITIALIZED
   0000                      40 _mapa::
   0000                      41 	.ds 2
                             42 ;--------------------------------------------------------
                             43 ; absolute external ram data
                             44 ;--------------------------------------------------------
                             45 	.area _DABS (ABS)
                             46 ;--------------------------------------------------------
                             47 ; global & static initialisations
                             48 ;--------------------------------------------------------
                             49 	.area _HOME
                             50 	.area _GSINIT
                             51 	.area _GSFINAL
                             52 	.area _GSINIT
                             53 ;--------------------------------------------------------
                             54 ; Home
                             55 ;--------------------------------------------------------
                             56 	.area _HOME
                             57 	.area _HOME
                             58 ;--------------------------------------------------------
                             59 ; code
                             60 ;--------------------------------------------------------
                             61 	.area _CODE
                             62 ;src/game.c:23: void inicializarPantalla(){
                             63 ;	---------------------------------
                             64 ; Function inicializarPantalla
                             65 ; ---------------------------------
   0000                      66 _inicializarPantalla::
                             67 ;src/game.c:25: cpct_clearScreen(0);
   0000 21 00 40      [10]   68 	ld	hl,#0x4000
   0003 E5            [11]   69 	push	hl
   0004 AF            [ 4]   70 	xor	a, a
   0005 F5            [11]   71 	push	af
   0006 33            [ 6]   72 	inc	sp
   0007 26 C0         [ 7]   73 	ld	h, #0xC0
   0009 E5            [11]   74 	push	hl
   000A CDr00r00      [17]   75 	call	_cpct_memset
                             76 ;src/game.c:27: mapa = g_map1;
   000D 21r00r00      [10]   77 	ld	hl,#_g_map1+0
   0010 22r00r00      [16]   78 	ld	(_mapa),hl
                             79 ;src/game.c:28: cpct_etm_setTileset2x4(g_tileset);
   0013 21r00r00      [10]   80 	ld	hl,#_g_tileset
   0016 CDr00r00      [17]   81 	call	_cpct_etm_setTileset2x4
                             82 ;src/game.c:29: dibujarMapa();
   0019 CDr25r00      [17]   83 	call	_dibujarMapa
   001C C9            [10]   84 	ret
   001D                      85 _player:
   001D 14                   86 	.db #0x14	; 20
   001E 9D                   87 	.db #0x9D	; 157
   001Fr1D                   88 	.byte (_player + 0)
   0020r1E                   89 	.byte (_player + 1)
   0021 01                   90 	.db #0x01	; 1
   0022r00r00                91 	.dw _g_naves_0
   0024 00                   92 	.db #0x00	; 0
                             93 ;src/game.c:33: void dibujarMapa(){
                             94 ;	---------------------------------
                             95 ; Function dibujarMapa
                             96 ; ---------------------------------
   0025                      97 _dibujarMapa::
                             98 ;src/game.c:34: cpct_etm_drawTilemap2x4(g_map1_W, g_map1_H, ORIGEN_MAPA, mapa);
   0025 2Ar00r00      [16]   99 	ld	hl,(_mapa)
   0028 E5            [11]  100 	push	hl
   0029 21 00 C0      [10]  101 	ld	hl,#0xC000
   002C E5            [11]  102 	push	hl
   002D 21 32 28      [10]  103 	ld	hl,#0x2832
   0030 E5            [11]  104 	push	hl
   0031 2E 00         [ 7]  105 	ld	l, #0x00
   0033 E5            [11]  106 	push	hl
   0034 AF            [ 4]  107 	xor	a, a
   0035 F5            [11]  108 	push	af
   0036 33            [ 6]  109 	inc	sp
   0037 CDr00r00      [17]  110 	call	_cpct_etm_drawTileBox2x4
   003A C9            [10]  111 	ret
                            112 ;src/game.c:37: void updateUser(){
                            113 ;	---------------------------------
                            114 ; Function updateUser
                            115 ; ---------------------------------
   003B                     116 _updateUser::
                            117 ;src/game.c:39: cpct_scanKeyboard_if();
   003B CDr00r00      [17]  118 	call	_cpct_scanKeyboard_if
                            119 ;src/game.c:40: if(cpct_isAnyKeyPressed()){
   003E CDr00r00      [17]  120 	call	_cpct_isAnyKeyPressed
   0041 7D            [ 4]  121 	ld	a,l
   0042 B7            [ 4]  122 	or	a, a
   0043 C8            [11]  123 	ret	Z
                            124 ;src/game.c:41: if(cpct_isKeyPressed(Key_CursorUp)){
   0044 21 00 01      [10]  125 	ld	hl,#0x0100
   0047 CDr00r00      [17]  126 	call	_cpct_isKeyPressed
   004A 7D            [ 4]  127 	ld	a,l
   004B B7            [ 4]  128 	or	a, a
   004C 28 0E         [12]  129 	jr	Z,00110$
                            130 ;src/game.c:42: accion(&player, es_mover, d_up);
   004E 21 01 00      [10]  131 	ld	hl,#0x0001
   0051 E5            [11]  132 	push	hl
   0052 21r1Dr00      [10]  133 	ld	hl,#_player
   0055 E5            [11]  134 	push	hl
   0056 CDr00r00      [17]  135 	call	_accion
   0059 F1            [10]  136 	pop	af
   005A F1            [10]  137 	pop	af
   005B C9            [10]  138 	ret
   005C                     139 00110$:
                            140 ;src/game.c:43: }else if(cpct_isKeyPressed(Key_CursorDown)){
   005C 21 00 04      [10]  141 	ld	hl,#0x0400
   005F CDr00r00      [17]  142 	call	_cpct_isKeyPressed
   0062 7D            [ 4]  143 	ld	a,l
   0063 B7            [ 4]  144 	or	a, a
   0064 28 0E         [12]  145 	jr	Z,00107$
                            146 ;src/game.c:44: accion(&player, es_mover, d_down);
   0066 21 01 01      [10]  147 	ld	hl,#0x0101
   0069 E5            [11]  148 	push	hl
   006A 21r1Dr00      [10]  149 	ld	hl,#_player
   006D E5            [11]  150 	push	hl
   006E CDr00r00      [17]  151 	call	_accion
   0071 F1            [10]  152 	pop	af
   0072 F1            [10]  153 	pop	af
   0073 C9            [10]  154 	ret
   0074                     155 00107$:
                            156 ;src/game.c:45: }else if(cpct_isKeyPressed(Key_CursorRight)){
   0074 21 00 02      [10]  157 	ld	hl,#0x0200
   0077 CDr00r00      [17]  158 	call	_cpct_isKeyPressed
   007A 7D            [ 4]  159 	ld	a,l
   007B B7            [ 4]  160 	or	a, a
   007C 28 0E         [12]  161 	jr	Z,00104$
                            162 ;src/game.c:46: accion(&player,es_mover,d_right);
   007E 21 01 02      [10]  163 	ld	hl,#0x0201
   0081 E5            [11]  164 	push	hl
   0082 21r1Dr00      [10]  165 	ld	hl,#_player
   0085 E5            [11]  166 	push	hl
   0086 CDr00r00      [17]  167 	call	_accion
   0089 F1            [10]  168 	pop	af
   008A F1            [10]  169 	pop	af
   008B C9            [10]  170 	ret
   008C                     171 00104$:
                            172 ;src/game.c:47: }else if(cpct_isKeyPressed(Key_CursorLeft)){
   008C 21 01 01      [10]  173 	ld	hl,#0x0101
   008F CDr00r00      [17]  174 	call	_cpct_isKeyPressed
   0092 7D            [ 4]  175 	ld	a,l
   0093 B7            [ 4]  176 	or	a, a
   0094 C8            [11]  177 	ret	Z
                            178 ;src/game.c:48: accion(&player,es_mover,d_left);
   0095 21 01 03      [10]  179 	ld	hl,#0x0301
   0098 E5            [11]  180 	push	hl
   0099 21r1Dr00      [10]  181 	ld	hl,#_player
   009C E5            [11]  182 	push	hl
   009D CDr00r00      [17]  183 	call	_accion
   00A0 F1            [10]  184 	pop	af
   00A1 F1            [10]  185 	pop	af
   00A2 C9            [10]  186 	ret
                            187 ;src/game.c:56: void play(){
                            188 ;	---------------------------------
                            189 ; Function play
                            190 ; ---------------------------------
   00A3                     191 _play::
   00A3 DD E5         [15]  192 	push	ix
   00A5 DD 21 00 00   [14]  193 	ld	ix,#0
   00A9 DD 39         [15]  194 	add	ix,sp
   00AB 3B            [ 6]  195 	dec	sp
                            196 ;src/game.c:58: u8 alive = 1;
   00AC DD 36 FF 01   [19]  197 	ld	-1 (ix),#0x01
                            198 ;src/game.c:60: inicializarPantalla();
   00B0 CDr00r00      [17]  199 	call	_inicializarPantalla
                            200 ;src/game.c:61: incializarEntities();
   00B3 CDr00r00      [17]  201 	call	_incializarEntities
                            202 ;src/game.c:64: while(alive){
   00B6                     203 00101$:
   00B6 DD 7E FF      [19]  204 	ld	a,-1 (ix)
   00B9 B7            [ 4]  205 	or	a, a
   00BA 28 1E         [12]  206 	jr	Z,00104$
                            207 ;src/game.c:65: updateUser();	
   00BC CDr3Br00      [17]  208 	call	_updateUser
                            209 ;src/game.c:66: alive = updatePlayer(&player);
   00BF 21r1Dr00      [10]  210 	ld	hl,#_player
   00C2 E5            [11]  211 	push	hl
   00C3 CDr00r00      [17]  212 	call	_updatePlayer
   00C6 F1            [10]  213 	pop	af
   00C7 DD 75 FF      [19]  214 	ld	-1 (ix),l
                            215 ;src/game.c:67: updateEntities();
   00CA CDr00r00      [17]  216 	call	_updateEntities
                            217 ;src/game.c:68: cpct_waitVSYNC();
   00CD CDr00r00      [17]  218 	call	_cpct_waitVSYNC
                            219 ;src/game.c:69: drawAll(&player);
   00D0 21r1Dr00      [10]  220 	ld	hl,#_player
   00D3 E5            [11]  221 	push	hl
   00D4 CDr00r00      [17]  222 	call	_drawAll
   00D7 F1            [10]  223 	pop	af
   00D8 18 DC         [12]  224 	jr	00101$
   00DA                     225 00104$:
   00DA 33            [ 6]  226 	inc	sp
   00DB DD E1         [14]  227 	pop	ix
   00DD C9            [10]  228 	ret
                            229 	.area _CODE
                            230 	.area _INITIALIZER
   0000                     231 __xinit__mapa:
   0000 00 00               232 	.dw #0x0000
                            233 	.area _CABS (ABS)
