                              1 ;--------------------------------------------------------
                              2 ; File Created by SDCC : free open source ANSI-C Compiler
                              3 ; Version 3.5.5 #9498 (Linux)
                              4 ;--------------------------------------------------------
                              5 	.module ghost
                              6 	.optsdcc -mz80
                              7 	
                              8 ;--------------------------------------------------------
                              9 ; Public variables in this module
                             10 ;--------------------------------------------------------
                             11 	.globl _g_ghost
                             12 	.globl _g_palette
                             13 ;--------------------------------------------------------
                             14 ; special function registers
                             15 ;--------------------------------------------------------
                             16 ;--------------------------------------------------------
                             17 ; ram data
                             18 ;--------------------------------------------------------
                             19 	.area _DATA
                             20 ;--------------------------------------------------------
                             21 ; ram data
                             22 ;--------------------------------------------------------
                             23 	.area _INITIALIZED
                             24 ;--------------------------------------------------------
                             25 ; absolute external ram data
                             26 ;--------------------------------------------------------
                             27 	.area _DABS (ABS)
                             28 ;--------------------------------------------------------
                             29 ; global & static initialisations
                             30 ;--------------------------------------------------------
                             31 	.area _HOME
                             32 	.area _GSINIT
                             33 	.area _GSFINAL
                             34 	.area _GSINIT
                             35 ;--------------------------------------------------------
                             36 ; Home
                             37 ;--------------------------------------------------------
                             38 	.area _HOME
                             39 	.area _HOME
                             40 ;--------------------------------------------------------
                             41 ; code
                             42 ;--------------------------------------------------------
                             43 	.area _CODE
                             44 	.area _CODE
   0000                      45 _g_palette:
   0000 54                   46 	.db #0x54	; 84	'T'
   0001 44                   47 	.db #0x44	; 68	'D'
   0002 5C                   48 	.db #0x5C	; 92
   0003 58                   49 	.db #0x58	; 88	'X'
   0004 45                   50 	.db #0x45	; 69	'E'
   0005 56                   51 	.db #0x56	; 86	'V'
   0006 46                   52 	.db #0x46	; 70	'F'
   0007 5E                   53 	.db #0x5E	; 94
   0008 40                   54 	.db #0x40	; 64
   0009 47                   55 	.db #0x47	; 71	'G'
   000A 42                   56 	.db #0x42	; 66	'B'
   000B 53                   57 	.db #0x53	; 83	'S'
   000C 5A                   58 	.db #0x5A	; 90	'Z'
   000D 4A                   59 	.db #0x4A	; 74	'J'
   000E 43                   60 	.db #0x43	; 67	'C'
   000F 4B                   61 	.db #0x4B	; 75	'K'
   0010                      62 _g_ghost:
   0010 FF                   63 	.db #0xFF	; 255
   0011 FF                   64 	.db #0xFF	; 255
   0012 00                   65 	.db #0x00	; 0
   0013 00                   66 	.db #0x00	; 0
   0014 00                   67 	.db #0x00	; 0
   0015 00                   68 	.db #0x00	; 0
   0016 FF                   69 	.db #0xFF	; 255
   0017 FF                   70 	.db #0xFF	; 255
   0018 FF                   71 	.db #0xFF	; 255
   0019 00                   72 	.db #0x00	; 0
   001A 30                   73 	.db #0x30	; 48	'0'
   001B 30                   74 	.db #0x30	; 48	'0'
   001C 20                   75 	.db #0x20	; 32
   001D 00                   76 	.db #0x00	; 0
   001E 55                   77 	.db #0x55	; 85	'U'
   001F FF                   78 	.db #0xFF	; 255
   0020 AA                   79 	.db #0xAA	; 170
   0021 30                   80 	.db #0x30	; 48	'0'
   0022 30                   81 	.db #0x30	; 48	'0'
   0023 20                   82 	.db #0x20	; 32
   0024 55                   83 	.db #0x55	; 85	'U'
   0025 AB                   84 	.db #0xAB	; 171
   0026 02                   85 	.db #0x02	; 2
   0027 FF                   86 	.db #0xFF	; 255
   0028 10                   87 	.db #0x10	; 16
   0029 30                   88 	.db #0x30	; 48	'0'
   002A 30                   89 	.db #0x30	; 48	'0'
   002B 20                   90 	.db #0x20	; 32
   002C FF                   91 	.db #0xFF	; 255
   002D FF                   92 	.db #0xFF	; 255
   002E 03                   93 	.db #0x03	; 3
   002F 55                   94 	.db #0x55	; 85	'U'
   0030 AA                   95 	.db #0xAA	; 170
   0031 30                   96 	.db #0x30	; 48	'0'
   0032 30                   97 	.db #0x30	; 48	'0'
   0033 00                   98 	.db #0x00	; 0
   0034 FF                   99 	.db #0xFF	; 255
   0035 FF                  100 	.db #0xFF	; 255
   0036 03                  101 	.db #0x03	; 3
   0037 55                  102 	.db #0x55	; 85	'U'
   0038 FF                  103 	.db #0xFF	; 255
   0039 00                  104 	.db #0x00	; 0
   003A 00                  105 	.db #0x00	; 0
   003B 55                  106 	.db #0x55	; 85	'U'
   003C AA                  107 	.db #0xAA	; 170
   003D 55                  108 	.db #0x55	; 85	'U'
   003E 00                  109 	.db #0x00	; 0
   003F 02                  110 	.db #0x02	; 2
   0040 AA                  111 	.db #0xAA	; 170
   0041 00                  112 	.db #0x00	; 0
   0042 00                  113 	.db #0x00	; 0
   0043 55                  114 	.db #0x55	; 85	'U'
   0044 AA                  115 	.db #0xAA	; 170
   0045 55                  116 	.db #0x55	; 85	'U'
   0046 00                  117 	.db #0x00	; 0
   0047 02                  118 	.db #0x02	; 2
   0048 AA                  119 	.db #0xAA	; 170
   0049 30                  120 	.db #0x30	; 48	'0'
   004A 30                  121 	.db #0x30	; 48	'0'
   004B 55                  122 	.db #0x55	; 85	'U'
   004C FF                  123 	.db #0xFF	; 255
   004D FF                  124 	.db #0xFF	; 255
   004E AB                  125 	.db #0xAB	; 171
   004F 02                  126 	.db #0x02	; 2
   0050 AA                  127 	.db #0xAA	; 170
   0051 30                  128 	.db #0x30	; 48	'0'
   0052 30                  129 	.db #0x30	; 48	'0'
   0053 00                  130 	.db #0x00	; 0
   0054 FF                  131 	.db #0xFF	; 255
   0055 FF                  132 	.db #0xFF	; 255
   0056 AB                  133 	.db #0xAB	; 171
   0057 02                  134 	.db #0x02	; 2
   0058 FF                  135 	.db #0xFF	; 255
   0059 10                  136 	.db #0x10	; 16
   005A 30                  137 	.db #0x30	; 48	'0'
   005B 20                  138 	.db #0x20	; 32
   005C FF                  139 	.db #0xFF	; 255
   005D AA                  140 	.db #0xAA	; 170
   005E AB                  141 	.db #0xAB	; 171
   005F 00                  142 	.db #0x00	; 0
   0060 AA                  143 	.db #0xAA	; 170
   0061 10                  144 	.db #0x10	; 16
   0062 30                  145 	.db #0x30	; 48	'0'
   0063 20                  146 	.db #0x20	; 32
   0064 55                  147 	.db #0x55	; 85	'U'
   0065 AA                  148 	.db #0xAA	; 170
   0066 03                  149 	.db #0x03	; 3
   0067 55                  150 	.db #0x55	; 85	'U'
   0068 AA                  151 	.db #0xAA	; 170
   0069 20                  152 	.db #0x20	; 32
   006A 00                  153 	.db #0x00	; 0
   006B 30                  154 	.db #0x30	; 48	'0'
   006C 00                  155 	.db #0x00	; 0
   006D AB                  156 	.db #0xAB	; 171
   006E 02                  157 	.db #0x02	; 2
   006F 08                  158 	.db #0x08	; 8
   0070 10                  159 	.db #0x10	; 16
   0071 30                  160 	.db #0x30	; 48	'0'
   0072 20                  161 	.db #0x20	; 32
   0073 00                  162 	.db #0x00	; 0
   0074 F3                  163 	.db #0xF3	; 243
   0075 00                  164 	.db #0x00	; 0
   0076 10                  165 	.db #0x10	; 16
   0077 08                  166 	.db #0x08	; 8
   0078 00                  167 	.db #0x00	; 0
   0079 04                  168 	.db #0x04	; 4
   007A 0C                  169 	.db #0x0C	; 12
   007B 08                  170 	.db #0x08	; 8
   007C 10                  171 	.db #0x10	; 16
   007D 30                  172 	.db #0x30	; 48	'0'
   007E 20                  173 	.db #0x20	; 32
   007F 00                  174 	.db #0x00	; 0
   0080 FF                  175 	.db #0xFF	; 255
   0081 00                  176 	.db #0x00	; 0
   0082 00                  177 	.db #0x00	; 0
   0083 00                  178 	.db #0x00	; 0
   0084 02                  179 	.db #0x02	; 2
   0085 04                  180 	.db #0x04	; 4
   0086 0C                  181 	.db #0x0C	; 12
   0087 55                  182 	.db #0x55	; 85	'U'
   0088 FF                  183 	.db #0xFF	; 255
   0089 FF                  184 	.db #0xFF	; 255
   008A 00                  185 	.db #0x00	; 0
   008B FF                  186 	.db #0xFF	; 255
   008C AB                  187 	.db #0xAB	; 171
   008D 00                  188 	.db #0x00	; 0
   008E 00                  189 	.db #0x00	; 0
   008F FF                  190 	.db #0xFF	; 255
                            191 	.area _INITIALIZER
                            192 	.area _CABS (ABS)
