                              1 ;--------------------------------------------------------
                              2 ; File Created by SDCC : free open source ANSI-C Compiler
                              3 ; Version 3.5.5 #9498 (Linux)
                              4 ;--------------------------------------------------------
                              5 	.module main
                              6 	.optsdcc -mz80
                              7 	
                              8 ;--------------------------------------------------------
                              9 ; Public variables in this module
                             10 ;--------------------------------------------------------
                             11 	.globl _main
                             12 	.globl _cpct_setPALColour
                             13 	.globl _cpct_setPalette
                             14 	.globl _cpct_setVideoMode
                             15 	.globl _cpct_drawSprite
                             16 	.globl _cpct_disableFirmware
                             17 ;--------------------------------------------------------
                             18 ; special function registers
                             19 ;--------------------------------------------------------
                             20 ;--------------------------------------------------------
                             21 ; ram data
                             22 ;--------------------------------------------------------
                             23 	.area _DATA
                             24 ;--------------------------------------------------------
                             25 ; ram data
                             26 ;--------------------------------------------------------
                             27 	.area _INITIALIZED
                             28 ;--------------------------------------------------------
                             29 ; absolute external ram data
                             30 ;--------------------------------------------------------
                             31 	.area _DABS (ABS)
                             32 ;--------------------------------------------------------
                             33 ; global & static initialisations
                             34 ;--------------------------------------------------------
                             35 	.area _HOME
                             36 	.area _GSINIT
                             37 	.area _GSFINAL
                             38 	.area _GSINIT
                             39 ;--------------------------------------------------------
                             40 ; Home
                             41 ;--------------------------------------------------------
                             42 	.area _HOME
                             43 	.area _HOME
                             44 ;--------------------------------------------------------
                             45 ; code
                             46 ;--------------------------------------------------------
                             47 	.area _CODE
                             48 ;src/main.c:34: void main(void) {
                             49 ;	---------------------------------
                             50 ; Function main
                             51 ; ---------------------------------
   0000                      52 _main::
                             53 ;src/main.c:36: cpct_disableFirmware();
   0000 CDr00r00      [17]   54 	call	_cpct_disableFirmware
                             55 ;src/main.c:37: cpct_setVideoMode(0);
   0003 2E 00         [ 7]   56 	ld	l,#0x00
   0005 CDr00r00      [17]   57 	call	_cpct_setVideoMode
                             58 ;src/main.c:38: cpct_setBorder(HW_BLACK);
   0008 21 10 14      [10]   59 	ld	hl,#0x1410
   000B E5            [11]   60 	push	hl
   000C CDr00r00      [17]   61 	call	_cpct_setPALColour
                             62 ;src/main.c:40: cpct_setPalette(g_palette,16);
   000F 21 10 00      [10]   63 	ld	hl,#0x0010
   0012 E5            [11]   64 	push	hl
   0013 21r00r00      [10]   65 	ld	hl,#_g_palette
   0016 E5            [11]   66 	push	hl
   0017 CDr00r00      [17]   67 	call	_cpct_setPalette
                             68 ;src/main.c:43: cpct_drawSprite(g_ghost,VMEM_START,8,16);
   001A 21 08 10      [10]   69 	ld	hl,#0x1008
   001D E5            [11]   70 	push	hl
   001E 21 00 C0      [10]   71 	ld	hl,#0xC000
   0021 E5            [11]   72 	push	hl
   0022 21r00r00      [10]   73 	ld	hl,#_g_ghost
   0025 E5            [11]   74 	push	hl
   0026 CDr00r00      [17]   75 	call	_cpct_drawSprite
                             76 ;src/main.c:46: while (1);
   0029                      77 00102$:
   0029 18 FE         [12]   78 	jr	00102$
                             79 	.area _CODE
                             80 	.area _INITIALIZER
                             81 	.area _CABS (ABS)
