                              1 ;--------------------------------------------------------
                              2 ; File Created by SDCC : free open source ANSI-C Compiler
                              3 ; Version 3.5.5 #9498 (Linux)
                              4 ;--------------------------------------------------------
                              5 	.module naves
                              6 	.optsdcc -mz80
                              7 	
                              8 ;--------------------------------------------------------
                              9 ; Public variables in this module
                             10 ;--------------------------------------------------------
                             11 	.globl _g_naves_5
                             12 	.globl _g_naves_4
                             13 	.globl _g_naves_3
                             14 	.globl _g_naves_2
                             15 	.globl _g_naves_1
                             16 	.globl _g_naves_0
                             17 	.globl _g_palette
                             18 ;--------------------------------------------------------
                             19 ; special function registers
                             20 ;--------------------------------------------------------
                             21 ;--------------------------------------------------------
                             22 ; ram data
                             23 ;--------------------------------------------------------
                             24 	.area _DATA
                             25 ;--------------------------------------------------------
                             26 ; ram data
                             27 ;--------------------------------------------------------
                             28 	.area _INITIALIZED
                             29 ;--------------------------------------------------------
                             30 ; absolute external ram data
                             31 ;--------------------------------------------------------
                             32 	.area _DABS (ABS)
                             33 ;--------------------------------------------------------
                             34 ; global & static initialisations
                             35 ;--------------------------------------------------------
                             36 	.area _HOME
                             37 	.area _GSINIT
                             38 	.area _GSFINAL
                             39 	.area _GSINIT
                             40 ;--------------------------------------------------------
                             41 ; Home
                             42 ;--------------------------------------------------------
                             43 	.area _HOME
                             44 	.area _HOME
                             45 ;--------------------------------------------------------
                             46 ; code
                             47 ;--------------------------------------------------------
                             48 	.area _CODE
                             49 	.area _CODE
   0000                      50 _g_palette:
   0000 54                   51 	.db #0x54	; 84	'T'
   0001 44                   52 	.db #0x44	; 68	'D'
   0002 5C                   53 	.db #0x5C	; 92
   0003 58                   54 	.db #0x58	; 88	'X'
   0004 45                   55 	.db #0x45	; 69	'E'
   0005 56                   56 	.db #0x56	; 86	'V'
   0006 46                   57 	.db #0x46	; 70	'F'
   0007 5E                   58 	.db #0x5E	; 94
   0008 40                   59 	.db #0x40	; 64
   0009 47                   60 	.db #0x47	; 71	'G'
   000A 42                   61 	.db #0x42	; 66	'B'
   000B 53                   62 	.db #0x53	; 83	'S'
   000C 5A                   63 	.db #0x5A	; 90	'Z'
   000D 4A                   64 	.db #0x4A	; 74	'J'
   000E 43                   65 	.db #0x43	; 67	'C'
   000F 4B                   66 	.db #0x4B	; 75	'K'
   0010                      67 _g_naves_0:
   0010 00                   68 	.db #0x00	; 0
   0011 00                   69 	.db #0x00	; 0
   0012 00                   70 	.db #0x00	; 0
   0013 00                   71 	.db #0x00	; 0
   0014 00                   72 	.db #0x00	; 0
   0015 00                   73 	.db #0x00	; 0
   0016 00                   74 	.db #0x00	; 0
   0017 00                   75 	.db #0x00	; 0
   0018 00                   76 	.db #0x00	; 0
   0019 00                   77 	.db #0x00	; 0
   001A 00                   78 	.db #0x00	; 0
   001B 01                   79 	.db #0x01	; 1
   001C 02                   80 	.db #0x02	; 2
   001D 00                   81 	.db #0x00	; 0
   001E 00                   82 	.db #0x00	; 0
   001F 00                   83 	.db #0x00	; 0
   0020 00                   84 	.db #0x00	; 0
   0021 00                   85 	.db #0x00	; 0
   0022 00                   86 	.db #0x00	; 0
   0023 57                   87 	.db #0x57	; 87	'W'
   0024 AB                   88 	.db #0xAB	; 171
   0025 00                   89 	.db #0x00	; 0
   0026 00                   90 	.db #0x00	; 0
   0027 00                   91 	.db #0x00	; 0
   0028 00                   92 	.db #0x00	; 0
   0029 00                   93 	.db #0x00	; 0
   002A 00                   94 	.db #0x00	; 0
   002B 03                   95 	.db #0x03	; 3
   002C 03                   96 	.db #0x03	; 3
   002D 00                   97 	.db #0x00	; 0
   002E 00                   98 	.db #0x00	; 0
   002F 00                   99 	.db #0x00	; 0
   0030 00                  100 	.db #0x00	; 0
   0031 00                  101 	.db #0x00	; 0
   0032 00                  102 	.db #0x00	; 0
   0033 03                  103 	.db #0x03	; 3
   0034 03                  104 	.db #0x03	; 3
   0035 00                  105 	.db #0x00	; 0
   0036 00                  106 	.db #0x00	; 0
   0037 00                  107 	.db #0x00	; 0
   0038 00                  108 	.db #0x00	; 0
   0039 00                  109 	.db #0x00	; 0
   003A 01                  110 	.db #0x01	; 1
   003B 01                  111 	.db #0x01	; 1
   003C 02                  112 	.db #0x02	; 2
   003D 02                  113 	.db #0x02	; 2
   003E 00                  114 	.db #0x00	; 0
   003F 00                  115 	.db #0x00	; 0
   0040 00                  116 	.db #0x00	; 0
   0041 00                  117 	.db #0x00	; 0
   0042 03                  118 	.db #0x03	; 3
   0043 01                  119 	.db #0x01	; 1
   0044 02                  120 	.db #0x02	; 2
   0045 03                  121 	.db #0x03	; 3
   0046 00                  122 	.db #0x00	; 0
   0047 00                  123 	.db #0x00	; 0
   0048 00                  124 	.db #0x00	; 0
   0049 01                  125 	.db #0x01	; 1
   004A 03                  126 	.db #0x03	; 3
   004B 01                  127 	.db #0x01	; 1
   004C 02                  128 	.db #0x02	; 2
   004D 03                  129 	.db #0x03	; 3
   004E 02                  130 	.db #0x02	; 2
   004F 00                  131 	.db #0x00	; 0
   0050 00                  132 	.db #0x00	; 0
   0051 03                  133 	.db #0x03	; 3
   0052 AB                  134 	.db #0xAB	; 171
   0053 01                  135 	.db #0x01	; 1
   0054 02                  136 	.db #0x02	; 2
   0055 57                  137 	.db #0x57	; 87	'W'
   0056 03                  138 	.db #0x03	; 3
   0057 00                  139 	.db #0x00	; 0
   0058 01                  140 	.db #0x01	; 1
   0059 57                  141 	.db #0x57	; 87	'W'
   005A AB                  142 	.db #0xAB	; 171
   005B 01                  143 	.db #0x01	; 1
   005C 02                  144 	.db #0x02	; 2
   005D 57                  145 	.db #0x57	; 87	'W'
   005E AB                  146 	.db #0xAB	; 171
   005F 02                  147 	.db #0x02	; 2
   0060 01                  148 	.db #0x01	; 1
   0061 FF                  149 	.db #0xFF	; 255
   0062 AB                  150 	.db #0xAB	; 171
   0063 01                  151 	.db #0x01	; 1
   0064 02                  152 	.db #0x02	; 2
   0065 57                  153 	.db #0x57	; 87	'W'
   0066 FF                  154 	.db #0xFF	; 255
   0067 02                  155 	.db #0x02	; 2
   0068 01                  156 	.db #0x01	; 1
   0069 FF                  157 	.db #0xFF	; 255
   006A 03                  158 	.db #0x03	; 3
   006B 01                  159 	.db #0x01	; 1
   006C 02                  160 	.db #0x02	; 2
   006D 03                  161 	.db #0x03	; 3
   006E FF                  162 	.db #0xFF	; 255
   006F 02                  163 	.db #0x02	; 2
   0070 01                  164 	.db #0x01	; 1
   0071 AB                  165 	.db #0xAB	; 171
   0072 00                  166 	.db #0x00	; 0
   0073 01                  167 	.db #0x01	; 1
   0074 02                  168 	.db #0x02	; 2
   0075 00                  169 	.db #0x00	; 0
   0076 57                  170 	.db #0x57	; 87	'W'
   0077 02                  171 	.db #0x02	; 2
   0078 01                  172 	.db #0x01	; 1
   0079 02                  173 	.db #0x02	; 2
   007A 00                  174 	.db #0x00	; 0
   007B 00                  175 	.db #0x00	; 0
   007C 00                  176 	.db #0x00	; 0
   007D 00                  177 	.db #0x00	; 0
   007E 01                  178 	.db #0x01	; 1
   007F 02                  179 	.db #0x02	; 2
   0080 00                  180 	.db #0x00	; 0
   0081 00                  181 	.db #0x00	; 0
   0082 00                  182 	.db #0x00	; 0
   0083 00                  183 	.db #0x00	; 0
   0084 00                  184 	.db #0x00	; 0
   0085 00                  185 	.db #0x00	; 0
   0086 00                  186 	.db #0x00	; 0
   0087 00                  187 	.db #0x00	; 0
   0088 00                  188 	.db #0x00	; 0
   0089 00                  189 	.db #0x00	; 0
   008A 00                  190 	.db #0x00	; 0
   008B 00                  191 	.db #0x00	; 0
   008C 00                  192 	.db #0x00	; 0
   008D 00                  193 	.db #0x00	; 0
   008E 00                  194 	.db #0x00	; 0
   008F 00                  195 	.db #0x00	; 0
   0090                     196 _g_naves_1:
   0090 00                  197 	.db #0x00	; 0
   0091 00                  198 	.db #0x00	; 0
   0092 00                  199 	.db #0x00	; 0
   0093 00                  200 	.db #0x00	; 0
   0094 00                  201 	.db #0x00	; 0
   0095 00                  202 	.db #0x00	; 0
   0096 00                  203 	.db #0x00	; 0
   0097 00                  204 	.db #0x00	; 0
   0098 00                  205 	.db #0x00	; 0
   0099 00                  206 	.db #0x00	; 0
   009A 00                  207 	.db #0x00	; 0
   009B 00                  208 	.db #0x00	; 0
   009C 00                  209 	.db #0x00	; 0
   009D 00                  210 	.db #0x00	; 0
   009E 00                  211 	.db #0x00	; 0
   009F 00                  212 	.db #0x00	; 0
   00A0 00                  213 	.db #0x00	; 0
   00A1 00                  214 	.db #0x00	; 0
   00A2 00                  215 	.db #0x00	; 0
   00A3 57                  216 	.db #0x57	; 87	'W'
   00A4 AB                  217 	.db #0xAB	; 171
   00A5 00                  218 	.db #0x00	; 0
   00A6 00                  219 	.db #0x00	; 0
   00A7 00                  220 	.db #0x00	; 0
   00A8 00                  221 	.db #0x00	; 0
   00A9 00                  222 	.db #0x00	; 0
   00AA 00                  223 	.db #0x00	; 0
   00AB 57                  224 	.db #0x57	; 87	'W'
   00AC AB                  225 	.db #0xAB	; 171
   00AD 00                  226 	.db #0x00	; 0
   00AE 00                  227 	.db #0x00	; 0
   00AF 00                  228 	.db #0x00	; 0
   00B0 00                  229 	.db #0x00	; 0
   00B1 00                  230 	.db #0x00	; 0
   00B2 00                  231 	.db #0x00	; 0
   00B3 57                  232 	.db #0x57	; 87	'W'
   00B4 AB                  233 	.db #0xAB	; 171
   00B5 00                  234 	.db #0x00	; 0
   00B6 00                  235 	.db #0x00	; 0
   00B7 00                  236 	.db #0x00	; 0
   00B8 00                  237 	.db #0x00	; 0
   00B9 00                  238 	.db #0x00	; 0
   00BA 01                  239 	.db #0x01	; 1
   00BB 03                  240 	.db #0x03	; 3
   00BC 03                  241 	.db #0x03	; 3
   00BD 02                  242 	.db #0x02	; 2
   00BE 00                  243 	.db #0x00	; 0
   00BF 00                  244 	.db #0x00	; 0
   00C0 00                  245 	.db #0x00	; 0
   00C1 02                  246 	.db #0x02	; 2
   00C2 03                  247 	.db #0x03	; 3
   00C3 57                  248 	.db #0x57	; 87	'W'
   00C4 AB                  249 	.db #0xAB	; 171
   00C5 03                  250 	.db #0x03	; 3
   00C6 01                  251 	.db #0x01	; 1
   00C7 00                  252 	.db #0x00	; 0
   00C8 00                  253 	.db #0x00	; 0
   00C9 03                  254 	.db #0x03	; 3
   00CA 57                  255 	.db #0x57	; 87	'W'
   00CB 57                  256 	.db #0x57	; 87	'W'
   00CC AB                  257 	.db #0xAB	; 171
   00CD AB                  258 	.db #0xAB	; 171
   00CE 03                  259 	.db #0x03	; 3
   00CF 00                  260 	.db #0x00	; 0
   00D0 00                  261 	.db #0x00	; 0
   00D1 03                  262 	.db #0x03	; 3
   00D2 FF                  263 	.db #0xFF	; 255
   00D3 57                  264 	.db #0x57	; 87	'W'
   00D4 AB                  265 	.db #0xAB	; 171
   00D5 FF                  266 	.db #0xFF	; 255
   00D6 03                  267 	.db #0x03	; 3
   00D7 00                  268 	.db #0x00	; 0
   00D8 01                  269 	.db #0x01	; 1
   00D9 57                  270 	.db #0x57	; 87	'W'
   00DA FF                  271 	.db #0xFF	; 255
   00DB 57                  272 	.db #0x57	; 87	'W'
   00DC AB                  273 	.db #0xAB	; 171
   00DD FF                  274 	.db #0xFF	; 255
   00DE AB                  275 	.db #0xAB	; 171
   00DF 02                  276 	.db #0x02	; 2
   00E0 01                  277 	.db #0x01	; 1
   00E1 FF                  278 	.db #0xFF	; 255
   00E2 AB                  279 	.db #0xAB	; 171
   00E3 57                  280 	.db #0x57	; 87	'W'
   00E4 AB                  281 	.db #0xAB	; 171
   00E5 57                  282 	.db #0x57	; 87	'W'
   00E6 FF                  283 	.db #0xFF	; 255
   00E7 02                  284 	.db #0x02	; 2
   00E8 01                  285 	.db #0x01	; 1
   00E9 FF                  286 	.db #0xFF	; 255
   00EA 03                  287 	.db #0x03	; 3
   00EB 57                  288 	.db #0x57	; 87	'W'
   00EC AB                  289 	.db #0xAB	; 171
   00ED 03                  290 	.db #0x03	; 3
   00EE FF                  291 	.db #0xFF	; 255
   00EF 02                  292 	.db #0x02	; 2
   00F0 01                  293 	.db #0x01	; 1
   00F1 AB                  294 	.db #0xAB	; 171
   00F2 00                  295 	.db #0x00	; 0
   00F3 03                  296 	.db #0x03	; 3
   00F4 03                  297 	.db #0x03	; 3
   00F5 00                  298 	.db #0x00	; 0
   00F6 57                  299 	.db #0x57	; 87	'W'
   00F7 02                  300 	.db #0x02	; 2
   00F8 01                  301 	.db #0x01	; 1
   00F9 02                  302 	.db #0x02	; 2
   00FA 00                  303 	.db #0x00	; 0
   00FB 00                  304 	.db #0x00	; 0
   00FC 00                  305 	.db #0x00	; 0
   00FD 00                  306 	.db #0x00	; 0
   00FE 01                  307 	.db #0x01	; 1
   00FF 02                  308 	.db #0x02	; 2
   0100 00                  309 	.db #0x00	; 0
   0101 00                  310 	.db #0x00	; 0
   0102 00                  311 	.db #0x00	; 0
   0103 00                  312 	.db #0x00	; 0
   0104 00                  313 	.db #0x00	; 0
   0105 00                  314 	.db #0x00	; 0
   0106 00                  315 	.db #0x00	; 0
   0107 00                  316 	.db #0x00	; 0
   0108 00                  317 	.db #0x00	; 0
   0109 00                  318 	.db #0x00	; 0
   010A 00                  319 	.db #0x00	; 0
   010B 00                  320 	.db #0x00	; 0
   010C 00                  321 	.db #0x00	; 0
   010D 00                  322 	.db #0x00	; 0
   010E 00                  323 	.db #0x00	; 0
   010F 00                  324 	.db #0x00	; 0
   0110                     325 _g_naves_2:
   0110 00                  326 	.db #0x00	; 0
   0111 00                  327 	.db #0x00	; 0
   0112 00                  328 	.db #0x00	; 0
   0113 00                  329 	.db #0x00	; 0
   0114 00                  330 	.db #0x00	; 0
   0115 00                  331 	.db #0x00	; 0
   0116 00                  332 	.db #0x00	; 0
   0117 00                  333 	.db #0x00	; 0
   0118 00                  334 	.db #0x00	; 0
   0119 00                  335 	.db #0x00	; 0
   011A 00                  336 	.db #0x00	; 0
   011B 00                  337 	.db #0x00	; 0
   011C 00                  338 	.db #0x00	; 0
   011D 00                  339 	.db #0x00	; 0
   011E 00                  340 	.db #0x00	; 0
   011F 00                  341 	.db #0x00	; 0
   0120 00                  342 	.db #0x00	; 0
   0121 00                  343 	.db #0x00	; 0
   0122 00                  344 	.db #0x00	; 0
   0123 57                  345 	.db #0x57	; 87	'W'
   0124 AB                  346 	.db #0xAB	; 171
   0125 00                  347 	.db #0x00	; 0
   0126 00                  348 	.db #0x00	; 0
   0127 00                  349 	.db #0x00	; 0
   0128 00                  350 	.db #0x00	; 0
   0129 00                  351 	.db #0x00	; 0
   012A 00                  352 	.db #0x00	; 0
   012B 57                  353 	.db #0x57	; 87	'W'
   012C AB                  354 	.db #0xAB	; 171
   012D 00                  355 	.db #0x00	; 0
   012E 00                  356 	.db #0x00	; 0
   012F 00                  357 	.db #0x00	; 0
   0130 01                  358 	.db #0x01	; 1
   0131 02                  359 	.db #0x02	; 2
   0132 00                  360 	.db #0x00	; 0
   0133 57                  361 	.db #0x57	; 87	'W'
   0134 AB                  362 	.db #0xAB	; 171
   0135 00                  363 	.db #0x00	; 0
   0136 01                  364 	.db #0x01	; 1
   0137 02                  365 	.db #0x02	; 2
   0138 01                  366 	.db #0x01	; 1
   0139 AB                  367 	.db #0xAB	; 171
   013A 01                  368 	.db #0x01	; 1
   013B 03                  369 	.db #0x03	; 3
   013C 03                  370 	.db #0x03	; 3
   013D 02                  371 	.db #0x02	; 2
   013E 57                  372 	.db #0x57	; 87	'W'
   013F 02                  373 	.db #0x02	; 2
   0140 01                  374 	.db #0x01	; 1
   0141 FF                  375 	.db #0xFF	; 255
   0142 03                  376 	.db #0x03	; 3
   0143 57                  377 	.db #0x57	; 87	'W'
   0144 AB                  378 	.db #0xAB	; 171
   0145 03                  379 	.db #0x03	; 3
   0146 FF                  380 	.db #0xFF	; 255
   0147 02                  381 	.db #0x02	; 2
   0148 01                  382 	.db #0x01	; 1
   0149 FF                  383 	.db #0xFF	; 255
   014A FF                  384 	.db #0xFF	; 255
   014B 57                  385 	.db #0x57	; 87	'W'
   014C AB                  386 	.db #0xAB	; 171
   014D FF                  387 	.db #0xFF	; 255
   014E FF                  388 	.db #0xFF	; 255
   014F 02                  389 	.db #0x02	; 2
   0150 01                  390 	.db #0x01	; 1
   0151 57                  391 	.db #0x57	; 87	'W'
   0152 FF                  392 	.db #0xFF	; 255
   0153 57                  393 	.db #0x57	; 87	'W'
   0154 AB                  394 	.db #0xAB	; 171
   0155 FF                  395 	.db #0xFF	; 255
   0156 AB                  396 	.db #0xAB	; 171
   0157 02                  397 	.db #0x02	; 2
   0158 00                  398 	.db #0x00	; 0
   0159 03                  399 	.db #0x03	; 3
   015A FF                  400 	.db #0xFF	; 255
   015B 57                  401 	.db #0x57	; 87	'W'
   015C AB                  402 	.db #0xAB	; 171
   015D FF                  403 	.db #0xFF	; 255
   015E 03                  404 	.db #0x03	; 3
   015F 00                  405 	.db #0x00	; 0
   0160 00                  406 	.db #0x00	; 0
   0161 01                  407 	.db #0x01	; 1
   0162 03                  408 	.db #0x03	; 3
   0163 57                  409 	.db #0x57	; 87	'W'
   0164 AB                  410 	.db #0xAB	; 171
   0165 03                  411 	.db #0x03	; 3
   0166 02                  412 	.db #0x02	; 2
   0167 00                  413 	.db #0x00	; 0
   0168 00                  414 	.db #0x00	; 0
   0169 00                  415 	.db #0x00	; 0
   016A 03                  416 	.db #0x03	; 3
   016B 57                  417 	.db #0x57	; 87	'W'
   016C AB                  418 	.db #0xAB	; 171
   016D 03                  419 	.db #0x03	; 3
   016E 00                  420 	.db #0x00	; 0
   016F 00                  421 	.db #0x00	; 0
   0170 00                  422 	.db #0x00	; 0
   0171 00                  423 	.db #0x00	; 0
   0172 00                  424 	.db #0x00	; 0
   0173 03                  425 	.db #0x03	; 3
   0174 03                  426 	.db #0x03	; 3
   0175 00                  427 	.db #0x00	; 0
   0176 00                  428 	.db #0x00	; 0
   0177 00                  429 	.db #0x00	; 0
   0178 00                  430 	.db #0x00	; 0
   0179 00                  431 	.db #0x00	; 0
   017A 00                  432 	.db #0x00	; 0
   017B 00                  433 	.db #0x00	; 0
   017C 00                  434 	.db #0x00	; 0
   017D 00                  435 	.db #0x00	; 0
   017E 00                  436 	.db #0x00	; 0
   017F 00                  437 	.db #0x00	; 0
   0180 00                  438 	.db #0x00	; 0
   0181 00                  439 	.db #0x00	; 0
   0182 00                  440 	.db #0x00	; 0
   0183 00                  441 	.db #0x00	; 0
   0184 00                  442 	.db #0x00	; 0
   0185 00                  443 	.db #0x00	; 0
   0186 00                  444 	.db #0x00	; 0
   0187 00                  445 	.db #0x00	; 0
   0188 00                  446 	.db #0x00	; 0
   0189 00                  447 	.db #0x00	; 0
   018A 00                  448 	.db #0x00	; 0
   018B 00                  449 	.db #0x00	; 0
   018C 00                  450 	.db #0x00	; 0
   018D 00                  451 	.db #0x00	; 0
   018E 00                  452 	.db #0x00	; 0
   018F 00                  453 	.db #0x00	; 0
   0190                     454 _g_naves_3:
   0190 00                  455 	.db #0x00	; 0
   0191 00                  456 	.db #0x00	; 0
   0192 00                  457 	.db #0x00	; 0
   0193 00                  458 	.db #0x00	; 0
   0194 00                  459 	.db #0x00	; 0
   0195 00                  460 	.db #0x00	; 0
   0196 00                  461 	.db #0x00	; 0
   0197 00                  462 	.db #0x00	; 0
   0198 00                  463 	.db #0x00	; 0
   0199 00                  464 	.db #0x00	; 0
   019A 00                  465 	.db #0x00	; 0
   019B 00                  466 	.db #0x00	; 0
   019C 00                  467 	.db #0x00	; 0
   019D 00                  468 	.db #0x00	; 0
   019E 00                  469 	.db #0x00	; 0
   019F 00                  470 	.db #0x00	; 0
   01A0 00                  471 	.db #0x00	; 0
   01A1 00                  472 	.db #0x00	; 0
   01A2 00                  473 	.db #0x00	; 0
   01A3 00                  474 	.db #0x00	; 0
   01A4 00                  475 	.db #0x00	; 0
   01A5 00                  476 	.db #0x00	; 0
   01A6 00                  477 	.db #0x00	; 0
   01A7 00                  478 	.db #0x00	; 0
   01A8 00                  479 	.db #0x00	; 0
   01A9 00                  480 	.db #0x00	; 0
   01AA 01                  481 	.db #0x01	; 1
   01AB 02                  482 	.db #0x02	; 2
   01AC 01                  483 	.db #0x01	; 1
   01AD 02                  484 	.db #0x02	; 2
   01AE 00                  485 	.db #0x00	; 0
   01AF 00                  486 	.db #0x00	; 0
   01B0 00                  487 	.db #0x00	; 0
   01B1 00                  488 	.db #0x00	; 0
   01B2 01                  489 	.db #0x01	; 1
   01B3 02                  490 	.db #0x02	; 2
   01B4 01                  491 	.db #0x01	; 1
   01B5 02                  492 	.db #0x02	; 2
   01B6 00                  493 	.db #0x00	; 0
   01B7 00                  494 	.db #0x00	; 0
   01B8 00                  495 	.db #0x00	; 0
   01B9 00                  496 	.db #0x00	; 0
   01BA 03                  497 	.db #0x03	; 3
   01BB AA                  498 	.db #0xAA	; 170
   01BC 55                  499 	.db #0x55	; 85	'U'
   01BD 03                  500 	.db #0x03	; 3
   01BE 00                  501 	.db #0x00	; 0
   01BF 00                  502 	.db #0x00	; 0
   01C0 00                  503 	.db #0x00	; 0
   01C1 FF                  504 	.db #0xFF	; 255
   01C2 57                  505 	.db #0x57	; 87	'W'
   01C3 AA                  506 	.db #0xAA	; 170
   01C4 55                  507 	.db #0x55	; 85	'U'
   01C5 AB                  508 	.db #0xAB	; 171
   01C6 FF                  509 	.db #0xFF	; 255
   01C7 00                  510 	.db #0x00	; 0
   01C8 00                  511 	.db #0x00	; 0
   01C9 FF                  512 	.db #0xFF	; 255
   01CA 57                  513 	.db #0x57	; 87	'W'
   01CB AA                  514 	.db #0xAA	; 170
   01CC 55                  515 	.db #0x55	; 85	'U'
   01CD AB                  516 	.db #0xAB	; 171
   01CE FF                  517 	.db #0xFF	; 255
   01CF 00                  518 	.db #0x00	; 0
   01D0 00                  519 	.db #0x00	; 0
   01D1 FF                  520 	.db #0xFF	; 255
   01D2 57                  521 	.db #0x57	; 87	'W'
   01D3 AA                  522 	.db #0xAA	; 170
   01D4 55                  523 	.db #0x55	; 85	'U'
   01D5 AB                  524 	.db #0xAB	; 171
   01D6 FF                  525 	.db #0xFF	; 255
   01D7 00                  526 	.db #0x00	; 0
   01D8 00                  527 	.db #0x00	; 0
   01D9 FF                  528 	.db #0xFF	; 255
   01DA 57                  529 	.db #0x57	; 87	'W'
   01DB AA                  530 	.db #0xAA	; 170
   01DC 55                  531 	.db #0x55	; 85	'U'
   01DD AB                  532 	.db #0xAB	; 171
   01DE FF                  533 	.db #0xFF	; 255
   01DF 00                  534 	.db #0x00	; 0
   01E0 00                  535 	.db #0x00	; 0
   01E1 FF                  536 	.db #0xFF	; 255
   01E2 57                  537 	.db #0x57	; 87	'W'
   01E3 FF                  538 	.db #0xFF	; 255
   01E4 FF                  539 	.db #0xFF	; 255
   01E5 AB                  540 	.db #0xAB	; 171
   01E6 FF                  541 	.db #0xFF	; 255
   01E7 00                  542 	.db #0x00	; 0
   01E8 00                  543 	.db #0x00	; 0
   01E9 FF                  544 	.db #0xFF	; 255
   01EA 03                  545 	.db #0x03	; 3
   01EB FF                  546 	.db #0xFF	; 255
   01EC FF                  547 	.db #0xFF	; 255
   01ED 03                  548 	.db #0x03	; 3
   01EE FF                  549 	.db #0xFF	; 255
   01EF 00                  550 	.db #0x00	; 0
   01F0 00                  551 	.db #0x00	; 0
   01F1 00                  552 	.db #0x00	; 0
   01F2 03                  553 	.db #0x03	; 3
   01F3 57                  554 	.db #0x57	; 87	'W'
   01F4 AB                  555 	.db #0xAB	; 171
   01F5 03                  556 	.db #0x03	; 3
   01F6 00                  557 	.db #0x00	; 0
   01F7 00                  558 	.db #0x00	; 0
   01F8 00                  559 	.db #0x00	; 0
   01F9 00                  560 	.db #0x00	; 0
   01FA 01                  561 	.db #0x01	; 1
   01FB 03                  562 	.db #0x03	; 3
   01FC 03                  563 	.db #0x03	; 3
   01FD 02                  564 	.db #0x02	; 2
   01FE 00                  565 	.db #0x00	; 0
   01FF 00                  566 	.db #0x00	; 0
   0200 00                  567 	.db #0x00	; 0
   0201 00                  568 	.db #0x00	; 0
   0202 00                  569 	.db #0x00	; 0
   0203 00                  570 	.db #0x00	; 0
   0204 00                  571 	.db #0x00	; 0
   0205 00                  572 	.db #0x00	; 0
   0206 00                  573 	.db #0x00	; 0
   0207 00                  574 	.db #0x00	; 0
   0208                     575 _g_naves_4:
   0208 00                  576 	.db #0x00	; 0
   0209 00                  577 	.db #0x00	; 0
   020A 00                  578 	.db #0x00	; 0
   020B 00                  579 	.db #0x00	; 0
   020C 00                  580 	.db #0x00	; 0
   020D 00                  581 	.db #0x00	; 0
   020E 00                  582 	.db #0x00	; 0
   020F 00                  583 	.db #0x00	; 0
   0210 00                  584 	.db #0x00	; 0
   0211 00                  585 	.db #0x00	; 0
   0212 00                  586 	.db #0x00	; 0
   0213 01                  587 	.db #0x01	; 1
   0214 02                  588 	.db #0x02	; 2
   0215 00                  589 	.db #0x00	; 0
   0216 00                  590 	.db #0x00	; 0
   0217 00                  591 	.db #0x00	; 0
   0218 00                  592 	.db #0x00	; 0
   0219 00                  593 	.db #0x00	; 0
   021A 00                  594 	.db #0x00	; 0
   021B 01                  595 	.db #0x01	; 1
   021C 02                  596 	.db #0x02	; 2
   021D 00                  597 	.db #0x00	; 0
   021E 00                  598 	.db #0x00	; 0
   021F 00                  599 	.db #0x00	; 0
   0220 00                  600 	.db #0x00	; 0
   0221 00                  601 	.db #0x00	; 0
   0222 00                  602 	.db #0x00	; 0
   0223 01                  603 	.db #0x01	; 1
   0224 02                  604 	.db #0x02	; 2
   0225 00                  605 	.db #0x00	; 0
   0226 00                  606 	.db #0x00	; 0
   0227 00                  607 	.db #0x00	; 0
   0228 00                  608 	.db #0x00	; 0
   0229 00                  609 	.db #0x00	; 0
   022A 00                  610 	.db #0x00	; 0
   022B 55                  611 	.db #0x55	; 85	'U'
   022C AA                  612 	.db #0xAA	; 170
   022D 00                  613 	.db #0x00	; 0
   022E 00                  614 	.db #0x00	; 0
   022F 00                  615 	.db #0x00	; 0
   0230 00                  616 	.db #0x00	; 0
   0231 00                  617 	.db #0x00	; 0
   0232 55                  618 	.db #0x55	; 85	'U'
   0233 FF                  619 	.db #0xFF	; 255
   0234 FF                  620 	.db #0xFF	; 255
   0235 AA                  621 	.db #0xAA	; 170
   0236 00                  622 	.db #0x00	; 0
   0237 00                  623 	.db #0x00	; 0
   0238 00                  624 	.db #0x00	; 0
   0239 00                  625 	.db #0x00	; 0
   023A FF                  626 	.db #0xFF	; 255
   023B FF                  627 	.db #0xFF	; 255
   023C FF                  628 	.db #0xFF	; 255
   023D FF                  629 	.db #0xFF	; 255
   023E 00                  630 	.db #0x00	; 0
   023F 00                  631 	.db #0x00	; 0
   0240 00                  632 	.db #0x00	; 0
   0241 00                  633 	.db #0x00	; 0
   0242 AA                  634 	.db #0xAA	; 170
   0243 55                  635 	.db #0x55	; 85	'U'
   0244 AA                  636 	.db #0xAA	; 170
   0245 55                  637 	.db #0x55	; 85	'U'
   0246 00                  638 	.db #0x00	; 0
   0247 00                  639 	.db #0x00	; 0
   0248 00                  640 	.db #0x00	; 0
   0249 00                  641 	.db #0x00	; 0
   024A 00                  642 	.db #0x00	; 0
   024B 55                  643 	.db #0x55	; 85	'U'
   024C AA                  644 	.db #0xAA	; 170
   024D 00                  645 	.db #0x00	; 0
   024E 00                  646 	.db #0x00	; 0
   024F 00                  647 	.db #0x00	; 0
   0250 00                  648 	.db #0x00	; 0
   0251 00                  649 	.db #0x00	; 0
   0252 00                  650 	.db #0x00	; 0
   0253 01                  651 	.db #0x01	; 1
   0254 02                  652 	.db #0x02	; 2
   0255 00                  653 	.db #0x00	; 0
   0256 00                  654 	.db #0x00	; 0
   0257 00                  655 	.db #0x00	; 0
   0258 00                  656 	.db #0x00	; 0
   0259 00                  657 	.db #0x00	; 0
   025A 00                  658 	.db #0x00	; 0
   025B 01                  659 	.db #0x01	; 1
   025C 02                  660 	.db #0x02	; 2
   025D 00                  661 	.db #0x00	; 0
   025E 00                  662 	.db #0x00	; 0
   025F 00                  663 	.db #0x00	; 0
   0260 00                  664 	.db #0x00	; 0
   0261 00                  665 	.db #0x00	; 0
   0262 00                  666 	.db #0x00	; 0
   0263 01                  667 	.db #0x01	; 1
   0264 02                  668 	.db #0x02	; 2
   0265 00                  669 	.db #0x00	; 0
   0266 00                  670 	.db #0x00	; 0
   0267 00                  671 	.db #0x00	; 0
   0268 00                  672 	.db #0x00	; 0
   0269 00                  673 	.db #0x00	; 0
   026A 00                  674 	.db #0x00	; 0
   026B 01                  675 	.db #0x01	; 1
   026C 02                  676 	.db #0x02	; 2
   026D 00                  677 	.db #0x00	; 0
   026E 00                  678 	.db #0x00	; 0
   026F 00                  679 	.db #0x00	; 0
   0270 00                  680 	.db #0x00	; 0
   0271 00                  681 	.db #0x00	; 0
   0272 00                  682 	.db #0x00	; 0
   0273 00                  683 	.db #0x00	; 0
   0274 00                  684 	.db #0x00	; 0
   0275 00                  685 	.db #0x00	; 0
   0276 00                  686 	.db #0x00	; 0
   0277 00                  687 	.db #0x00	; 0
   0278 00                  688 	.db #0x00	; 0
   0279 00                  689 	.db #0x00	; 0
   027A 00                  690 	.db #0x00	; 0
   027B 00                  691 	.db #0x00	; 0
   027C 00                  692 	.db #0x00	; 0
   027D 00                  693 	.db #0x00	; 0
   027E 00                  694 	.db #0x00	; 0
   027F 00                  695 	.db #0x00	; 0
   0280                     696 _g_naves_5:
   0280 00                  697 	.db #0x00	; 0
   0281 00                  698 	.db #0x00	; 0
   0282 00                  699 	.db #0x00	; 0
   0283 00                  700 	.db #0x00	; 0
   0284 00                  701 	.db #0x00	; 0
   0285 00                  702 	.db #0x00	; 0
   0286 00                  703 	.db #0x00	; 0
   0287 00                  704 	.db #0x00	; 0
   0288 00                  705 	.db #0x00	; 0
   0289 00                  706 	.db #0x00	; 0
   028A 00                  707 	.db #0x00	; 0
   028B 00                  708 	.db #0x00	; 0
   028C 00                  709 	.db #0x00	; 0
   028D 00                  710 	.db #0x00	; 0
   028E 00                  711 	.db #0x00	; 0
   028F 00                  712 	.db #0x00	; 0
   0290 00                  713 	.db #0x00	; 0
   0291 00                  714 	.db #0x00	; 0
   0292 00                  715 	.db #0x00	; 0
   0293 00                  716 	.db #0x00	; 0
   0294 00                  717 	.db #0x00	; 0
   0295 00                  718 	.db #0x00	; 0
   0296 00                  719 	.db #0x00	; 0
   0297 00                  720 	.db #0x00	; 0
   0298 00                  721 	.db #0x00	; 0
   0299 00                  722 	.db #0x00	; 0
   029A 00                  723 	.db #0x00	; 0
   029B 00                  724 	.db #0x00	; 0
   029C 00                  725 	.db #0x00	; 0
   029D 00                  726 	.db #0x00	; 0
   029E 00                  727 	.db #0x00	; 0
   029F 00                  728 	.db #0x00	; 0
   02A0 00                  729 	.db #0x00	; 0
   02A1 00                  730 	.db #0x00	; 0
   02A2 00                  731 	.db #0x00	; 0
   02A3 00                  732 	.db #0x00	; 0
   02A4 00                  733 	.db #0x00	; 0
   02A5 00                  734 	.db #0x00	; 0
   02A6 00                  735 	.db #0x00	; 0
   02A7 00                  736 	.db #0x00	; 0
   02A8 00                  737 	.db #0x00	; 0
   02A9 00                  738 	.db #0x00	; 0
   02AA 00                  739 	.db #0x00	; 0
   02AB 00                  740 	.db #0x00	; 0
   02AC 00                  741 	.db #0x00	; 0
   02AD 00                  742 	.db #0x00	; 0
   02AE 00                  743 	.db #0x00	; 0
   02AF 00                  744 	.db #0x00	; 0
   02B0 00                  745 	.db #0x00	; 0
   02B1 00                  746 	.db #0x00	; 0
   02B2 00                  747 	.db #0x00	; 0
   02B3 00                  748 	.db #0x00	; 0
   02B4 00                  749 	.db #0x00	; 0
   02B5 00                  750 	.db #0x00	; 0
   02B6 00                  751 	.db #0x00	; 0
   02B7 00                  752 	.db #0x00	; 0
   02B8 00                  753 	.db #0x00	; 0
   02B9 00                  754 	.db #0x00	; 0
   02BA 00                  755 	.db #0x00	; 0
   02BB 00                  756 	.db #0x00	; 0
   02BC 00                  757 	.db #0x00	; 0
   02BD 00                  758 	.db #0x00	; 0
   02BE 00                  759 	.db #0x00	; 0
   02BF 00                  760 	.db #0x00	; 0
   02C0 00                  761 	.db #0x00	; 0
   02C1 00                  762 	.db #0x00	; 0
   02C2 00                  763 	.db #0x00	; 0
   02C3 00                  764 	.db #0x00	; 0
   02C4 00                  765 	.db #0x00	; 0
   02C5 00                  766 	.db #0x00	; 0
   02C6 00                  767 	.db #0x00	; 0
   02C7 00                  768 	.db #0x00	; 0
   02C8 00                  769 	.db #0x00	; 0
   02C9 00                  770 	.db #0x00	; 0
   02CA 00                  771 	.db #0x00	; 0
   02CB 00                  772 	.db #0x00	; 0
   02CC 00                  773 	.db #0x00	; 0
   02CD 00                  774 	.db #0x00	; 0
   02CE 00                  775 	.db #0x00	; 0
   02CF 00                  776 	.db #0x00	; 0
   02D0 00                  777 	.db #0x00	; 0
   02D1 00                  778 	.db #0x00	; 0
   02D2 00                  779 	.db #0x00	; 0
   02D3 00                  780 	.db #0x00	; 0
   02D4 00                  781 	.db #0x00	; 0
   02D5 00                  782 	.db #0x00	; 0
   02D6 00                  783 	.db #0x00	; 0
   02D7 00                  784 	.db #0x00	; 0
   02D8 00                  785 	.db #0x00	; 0
   02D9 00                  786 	.db #0x00	; 0
   02DA 00                  787 	.db #0x00	; 0
   02DB 00                  788 	.db #0x00	; 0
   02DC 00                  789 	.db #0x00	; 0
   02DD 00                  790 	.db #0x00	; 0
   02DE 00                  791 	.db #0x00	; 0
   02DF 00                  792 	.db #0x00	; 0
   02E0 00                  793 	.db #0x00	; 0
   02E1 00                  794 	.db #0x00	; 0
   02E2 00                  795 	.db #0x00	; 0
   02E3 00                  796 	.db #0x00	; 0
   02E4 00                  797 	.db #0x00	; 0
   02E5 00                  798 	.db #0x00	; 0
   02E6 00                  799 	.db #0x00	; 0
   02E7 00                  800 	.db #0x00	; 0
   02E8 00                  801 	.db #0x00	; 0
   02E9 00                  802 	.db #0x00	; 0
   02EA 00                  803 	.db #0x00	; 0
   02EB 00                  804 	.db #0x00	; 0
   02EC 00                  805 	.db #0x00	; 0
   02ED 00                  806 	.db #0x00	; 0
   02EE 00                  807 	.db #0x00	; 0
   02EF 00                  808 	.db #0x00	; 0
   02F0 00                  809 	.db #0x00	; 0
   02F1 00                  810 	.db #0x00	; 0
   02F2 00                  811 	.db #0x00	; 0
   02F3 00                  812 	.db #0x00	; 0
   02F4 00                  813 	.db #0x00	; 0
   02F5 00                  814 	.db #0x00	; 0
   02F6 00                  815 	.db #0x00	; 0
   02F7 00                  816 	.db #0x00	; 0
                            817 	.area _INITIALIZER
                            818 	.area _CABS (ABS)
