                              1 ;--------------------------------------------------------
                              2 ; File Created by SDCC : free open source ANSI-C Compiler
                              3 ; Version 3.5.5 #9498 (Linux)
                              4 ;--------------------------------------------------------
                              5 	.module wavemanager
                              6 	.optsdcc -mz80
                              7 	
                              8 ;--------------------------------------------------------
                              9 ; Public variables in this module
                             10 ;--------------------------------------------------------
                             11 	.globl _getRandomUniform
                             12 	.globl _getEnemies
                             13 	.globl _contarEnemigos
                             14 	.globl _enemigos_actual
                             15 	.globl _seed
                             16 	.globl _d_samemap
                             17 	.globl _s_samemap
                             18 	.globl _mapaPrev
                             19 	.globl _aparecerEnemigo
                             20 	.globl _respawnearEnemigo
                             21 	.globl _inicializarWaveManager
                             22 	.globl _updateTiempoEnMapa
                             23 	.globl _resetearTimepoEnMapa
                             24 	.globl _respawnearEnemigoPorBorde
                             25 	.globl _posicionAleatoriaBorde
                             26 	.globl _revivirEnemigo
                             27 	.globl _restarEnemigo
                             28 ;--------------------------------------------------------
                             29 ; special function registers
                             30 ;--------------------------------------------------------
                             31 ;--------------------------------------------------------
                             32 ; ram data
                             33 ;--------------------------------------------------------
                             34 	.area _DATA
   0000                      35 _mapaPrev::
   0000                      36 	.ds 1
                             37 ;--------------------------------------------------------
                             38 ; ram data
                             39 ;--------------------------------------------------------
                             40 	.area _INITIALIZED
   0000                      41 _s_samemap::
   0000                      42 	.ds 2
   0002                      43 _d_samemap::
   0002                      44 	.ds 2
   0004                      45 _seed::
   0004                      46 	.ds 1
   0005                      47 _enemigos_actual::
   0005                      48 	.ds 1
                             49 ;--------------------------------------------------------
                             50 ; absolute external ram data
                             51 ;--------------------------------------------------------
                             52 	.area _DABS (ABS)
                             53 ;--------------------------------------------------------
                             54 ; global & static initialisations
                             55 ;--------------------------------------------------------
                             56 	.area _HOME
                             57 	.area _GSINIT
                             58 	.area _GSFINAL
                             59 	.area _GSINIT
                             60 ;--------------------------------------------------------
                             61 ; Home
                             62 ;--------------------------------------------------------
                             63 	.area _HOME
                             64 	.area _HOME
                             65 ;--------------------------------------------------------
                             66 ; code
                             67 ;--------------------------------------------------------
                             68 	.area _CODE
                             69 ;src/entities/wavemanager.c:18: void aparecerEnemigo(){
                             70 ;	---------------------------------
                             71 ; Function aparecerEnemigo
                             72 ; ---------------------------------
   0000                      73 _aparecerEnemigo::
                             74 ;src/entities/wavemanager.c:23: if(contarEnemigos() == 0 && basesCapturadas >= 3){
   0000 CDr00r00      [17]   75 	call	_contarEnemigos
   0003 7D            [ 4]   76 	ld	a,l
   0004 B7            [ 4]   77 	or	a, a
   0005 C0            [11]   78 	ret	NZ
   0006 3Ar00r00      [13]   79 	ld	a,(#_basesCapturadas + 0)
   0009 D6 03         [ 7]   80 	sub	a, #0x03
   000B D8            [11]   81 	ret	C
                             82 ;src/entities/wavemanager.c:24: enemies = getEnemies();
   000C CDr00r00      [17]   83 	call	_getEnemies
                             84 ;src/entities/wavemanager.c:26: random_number = getRandomUniform(seed)%3;
   000F E5            [11]   85 	push	hl
   0010 3Ar04r00      [13]   86 	ld	a,(_seed)
   0013 F5            [11]   87 	push	af
   0014 33            [ 6]   88 	inc	sp
   0015 CDr00r00      [17]   89 	call	_getRandomUniform
   0018 33            [ 6]   90 	inc	sp
   0019 55            [ 4]   91 	ld	d,l
   001A 3E 03         [ 7]   92 	ld	a,#0x03
   001C F5            [11]   93 	push	af
   001D 33            [ 6]   94 	inc	sp
   001E D5            [11]   95 	push	de
   001F 33            [ 6]   96 	inc	sp
   0020 CDr00r00      [17]   97 	call	__moduchar
   0023 F1            [10]   98 	pop	af
   0024 C1            [10]   99 	pop	bc
                            100 ;src/entities/wavemanager.c:27: respawnearEnemigo(&enemies[random_number]);
   0025 5D            [ 4]  101 	ld	e,l
   0026 16 00         [ 7]  102 	ld	d,#0x00
   0028 6B            [ 4]  103 	ld	l, e
   0029 62            [ 4]  104 	ld	h, d
   002A 29            [11]  105 	add	hl, hl
   002B 29            [11]  106 	add	hl, hl
   002C 29            [11]  107 	add	hl, hl
   002D 19            [11]  108 	add	hl, de
   002E 29            [11]  109 	add	hl, hl
   002F 19            [11]  110 	add	hl, de
   0030 29            [11]  111 	add	hl, hl
   0031 19            [11]  112 	add	hl, de
   0032 29            [11]  113 	add	hl, hl
   0033 09            [11]  114 	add	hl,bc
   0034 E5            [11]  115 	push	hl
   0035 CDr3Ar00      [17]  116 	call	_respawnearEnemigo
   0038 F1            [10]  117 	pop	af
   0039 C9            [10]  118 	ret
                            119 ;src/entities/wavemanager.c:31: void respawnearEnemigo(TEnemy* enemy){
                            120 ;	---------------------------------
                            121 ; Function respawnearEnemigo
                            122 ; ---------------------------------
   003A                     123 _respawnearEnemigo::
   003A DD E5         [15]  124 	push	ix
   003C DD 21 00 00   [14]  125 	ld	ix,#0
   0040 DD 39         [15]  126 	add	ix,sp
   0042 3B            [ 6]  127 	dec	sp
                            128 ;src/entities/wavemanager.c:32: revivirEnemigo(enemy, getRandomUniform(seed)%70 + 5, getRandomUniform(seed)%141 + 50, getRandomUniform(seed)%3);
   0043 3Ar04r00      [13]  129 	ld	a,(_seed)
   0046 F5            [11]  130 	push	af
   0047 33            [ 6]  131 	inc	sp
   0048 CDr00r00      [17]  132 	call	_getRandomUniform
   004B 33            [ 6]  133 	inc	sp
   004C 45            [ 4]  134 	ld	b,l
   004D 3E 03         [ 7]  135 	ld	a,#0x03
   004F F5            [11]  136 	push	af
   0050 33            [ 6]  137 	inc	sp
   0051 C5            [11]  138 	push	bc
   0052 33            [ 6]  139 	inc	sp
   0053 CDr00r00      [17]  140 	call	__moduchar
   0056 F1            [10]  141 	pop	af
   0057 DD 75 FF      [19]  142 	ld	-1 (ix),l
   005A 3Ar04r00      [13]  143 	ld	a,(_seed)
   005D F5            [11]  144 	push	af
   005E 33            [ 6]  145 	inc	sp
   005F CDr00r00      [17]  146 	call	_getRandomUniform
   0062 33            [ 6]  147 	inc	sp
   0063 45            [ 4]  148 	ld	b,l
   0064 3E 8D         [ 7]  149 	ld	a,#0x8D
   0066 F5            [11]  150 	push	af
   0067 33            [ 6]  151 	inc	sp
   0068 C5            [11]  152 	push	bc
   0069 33            [ 6]  153 	inc	sp
   006A CDr00r00      [17]  154 	call	__moduchar
   006D F1            [10]  155 	pop	af
   006E 4D            [ 4]  156 	ld	c,l
   006F 06 00         [ 7]  157 	ld	b,#0x00
   0071 21 32 00      [10]  158 	ld	hl,#0x0032
   0074 09            [11]  159 	add	hl,bc
   0075 E5            [11]  160 	push	hl
   0076 3Ar04r00      [13]  161 	ld	a,(_seed)
   0079 F5            [11]  162 	push	af
   007A 33            [ 6]  163 	inc	sp
   007B CDr00r00      [17]  164 	call	_getRandomUniform
   007E 33            [ 6]  165 	inc	sp
   007F 45            [ 4]  166 	ld	b,l
   0080 3E 46         [ 7]  167 	ld	a,#0x46
   0082 F5            [11]  168 	push	af
   0083 33            [ 6]  169 	inc	sp
   0084 C5            [11]  170 	push	bc
   0085 33            [ 6]  171 	inc	sp
   0086 CDr00r00      [17]  172 	call	__moduchar
   0089 F1            [10]  173 	pop	af
   008A 4D            [ 4]  174 	ld	c,l
   008B D1            [10]  175 	pop	de
   008C 06 00         [ 7]  176 	ld	b,#0x00
   008E 03            [ 6]  177 	inc	bc
   008F 03            [ 6]  178 	inc	bc
   0090 03            [ 6]  179 	inc	bc
   0091 03            [ 6]  180 	inc	bc
   0092 03            [ 6]  181 	inc	bc
   0093 DD 7E FF      [19]  182 	ld	a,-1 (ix)
   0096 F5            [11]  183 	push	af
   0097 33            [ 6]  184 	inc	sp
   0098 D5            [11]  185 	push	de
   0099 C5            [11]  186 	push	bc
   009A DD 6E 04      [19]  187 	ld	l,4 (ix)
   009D DD 66 05      [19]  188 	ld	h,5 (ix)
   00A0 E5            [11]  189 	push	hl
   00A1 CDrFBr04      [17]  190 	call	_revivirEnemigo
   00A4 21 07 00      [10]  191 	ld	hl,#7
   00A7 39            [11]  192 	add	hl,sp
   00A8 F9            [ 6]  193 	ld	sp,hl
   00A9 33            [ 6]  194 	inc	sp
   00AA DD E1         [14]  195 	pop	ix
   00AC C9            [10]  196 	ret
                            197 ;src/entities/wavemanager.c:35: void inicializarWaveManager(){
                            198 ;	---------------------------------
                            199 ; Function inicializarWaveManager
                            200 ; ---------------------------------
   00AD                     201 _inicializarWaveManager::
                            202 ;src/entities/wavemanager.c:36: seed = 1;
   00AD 21r04r00      [10]  203 	ld	hl,#_seed + 0
   00B0 36 01         [10]  204 	ld	(hl), #0x01
                            205 ;src/entities/wavemanager.c:37: s_samemap = 0;
   00B2 21 00 00      [10]  206 	ld	hl,#0x0000
   00B5 22r00r00      [16]  207 	ld	(_s_samemap),hl
                            208 ;src/entities/wavemanager.c:38: d_samemap = 150;
   00B8 2E 96         [ 7]  209 	ld	l, #0x96
   00BA 22r02r00      [16]  210 	ld	(_d_samemap),hl
                            211 ;src/entities/wavemanager.c:39: enemigos_actual = NUM_ENEMIGOS;
   00BD 21r05r00      [10]  212 	ld	hl,#_enemigos_actual + 0
   00C0 36 03         [10]  213 	ld	(hl), #0x03
   00C2 C9            [10]  214 	ret
                            215 ;src/entities/wavemanager.c:42: void updateTiempoEnMapa(){
                            216 ;	---------------------------------
                            217 ; Function updateTiempoEnMapa
                            218 ; ---------------------------------
   00C3                     219 _updateTiempoEnMapa::
                            220 ;src/entities/wavemanager.c:43: if(++s_samemap >= d_samemap){
   00C3 21r00r00      [10]  221 	ld	hl, #_s_samemap+0
   00C6 34            [11]  222 	inc	(hl)
   00C7 20 04         [12]  223 	jr	NZ,00117$
   00C9 21r01r00      [10]  224 	ld	hl, #_s_samemap+1
   00CC 34            [11]  225 	inc	(hl)
   00CD                     226 00117$:
   00CD 21r02r00      [10]  227 	ld	hl,#_d_samemap
   00D0 3Ar00r00      [13]  228 	ld	a,(#_s_samemap + 0)
   00D3 96            [ 7]  229 	sub	a, (hl)
   00D4 3Ar01r00      [13]  230 	ld	a,(#_s_samemap + 1)
   00D7 23            [ 6]  231 	inc	hl
   00D8 9E            [ 7]  232 	sbc	a, (hl)
   00D9 38 10         [12]  233 	jr	C,00104$
                            234 ;src/entities/wavemanager.c:44: if(contarEnemigos() == 0)
   00DB CDr00r00      [17]  235 	call	_contarEnemigos
   00DE 7D            [ 4]  236 	ld	a,l
   00DF B7            [ 4]  237 	or	a, a
   00E0 20 03         [12]  238 	jr	NZ,00102$
                            239 ;src/entities/wavemanager.c:45: respawnearEnemigoPorBorde();
   00E2 CDrF7r00      [17]  240 	call	_respawnearEnemigoPorBorde
   00E5                     241 00102$:
                            242 ;src/entities/wavemanager.c:46: s_samemap = 0;
   00E5 21 00 00      [10]  243 	ld	hl,#0x0000
   00E8 22r00r00      [16]  244 	ld	(_s_samemap),hl
   00EB                     245 00104$:
                            246 ;src/entities/wavemanager.c:48: seed++;
   00EB 21r04r00      [10]  247 	ld	hl, #_seed+0
   00EE 34            [11]  248 	inc	(hl)
                            249 ;src/entities/wavemanager.c:50: seed = 1;
   00EF C9            [10]  250 	ret
                            251 ;src/entities/wavemanager.c:52: void resetearTimepoEnMapa(){
                            252 ;	---------------------------------
                            253 ; Function resetearTimepoEnMapa
                            254 ; ---------------------------------
   00F0                     255 _resetearTimepoEnMapa::
                            256 ;src/entities/wavemanager.c:53: s_samemap = 0;
   00F0 21 00 00      [10]  257 	ld	hl,#0x0000
   00F3 22r00r00      [16]  258 	ld	(_s_samemap),hl
   00F6 C9            [10]  259 	ret
                            260 ;src/entities/wavemanager.c:57: void respawnearEnemigoPorBorde(){
                            261 ;	---------------------------------
                            262 ; Function respawnearEnemigoPorBorde
                            263 ; ---------------------------------
   00F7                     264 _respawnearEnemigoPorBorde::
                            265 ;src/entities/wavemanager.c:61: random_number = getRandomUniform(seed)%3;
   00F7 3Ar04r00      [13]  266 	ld	a,(_seed)
   00FA F5            [11]  267 	push	af
   00FB 33            [ 6]  268 	inc	sp
   00FC CDr00r00      [17]  269 	call	_getRandomUniform
   00FF 33            [ 6]  270 	inc	sp
   0100 45            [ 4]  271 	ld	b,l
   0101 3E 03         [ 7]  272 	ld	a,#0x03
   0103 F5            [11]  273 	push	af
   0104 33            [ 6]  274 	inc	sp
   0105 C5            [11]  275 	push	bc
   0106 33            [ 6]  276 	inc	sp
   0107 CDr00r00      [17]  277 	call	__moduchar
                            278 ;src/entities/wavemanager.c:62: enemies = getEnemies();
   010A E3            [19]  279 	ex	(sp),hl
   010B CDr00r00      [17]  280 	call	_getEnemies
   010E 4D            [ 4]  281 	ld	c,l
   010F 44            [ 4]  282 	ld	b,h
   0110 E1            [10]  283 	pop	hl
                            284 ;src/entities/wavemanager.c:67: posicionAleatoriaBorde(&enemies[random_number]);
   0111 5D            [ 4]  285 	ld	e,l
   0112 16 00         [ 7]  286 	ld	d,#0x00
   0114 6B            [ 4]  287 	ld	l, e
   0115 62            [ 4]  288 	ld	h, d
   0116 29            [11]  289 	add	hl, hl
   0117 29            [11]  290 	add	hl, hl
   0118 29            [11]  291 	add	hl, hl
   0119 19            [11]  292 	add	hl, de
   011A 29            [11]  293 	add	hl, hl
   011B 19            [11]  294 	add	hl, de
   011C 29            [11]  295 	add	hl, hl
   011D 19            [11]  296 	add	hl, de
   011E 29            [11]  297 	add	hl, hl
   011F 09            [11]  298 	add	hl,bc
   0120 E5            [11]  299 	push	hl
   0121 CDr26r01      [17]  300 	call	_posicionAleatoriaBorde
   0124 F1            [10]  301 	pop	af
   0125 C9            [10]  302 	ret
                            303 ;src/entities/wavemanager.c:74: void posicionAleatoriaBorde(TEnemy* enemy){
                            304 ;	---------------------------------
                            305 ; Function posicionAleatoriaBorde
                            306 ; ---------------------------------
   0126                     307 _posicionAleatoriaBorde::
   0126 DD E5         [15]  308 	push	ix
   0128 DD 21 00 00   [14]  309 	ld	ix,#0
   012C DD 39         [15]  310 	add	ix,sp
   012E F5            [11]  311 	push	af
   012F F5            [11]  312 	push	af
                            313 ;src/entities/wavemanager.c:78: switch(mapaActual){
   0130 3E 05         [ 7]  314 	ld	a,#0x05
   0132 FD 21r00r00   [14]  315 	ld	iy,#_mapaActual
   0136 FD 96 00      [19]  316 	sub	a, 0 (iy)
   0139 DArF2r04      [10]  317 	jp	C,00128$
                            318 ;src/entities/wavemanager.c:97: revivirEnemigo(enemy, ANCHO - enemy->ent.sw, getRandomUniform(seed)%141 + 50, d_left);	
   013C DD 7E 04      [19]  319 	ld	a,4 (ix)
   013F DD 77 FE      [19]  320 	ld	-2 (ix),a
   0142 DD 7E 05      [19]  321 	ld	a,5 (ix)
   0145 DD 77 FF      [19]  322 	ld	-1 (ix),a
   0148 DD 7E FE      [19]  323 	ld	a,-2 (ix)
   014B C6 39         [ 7]  324 	add	a, #0x39
   014D DD 77 FC      [19]  325 	ld	-4 (ix),a
   0150 DD 7E FF      [19]  326 	ld	a,-1 (ix)
   0153 CE 00         [ 7]  327 	adc	a, #0x00
   0155 DD 77 FD      [19]  328 	ld	-3 (ix),a
                            329 ;src/entities/wavemanager.c:99: revivirEnemigo(enemy, getRandomUniform(seed)%70 + 5, ALTO - enemy->ent.sh, d_up);
   0158 DD 7E FE      [19]  330 	ld	a,-2 (ix)
   015B C6 3A         [ 7]  331 	add	a, #0x3A
   015D 4F            [ 4]  332 	ld	c,a
   015E DD 7E FF      [19]  333 	ld	a,-1 (ix)
   0161 CE 00         [ 7]  334 	adc	a, #0x00
   0163 47            [ 4]  335 	ld	b,a
                            336 ;src/entities/wavemanager.c:78: switch(mapaActual){
   0164 FD 21r00r00   [14]  337 	ld	iy,#_mapaActual
   0168 FD 5E 00      [19]  338 	ld	e,0 (iy)
   016B 16 00         [ 7]  339 	ld	d,#0x00
   016D 21r74r01      [10]  340 	ld	hl,#00163$
   0170 19            [11]  341 	add	hl,de
   0171 19            [11]  342 	add	hl,de
   0172 19            [11]  343 	add	hl,de
   0173 E9            [ 4]  344 	jp	(hl)
   0174                     345 00163$:
   0174 C3rF2r04      [10]  346 	jp	00128$
   0177 C3r89r01      [10]  347 	jp	00102$
   017A C3r0Er02      [10]  348 	jp	00106$
   017D C3rF1r02      [10]  349 	jp	00113$
   0180 C3rCAr03      [10]  350 	jp	00120$
   0183 C3r65r04      [10]  351 	jp	00124$
                            352 ;src/entities/wavemanager.c:80: case 0:													//Reaparece por arriba
                            353 ;src/entities/wavemanager.c:83: break;
   0186 C3rF2r04      [10]  354 	jp	00128$
                            355 ;src/entities/wavemanager.c:84: case 1:
   0189                     356 00102$:
                            357 ;src/entities/wavemanager.c:85: random_number = getRandomUniform(seed)%2;											//Aleatorio 0 o 1
   0189 3Ar04r00      [13]  358 	ld	a,(_seed)
   018C F5            [11]  359 	push	af
   018D 33            [ 6]  360 	inc	sp
   018E CDr00r00      [17]  361 	call	_getRandomUniform
   0191 33            [ 6]  362 	inc	sp
   0192 7D            [ 4]  363 	ld	a,l
   0193 E6 01         [ 7]  364 	and	a, #0x01
   0195 4F            [ 4]  365 	ld	c,a
   0196 06 00         [ 7]  366 	ld	b,#0x00
                            367 ;src/entities/wavemanager.c:86: if(random_number == 1){														//Reaparece por arriba
   0198 0D            [ 4]  368 	dec	c
   0199 20 3B         [12]  369 	jr	NZ,00104$
   019B 78            [ 4]  370 	ld	a,b
   019C B7            [ 4]  371 	or	a, a
   019D 20 37         [12]  372 	jr	NZ,00104$
                            373 ;src/entities/wavemanager.c:87: revivirEnemigo(enemy, getRandomUniform(seed)%70 + 5, ORIGEN_MAPA_Y, d_down);
   019F 3Ar04r00      [13]  374 	ld	a,(_seed)
   01A2 F5            [11]  375 	push	af
   01A3 33            [ 6]  376 	inc	sp
   01A4 CDr00r00      [17]  377 	call	_getRandomUniform
   01A7 33            [ 6]  378 	inc	sp
   01A8 45            [ 4]  379 	ld	b,l
   01A9 3E 46         [ 7]  380 	ld	a,#0x46
   01AB F5            [11]  381 	push	af
   01AC 33            [ 6]  382 	inc	sp
   01AD C5            [11]  383 	push	bc
   01AE 33            [ 6]  384 	inc	sp
   01AF CDr00r00      [17]  385 	call	__moduchar
   01B2 F1            [10]  386 	pop	af
   01B3 4D            [ 4]  387 	ld	c,l
   01B4 06 00         [ 7]  388 	ld	b,#0x00
   01B6 03            [ 6]  389 	inc	bc
   01B7 03            [ 6]  390 	inc	bc
   01B8 03            [ 6]  391 	inc	bc
   01B9 03            [ 6]  392 	inc	bc
   01BA 03            [ 6]  393 	inc	bc
   01BB 3E 02         [ 7]  394 	ld	a,#0x02
   01BD F5            [11]  395 	push	af
   01BE 33            [ 6]  396 	inc	sp
   01BF 21 28 00      [10]  397 	ld	hl,#0x0028
   01C2 E5            [11]  398 	push	hl
   01C3 C5            [11]  399 	push	bc
   01C4 DD 6E 04      [19]  400 	ld	l,4 (ix)
   01C7 DD 66 05      [19]  401 	ld	h,5 (ix)
   01CA E5            [11]  402 	push	hl
   01CB CDrFBr04      [17]  403 	call	_revivirEnemigo
   01CE 21 07 00      [10]  404 	ld	hl,#7
   01D1 39            [11]  405 	add	hl,sp
   01D2 F9            [ 6]  406 	ld	sp,hl
   01D3 C3rF2r04      [10]  407 	jp	00128$
   01D6                     408 00104$:
                            409 ;src/entities/wavemanager.c:89: revivirEnemigo(enemy, 0, getRandomUniform(seed)%141 + 50, d_right);	
   01D6 3Ar04r00      [13]  410 	ld	a,(_seed)
   01D9 F5            [11]  411 	push	af
   01DA 33            [ 6]  412 	inc	sp
   01DB CDr00r00      [17]  413 	call	_getRandomUniform
   01DE 33            [ 6]  414 	inc	sp
   01DF 45            [ 4]  415 	ld	b,l
   01E0 3E 8D         [ 7]  416 	ld	a,#0x8D
   01E2 F5            [11]  417 	push	af
   01E3 33            [ 6]  418 	inc	sp
   01E4 C5            [11]  419 	push	bc
   01E5 33            [ 6]  420 	inc	sp
   01E6 CDr00r00      [17]  421 	call	__moduchar
   01E9 F1            [10]  422 	pop	af
   01EA 4D            [ 4]  423 	ld	c,l
   01EB 06 00         [ 7]  424 	ld	b,#0x00
   01ED 21 32 00      [10]  425 	ld	hl,#0x0032
   01F0 09            [11]  426 	add	hl,bc
   01F1 4D            [ 4]  427 	ld	c,l
   01F2 44            [ 4]  428 	ld	b,h
   01F3 3E 01         [ 7]  429 	ld	a,#0x01
   01F5 F5            [11]  430 	push	af
   01F6 33            [ 6]  431 	inc	sp
   01F7 C5            [11]  432 	push	bc
   01F8 21 00 00      [10]  433 	ld	hl,#0x0000
   01FB E5            [11]  434 	push	hl
   01FC DD 6E 04      [19]  435 	ld	l,4 (ix)
   01FF DD 66 05      [19]  436 	ld	h,5 (ix)
   0202 E5            [11]  437 	push	hl
   0203 CDrFBr04      [17]  438 	call	_revivirEnemigo
   0206 21 07 00      [10]  439 	ld	hl,#7
   0209 39            [11]  440 	add	hl,sp
   020A F9            [ 6]  441 	ld	sp,hl
                            442 ;src/entities/wavemanager.c:91: break;
   020B C3rF2r04      [10]  443 	jp	00128$
                            444 ;src/entities/wavemanager.c:92: case 2:
   020E                     445 00106$:
                            446 ;src/entities/wavemanager.c:93: random_number = getRandomUniform(seed)%3 + 1;											//Aleatorio 0 o 1
   020E C5            [11]  447 	push	bc
   020F 3Ar04r00      [13]  448 	ld	a,(_seed)
   0212 F5            [11]  449 	push	af
   0213 33            [ 6]  450 	inc	sp
   0214 CDr00r00      [17]  451 	call	_getRandomUniform
   0217 33            [ 6]  452 	inc	sp
   0218 55            [ 4]  453 	ld	d,l
   0219 3E 03         [ 7]  454 	ld	a,#0x03
   021B F5            [11]  455 	push	af
   021C 33            [ 6]  456 	inc	sp
   021D D5            [11]  457 	push	de
   021E 33            [ 6]  458 	inc	sp
   021F CDr00r00      [17]  459 	call	__moduchar
   0222 F1            [10]  460 	pop	af
   0223 C1            [10]  461 	pop	bc
   0224 26 00         [ 7]  462 	ld	h,#0x00
   0226 23            [ 6]  463 	inc	hl
                            464 ;src/entities/wavemanager.c:94: if(random_number == 1){																				//Reaparece por arriba
   0227 7D            [ 4]  465 	ld	a,l
   0228 3D            [ 4]  466 	dec	a
   0229 20 3B         [12]  467 	jr	NZ,00111$
   022B 7C            [ 4]  468 	ld	a,h
   022C B7            [ 4]  469 	or	a, a
   022D 20 37         [12]  470 	jr	NZ,00111$
                            471 ;src/entities/wavemanager.c:95: revivirEnemigo(enemy, getRandomUniform(seed)%70 + 5, ORIGEN_MAPA_Y, d_down);
   022F 3Ar04r00      [13]  472 	ld	a,(_seed)
   0232 F5            [11]  473 	push	af
   0233 33            [ 6]  474 	inc	sp
   0234 CDr00r00      [17]  475 	call	_getRandomUniform
   0237 33            [ 6]  476 	inc	sp
   0238 45            [ 4]  477 	ld	b,l
   0239 3E 46         [ 7]  478 	ld	a,#0x46
   023B F5            [11]  479 	push	af
   023C 33            [ 6]  480 	inc	sp
   023D C5            [11]  481 	push	bc
   023E 33            [ 6]  482 	inc	sp
   023F CDr00r00      [17]  483 	call	__moduchar
   0242 F1            [10]  484 	pop	af
   0243 4D            [ 4]  485 	ld	c,l
   0244 06 00         [ 7]  486 	ld	b,#0x00
   0246 03            [ 6]  487 	inc	bc
   0247 03            [ 6]  488 	inc	bc
   0248 03            [ 6]  489 	inc	bc
   0249 03            [ 6]  490 	inc	bc
   024A 03            [ 6]  491 	inc	bc
   024B 3E 02         [ 7]  492 	ld	a,#0x02
   024D F5            [11]  493 	push	af
   024E 33            [ 6]  494 	inc	sp
   024F 21 28 00      [10]  495 	ld	hl,#0x0028
   0252 E5            [11]  496 	push	hl
   0253 C5            [11]  497 	push	bc
   0254 DD 6E 04      [19]  498 	ld	l,4 (ix)
   0257 DD 66 05      [19]  499 	ld	h,5 (ix)
   025A E5            [11]  500 	push	hl
   025B CDrFBr04      [17]  501 	call	_revivirEnemigo
   025E 21 07 00      [10]  502 	ld	hl,#7
   0261 39            [11]  503 	add	hl,sp
   0262 F9            [ 6]  504 	ld	sp,hl
   0263 C3rF2r04      [10]  505 	jp	00128$
   0266                     506 00111$:
                            507 ;src/entities/wavemanager.c:96: }else if(random_number == 2){																		//Reaparece por derecha
   0266 7D            [ 4]  508 	ld	a,l
   0267 D6 02         [ 7]  509 	sub	a,#0x02
   0269 20 45         [12]  510 	jr	NZ,00108$
   026B B4            [ 4]  511 	or	a,h
   026C 20 42         [12]  512 	jr	NZ,00108$
                            513 ;src/entities/wavemanager.c:97: revivirEnemigo(enemy, ANCHO - enemy->ent.sw, getRandomUniform(seed)%141 + 50, d_left);	
   026E 3Ar04r00      [13]  514 	ld	a,(_seed)
   0271 F5            [11]  515 	push	af
   0272 33            [ 6]  516 	inc	sp
   0273 CDr00r00      [17]  517 	call	_getRandomUniform
   0276 33            [ 6]  518 	inc	sp
   0277 45            [ 4]  519 	ld	b,l
   0278 3E 8D         [ 7]  520 	ld	a,#0x8D
   027A F5            [11]  521 	push	af
   027B 33            [ 6]  522 	inc	sp
   027C C5            [11]  523 	push	bc
   027D 33            [ 6]  524 	inc	sp
   027E CDr00r00      [17]  525 	call	__moduchar
   0281 F1            [10]  526 	pop	af
   0282 4D            [ 4]  527 	ld	c,l
   0283 06 00         [ 7]  528 	ld	b,#0x00
   0285 21 32 00      [10]  529 	ld	hl,#0x0032
   0288 09            [11]  530 	add	hl,bc
   0289 4D            [ 4]  531 	ld	c,l
   028A 44            [ 4]  532 	ld	b,h
   028B E1            [10]  533 	pop	hl
   028C E5            [11]  534 	push	hl
   028D 5E            [ 7]  535 	ld	e,(hl)
   028E 16 00         [ 7]  536 	ld	d,#0x00
   0290 3E 50         [ 7]  537 	ld	a,#0x50
   0292 93            [ 4]  538 	sub	a, e
   0293 5F            [ 4]  539 	ld	e,a
   0294 3E 00         [ 7]  540 	ld	a,#0x00
   0296 9A            [ 4]  541 	sbc	a, d
   0297 57            [ 4]  542 	ld	d,a
   0298 3E 03         [ 7]  543 	ld	a,#0x03
   029A F5            [11]  544 	push	af
   029B 33            [ 6]  545 	inc	sp
   029C C5            [11]  546 	push	bc
   029D D5            [11]  547 	push	de
   029E DD 6E FE      [19]  548 	ld	l,-2 (ix)
   02A1 DD 66 FF      [19]  549 	ld	h,-1 (ix)
   02A4 E5            [11]  550 	push	hl
   02A5 CDrFBr04      [17]  551 	call	_revivirEnemigo
   02A8 21 07 00      [10]  552 	ld	hl,#7
   02AB 39            [11]  553 	add	hl,sp
   02AC F9            [ 6]  554 	ld	sp,hl
   02AD C3rF2r04      [10]  555 	jp	00128$
   02B0                     556 00108$:
                            557 ;src/entities/wavemanager.c:99: revivirEnemigo(enemy, getRandomUniform(seed)%70 + 5, ALTO - enemy->ent.sh, d_up);
   02B0 0A            [ 7]  558 	ld	a,(bc)
   02B1 4F            [ 4]  559 	ld	c,a
   02B2 06 00         [ 7]  560 	ld	b,#0x00
   02B4 3E C8         [ 7]  561 	ld	a,#0xC8
   02B6 91            [ 4]  562 	sub	a, c
   02B7 4F            [ 4]  563 	ld	c,a
   02B8 3E 00         [ 7]  564 	ld	a,#0x00
   02BA 98            [ 4]  565 	sbc	a, b
   02BB 47            [ 4]  566 	ld	b,a
   02BC C5            [11]  567 	push	bc
   02BD 3Ar04r00      [13]  568 	ld	a,(_seed)
   02C0 F5            [11]  569 	push	af
   02C1 33            [ 6]  570 	inc	sp
   02C2 CDr00r00      [17]  571 	call	_getRandomUniform
   02C5 33            [ 6]  572 	inc	sp
   02C6 55            [ 4]  573 	ld	d,l
   02C7 3E 46         [ 7]  574 	ld	a,#0x46
   02C9 F5            [11]  575 	push	af
   02CA 33            [ 6]  576 	inc	sp
   02CB D5            [11]  577 	push	de
   02CC 33            [ 6]  578 	inc	sp
   02CD CDr00r00      [17]  579 	call	__moduchar
   02D0 F1            [10]  580 	pop	af
   02D1 5D            [ 4]  581 	ld	e,l
   02D2 C1            [10]  582 	pop	bc
   02D3 16 00         [ 7]  583 	ld	d,#0x00
   02D5 13            [ 6]  584 	inc	de
   02D6 13            [ 6]  585 	inc	de
   02D7 13            [ 6]  586 	inc	de
   02D8 13            [ 6]  587 	inc	de
   02D9 13            [ 6]  588 	inc	de
   02DA AF            [ 4]  589 	xor	a, a
   02DB F5            [11]  590 	push	af
   02DC 33            [ 6]  591 	inc	sp
   02DD C5            [11]  592 	push	bc
   02DE D5            [11]  593 	push	de
   02DF DD 6E FE      [19]  594 	ld	l,-2 (ix)
   02E2 DD 66 FF      [19]  595 	ld	h,-1 (ix)
   02E5 E5            [11]  596 	push	hl
   02E6 CDrFBr04      [17]  597 	call	_revivirEnemigo
   02E9 21 07 00      [10]  598 	ld	hl,#7
   02EC 39            [11]  599 	add	hl,sp
   02ED F9            [ 6]  600 	ld	sp,hl
                            601 ;src/entities/wavemanager.c:101: break;
   02EE C3rF2r04      [10]  602 	jp	00128$
                            603 ;src/entities/wavemanager.c:102: case 3:
   02F1                     604 00113$:
                            605 ;src/entities/wavemanager.c:103: random_number = getRandomUniform(seed)%3 + 1;											//Aleatorio 0 o 1
   02F1 C5            [11]  606 	push	bc
   02F2 3Ar04r00      [13]  607 	ld	a,(_seed)
   02F5 F5            [11]  608 	push	af
   02F6 33            [ 6]  609 	inc	sp
   02F7 CDr00r00      [17]  610 	call	_getRandomUniform
   02FA 33            [ 6]  611 	inc	sp
   02FB 55            [ 4]  612 	ld	d,l
   02FC 3E 03         [ 7]  613 	ld	a,#0x03
   02FE F5            [11]  614 	push	af
   02FF 33            [ 6]  615 	inc	sp
   0300 D5            [11]  616 	push	de
   0301 33            [ 6]  617 	inc	sp
   0302 CDr00r00      [17]  618 	call	__moduchar
   0305 F1            [10]  619 	pop	af
   0306 C1            [10]  620 	pop	bc
   0307 26 00         [ 7]  621 	ld	h,#0x00
   0309 23            [ 6]  622 	inc	hl
                            623 ;src/entities/wavemanager.c:104: if(random_number == 1){																				//Reaparece por arriba
   030A 7D            [ 4]  624 	ld	a,l
   030B 3D            [ 4]  625 	dec	a
   030C 20 3B         [12]  626 	jr	NZ,00118$
   030E 7C            [ 4]  627 	ld	a,h
   030F B7            [ 4]  628 	or	a, a
   0310 20 37         [12]  629 	jr	NZ,00118$
                            630 ;src/entities/wavemanager.c:105: revivirEnemigo(enemy, getRandomUniform(seed)%70 + 5, ORIGEN_MAPA_Y, d_down);
   0312 3Ar04r00      [13]  631 	ld	a,(_seed)
   0315 F5            [11]  632 	push	af
   0316 33            [ 6]  633 	inc	sp
   0317 CDr00r00      [17]  634 	call	_getRandomUniform
   031A 33            [ 6]  635 	inc	sp
   031B 45            [ 4]  636 	ld	b,l
   031C 3E 46         [ 7]  637 	ld	a,#0x46
   031E F5            [11]  638 	push	af
   031F 33            [ 6]  639 	inc	sp
   0320 C5            [11]  640 	push	bc
   0321 33            [ 6]  641 	inc	sp
   0322 CDr00r00      [17]  642 	call	__moduchar
   0325 F1            [10]  643 	pop	af
   0326 4D            [ 4]  644 	ld	c,l
   0327 06 00         [ 7]  645 	ld	b,#0x00
   0329 03            [ 6]  646 	inc	bc
   032A 03            [ 6]  647 	inc	bc
   032B 03            [ 6]  648 	inc	bc
   032C 03            [ 6]  649 	inc	bc
   032D 03            [ 6]  650 	inc	bc
   032E 3E 02         [ 7]  651 	ld	a,#0x02
   0330 F5            [11]  652 	push	af
   0331 33            [ 6]  653 	inc	sp
   0332 21 28 00      [10]  654 	ld	hl,#0x0028
   0335 E5            [11]  655 	push	hl
   0336 C5            [11]  656 	push	bc
   0337 DD 6E 04      [19]  657 	ld	l,4 (ix)
   033A DD 66 05      [19]  658 	ld	h,5 (ix)
   033D E5            [11]  659 	push	hl
   033E CDrFBr04      [17]  660 	call	_revivirEnemigo
   0341 21 07 00      [10]  661 	ld	hl,#7
   0344 39            [11]  662 	add	hl,sp
   0345 F9            [ 6]  663 	ld	sp,hl
   0346 C3rF2r04      [10]  664 	jp	00128$
   0349                     665 00118$:
                            666 ;src/entities/wavemanager.c:106: }else if(random_number == 2){																		//Reaparece por izquierda
   0349 7D            [ 4]  667 	ld	a,l
   034A D6 02         [ 7]  668 	sub	a,#0x02
   034C 20 3B         [12]  669 	jr	NZ,00115$
   034E B4            [ 4]  670 	or	a,h
   034F 20 38         [12]  671 	jr	NZ,00115$
                            672 ;src/entities/wavemanager.c:107: revivirEnemigo(enemy, 0, getRandomUniform(seed)%141 + 50, d_right);		
   0351 3Ar04r00      [13]  673 	ld	a,(_seed)
   0354 F5            [11]  674 	push	af
   0355 33            [ 6]  675 	inc	sp
   0356 CDr00r00      [17]  676 	call	_getRandomUniform
   0359 33            [ 6]  677 	inc	sp
   035A 45            [ 4]  678 	ld	b,l
   035B 3E 8D         [ 7]  679 	ld	a,#0x8D
   035D F5            [11]  680 	push	af
   035E 33            [ 6]  681 	inc	sp
   035F C5            [11]  682 	push	bc
   0360 33            [ 6]  683 	inc	sp
   0361 CDr00r00      [17]  684 	call	__moduchar
   0364 F1            [10]  685 	pop	af
   0365 4D            [ 4]  686 	ld	c,l
   0366 06 00         [ 7]  687 	ld	b,#0x00
   0368 21 32 00      [10]  688 	ld	hl,#0x0032
   036B 09            [11]  689 	add	hl,bc
   036C 4D            [ 4]  690 	ld	c,l
   036D 44            [ 4]  691 	ld	b,h
   036E 3E 01         [ 7]  692 	ld	a,#0x01
   0370 F5            [11]  693 	push	af
   0371 33            [ 6]  694 	inc	sp
   0372 C5            [11]  695 	push	bc
   0373 21 00 00      [10]  696 	ld	hl,#0x0000
   0376 E5            [11]  697 	push	hl
   0377 DD 6E 04      [19]  698 	ld	l,4 (ix)
   037A DD 66 05      [19]  699 	ld	h,5 (ix)
   037D E5            [11]  700 	push	hl
   037E CDrFBr04      [17]  701 	call	_revivirEnemigo
   0381 21 07 00      [10]  702 	ld	hl,#7
   0384 39            [11]  703 	add	hl,sp
   0385 F9            [ 6]  704 	ld	sp,hl
   0386 C3rF2r04      [10]  705 	jp	00128$
   0389                     706 00115$:
                            707 ;src/entities/wavemanager.c:109: revivirEnemigo(enemy, getRandomUniform(seed)%70 + 5, ALTO - enemy->ent.sh, d_up);
   0389 0A            [ 7]  708 	ld	a,(bc)
   038A 4F            [ 4]  709 	ld	c,a
   038B 06 00         [ 7]  710 	ld	b,#0x00
   038D 3E C8         [ 7]  711 	ld	a,#0xC8
   038F 91            [ 4]  712 	sub	a, c
   0390 4F            [ 4]  713 	ld	c,a
   0391 3E 00         [ 7]  714 	ld	a,#0x00
   0393 98            [ 4]  715 	sbc	a, b
   0394 47            [ 4]  716 	ld	b,a
   0395 C5            [11]  717 	push	bc
   0396 3Ar04r00      [13]  718 	ld	a,(_seed)
   0399 F5            [11]  719 	push	af
   039A 33            [ 6]  720 	inc	sp
   039B CDr00r00      [17]  721 	call	_getRandomUniform
   039E 33            [ 6]  722 	inc	sp
   039F 55            [ 4]  723 	ld	d,l
   03A0 3E 46         [ 7]  724 	ld	a,#0x46
   03A2 F5            [11]  725 	push	af
   03A3 33            [ 6]  726 	inc	sp
   03A4 D5            [11]  727 	push	de
   03A5 33            [ 6]  728 	inc	sp
   03A6 CDr00r00      [17]  729 	call	__moduchar
   03A9 F1            [10]  730 	pop	af
   03AA 5D            [ 4]  731 	ld	e,l
   03AB C1            [10]  732 	pop	bc
   03AC 16 00         [ 7]  733 	ld	d,#0x00
   03AE 13            [ 6]  734 	inc	de
   03AF 13            [ 6]  735 	inc	de
   03B0 13            [ 6]  736 	inc	de
   03B1 13            [ 6]  737 	inc	de
   03B2 13            [ 6]  738 	inc	de
   03B3 AF            [ 4]  739 	xor	a, a
   03B4 F5            [11]  740 	push	af
   03B5 33            [ 6]  741 	inc	sp
   03B6 C5            [11]  742 	push	bc
   03B7 D5            [11]  743 	push	de
   03B8 DD 6E FE      [19]  744 	ld	l,-2 (ix)
   03BB DD 66 FF      [19]  745 	ld	h,-1 (ix)
   03BE E5            [11]  746 	push	hl
   03BF CDrFBr04      [17]  747 	call	_revivirEnemigo
   03C2 21 07 00      [10]  748 	ld	hl,#7
   03C5 39            [11]  749 	add	hl,sp
   03C6 F9            [ 6]  750 	ld	sp,hl
                            751 ;src/entities/wavemanager.c:111: break;
   03C7 C3rF2r04      [10]  752 	jp	00128$
                            753 ;src/entities/wavemanager.c:112: case 4:
   03CA                     754 00120$:
                            755 ;src/entities/wavemanager.c:113: random_number = getRandomUniform(seed)%2;											//Aleatorio 0 o 1
   03CA C5            [11]  756 	push	bc
   03CB 3Ar04r00      [13]  757 	ld	a,(_seed)
   03CE F5            [11]  758 	push	af
   03CF 33            [ 6]  759 	inc	sp
   03D0 CDr00r00      [17]  760 	call	_getRandomUniform
   03D3 33            [ 6]  761 	inc	sp
   03D4 C1            [10]  762 	pop	bc
   03D5 7D            [ 4]  763 	ld	a,l
   03D6 E6 01         [ 7]  764 	and	a, #0x01
   03D8 5F            [ 4]  765 	ld	e,a
   03D9 16 00         [ 7]  766 	ld	d,#0x00
                            767 ;src/entities/wavemanager.c:114: if(random_number == 1){														//Reaparece por abajo
   03DB 1D            [ 4]  768 	dec	e
   03DC 20 45         [12]  769 	jr	NZ,00122$
   03DE 7A            [ 4]  770 	ld	a,d
   03DF B7            [ 4]  771 	or	a, a
   03E0 20 41         [12]  772 	jr	NZ,00122$
                            773 ;src/entities/wavemanager.c:115: revivirEnemigo(enemy, getRandomUniform(seed)%70 + 5, ALTO - enemy->ent.sh, d_up);
   03E2 0A            [ 7]  774 	ld	a,(bc)
   03E3 4F            [ 4]  775 	ld	c,a
   03E4 06 00         [ 7]  776 	ld	b,#0x00
   03E6 3E C8         [ 7]  777 	ld	a,#0xC8
   03E8 91            [ 4]  778 	sub	a, c
   03E9 4F            [ 4]  779 	ld	c,a
   03EA 3E 00         [ 7]  780 	ld	a,#0x00
   03EC 98            [ 4]  781 	sbc	a, b
   03ED 47            [ 4]  782 	ld	b,a
   03EE C5            [11]  783 	push	bc
   03EF 3Ar04r00      [13]  784 	ld	a,(_seed)
   03F2 F5            [11]  785 	push	af
   03F3 33            [ 6]  786 	inc	sp
   03F4 CDr00r00      [17]  787 	call	_getRandomUniform
   03F7 33            [ 6]  788 	inc	sp
   03F8 55            [ 4]  789 	ld	d,l
   03F9 3E 46         [ 7]  790 	ld	a,#0x46
   03FB F5            [11]  791 	push	af
   03FC 33            [ 6]  792 	inc	sp
   03FD D5            [11]  793 	push	de
   03FE 33            [ 6]  794 	inc	sp
   03FF CDr00r00      [17]  795 	call	__moduchar
   0402 F1            [10]  796 	pop	af
   0403 5D            [ 4]  797 	ld	e,l
   0404 C1            [10]  798 	pop	bc
   0405 16 00         [ 7]  799 	ld	d,#0x00
   0407 13            [ 6]  800 	inc	de
   0408 13            [ 6]  801 	inc	de
   0409 13            [ 6]  802 	inc	de
   040A 13            [ 6]  803 	inc	de
   040B 13            [ 6]  804 	inc	de
   040C AF            [ 4]  805 	xor	a, a
   040D F5            [11]  806 	push	af
   040E 33            [ 6]  807 	inc	sp
   040F C5            [11]  808 	push	bc
   0410 D5            [11]  809 	push	de
   0411 DD 6E FE      [19]  810 	ld	l,-2 (ix)
   0414 DD 66 FF      [19]  811 	ld	h,-1 (ix)
   0417 E5            [11]  812 	push	hl
   0418 CDrFBr04      [17]  813 	call	_revivirEnemigo
   041B 21 07 00      [10]  814 	ld	hl,#7
   041E 39            [11]  815 	add	hl,sp
   041F F9            [ 6]  816 	ld	sp,hl
   0420 C3rF2r04      [10]  817 	jp	00128$
   0423                     818 00122$:
                            819 ;src/entities/wavemanager.c:117: revivirEnemigo(enemy, ANCHO - enemy->ent.sw, getRandomUniform(seed)%141 + 50, d_left);	
   0423 3Ar04r00      [13]  820 	ld	a,(_seed)
   0426 F5            [11]  821 	push	af
   0427 33            [ 6]  822 	inc	sp
   0428 CDr00r00      [17]  823 	call	_getRandomUniform
   042B 33            [ 6]  824 	inc	sp
   042C 45            [ 4]  825 	ld	b,l
   042D 3E 8D         [ 7]  826 	ld	a,#0x8D
   042F F5            [11]  827 	push	af
   0430 33            [ 6]  828 	inc	sp
   0431 C5            [11]  829 	push	bc
   0432 33            [ 6]  830 	inc	sp
   0433 CDr00r00      [17]  831 	call	__moduchar
   0436 F1            [10]  832 	pop	af
   0437 4D            [ 4]  833 	ld	c,l
   0438 06 00         [ 7]  834 	ld	b,#0x00
   043A 21 32 00      [10]  835 	ld	hl,#0x0032
   043D 09            [11]  836 	add	hl,bc
   043E 4D            [ 4]  837 	ld	c,l
   043F 44            [ 4]  838 	ld	b,h
   0440 E1            [10]  839 	pop	hl
   0441 E5            [11]  840 	push	hl
   0442 5E            [ 7]  841 	ld	e,(hl)
   0443 16 00         [ 7]  842 	ld	d,#0x00
   0445 3E 50         [ 7]  843 	ld	a,#0x50
   0447 93            [ 4]  844 	sub	a, e
   0448 5F            [ 4]  845 	ld	e,a
   0449 3E 00         [ 7]  846 	ld	a,#0x00
   044B 9A            [ 4]  847 	sbc	a, d
   044C 57            [ 4]  848 	ld	d,a
   044D 3E 03         [ 7]  849 	ld	a,#0x03
   044F F5            [11]  850 	push	af
   0450 33            [ 6]  851 	inc	sp
   0451 C5            [11]  852 	push	bc
   0452 D5            [11]  853 	push	de
   0453 DD 6E FE      [19]  854 	ld	l,-2 (ix)
   0456 DD 66 FF      [19]  855 	ld	h,-1 (ix)
   0459 E5            [11]  856 	push	hl
   045A CDrFBr04      [17]  857 	call	_revivirEnemigo
   045D 21 07 00      [10]  858 	ld	hl,#7
   0460 39            [11]  859 	add	hl,sp
   0461 F9            [ 6]  860 	ld	sp,hl
                            861 ;src/entities/wavemanager.c:119: break;
   0462 C3rF2r04      [10]  862 	jp	00128$
                            863 ;src/entities/wavemanager.c:120: case 5:
   0465                     864 00124$:
                            865 ;src/entities/wavemanager.c:121: random_number = getRandomUniform(seed)%2;											//Aleatorio 0 o 1
   0465 C5            [11]  866 	push	bc
   0466 3Ar04r00      [13]  867 	ld	a,(_seed)
   0469 F5            [11]  868 	push	af
   046A 33            [ 6]  869 	inc	sp
   046B CDr00r00      [17]  870 	call	_getRandomUniform
   046E 33            [ 6]  871 	inc	sp
   046F C1            [10]  872 	pop	bc
   0470 7D            [ 4]  873 	ld	a,l
   0471 E6 01         [ 7]  874 	and	a, #0x01
   0473 5F            [ 4]  875 	ld	e,a
   0474 16 00         [ 7]  876 	ld	d,#0x00
                            877 ;src/entities/wavemanager.c:122: if(random_number == 1){														//Reaparece por izquierda
   0476 1D            [ 4]  878 	dec	e
   0477 20 3B         [12]  879 	jr	NZ,00126$
   0479 7A            [ 4]  880 	ld	a,d
   047A B7            [ 4]  881 	or	a, a
   047B 20 37         [12]  882 	jr	NZ,00126$
                            883 ;src/entities/wavemanager.c:123: revivirEnemigo(enemy, 0, getRandomUniform(seed)%141 + 50, d_right);	
   047D 3Ar04r00      [13]  884 	ld	a,(_seed)
   0480 F5            [11]  885 	push	af
   0481 33            [ 6]  886 	inc	sp
   0482 CDr00r00      [17]  887 	call	_getRandomUniform
   0485 33            [ 6]  888 	inc	sp
   0486 45            [ 4]  889 	ld	b,l
   0487 3E 8D         [ 7]  890 	ld	a,#0x8D
   0489 F5            [11]  891 	push	af
   048A 33            [ 6]  892 	inc	sp
   048B C5            [11]  893 	push	bc
   048C 33            [ 6]  894 	inc	sp
   048D CDr00r00      [17]  895 	call	__moduchar
   0490 F1            [10]  896 	pop	af
   0491 4D            [ 4]  897 	ld	c,l
   0492 06 00         [ 7]  898 	ld	b,#0x00
   0494 21 32 00      [10]  899 	ld	hl,#0x0032
   0497 09            [11]  900 	add	hl,bc
   0498 4D            [ 4]  901 	ld	c,l
   0499 44            [ 4]  902 	ld	b,h
   049A 3E 01         [ 7]  903 	ld	a,#0x01
   049C F5            [11]  904 	push	af
   049D 33            [ 6]  905 	inc	sp
   049E C5            [11]  906 	push	bc
   049F 21 00 00      [10]  907 	ld	hl,#0x0000
   04A2 E5            [11]  908 	push	hl
   04A3 DD 6E 04      [19]  909 	ld	l,4 (ix)
   04A6 DD 66 05      [19]  910 	ld	h,5 (ix)
   04A9 E5            [11]  911 	push	hl
   04AA CDrFBr04      [17]  912 	call	_revivirEnemigo
   04AD 21 07 00      [10]  913 	ld	hl,#7
   04B0 39            [11]  914 	add	hl,sp
   04B1 F9            [ 6]  915 	ld	sp,hl
   04B2 18 3E         [12]  916 	jr	00128$
   04B4                     917 00126$:
                            918 ;src/entities/wavemanager.c:125: revivirEnemigo(enemy, getRandomUniform(seed)%70 + 5, ALTO - enemy->ent.sh, d_up);	
   04B4 0A            [ 7]  919 	ld	a,(bc)
   04B5 4F            [ 4]  920 	ld	c,a
   04B6 06 00         [ 7]  921 	ld	b,#0x00
   04B8 3E C8         [ 7]  922 	ld	a,#0xC8
   04BA 91            [ 4]  923 	sub	a, c
   04BB 4F            [ 4]  924 	ld	c,a
   04BC 3E 00         [ 7]  925 	ld	a,#0x00
   04BE 98            [ 4]  926 	sbc	a, b
   04BF 47            [ 4]  927 	ld	b,a
   04C0 C5            [11]  928 	push	bc
   04C1 3Ar04r00      [13]  929 	ld	a,(_seed)
   04C4 F5            [11]  930 	push	af
   04C5 33            [ 6]  931 	inc	sp
   04C6 CDr00r00      [17]  932 	call	_getRandomUniform
   04C9 33            [ 6]  933 	inc	sp
   04CA 55            [ 4]  934 	ld	d,l
   04CB 3E 46         [ 7]  935 	ld	a,#0x46
   04CD F5            [11]  936 	push	af
   04CE 33            [ 6]  937 	inc	sp
   04CF D5            [11]  938 	push	de
   04D0 33            [ 6]  939 	inc	sp
   04D1 CDr00r00      [17]  940 	call	__moduchar
   04D4 F1            [10]  941 	pop	af
   04D5 5D            [ 4]  942 	ld	e,l
   04D6 C1            [10]  943 	pop	bc
   04D7 16 00         [ 7]  944 	ld	d,#0x00
   04D9 13            [ 6]  945 	inc	de
   04DA 13            [ 6]  946 	inc	de
   04DB 13            [ 6]  947 	inc	de
   04DC 13            [ 6]  948 	inc	de
   04DD 13            [ 6]  949 	inc	de
   04DE AF            [ 4]  950 	xor	a, a
   04DF F5            [11]  951 	push	af
   04E0 33            [ 6]  952 	inc	sp
   04E1 C5            [11]  953 	push	bc
   04E2 D5            [11]  954 	push	de
   04E3 DD 6E FE      [19]  955 	ld	l,-2 (ix)
   04E6 DD 66 FF      [19]  956 	ld	h,-1 (ix)
   04E9 E5            [11]  957 	push	hl
   04EA CDrFBr04      [17]  958 	call	_revivirEnemigo
   04ED 21 07 00      [10]  959 	ld	hl,#7
   04F0 39            [11]  960 	add	hl,sp
   04F1 F9            [ 6]  961 	ld	sp,hl
                            962 ;src/entities/wavemanager.c:128: }
   04F2                     963 00128$:
                            964 ;src/entities/wavemanager.c:130: enemigos_actual++;
   04F2 21r05r00      [10]  965 	ld	hl, #_enemigos_actual+0
   04F5 34            [11]  966 	inc	(hl)
   04F6 DD F9         [10]  967 	ld	sp, ix
   04F8 DD E1         [14]  968 	pop	ix
   04FA C9            [10]  969 	ret
                            970 ;src/entities/wavemanager.c:133: void revivirEnemigo(TEnemy* enemy, i16 x, i16 y, TPlayerDirection dir){
                            971 ;	---------------------------------
                            972 ; Function revivirEnemigo
                            973 ; ---------------------------------
   04FB                     974 _revivirEnemigo::
   04FB DD E5         [15]  975 	push	ix
   04FD DD 21 00 00   [14]  976 	ld	ix,#0
   0501 DD 39         [15]  977 	add	ix,sp
                            978 ;src/entities/wavemanager.c:134: enemy->ent.vivo = SI;
   0503 DD 4E 04      [19]  979 	ld	c,4 (ix)
   0506 DD 46 05      [19]  980 	ld	b,5 (ix)
   0509 21 26 00      [10]  981 	ld	hl,#0x0026
   050C 09            [11]  982 	add	hl,bc
   050D EB            [ 4]  983 	ex	de,hl
   050E 21 41 00      [10]  984 	ld	hl,#0x0041
   0511 09            [11]  985 	add	hl,bc
   0512 36 01         [10]  986 	ld	(hl),#0x01
                            987 ;src/entities/wavemanager.c:135: enemy->ent.draw = SI;
   0514 21 30 00      [10]  988 	ld	hl,#0x0030
   0517 09            [11]  989 	add	hl,bc
   0518 36 01         [10]  990 	ld	(hl),#0x01
                            991 ;src/entities/wavemanager.c:136: enemy->ent.x = x;
   051A DD 7E 06      [19]  992 	ld	a,6 (ix)
   051D 12            [ 7]  993 	ld	(de),a
   051E 13            [ 6]  994 	inc	de
   051F DD 7E 07      [19]  995 	ld	a,7 (ix)
   0522 12            [ 7]  996 	ld	(de),a
                            997 ;src/entities/wavemanager.c:137: enemy->ent.y = y;
   0523 21 28 00      [10]  998 	ld	hl,#0x0028
   0526 09            [11]  999 	add	hl,bc
   0527 DD 7E 08      [19] 1000 	ld	a,8 (ix)
   052A 77            [ 7] 1001 	ld	(hl),a
   052B 23            [ 6] 1002 	inc	hl
   052C DD 7E 09      [19] 1003 	ld	a,9 (ix)
   052F 77            [ 7] 1004 	ld	(hl),a
                           1005 ;src/entities/wavemanager.c:138: enemy->ent.px = x;
   0530 21 2A 00      [10] 1006 	ld	hl,#0x002A
   0533 09            [11] 1007 	add	hl,bc
   0534 DD 7E 06      [19] 1008 	ld	a,6 (ix)
   0537 77            [ 7] 1009 	ld	(hl),a
   0538 23            [ 6] 1010 	inc	hl
   0539 DD 7E 07      [19] 1011 	ld	a,7 (ix)
   053C 77            [ 7] 1012 	ld	(hl),a
                           1013 ;src/entities/wavemanager.c:139: enemy->ent.py = y;
   053D 21 2C 00      [10] 1014 	ld	hl,#0x002C
   0540 09            [11] 1015 	add	hl,bc
   0541 DD 7E 08      [19] 1016 	ld	a,8 (ix)
   0544 77            [ 7] 1017 	ld	(hl),a
   0545 23            [ 6] 1018 	inc	hl
   0546 DD 7E 09      [19] 1019 	ld	a,9 (ix)
   0549 77            [ 7] 1020 	ld	(hl),a
                           1021 ;src/entities/wavemanager.c:140: enemy->ent.cuadrante = mapaActual;
   054A 21 42 00      [10] 1022 	ld	hl,#0x0042
   054D 09            [11] 1023 	add	hl,bc
   054E 3Ar00r00      [13] 1024 	ld	a,(#_mapaActual + 0)
   0551 77            [ 7] 1025 	ld	(hl),a
                           1026 ;src/entities/wavemanager.c:141: enemy->statusIA = s_mover;
   0552 21 49 00      [10] 1027 	ld	hl,#0x0049
   0555 09            [11] 1028 	add	hl,bc
   0556 36 00         [10] 1029 	ld	(hl),#0x00
                           1030 ;src/entities/wavemanager.c:142: enemy->ent.curr_dir = dir;
   0558 21 3B 00      [10] 1031 	ld	hl,#0x003B
   055B 09            [11] 1032 	add	hl,bc
   055C DD 7E 0A      [19] 1033 	ld	a,10 (ix)
   055F 77            [ 7] 1034 	ld	(hl),a
                           1035 ;src/entities/wavemanager.c:143: enemy->bullet.ent.cuadrante = mapaActual;
   0560 21 1F 00      [10] 1036 	ld	hl,#0x001F
   0563 09            [11] 1037 	add	hl,bc
   0564 3Ar00r00      [13] 1038 	ld	a,(#_mapaActual + 0)
   0567 77            [ 7] 1039 	ld	(hl),a
   0568 DD E1         [14] 1040 	pop	ix
   056A C9            [10] 1041 	ret
                           1042 ;src/entities/wavemanager.c:148: void restarEnemigo(){
                           1043 ;	---------------------------------
                           1044 ; Function restarEnemigo
                           1045 ; ---------------------------------
   056B                    1046 _restarEnemigo::
                           1047 ;src/entities/wavemanager.c:149: enemigos_actual--;
   056B 21r05r00      [10] 1048 	ld	hl, #_enemigos_actual+0
   056E 35            [11] 1049 	dec	(hl)
   056F C9            [10] 1050 	ret
                           1051 	.area _CODE
                           1052 	.area _INITIALIZER
   0000                    1053 __xinit__s_samemap:
   0000 00 00              1054 	.dw #0x0000
   0002                    1055 __xinit__d_samemap:
   0002 96 00              1056 	.dw #0x0096
   0004                    1057 __xinit__seed:
   0004 01                 1058 	.db #0x01	; 1
   0005                    1059 __xinit__enemigos_actual:
   0005 03                 1060 	.db #0x03	; 3
                           1061 	.area _CABS (ABS)
