                              1 ;--------------------------------------------------------
                              2 ; File Created by SDCC : free open source ANSI-C Compiler
                              3 ; Version 3.5.5 #9498 (Linux)
                              4 ;--------------------------------------------------------
                              5 	.module fantasma
                              6 	.optsdcc -mz80
                              7 	
                              8 ;--------------------------------------------------------
                              9 ; Public variables in this module
                             10 ;--------------------------------------------------------
                             11 	.globl _g_fantasma
                             12 ;--------------------------------------------------------
                             13 ; special function registers
                             14 ;--------------------------------------------------------
                             15 ;--------------------------------------------------------
                             16 ; ram data
                             17 ;--------------------------------------------------------
                             18 	.area _DATA
                             19 ;--------------------------------------------------------
                             20 ; ram data
                             21 ;--------------------------------------------------------
                             22 	.area _INITIALIZED
                             23 ;--------------------------------------------------------
                             24 ; absolute external ram data
                             25 ;--------------------------------------------------------
                             26 	.area _DABS (ABS)
                             27 ;--------------------------------------------------------
                             28 ; global & static initialisations
                             29 ;--------------------------------------------------------
                             30 	.area _HOME
                             31 	.area _GSINIT
                             32 	.area _GSFINAL
                             33 	.area _GSINIT
                             34 ;--------------------------------------------------------
                             35 ; Home
                             36 ;--------------------------------------------------------
                             37 	.area _HOME
                             38 	.area _HOME
                             39 ;--------------------------------------------------------
                             40 ; code
                             41 ;--------------------------------------------------------
                             42 	.area _CODE
                             43 	.area _CODE
   0000                      44 _g_fantasma:
   0000 FF                   45 	.db #0xFF	; 255
   0001 FF                   46 	.db #0xFF	; 255
   0002 00                   47 	.db #0x00	; 0
   0003 00                   48 	.db #0x00	; 0
   0004 00                   49 	.db #0x00	; 0
   0005 00                   50 	.db #0x00	; 0
   0006 FF                   51 	.db #0xFF	; 255
   0007 FF                   52 	.db #0xFF	; 255
   0008 FF                   53 	.db #0xFF	; 255
   0009 00                   54 	.db #0x00	; 0
   000A 03                   55 	.db #0x03	; 3
   000B 03                   56 	.db #0x03	; 3
   000C 02                   57 	.db #0x02	; 2
   000D 00                   58 	.db #0x00	; 0
   000E 55                   59 	.db #0x55	; 85	'U'
   000F FF                   60 	.db #0xFF	; 255
   0010 AA                   61 	.db #0xAA	; 170
   0011 03                   62 	.db #0x03	; 3
   0012 03                   63 	.db #0x03	; 3
   0013 02                   64 	.db #0x02	; 2
   0014 55                   65 	.db #0x55	; 85	'U'
   0015 EB                   66 	.db #0xEB	; 235
   0016 82                   67 	.db #0x82	; 130
   0017 FF                   68 	.db #0xFF	; 255
   0018 01                   69 	.db #0x01	; 1
   0019 03                   70 	.db #0x03	; 3
   001A 03                   71 	.db #0x03	; 3
   001B 02                   72 	.db #0x02	; 2
   001C FF                   73 	.db #0xFF	; 255
   001D FF                   74 	.db #0xFF	; 255
   001E C3                   75 	.db #0xC3	; 195
   001F 55                   76 	.db #0x55	; 85	'U'
   0020 AA                   77 	.db #0xAA	; 170
   0021 03                   78 	.db #0x03	; 3
   0022 03                   79 	.db #0x03	; 3
   0023 00                   80 	.db #0x00	; 0
   0024 FF                   81 	.db #0xFF	; 255
   0025 FF                   82 	.db #0xFF	; 255
   0026 C3                   83 	.db #0xC3	; 195
   0027 55                   84 	.db #0x55	; 85	'U'
   0028 FF                   85 	.db #0xFF	; 255
   0029 00                   86 	.db #0x00	; 0
   002A 00                   87 	.db #0x00	; 0
   002B 55                   88 	.db #0x55	; 85	'U'
   002C AA                   89 	.db #0xAA	; 170
   002D 55                   90 	.db #0x55	; 85	'U'
   002E 00                   91 	.db #0x00	; 0
   002F 82                   92 	.db #0x82	; 130
   0030 AA                   93 	.db #0xAA	; 170
   0031 00                   94 	.db #0x00	; 0
   0032 00                   95 	.db #0x00	; 0
   0033 55                   96 	.db #0x55	; 85	'U'
   0034 AA                   97 	.db #0xAA	; 170
   0035 55                   98 	.db #0x55	; 85	'U'
   0036 00                   99 	.db #0x00	; 0
   0037 82                  100 	.db #0x82	; 130
   0038 AA                  101 	.db #0xAA	; 170
   0039 03                  102 	.db #0x03	; 3
   003A 03                  103 	.db #0x03	; 3
   003B 55                  104 	.db #0x55	; 85	'U'
   003C FF                  105 	.db #0xFF	; 255
   003D FF                  106 	.db #0xFF	; 255
   003E EB                  107 	.db #0xEB	; 235
   003F 82                  108 	.db #0x82	; 130
   0040 AA                  109 	.db #0xAA	; 170
   0041 03                  110 	.db #0x03	; 3
   0042 03                  111 	.db #0x03	; 3
   0043 00                  112 	.db #0x00	; 0
   0044 FF                  113 	.db #0xFF	; 255
   0045 FF                  114 	.db #0xFF	; 255
   0046 EB                  115 	.db #0xEB	; 235
   0047 82                  116 	.db #0x82	; 130
   0048 FF                  117 	.db #0xFF	; 255
   0049 01                  118 	.db #0x01	; 1
   004A 03                  119 	.db #0x03	; 3
   004B 02                  120 	.db #0x02	; 2
   004C FF                  121 	.db #0xFF	; 255
   004D AA                  122 	.db #0xAA	; 170
   004E EB                  123 	.db #0xEB	; 235
   004F 00                  124 	.db #0x00	; 0
   0050 AA                  125 	.db #0xAA	; 170
   0051 01                  126 	.db #0x01	; 1
   0052 03                  127 	.db #0x03	; 3
   0053 02                  128 	.db #0x02	; 2
   0054 55                  129 	.db #0x55	; 85	'U'
   0055 AA                  130 	.db #0xAA	; 170
   0056 C3                  131 	.db #0xC3	; 195
   0057 55                  132 	.db #0x55	; 85	'U'
   0058 AA                  133 	.db #0xAA	; 170
   0059 02                  134 	.db #0x02	; 2
   005A 00                  135 	.db #0x00	; 0
   005B 03                  136 	.db #0x03	; 3
   005C 00                  137 	.db #0x00	; 0
   005D EB                  138 	.db #0xEB	; 235
   005E 82                  139 	.db #0x82	; 130
   005F 08                  140 	.db #0x08	; 8
   0060 01                  141 	.db #0x01	; 1
   0061 03                  142 	.db #0x03	; 3
   0062 02                  143 	.db #0x02	; 2
   0063 00                  144 	.db #0x00	; 0
   0064 F3                  145 	.db #0xF3	; 243
   0065 00                  146 	.db #0x00	; 0
   0066 01                  147 	.db #0x01	; 1
   0067 08                  148 	.db #0x08	; 8
   0068 00                  149 	.db #0x00	; 0
   0069 04                  150 	.db #0x04	; 4
   006A 0C                  151 	.db #0x0C	; 12
   006B 08                  152 	.db #0x08	; 8
   006C 01                  153 	.db #0x01	; 1
   006D 03                  154 	.db #0x03	; 3
   006E 02                  155 	.db #0x02	; 2
   006F 00                  156 	.db #0x00	; 0
   0070 FF                  157 	.db #0xFF	; 255
   0071 00                  158 	.db #0x00	; 0
   0072 00                  159 	.db #0x00	; 0
   0073 00                  160 	.db #0x00	; 0
   0074 82                  161 	.db #0x82	; 130
   0075 04                  162 	.db #0x04	; 4
   0076 0C                  163 	.db #0x0C	; 12
   0077 55                  164 	.db #0x55	; 85	'U'
   0078 FF                  165 	.db #0xFF	; 255
   0079 FF                  166 	.db #0xFF	; 255
   007A 00                  167 	.db #0x00	; 0
   007B FF                  168 	.db #0xFF	; 255
   007C EB                  169 	.db #0xEB	; 235
   007D 00                  170 	.db #0x00	; 0
   007E 00                  171 	.db #0x00	; 0
   007F FF                  172 	.db #0xFF	; 255
                            173 	.area _INITIALIZER
                            174 	.area _CABS (ABS)
