                              1 ;--------------------------------------------------------
                              2 ; File Created by SDCC : free open source ANSI-C Compiler
                              3 ; Version 3.5.5 #9498 (Linux)
                              4 ;--------------------------------------------------------
                              5 	.module map1
                              6 	.optsdcc -mz80
                              7 	
                              8 ;--------------------------------------------------------
                              9 ; Public variables in this module
                             10 ;--------------------------------------------------------
                             11 	.globl _g_map1
                             12 ;--------------------------------------------------------
                             13 ; special function registers
                             14 ;--------------------------------------------------------
                             15 ;--------------------------------------------------------
                             16 ; ram data
                             17 ;--------------------------------------------------------
                             18 	.area _DATA
                             19 ;--------------------------------------------------------
                             20 ; ram data
                             21 ;--------------------------------------------------------
                             22 	.area _INITIALIZED
                             23 ;--------------------------------------------------------
                             24 ; absolute external ram data
                             25 ;--------------------------------------------------------
                             26 	.area _DABS (ABS)
                             27 ;--------------------------------------------------------
                             28 ; global & static initialisations
                             29 ;--------------------------------------------------------
                             30 	.area _HOME
                             31 	.area _GSINIT
                             32 	.area _GSFINAL
                             33 	.area _GSINIT
                             34 ;--------------------------------------------------------
                             35 ; Home
                             36 ;--------------------------------------------------------
                             37 	.area _HOME
                             38 	.area _HOME
                             39 ;--------------------------------------------------------
                             40 ; code
                             41 ;--------------------------------------------------------
                             42 	.area _CODE
                             43 	.area _CODE
   0000                      44 _g_map1:
   0000 0E                   45 	.db #0x0E	; 14
   0001 0E                   46 	.db #0x0E	; 14
   0002 0E                   47 	.db #0x0E	; 14
   0003 0E                   48 	.db #0x0E	; 14
   0004 0E                   49 	.db #0x0E	; 14
   0005 0E                   50 	.db #0x0E	; 14
   0006 0E                   51 	.db #0x0E	; 14
   0007 0E                   52 	.db #0x0E	; 14
   0008 0E                   53 	.db #0x0E	; 14
   0009 0E                   54 	.db #0x0E	; 14
   000A 0E                   55 	.db #0x0E	; 14
   000B 0E                   56 	.db #0x0E	; 14
   000C 0E                   57 	.db #0x0E	; 14
   000D 0E                   58 	.db #0x0E	; 14
   000E 0E                   59 	.db #0x0E	; 14
   000F 0E                   60 	.db #0x0E	; 14
   0010 0E                   61 	.db #0x0E	; 14
   0011 0E                   62 	.db #0x0E	; 14
   0012 0E                   63 	.db #0x0E	; 14
   0013 0E                   64 	.db #0x0E	; 14
   0014 0E                   65 	.db #0x0E	; 14
   0015 0E                   66 	.db #0x0E	; 14
   0016 0E                   67 	.db #0x0E	; 14
   0017 0E                   68 	.db #0x0E	; 14
   0018 0E                   69 	.db #0x0E	; 14
   0019 0E                   70 	.db #0x0E	; 14
   001A 0E                   71 	.db #0x0E	; 14
   001B 0E                   72 	.db #0x0E	; 14
   001C 0E                   73 	.db #0x0E	; 14
   001D 0E                   74 	.db #0x0E	; 14
   001E 0E                   75 	.db #0x0E	; 14
   001F 0E                   76 	.db #0x0E	; 14
   0020 0E                   77 	.db #0x0E	; 14
   0021 0E                   78 	.db #0x0E	; 14
   0022 0E                   79 	.db #0x0E	; 14
   0023 0E                   80 	.db #0x0E	; 14
   0024 0E                   81 	.db #0x0E	; 14
   0025 0E                   82 	.db #0x0E	; 14
   0026 0E                   83 	.db #0x0E	; 14
   0027 0E                   84 	.db #0x0E	; 14
   0028 0E                   85 	.db #0x0E	; 14
   0029 0E                   86 	.db #0x0E	; 14
   002A 0E                   87 	.db #0x0E	; 14
   002B 0E                   88 	.db #0x0E	; 14
   002C 0E                   89 	.db #0x0E	; 14
   002D 0E                   90 	.db #0x0E	; 14
   002E 0E                   91 	.db #0x0E	; 14
   002F 0E                   92 	.db #0x0E	; 14
   0030 0E                   93 	.db #0x0E	; 14
   0031 0E                   94 	.db #0x0E	; 14
   0032 0E                   95 	.db #0x0E	; 14
   0033 0E                   96 	.db #0x0E	; 14
   0034 0E                   97 	.db #0x0E	; 14
   0035 0E                   98 	.db #0x0E	; 14
   0036 0E                   99 	.db #0x0E	; 14
   0037 0E                  100 	.db #0x0E	; 14
   0038 0E                  101 	.db #0x0E	; 14
   0039 0E                  102 	.db #0x0E	; 14
   003A 0E                  103 	.db #0x0E	; 14
   003B 0E                  104 	.db #0x0E	; 14
   003C 0E                  105 	.db #0x0E	; 14
   003D 0E                  106 	.db #0x0E	; 14
   003E 0E                  107 	.db #0x0E	; 14
   003F 0E                  108 	.db #0x0E	; 14
   0040 0E                  109 	.db #0x0E	; 14
   0041 0E                  110 	.db #0x0E	; 14
   0042 0E                  111 	.db #0x0E	; 14
   0043 0E                  112 	.db #0x0E	; 14
   0044 0E                  113 	.db #0x0E	; 14
   0045 0E                  114 	.db #0x0E	; 14
   0046 0E                  115 	.db #0x0E	; 14
   0047 0E                  116 	.db #0x0E	; 14
   0048 0E                  117 	.db #0x0E	; 14
   0049 0E                  118 	.db #0x0E	; 14
   004A 0E                  119 	.db #0x0E	; 14
   004B 0E                  120 	.db #0x0E	; 14
   004C 0E                  121 	.db #0x0E	; 14
   004D 0E                  122 	.db #0x0E	; 14
   004E 0E                  123 	.db #0x0E	; 14
   004F 0E                  124 	.db #0x0E	; 14
   0050 09                  125 	.db #0x09	; 9
   0051 0E                  126 	.db #0x0E	; 14
   0052 0E                  127 	.db #0x0E	; 14
   0053 0E                  128 	.db #0x0E	; 14
   0054 09                  129 	.db #0x09	; 9
   0055 0E                  130 	.db #0x0E	; 14
   0056 0E                  131 	.db #0x0E	; 14
   0057 0E                  132 	.db #0x0E	; 14
   0058 09                  133 	.db #0x09	; 9
   0059 0E                  134 	.db #0x0E	; 14
   005A 0E                  135 	.db #0x0E	; 14
   005B 0E                  136 	.db #0x0E	; 14
   005C 09                  137 	.db #0x09	; 9
   005D 0E                  138 	.db #0x0E	; 14
   005E 0E                  139 	.db #0x0E	; 14
   005F 0E                  140 	.db #0x0E	; 14
   0060 09                  141 	.db #0x09	; 9
   0061 0E                  142 	.db #0x0E	; 14
   0062 0E                  143 	.db #0x0E	; 14
   0063 0E                  144 	.db #0x0E	; 14
   0064 09                  145 	.db #0x09	; 9
   0065 0E                  146 	.db #0x0E	; 14
   0066 0E                  147 	.db #0x0E	; 14
   0067 0E                  148 	.db #0x0E	; 14
   0068 09                  149 	.db #0x09	; 9
   0069 0E                  150 	.db #0x0E	; 14
   006A 0E                  151 	.db #0x0E	; 14
   006B 0E                  152 	.db #0x0E	; 14
   006C 09                  153 	.db #0x09	; 9
   006D 0E                  154 	.db #0x0E	; 14
   006E 0E                  155 	.db #0x0E	; 14
   006F 0E                  156 	.db #0x0E	; 14
   0070 09                  157 	.db #0x09	; 9
   0071 0E                  158 	.db #0x0E	; 14
   0072 0E                  159 	.db #0x0E	; 14
   0073 0E                  160 	.db #0x0E	; 14
   0074 09                  161 	.db #0x09	; 9
   0075 0E                  162 	.db #0x0E	; 14
   0076 0E                  163 	.db #0x0E	; 14
   0077 0E                  164 	.db #0x0E	; 14
   0078 0E                  165 	.db #0x0E	; 14
   0079 09                  166 	.db #0x09	; 9
   007A 0E                  167 	.db #0x0E	; 14
   007B 09                  168 	.db #0x09	; 9
   007C 0E                  169 	.db #0x0E	; 14
   007D 09                  170 	.db #0x09	; 9
   007E 0E                  171 	.db #0x0E	; 14
   007F 09                  172 	.db #0x09	; 9
   0080 0E                  173 	.db #0x0E	; 14
   0081 09                  174 	.db #0x09	; 9
   0082 0E                  175 	.db #0x0E	; 14
   0083 09                  176 	.db #0x09	; 9
   0084 0E                  177 	.db #0x0E	; 14
   0085 09                  178 	.db #0x09	; 9
   0086 0E                  179 	.db #0x0E	; 14
   0087 09                  180 	.db #0x09	; 9
   0088 0E                  181 	.db #0x0E	; 14
   0089 09                  182 	.db #0x09	; 9
   008A 0E                  183 	.db #0x0E	; 14
   008B 09                  184 	.db #0x09	; 9
   008C 0E                  185 	.db #0x0E	; 14
   008D 09                  186 	.db #0x09	; 9
   008E 0E                  187 	.db #0x0E	; 14
   008F 09                  188 	.db #0x09	; 9
   0090 0E                  189 	.db #0x0E	; 14
   0091 09                  190 	.db #0x09	; 9
   0092 0E                  191 	.db #0x0E	; 14
   0093 09                  192 	.db #0x09	; 9
   0094 0E                  193 	.db #0x0E	; 14
   0095 09                  194 	.db #0x09	; 9
   0096 0E                  195 	.db #0x0E	; 14
   0097 09                  196 	.db #0x09	; 9
   0098 0E                  197 	.db #0x0E	; 14
   0099 09                  198 	.db #0x09	; 9
   009A 0E                  199 	.db #0x0E	; 14
   009B 09                  200 	.db #0x09	; 9
   009C 0E                  201 	.db #0x0E	; 14
   009D 09                  202 	.db #0x09	; 9
   009E 0E                  203 	.db #0x0E	; 14
   009F 09                  204 	.db #0x09	; 9
   00A0 09                  205 	.db #0x09	; 9
   00A1 09                  206 	.db #0x09	; 9
   00A2 09                  207 	.db #0x09	; 9
   00A3 09                  208 	.db #0x09	; 9
   00A4 09                  209 	.db #0x09	; 9
   00A5 09                  210 	.db #0x09	; 9
   00A6 09                  211 	.db #0x09	; 9
   00A7 09                  212 	.db #0x09	; 9
   00A8 09                  213 	.db #0x09	; 9
   00A9 09                  214 	.db #0x09	; 9
   00AA 09                  215 	.db #0x09	; 9
   00AB 09                  216 	.db #0x09	; 9
   00AC 09                  217 	.db #0x09	; 9
   00AD 09                  218 	.db #0x09	; 9
   00AE 09                  219 	.db #0x09	; 9
   00AF 09                  220 	.db #0x09	; 9
   00B0 09                  221 	.db #0x09	; 9
   00B1 09                  222 	.db #0x09	; 9
   00B2 09                  223 	.db #0x09	; 9
   00B3 09                  224 	.db #0x09	; 9
   00B4 09                  225 	.db #0x09	; 9
   00B5 09                  226 	.db #0x09	; 9
   00B6 09                  227 	.db #0x09	; 9
   00B7 09                  228 	.db #0x09	; 9
   00B8 09                  229 	.db #0x09	; 9
   00B9 09                  230 	.db #0x09	; 9
   00BA 09                  231 	.db #0x09	; 9
   00BB 09                  232 	.db #0x09	; 9
   00BC 09                  233 	.db #0x09	; 9
   00BD 09                  234 	.db #0x09	; 9
   00BE 09                  235 	.db #0x09	; 9
   00BF 09                  236 	.db #0x09	; 9
   00C0 09                  237 	.db #0x09	; 9
   00C1 09                  238 	.db #0x09	; 9
   00C2 09                  239 	.db #0x09	; 9
   00C3 09                  240 	.db #0x09	; 9
   00C4 09                  241 	.db #0x09	; 9
   00C5 09                  242 	.db #0x09	; 9
   00C6 09                  243 	.db #0x09	; 9
   00C7 09                  244 	.db #0x09	; 9
   00C8 09                  245 	.db #0x09	; 9
   00C9 09                  246 	.db #0x09	; 9
   00CA 09                  247 	.db #0x09	; 9
   00CB 09                  248 	.db #0x09	; 9
   00CC 09                  249 	.db #0x09	; 9
   00CD 09                  250 	.db #0x09	; 9
   00CE 09                  251 	.db #0x09	; 9
   00CF 09                  252 	.db #0x09	; 9
   00D0 09                  253 	.db #0x09	; 9
   00D1 09                  254 	.db #0x09	; 9
   00D2 09                  255 	.db #0x09	; 9
   00D3 09                  256 	.db #0x09	; 9
   00D4 09                  257 	.db #0x09	; 9
   00D5 09                  258 	.db #0x09	; 9
   00D6 09                  259 	.db #0x09	; 9
   00D7 09                  260 	.db #0x09	; 9
   00D8 09                  261 	.db #0x09	; 9
   00D9 09                  262 	.db #0x09	; 9
   00DA 09                  263 	.db #0x09	; 9
   00DB 09                  264 	.db #0x09	; 9
   00DC 09                  265 	.db #0x09	; 9
   00DD 09                  266 	.db #0x09	; 9
   00DE 09                  267 	.db #0x09	; 9
   00DF 09                  268 	.db #0x09	; 9
   00E0 09                  269 	.db #0x09	; 9
   00E1 09                  270 	.db #0x09	; 9
   00E2 09                  271 	.db #0x09	; 9
   00E3 09                  272 	.db #0x09	; 9
   00E4 09                  273 	.db #0x09	; 9
   00E5 09                  274 	.db #0x09	; 9
   00E6 09                  275 	.db #0x09	; 9
   00E7 09                  276 	.db #0x09	; 9
   00E8 09                  277 	.db #0x09	; 9
   00E9 09                  278 	.db #0x09	; 9
   00EA 09                  279 	.db #0x09	; 9
   00EB 09                  280 	.db #0x09	; 9
   00EC 09                  281 	.db #0x09	; 9
   00ED 09                  282 	.db #0x09	; 9
   00EE 09                  283 	.db #0x09	; 9
   00EF 09                  284 	.db #0x09	; 9
   00F0 09                  285 	.db #0x09	; 9
   00F1 09                  286 	.db #0x09	; 9
   00F2 09                  287 	.db #0x09	; 9
   00F3 04                  288 	.db #0x04	; 4
   00F4 09                  289 	.db #0x09	; 9
   00F5 09                  290 	.db #0x09	; 9
   00F6 09                  291 	.db #0x09	; 9
   00F7 04                  292 	.db #0x04	; 4
   00F8 09                  293 	.db #0x09	; 9
   00F9 09                  294 	.db #0x09	; 9
   00FA 09                  295 	.db #0x09	; 9
   00FB 04                  296 	.db #0x04	; 4
   00FC 09                  297 	.db #0x09	; 9
   00FD 09                  298 	.db #0x09	; 9
   00FE 09                  299 	.db #0x09	; 9
   00FF 04                  300 	.db #0x04	; 4
   0100 09                  301 	.db #0x09	; 9
   0101 09                  302 	.db #0x09	; 9
   0102 09                  303 	.db #0x09	; 9
   0103 04                  304 	.db #0x04	; 4
   0104 09                  305 	.db #0x09	; 9
   0105 09                  306 	.db #0x09	; 9
   0106 09                  307 	.db #0x09	; 9
   0107 04                  308 	.db #0x04	; 4
   0108 09                  309 	.db #0x09	; 9
   0109 09                  310 	.db #0x09	; 9
   010A 09                  311 	.db #0x09	; 9
   010B 04                  312 	.db #0x04	; 4
   010C 09                  313 	.db #0x09	; 9
   010D 09                  314 	.db #0x09	; 9
   010E 09                  315 	.db #0x09	; 9
   010F 04                  316 	.db #0x04	; 4
   0110 09                  317 	.db #0x09	; 9
   0111 09                  318 	.db #0x09	; 9
   0112 09                  319 	.db #0x09	; 9
   0113 04                  320 	.db #0x04	; 4
   0114 09                  321 	.db #0x09	; 9
   0115 09                  322 	.db #0x09	; 9
   0116 09                  323 	.db #0x09	; 9
   0117 04                  324 	.db #0x04	; 4
   0118 04                  325 	.db #0x04	; 4
   0119 09                  326 	.db #0x09	; 9
   011A 04                  327 	.db #0x04	; 4
   011B 09                  328 	.db #0x09	; 9
   011C 04                  329 	.db #0x04	; 4
   011D 09                  330 	.db #0x09	; 9
   011E 04                  331 	.db #0x04	; 4
   011F 09                  332 	.db #0x09	; 9
   0120 04                  333 	.db #0x04	; 4
   0121 09                  334 	.db #0x09	; 9
   0122 04                  335 	.db #0x04	; 4
   0123 09                  336 	.db #0x09	; 9
   0124 04                  337 	.db #0x04	; 4
   0125 09                  338 	.db #0x09	; 9
   0126 04                  339 	.db #0x04	; 4
   0127 09                  340 	.db #0x09	; 9
   0128 04                  341 	.db #0x04	; 4
   0129 09                  342 	.db #0x09	; 9
   012A 04                  343 	.db #0x04	; 4
   012B 09                  344 	.db #0x09	; 9
   012C 04                  345 	.db #0x04	; 4
   012D 09                  346 	.db #0x09	; 9
   012E 04                  347 	.db #0x04	; 4
   012F 09                  348 	.db #0x09	; 9
   0130 04                  349 	.db #0x04	; 4
   0131 09                  350 	.db #0x09	; 9
   0132 04                  351 	.db #0x04	; 4
   0133 09                  352 	.db #0x09	; 9
   0134 04                  353 	.db #0x04	; 4
   0135 09                  354 	.db #0x09	; 9
   0136 04                  355 	.db #0x04	; 4
   0137 09                  356 	.db #0x09	; 9
   0138 04                  357 	.db #0x04	; 4
   0139 09                  358 	.db #0x09	; 9
   013A 04                  359 	.db #0x04	; 4
   013B 09                  360 	.db #0x09	; 9
   013C 04                  361 	.db #0x04	; 4
   013D 09                  362 	.db #0x09	; 9
   013E 04                  363 	.db #0x04	; 4
   013F 09                  364 	.db #0x09	; 9
   0140 04                  365 	.db #0x04	; 4
   0141 04                  366 	.db #0x04	; 4
   0142 04                  367 	.db #0x04	; 4
   0143 04                  368 	.db #0x04	; 4
   0144 04                  369 	.db #0x04	; 4
   0145 04                  370 	.db #0x04	; 4
   0146 04                  371 	.db #0x04	; 4
   0147 04                  372 	.db #0x04	; 4
   0148 04                  373 	.db #0x04	; 4
   0149 04                  374 	.db #0x04	; 4
   014A 04                  375 	.db #0x04	; 4
   014B 04                  376 	.db #0x04	; 4
   014C 04                  377 	.db #0x04	; 4
   014D 04                  378 	.db #0x04	; 4
   014E 04                  379 	.db #0x04	; 4
   014F 04                  380 	.db #0x04	; 4
   0150 04                  381 	.db #0x04	; 4
   0151 04                  382 	.db #0x04	; 4
   0152 04                  383 	.db #0x04	; 4
   0153 04                  384 	.db #0x04	; 4
   0154 04                  385 	.db #0x04	; 4
   0155 04                  386 	.db #0x04	; 4
   0156 04                  387 	.db #0x04	; 4
   0157 04                  388 	.db #0x04	; 4
   0158 04                  389 	.db #0x04	; 4
   0159 04                  390 	.db #0x04	; 4
   015A 04                  391 	.db #0x04	; 4
   015B 04                  392 	.db #0x04	; 4
   015C 04                  393 	.db #0x04	; 4
   015D 04                  394 	.db #0x04	; 4
   015E 04                  395 	.db #0x04	; 4
   015F 04                  396 	.db #0x04	; 4
   0160 04                  397 	.db #0x04	; 4
   0161 04                  398 	.db #0x04	; 4
   0162 04                  399 	.db #0x04	; 4
   0163 04                  400 	.db #0x04	; 4
   0164 04                  401 	.db #0x04	; 4
   0165 04                  402 	.db #0x04	; 4
   0166 04                  403 	.db #0x04	; 4
   0167 04                  404 	.db #0x04	; 4
   0168 04                  405 	.db #0x04	; 4
   0169 04                  406 	.db #0x04	; 4
   016A 04                  407 	.db #0x04	; 4
   016B 04                  408 	.db #0x04	; 4
   016C 04                  409 	.db #0x04	; 4
   016D 04                  410 	.db #0x04	; 4
   016E 04                  411 	.db #0x04	; 4
   016F 04                  412 	.db #0x04	; 4
   0170 04                  413 	.db #0x04	; 4
   0171 04                  414 	.db #0x04	; 4
   0172 04                  415 	.db #0x04	; 4
   0173 04                  416 	.db #0x04	; 4
   0174 04                  417 	.db #0x04	; 4
   0175 04                  418 	.db #0x04	; 4
   0176 04                  419 	.db #0x04	; 4
   0177 04                  420 	.db #0x04	; 4
   0178 04                  421 	.db #0x04	; 4
   0179 04                  422 	.db #0x04	; 4
   017A 04                  423 	.db #0x04	; 4
   017B 04                  424 	.db #0x04	; 4
   017C 04                  425 	.db #0x04	; 4
   017D 04                  426 	.db #0x04	; 4
   017E 04                  427 	.db #0x04	; 4
   017F 04                  428 	.db #0x04	; 4
   0180 04                  429 	.db #0x04	; 4
   0181 04                  430 	.db #0x04	; 4
   0182 04                  431 	.db #0x04	; 4
   0183 04                  432 	.db #0x04	; 4
   0184 04                  433 	.db #0x04	; 4
   0185 04                  434 	.db #0x04	; 4
   0186 04                  435 	.db #0x04	; 4
   0187 04                  436 	.db #0x04	; 4
   0188 04                  437 	.db #0x04	; 4
   0189 04                  438 	.db #0x04	; 4
   018A 04                  439 	.db #0x04	; 4
   018B 04                  440 	.db #0x04	; 4
   018C 04                  441 	.db #0x04	; 4
   018D 04                  442 	.db #0x04	; 4
   018E 04                  443 	.db #0x04	; 4
   018F 04                  444 	.db #0x04	; 4
   0190 04                  445 	.db #0x04	; 4
   0191 04                  446 	.db #0x04	; 4
   0192 04                  447 	.db #0x04	; 4
   0193 04                  448 	.db #0x04	; 4
   0194 04                  449 	.db #0x04	; 4
   0195 04                  450 	.db #0x04	; 4
   0196 04                  451 	.db #0x04	; 4
   0197 04                  452 	.db #0x04	; 4
   0198 04                  453 	.db #0x04	; 4
   0199 04                  454 	.db #0x04	; 4
   019A 04                  455 	.db #0x04	; 4
   019B 04                  456 	.db #0x04	; 4
   019C 04                  457 	.db #0x04	; 4
   019D 04                  458 	.db #0x04	; 4
   019E 04                  459 	.db #0x04	; 4
   019F 04                  460 	.db #0x04	; 4
   01A0 04                  461 	.db #0x04	; 4
   01A1 04                  462 	.db #0x04	; 4
   01A2 04                  463 	.db #0x04	; 4
   01A3 04                  464 	.db #0x04	; 4
   01A4 04                  465 	.db #0x04	; 4
   01A5 04                  466 	.db #0x04	; 4
   01A6 04                  467 	.db #0x04	; 4
   01A7 04                  468 	.db #0x04	; 4
   01A8 04                  469 	.db #0x04	; 4
   01A9 04                  470 	.db #0x04	; 4
   01AA 04                  471 	.db #0x04	; 4
   01AB 04                  472 	.db #0x04	; 4
   01AC 04                  473 	.db #0x04	; 4
   01AD 04                  474 	.db #0x04	; 4
   01AE 04                  475 	.db #0x04	; 4
   01AF 04                  476 	.db #0x04	; 4
   01B0 04                  477 	.db #0x04	; 4
   01B1 04                  478 	.db #0x04	; 4
   01B2 04                  479 	.db #0x04	; 4
   01B3 04                  480 	.db #0x04	; 4
   01B4 04                  481 	.db #0x04	; 4
   01B5 04                  482 	.db #0x04	; 4
   01B6 04                  483 	.db #0x04	; 4
   01B7 04                  484 	.db #0x04	; 4
   01B8 04                  485 	.db #0x04	; 4
   01B9 04                  486 	.db #0x04	; 4
   01BA 04                  487 	.db #0x04	; 4
   01BB 04                  488 	.db #0x04	; 4
   01BC 04                  489 	.db #0x04	; 4
   01BD 04                  490 	.db #0x04	; 4
   01BE 04                  491 	.db #0x04	; 4
   01BF 00                  492 	.db #0x00	; 0
   01C0 01                  493 	.db #0x01	; 1
   01C1 02                  494 	.db #0x02	; 2
   01C2 03                  495 	.db #0x03	; 3
   01C3 00                  496 	.db #0x00	; 0
   01C4 01                  497 	.db #0x01	; 1
   01C5 02                  498 	.db #0x02	; 2
   01C6 03                  499 	.db #0x03	; 3
   01C7 04                  500 	.db #0x04	; 4
   01C8 04                  501 	.db #0x04	; 4
   01C9 04                  502 	.db #0x04	; 4
   01CA 04                  503 	.db #0x04	; 4
   01CB 04                  504 	.db #0x04	; 4
   01CC 04                  505 	.db #0x04	; 4
   01CD 04                  506 	.db #0x04	; 4
   01CE 04                  507 	.db #0x04	; 4
   01CF 04                  508 	.db #0x04	; 4
   01D0 04                  509 	.db #0x04	; 4
   01D1 00                  510 	.db #0x00	; 0
   01D2 01                  511 	.db #0x01	; 1
   01D3 02                  512 	.db #0x02	; 2
   01D4 03                  513 	.db #0x03	; 3
   01D5 00                  514 	.db #0x00	; 0
   01D6 01                  515 	.db #0x01	; 1
   01D7 02                  516 	.db #0x02	; 2
   01D8 03                  517 	.db #0x03	; 3
   01D9 04                  518 	.db #0x04	; 4
   01DA 04                  519 	.db #0x04	; 4
   01DB 04                  520 	.db #0x04	; 4
   01DC 04                  521 	.db #0x04	; 4
   01DD 04                  522 	.db #0x04	; 4
   01DE 04                  523 	.db #0x04	; 4
   01DF 04                  524 	.db #0x04	; 4
   01E0 04                  525 	.db #0x04	; 4
   01E1 04                  526 	.db #0x04	; 4
   01E2 04                  527 	.db #0x04	; 4
   01E3 04                  528 	.db #0x04	; 4
   01E4 04                  529 	.db #0x04	; 4
   01E5 04                  530 	.db #0x04	; 4
   01E6 04                  531 	.db #0x04	; 4
   01E7 05                  532 	.db #0x05	; 5
   01E8 06                  533 	.db #0x06	; 6
   01E9 07                  534 	.db #0x07	; 7
   01EA 08                  535 	.db #0x08	; 8
   01EB 05                  536 	.db #0x05	; 5
   01EC 06                  537 	.db #0x06	; 6
   01ED 07                  538 	.db #0x07	; 7
   01EE 08                  539 	.db #0x08	; 8
   01EF 04                  540 	.db #0x04	; 4
   01F0 04                  541 	.db #0x04	; 4
   01F1 04                  542 	.db #0x04	; 4
   01F2 04                  543 	.db #0x04	; 4
   01F3 04                  544 	.db #0x04	; 4
   01F4 04                  545 	.db #0x04	; 4
   01F5 04                  546 	.db #0x04	; 4
   01F6 04                  547 	.db #0x04	; 4
   01F7 04                  548 	.db #0x04	; 4
   01F8 04                  549 	.db #0x04	; 4
   01F9 05                  550 	.db #0x05	; 5
   01FA 06                  551 	.db #0x06	; 6
   01FB 07                  552 	.db #0x07	; 7
   01FC 08                  553 	.db #0x08	; 8
   01FD 05                  554 	.db #0x05	; 5
   01FE 06                  555 	.db #0x06	; 6
   01FF 07                  556 	.db #0x07	; 7
   0200 08                  557 	.db #0x08	; 8
   0201 04                  558 	.db #0x04	; 4
   0202 04                  559 	.db #0x04	; 4
   0203 04                  560 	.db #0x04	; 4
   0204 04                  561 	.db #0x04	; 4
   0205 04                  562 	.db #0x04	; 4
   0206 04                  563 	.db #0x04	; 4
   0207 04                  564 	.db #0x04	; 4
   0208 04                  565 	.db #0x04	; 4
   0209 04                  566 	.db #0x04	; 4
   020A 04                  567 	.db #0x04	; 4
   020B 04                  568 	.db #0x04	; 4
   020C 04                  569 	.db #0x04	; 4
   020D 04                  570 	.db #0x04	; 4
   020E 04                  571 	.db #0x04	; 4
   020F 04                  572 	.db #0x04	; 4
   0210 04                  573 	.db #0x04	; 4
   0211 04                  574 	.db #0x04	; 4
   0212 04                  575 	.db #0x04	; 4
   0213 04                  576 	.db #0x04	; 4
   0214 04                  577 	.db #0x04	; 4
   0215 04                  578 	.db #0x04	; 4
   0216 04                  579 	.db #0x04	; 4
   0217 04                  580 	.db #0x04	; 4
   0218 04                  581 	.db #0x04	; 4
   0219 04                  582 	.db #0x04	; 4
   021A 04                  583 	.db #0x04	; 4
   021B 04                  584 	.db #0x04	; 4
   021C 04                  585 	.db #0x04	; 4
   021D 04                  586 	.db #0x04	; 4
   021E 04                  587 	.db #0x04	; 4
   021F 04                  588 	.db #0x04	; 4
   0220 04                  589 	.db #0x04	; 4
   0221 04                  590 	.db #0x04	; 4
   0222 04                  591 	.db #0x04	; 4
   0223 04                  592 	.db #0x04	; 4
   0224 04                  593 	.db #0x04	; 4
   0225 04                  594 	.db #0x04	; 4
   0226 04                  595 	.db #0x04	; 4
   0227 04                  596 	.db #0x04	; 4
   0228 04                  597 	.db #0x04	; 4
   0229 04                  598 	.db #0x04	; 4
   022A 04                  599 	.db #0x04	; 4
   022B 04                  600 	.db #0x04	; 4
   022C 04                  601 	.db #0x04	; 4
   022D 04                  602 	.db #0x04	; 4
   022E 04                  603 	.db #0x04	; 4
   022F 04                  604 	.db #0x04	; 4
   0230 04                  605 	.db #0x04	; 4
   0231 04                  606 	.db #0x04	; 4
   0232 04                  607 	.db #0x04	; 4
   0233 04                  608 	.db #0x04	; 4
   0234 04                  609 	.db #0x04	; 4
   0235 04                  610 	.db #0x04	; 4
   0236 04                  611 	.db #0x04	; 4
   0237 04                  612 	.db #0x04	; 4
   0238 04                  613 	.db #0x04	; 4
   0239 04                  614 	.db #0x04	; 4
   023A 04                  615 	.db #0x04	; 4
   023B 04                  616 	.db #0x04	; 4
   023C 04                  617 	.db #0x04	; 4
   023D 04                  618 	.db #0x04	; 4
   023E 04                  619 	.db #0x04	; 4
   023F 04                  620 	.db #0x04	; 4
   0240 04                  621 	.db #0x04	; 4
   0241 04                  622 	.db #0x04	; 4
   0242 04                  623 	.db #0x04	; 4
   0243 04                  624 	.db #0x04	; 4
   0244 04                  625 	.db #0x04	; 4
   0245 04                  626 	.db #0x04	; 4
   0246 04                  627 	.db #0x04	; 4
   0247 04                  628 	.db #0x04	; 4
   0248 04                  629 	.db #0x04	; 4
   0249 04                  630 	.db #0x04	; 4
   024A 04                  631 	.db #0x04	; 4
   024B 04                  632 	.db #0x04	; 4
   024C 04                  633 	.db #0x04	; 4
   024D 04                  634 	.db #0x04	; 4
   024E 04                  635 	.db #0x04	; 4
   024F 04                  636 	.db #0x04	; 4
   0250 04                  637 	.db #0x04	; 4
   0251 04                  638 	.db #0x04	; 4
   0252 04                  639 	.db #0x04	; 4
   0253 04                  640 	.db #0x04	; 4
   0254 04                  641 	.db #0x04	; 4
   0255 04                  642 	.db #0x04	; 4
   0256 04                  643 	.db #0x04	; 4
   0257 04                  644 	.db #0x04	; 4
   0258 04                  645 	.db #0x04	; 4
   0259 04                  646 	.db #0x04	; 4
   025A 04                  647 	.db #0x04	; 4
   025B 04                  648 	.db #0x04	; 4
   025C 04                  649 	.db #0x04	; 4
   025D 04                  650 	.db #0x04	; 4
   025E 04                  651 	.db #0x04	; 4
   025F 04                  652 	.db #0x04	; 4
   0260 04                  653 	.db #0x04	; 4
   0261 04                  654 	.db #0x04	; 4
   0262 04                  655 	.db #0x04	; 4
   0263 04                  656 	.db #0x04	; 4
   0264 04                  657 	.db #0x04	; 4
   0265 04                  658 	.db #0x04	; 4
   0266 04                  659 	.db #0x04	; 4
   0267 04                  660 	.db #0x04	; 4
   0268 04                  661 	.db #0x04	; 4
   0269 04                  662 	.db #0x04	; 4
   026A 04                  663 	.db #0x04	; 4
   026B 04                  664 	.db #0x04	; 4
   026C 04                  665 	.db #0x04	; 4
   026D 04                  666 	.db #0x04	; 4
   026E 04                  667 	.db #0x04	; 4
   026F 04                  668 	.db #0x04	; 4
   0270 04                  669 	.db #0x04	; 4
   0271 04                  670 	.db #0x04	; 4
   0272 04                  671 	.db #0x04	; 4
   0273 04                  672 	.db #0x04	; 4
   0274 04                  673 	.db #0x04	; 4
   0275 04                  674 	.db #0x04	; 4
   0276 04                  675 	.db #0x04	; 4
   0277 04                  676 	.db #0x04	; 4
   0278 04                  677 	.db #0x04	; 4
   0279 04                  678 	.db #0x04	; 4
   027A 04                  679 	.db #0x04	; 4
   027B 04                  680 	.db #0x04	; 4
   027C 04                  681 	.db #0x04	; 4
   027D 04                  682 	.db #0x04	; 4
   027E 04                  683 	.db #0x04	; 4
   027F 04                  684 	.db #0x04	; 4
   0280 04                  685 	.db #0x04	; 4
   0281 04                  686 	.db #0x04	; 4
   0282 04                  687 	.db #0x04	; 4
   0283 04                  688 	.db #0x04	; 4
   0284 04                  689 	.db #0x04	; 4
   0285 04                  690 	.db #0x04	; 4
   0286 04                  691 	.db #0x04	; 4
   0287 04                  692 	.db #0x04	; 4
   0288 04                  693 	.db #0x04	; 4
   0289 04                  694 	.db #0x04	; 4
   028A 04                  695 	.db #0x04	; 4
   028B 04                  696 	.db #0x04	; 4
   028C 04                  697 	.db #0x04	; 4
   028D 04                  698 	.db #0x04	; 4
   028E 04                  699 	.db #0x04	; 4
   028F 04                  700 	.db #0x04	; 4
   0290 04                  701 	.db #0x04	; 4
   0291 04                  702 	.db #0x04	; 4
   0292 04                  703 	.db #0x04	; 4
   0293 04                  704 	.db #0x04	; 4
   0294 04                  705 	.db #0x04	; 4
   0295 04                  706 	.db #0x04	; 4
   0296 04                  707 	.db #0x04	; 4
   0297 04                  708 	.db #0x04	; 4
   0298 04                  709 	.db #0x04	; 4
   0299 04                  710 	.db #0x04	; 4
   029A 04                  711 	.db #0x04	; 4
   029B 04                  712 	.db #0x04	; 4
   029C 04                  713 	.db #0x04	; 4
   029D 04                  714 	.db #0x04	; 4
   029E 04                  715 	.db #0x04	; 4
   029F 04                  716 	.db #0x04	; 4
   02A0 04                  717 	.db #0x04	; 4
   02A1 04                  718 	.db #0x04	; 4
   02A2 04                  719 	.db #0x04	; 4
   02A3 04                  720 	.db #0x04	; 4
   02A4 04                  721 	.db #0x04	; 4
   02A5 04                  722 	.db #0x04	; 4
   02A6 04                  723 	.db #0x04	; 4
   02A7 04                  724 	.db #0x04	; 4
   02A8 04                  725 	.db #0x04	; 4
   02A9 04                  726 	.db #0x04	; 4
   02AA 04                  727 	.db #0x04	; 4
   02AB 04                  728 	.db #0x04	; 4
   02AC 04                  729 	.db #0x04	; 4
   02AD 04                  730 	.db #0x04	; 4
   02AE 04                  731 	.db #0x04	; 4
   02AF 04                  732 	.db #0x04	; 4
   02B0 04                  733 	.db #0x04	; 4
   02B1 04                  734 	.db #0x04	; 4
   02B2 04                  735 	.db #0x04	; 4
   02B3 04                  736 	.db #0x04	; 4
   02B4 04                  737 	.db #0x04	; 4
   02B5 04                  738 	.db #0x04	; 4
   02B6 04                  739 	.db #0x04	; 4
   02B7 04                  740 	.db #0x04	; 4
   02B8 04                  741 	.db #0x04	; 4
   02B9 04                  742 	.db #0x04	; 4
   02BA 04                  743 	.db #0x04	; 4
   02BB 04                  744 	.db #0x04	; 4
   02BC 04                  745 	.db #0x04	; 4
   02BD 04                  746 	.db #0x04	; 4
   02BE 04                  747 	.db #0x04	; 4
   02BF 04                  748 	.db #0x04	; 4
   02C0 04                  749 	.db #0x04	; 4
   02C1 04                  750 	.db #0x04	; 4
   02C2 04                  751 	.db #0x04	; 4
   02C3 04                  752 	.db #0x04	; 4
   02C4 04                  753 	.db #0x04	; 4
   02C5 04                  754 	.db #0x04	; 4
   02C6 04                  755 	.db #0x04	; 4
   02C7 04                  756 	.db #0x04	; 4
   02C8 04                  757 	.db #0x04	; 4
   02C9 04                  758 	.db #0x04	; 4
   02CA 04                  759 	.db #0x04	; 4
   02CB 04                  760 	.db #0x04	; 4
   02CC 04                  761 	.db #0x04	; 4
   02CD 04                  762 	.db #0x04	; 4
   02CE 04                  763 	.db #0x04	; 4
   02CF 04                  764 	.db #0x04	; 4
   02D0 04                  765 	.db #0x04	; 4
   02D1 04                  766 	.db #0x04	; 4
   02D2 04                  767 	.db #0x04	; 4
   02D3 04                  768 	.db #0x04	; 4
   02D4 04                  769 	.db #0x04	; 4
   02D5 04                  770 	.db #0x04	; 4
   02D6 04                  771 	.db #0x04	; 4
   02D7 04                  772 	.db #0x04	; 4
   02D8 04                  773 	.db #0x04	; 4
   02D9 04                  774 	.db #0x04	; 4
   02DA 04                  775 	.db #0x04	; 4
   02DB 04                  776 	.db #0x04	; 4
   02DC 04                  777 	.db #0x04	; 4
   02DD 04                  778 	.db #0x04	; 4
   02DE 04                  779 	.db #0x04	; 4
   02DF 04                  780 	.db #0x04	; 4
   02E0 04                  781 	.db #0x04	; 4
   02E1 04                  782 	.db #0x04	; 4
   02E2 04                  783 	.db #0x04	; 4
   02E3 04                  784 	.db #0x04	; 4
   02E4 04                  785 	.db #0x04	; 4
   02E5 04                  786 	.db #0x04	; 4
   02E6 04                  787 	.db #0x04	; 4
   02E7 04                  788 	.db #0x04	; 4
   02E8 04                  789 	.db #0x04	; 4
   02E9 04                  790 	.db #0x04	; 4
   02EA 04                  791 	.db #0x04	; 4
   02EB 04                  792 	.db #0x04	; 4
   02EC 04                  793 	.db #0x04	; 4
   02ED 04                  794 	.db #0x04	; 4
   02EE 04                  795 	.db #0x04	; 4
   02EF 04                  796 	.db #0x04	; 4
   02F0 04                  797 	.db #0x04	; 4
   02F1 04                  798 	.db #0x04	; 4
   02F2 04                  799 	.db #0x04	; 4
   02F3 04                  800 	.db #0x04	; 4
   02F4 04                  801 	.db #0x04	; 4
   02F5 04                  802 	.db #0x04	; 4
   02F6 04                  803 	.db #0x04	; 4
   02F7 04                  804 	.db #0x04	; 4
   02F8 04                  805 	.db #0x04	; 4
   02F9 04                  806 	.db #0x04	; 4
   02FA 04                  807 	.db #0x04	; 4
   02FB 04                  808 	.db #0x04	; 4
   02FC 04                  809 	.db #0x04	; 4
   02FD 04                  810 	.db #0x04	; 4
   02FE 04                  811 	.db #0x04	; 4
   02FF 04                  812 	.db #0x04	; 4
   0300 04                  813 	.db #0x04	; 4
   0301 04                  814 	.db #0x04	; 4
   0302 04                  815 	.db #0x04	; 4
   0303 04                  816 	.db #0x04	; 4
   0304 04                  817 	.db #0x04	; 4
   0305 04                  818 	.db #0x04	; 4
   0306 04                  819 	.db #0x04	; 4
   0307 04                  820 	.db #0x04	; 4
   0308 04                  821 	.db #0x04	; 4
   0309 04                  822 	.db #0x04	; 4
   030A 04                  823 	.db #0x04	; 4
   030B 04                  824 	.db #0x04	; 4
   030C 04                  825 	.db #0x04	; 4
   030D 04                  826 	.db #0x04	; 4
   030E 04                  827 	.db #0x04	; 4
   030F 04                  828 	.db #0x04	; 4
   0310 04                  829 	.db #0x04	; 4
   0311 04                  830 	.db #0x04	; 4
   0312 04                  831 	.db #0x04	; 4
   0313 04                  832 	.db #0x04	; 4
   0314 04                  833 	.db #0x04	; 4
   0315 04                  834 	.db #0x04	; 4
   0316 04                  835 	.db #0x04	; 4
   0317 04                  836 	.db #0x04	; 4
   0318 04                  837 	.db #0x04	; 4
   0319 04                  838 	.db #0x04	; 4
   031A 04                  839 	.db #0x04	; 4
   031B 04                  840 	.db #0x04	; 4
   031C 04                  841 	.db #0x04	; 4
   031D 04                  842 	.db #0x04	; 4
   031E 04                  843 	.db #0x04	; 4
   031F 04                  844 	.db #0x04	; 4
   0320 04                  845 	.db #0x04	; 4
   0321 04                  846 	.db #0x04	; 4
   0322 04                  847 	.db #0x04	; 4
   0323 04                  848 	.db #0x04	; 4
   0324 04                  849 	.db #0x04	; 4
   0325 01                  850 	.db #0x01	; 1
   0326 02                  851 	.db #0x02	; 2
   0327 03                  852 	.db #0x03	; 3
   0328 00                  853 	.db #0x00	; 0
   0329 01                  854 	.db #0x01	; 1
   032A 02                  855 	.db #0x02	; 2
   032B 03                  856 	.db #0x03	; 3
   032C 00                  857 	.db #0x00	; 0
   032D 01                  858 	.db #0x01	; 1
   032E 02                  859 	.db #0x02	; 2
   032F 03                  860 	.db #0x03	; 3
   0330 04                  861 	.db #0x04	; 4
   0331 04                  862 	.db #0x04	; 4
   0332 04                  863 	.db #0x04	; 4
   0333 04                  864 	.db #0x04	; 4
   0334 04                  865 	.db #0x04	; 4
   0335 04                  866 	.db #0x04	; 4
   0336 04                  867 	.db #0x04	; 4
   0337 00                  868 	.db #0x00	; 0
   0338 01                  869 	.db #0x01	; 1
   0339 02                  870 	.db #0x02	; 2
   033A 03                  871 	.db #0x03	; 3
   033B 00                  872 	.db #0x00	; 0
   033C 01                  873 	.db #0x01	; 1
   033D 02                  874 	.db #0x02	; 2
   033E 03                  875 	.db #0x03	; 3
   033F 00                  876 	.db #0x00	; 0
   0340 01                  877 	.db #0x01	; 1
   0341 02                  878 	.db #0x02	; 2
   0342 03                  879 	.db #0x03	; 3
   0343 04                  880 	.db #0x04	; 4
   0344 04                  881 	.db #0x04	; 4
   0345 04                  882 	.db #0x04	; 4
   0346 04                  883 	.db #0x04	; 4
   0347 04                  884 	.db #0x04	; 4
   0348 04                  885 	.db #0x04	; 4
   0349 04                  886 	.db #0x04	; 4
   034A 04                  887 	.db #0x04	; 4
   034B 04                  888 	.db #0x04	; 4
   034C 04                  889 	.db #0x04	; 4
   034D 06                  890 	.db #0x06	; 6
   034E 07                  891 	.db #0x07	; 7
   034F 08                  892 	.db #0x08	; 8
   0350 05                  893 	.db #0x05	; 5
   0351 06                  894 	.db #0x06	; 6
   0352 07                  895 	.db #0x07	; 7
   0353 08                  896 	.db #0x08	; 8
   0354 05                  897 	.db #0x05	; 5
   0355 06                  898 	.db #0x06	; 6
   0356 07                  899 	.db #0x07	; 7
   0357 08                  900 	.db #0x08	; 8
   0358 04                  901 	.db #0x04	; 4
   0359 04                  902 	.db #0x04	; 4
   035A 04                  903 	.db #0x04	; 4
   035B 04                  904 	.db #0x04	; 4
   035C 04                  905 	.db #0x04	; 4
   035D 04                  906 	.db #0x04	; 4
   035E 04                  907 	.db #0x04	; 4
   035F 05                  908 	.db #0x05	; 5
   0360 06                  909 	.db #0x06	; 6
   0361 07                  910 	.db #0x07	; 7
   0362 08                  911 	.db #0x08	; 8
   0363 05                  912 	.db #0x05	; 5
   0364 06                  913 	.db #0x06	; 6
   0365 07                  914 	.db #0x07	; 7
   0366 08                  915 	.db #0x08	; 8
   0367 05                  916 	.db #0x05	; 5
   0368 06                  917 	.db #0x06	; 6
   0369 07                  918 	.db #0x07	; 7
   036A 08                  919 	.db #0x08	; 8
   036B 04                  920 	.db #0x04	; 4
   036C 04                  921 	.db #0x04	; 4
   036D 04                  922 	.db #0x04	; 4
   036E 04                  923 	.db #0x04	; 4
   036F 04                  924 	.db #0x04	; 4
   0370 04                  925 	.db #0x04	; 4
   0371 04                  926 	.db #0x04	; 4
   0372 04                  927 	.db #0x04	; 4
   0373 04                  928 	.db #0x04	; 4
   0374 04                  929 	.db #0x04	; 4
   0375 04                  930 	.db #0x04	; 4
   0376 04                  931 	.db #0x04	; 4
   0377 04                  932 	.db #0x04	; 4
   0378 04                  933 	.db #0x04	; 4
   0379 04                  934 	.db #0x04	; 4
   037A 04                  935 	.db #0x04	; 4
   037B 04                  936 	.db #0x04	; 4
   037C 04                  937 	.db #0x04	; 4
   037D 04                  938 	.db #0x04	; 4
   037E 04                  939 	.db #0x04	; 4
   037F 04                  940 	.db #0x04	; 4
   0380 04                  941 	.db #0x04	; 4
   0381 04                  942 	.db #0x04	; 4
   0382 04                  943 	.db #0x04	; 4
   0383 04                  944 	.db #0x04	; 4
   0384 04                  945 	.db #0x04	; 4
   0385 04                  946 	.db #0x04	; 4
   0386 04                  947 	.db #0x04	; 4
   0387 04                  948 	.db #0x04	; 4
   0388 04                  949 	.db #0x04	; 4
   0389 04                  950 	.db #0x04	; 4
   038A 04                  951 	.db #0x04	; 4
   038B 04                  952 	.db #0x04	; 4
   038C 04                  953 	.db #0x04	; 4
   038D 04                  954 	.db #0x04	; 4
   038E 04                  955 	.db #0x04	; 4
   038F 04                  956 	.db #0x04	; 4
   0390 04                  957 	.db #0x04	; 4
   0391 04                  958 	.db #0x04	; 4
   0392 04                  959 	.db #0x04	; 4
   0393 04                  960 	.db #0x04	; 4
   0394 04                  961 	.db #0x04	; 4
   0395 04                  962 	.db #0x04	; 4
   0396 04                  963 	.db #0x04	; 4
   0397 04                  964 	.db #0x04	; 4
   0398 04                  965 	.db #0x04	; 4
   0399 04                  966 	.db #0x04	; 4
   039A 04                  967 	.db #0x04	; 4
   039B 04                  968 	.db #0x04	; 4
   039C 04                  969 	.db #0x04	; 4
   039D 04                  970 	.db #0x04	; 4
   039E 04                  971 	.db #0x04	; 4
   039F 04                  972 	.db #0x04	; 4
   03A0 04                  973 	.db #0x04	; 4
   03A1 04                  974 	.db #0x04	; 4
   03A2 04                  975 	.db #0x04	; 4
   03A3 04                  976 	.db #0x04	; 4
   03A4 04                  977 	.db #0x04	; 4
   03A5 04                  978 	.db #0x04	; 4
   03A6 04                  979 	.db #0x04	; 4
   03A7 04                  980 	.db #0x04	; 4
   03A8 04                  981 	.db #0x04	; 4
   03A9 04                  982 	.db #0x04	; 4
   03AA 04                  983 	.db #0x04	; 4
   03AB 04                  984 	.db #0x04	; 4
   03AC 04                  985 	.db #0x04	; 4
   03AD 04                  986 	.db #0x04	; 4
   03AE 04                  987 	.db #0x04	; 4
   03AF 04                  988 	.db #0x04	; 4
   03B0 04                  989 	.db #0x04	; 4
   03B1 04                  990 	.db #0x04	; 4
   03B2 04                  991 	.db #0x04	; 4
   03B3 04                  992 	.db #0x04	; 4
   03B4 04                  993 	.db #0x04	; 4
   03B5 04                  994 	.db #0x04	; 4
   03B6 04                  995 	.db #0x04	; 4
   03B7 04                  996 	.db #0x04	; 4
   03B8 04                  997 	.db #0x04	; 4
   03B9 04                  998 	.db #0x04	; 4
   03BA 04                  999 	.db #0x04	; 4
   03BB 04                 1000 	.db #0x04	; 4
   03BC 04                 1001 	.db #0x04	; 4
   03BD 04                 1002 	.db #0x04	; 4
   03BE 04                 1003 	.db #0x04	; 4
   03BF 04                 1004 	.db #0x04	; 4
   03C0 04                 1005 	.db #0x04	; 4
   03C1 04                 1006 	.db #0x04	; 4
   03C2 04                 1007 	.db #0x04	; 4
   03C3 04                 1008 	.db #0x04	; 4
   03C4 04                 1009 	.db #0x04	; 4
   03C5 04                 1010 	.db #0x04	; 4
   03C6 04                 1011 	.db #0x04	; 4
   03C7 04                 1012 	.db #0x04	; 4
   03C8 04                 1013 	.db #0x04	; 4
   03C9 04                 1014 	.db #0x04	; 4
   03CA 04                 1015 	.db #0x04	; 4
   03CB 04                 1016 	.db #0x04	; 4
   03CC 04                 1017 	.db #0x04	; 4
   03CD 04                 1018 	.db #0x04	; 4
   03CE 04                 1019 	.db #0x04	; 4
   03CF 04                 1020 	.db #0x04	; 4
   03D0 04                 1021 	.db #0x04	; 4
   03D1 04                 1022 	.db #0x04	; 4
   03D2 04                 1023 	.db #0x04	; 4
   03D3 04                 1024 	.db #0x04	; 4
   03D4 04                 1025 	.db #0x04	; 4
   03D5 04                 1026 	.db #0x04	; 4
   03D6 04                 1027 	.db #0x04	; 4
   03D7 04                 1028 	.db #0x04	; 4
   03D8 04                 1029 	.db #0x04	; 4
   03D9 04                 1030 	.db #0x04	; 4
   03DA 04                 1031 	.db #0x04	; 4
   03DB 04                 1032 	.db #0x04	; 4
   03DC 04                 1033 	.db #0x04	; 4
   03DD 04                 1034 	.db #0x04	; 4
   03DE 04                 1035 	.db #0x04	; 4
   03DF 04                 1036 	.db #0x04	; 4
   03E0 04                 1037 	.db #0x04	; 4
   03E1 04                 1038 	.db #0x04	; 4
   03E2 04                 1039 	.db #0x04	; 4
   03E3 04                 1040 	.db #0x04	; 4
   03E4 04                 1041 	.db #0x04	; 4
   03E5 04                 1042 	.db #0x04	; 4
   03E6 04                 1043 	.db #0x04	; 4
   03E7 04                 1044 	.db #0x04	; 4
   03E8 04                 1045 	.db #0x04	; 4
   03E9 04                 1046 	.db #0x04	; 4
   03EA 04                 1047 	.db #0x04	; 4
   03EB 04                 1048 	.db #0x04	; 4
   03EC 04                 1049 	.db #0x04	; 4
   03ED 04                 1050 	.db #0x04	; 4
   03EE 04                 1051 	.db #0x04	; 4
   03EF 04                 1052 	.db #0x04	; 4
   03F0 04                 1053 	.db #0x04	; 4
   03F1 04                 1054 	.db #0x04	; 4
   03F2 04                 1055 	.db #0x04	; 4
   03F3 04                 1056 	.db #0x04	; 4
   03F4 04                 1057 	.db #0x04	; 4
   03F5 04                 1058 	.db #0x04	; 4
   03F6 04                 1059 	.db #0x04	; 4
   03F7 04                 1060 	.db #0x04	; 4
   03F8 04                 1061 	.db #0x04	; 4
   03F9 04                 1062 	.db #0x04	; 4
   03FA 04                 1063 	.db #0x04	; 4
   03FB 04                 1064 	.db #0x04	; 4
   03FC 04                 1065 	.db #0x04	; 4
   03FD 04                 1066 	.db #0x04	; 4
   03FE 04                 1067 	.db #0x04	; 4
   03FF 04                 1068 	.db #0x04	; 4
   0400 04                 1069 	.db #0x04	; 4
   0401 04                 1070 	.db #0x04	; 4
   0402 04                 1071 	.db #0x04	; 4
   0403 04                 1072 	.db #0x04	; 4
   0404 04                 1073 	.db #0x04	; 4
   0405 04                 1074 	.db #0x04	; 4
   0406 04                 1075 	.db #0x04	; 4
   0407 04                 1076 	.db #0x04	; 4
   0408 04                 1077 	.db #0x04	; 4
   0409 04                 1078 	.db #0x04	; 4
   040A 04                 1079 	.db #0x04	; 4
   040B 04                 1080 	.db #0x04	; 4
   040C 04                 1081 	.db #0x04	; 4
   040D 04                 1082 	.db #0x04	; 4
   040E 04                 1083 	.db #0x04	; 4
   040F 04                 1084 	.db #0x04	; 4
   0410 04                 1085 	.db #0x04	; 4
   0411 04                 1086 	.db #0x04	; 4
   0412 04                 1087 	.db #0x04	; 4
   0413 04                 1088 	.db #0x04	; 4
   0414 04                 1089 	.db #0x04	; 4
   0415 04                 1090 	.db #0x04	; 4
   0416 04                 1091 	.db #0x04	; 4
   0417 04                 1092 	.db #0x04	; 4
   0418 04                 1093 	.db #0x04	; 4
   0419 04                 1094 	.db #0x04	; 4
   041A 04                 1095 	.db #0x04	; 4
   041B 04                 1096 	.db #0x04	; 4
   041C 04                 1097 	.db #0x04	; 4
   041D 04                 1098 	.db #0x04	; 4
   041E 04                 1099 	.db #0x04	; 4
   041F 04                 1100 	.db #0x04	; 4
   0420 04                 1101 	.db #0x04	; 4
   0421 04                 1102 	.db #0x04	; 4
   0422 04                 1103 	.db #0x04	; 4
   0423 04                 1104 	.db #0x04	; 4
   0424 04                 1105 	.db #0x04	; 4
   0425 04                 1106 	.db #0x04	; 4
   0426 04                 1107 	.db #0x04	; 4
   0427 04                 1108 	.db #0x04	; 4
   0428 04                 1109 	.db #0x04	; 4
   0429 04                 1110 	.db #0x04	; 4
   042A 04                 1111 	.db #0x04	; 4
   042B 04                 1112 	.db #0x04	; 4
   042C 04                 1113 	.db #0x04	; 4
   042D 04                 1114 	.db #0x04	; 4
   042E 04                 1115 	.db #0x04	; 4
   042F 04                 1116 	.db #0x04	; 4
   0430 04                 1117 	.db #0x04	; 4
   0431 04                 1118 	.db #0x04	; 4
   0432 04                 1119 	.db #0x04	; 4
   0433 04                 1120 	.db #0x04	; 4
   0434 04                 1121 	.db #0x04	; 4
   0435 04                 1122 	.db #0x04	; 4
   0436 04                 1123 	.db #0x04	; 4
   0437 04                 1124 	.db #0x04	; 4
   0438 04                 1125 	.db #0x04	; 4
   0439 04                 1126 	.db #0x04	; 4
   043A 04                 1127 	.db #0x04	; 4
   043B 04                 1128 	.db #0x04	; 4
   043C 04                 1129 	.db #0x04	; 4
   043D 04                 1130 	.db #0x04	; 4
   043E 04                 1131 	.db #0x04	; 4
   043F 04                 1132 	.db #0x04	; 4
   0440 04                 1133 	.db #0x04	; 4
   0441 04                 1134 	.db #0x04	; 4
   0442 04                 1135 	.db #0x04	; 4
   0443 04                 1136 	.db #0x04	; 4
   0444 04                 1137 	.db #0x04	; 4
   0445 04                 1138 	.db #0x04	; 4
   0446 04                 1139 	.db #0x04	; 4
   0447 04                 1140 	.db #0x04	; 4
   0448 04                 1141 	.db #0x04	; 4
   0449 04                 1142 	.db #0x04	; 4
   044A 04                 1143 	.db #0x04	; 4
   044B 04                 1144 	.db #0x04	; 4
   044C 04                 1145 	.db #0x04	; 4
   044D 04                 1146 	.db #0x04	; 4
   044E 04                 1147 	.db #0x04	; 4
   044F 04                 1148 	.db #0x04	; 4
   0450 04                 1149 	.db #0x04	; 4
   0451 04                 1150 	.db #0x04	; 4
   0452 04                 1151 	.db #0x04	; 4
   0453 04                 1152 	.db #0x04	; 4
   0454 04                 1153 	.db #0x04	; 4
   0455 04                 1154 	.db #0x04	; 4
   0456 04                 1155 	.db #0x04	; 4
   0457 04                 1156 	.db #0x04	; 4
   0458 04                 1157 	.db #0x04	; 4
   0459 04                 1158 	.db #0x04	; 4
   045A 04                 1159 	.db #0x04	; 4
   045B 04                 1160 	.db #0x04	; 4
   045C 04                 1161 	.db #0x04	; 4
   045D 04                 1162 	.db #0x04	; 4
   045E 04                 1163 	.db #0x04	; 4
   045F 04                 1164 	.db #0x04	; 4
   0460 04                 1165 	.db #0x04	; 4
   0461 04                 1166 	.db #0x04	; 4
   0462 04                 1167 	.db #0x04	; 4
   0463 04                 1168 	.db #0x04	; 4
   0464 04                 1169 	.db #0x04	; 4
   0465 04                 1170 	.db #0x04	; 4
   0466 04                 1171 	.db #0x04	; 4
   0467 04                 1172 	.db #0x04	; 4
   0468 04                 1173 	.db #0x04	; 4
   0469 04                 1174 	.db #0x04	; 4
   046A 04                 1175 	.db #0x04	; 4
   046B 04                 1176 	.db #0x04	; 4
   046C 04                 1177 	.db #0x04	; 4
   046D 04                 1178 	.db #0x04	; 4
   046E 04                 1179 	.db #0x04	; 4
   046F 04                 1180 	.db #0x04	; 4
   0470 04                 1181 	.db #0x04	; 4
   0471 04                 1182 	.db #0x04	; 4
   0472 04                 1183 	.db #0x04	; 4
   0473 04                 1184 	.db #0x04	; 4
   0474 04                 1185 	.db #0x04	; 4
   0475 04                 1186 	.db #0x04	; 4
   0476 04                 1187 	.db #0x04	; 4
   0477 04                 1188 	.db #0x04	; 4
   0478 04                 1189 	.db #0x04	; 4
   0479 04                 1190 	.db #0x04	; 4
   047A 04                 1191 	.db #0x04	; 4
   047B 04                 1192 	.db #0x04	; 4
   047C 04                 1193 	.db #0x04	; 4
   047D 04                 1194 	.db #0x04	; 4
   047E 04                 1195 	.db #0x04	; 4
   047F 04                 1196 	.db #0x04	; 4
   0480 04                 1197 	.db #0x04	; 4
   0481 04                 1198 	.db #0x04	; 4
   0482 04                 1199 	.db #0x04	; 4
   0483 04                 1200 	.db #0x04	; 4
   0484 04                 1201 	.db #0x04	; 4
   0485 04                 1202 	.db #0x04	; 4
   0486 04                 1203 	.db #0x04	; 4
   0487 04                 1204 	.db #0x04	; 4
   0488 00                 1205 	.db #0x00	; 0
   0489 01                 1206 	.db #0x01	; 1
   048A 02                 1207 	.db #0x02	; 2
   048B 03                 1208 	.db #0x03	; 3
   048C 00                 1209 	.db #0x00	; 0
   048D 01                 1210 	.db #0x01	; 1
   048E 02                 1211 	.db #0x02	; 2
   048F 03                 1212 	.db #0x03	; 3
   0490 00                 1213 	.db #0x00	; 0
   0491 01                 1214 	.db #0x01	; 1
   0492 02                 1215 	.db #0x02	; 2
   0493 03                 1216 	.db #0x03	; 3
   0494 00                 1217 	.db #0x00	; 0
   0495 01                 1218 	.db #0x01	; 1
   0496 02                 1219 	.db #0x02	; 2
   0497 03                 1220 	.db #0x03	; 3
   0498 00                 1221 	.db #0x00	; 0
   0499 01                 1222 	.db #0x01	; 1
   049A 02                 1223 	.db #0x02	; 2
   049B 03                 1224 	.db #0x03	; 3
   049C 00                 1225 	.db #0x00	; 0
   049D 01                 1226 	.db #0x01	; 1
   049E 02                 1227 	.db #0x02	; 2
   049F 03                 1228 	.db #0x03	; 3
   04A0 00                 1229 	.db #0x00	; 0
   04A1 01                 1230 	.db #0x01	; 1
   04A2 02                 1231 	.db #0x02	; 2
   04A3 03                 1232 	.db #0x03	; 3
   04A4 00                 1233 	.db #0x00	; 0
   04A5 01                 1234 	.db #0x01	; 1
   04A6 02                 1235 	.db #0x02	; 2
   04A7 03                 1236 	.db #0x03	; 3
   04A8 00                 1237 	.db #0x00	; 0
   04A9 01                 1238 	.db #0x01	; 1
   04AA 02                 1239 	.db #0x02	; 2
   04AB 03                 1240 	.db #0x03	; 3
   04AC 00                 1241 	.db #0x00	; 0
   04AD 01                 1242 	.db #0x01	; 1
   04AE 02                 1243 	.db #0x02	; 2
   04AF 03                 1244 	.db #0x03	; 3
   04B0 05                 1245 	.db #0x05	; 5
   04B1 06                 1246 	.db #0x06	; 6
   04B2 07                 1247 	.db #0x07	; 7
   04B3 08                 1248 	.db #0x08	; 8
   04B4 05                 1249 	.db #0x05	; 5
   04B5 06                 1250 	.db #0x06	; 6
   04B6 07                 1251 	.db #0x07	; 7
   04B7 08                 1252 	.db #0x08	; 8
   04B8 05                 1253 	.db #0x05	; 5
   04B9 06                 1254 	.db #0x06	; 6
   04BA 07                 1255 	.db #0x07	; 7
   04BB 08                 1256 	.db #0x08	; 8
   04BC 05                 1257 	.db #0x05	; 5
   04BD 06                 1258 	.db #0x06	; 6
   04BE 07                 1259 	.db #0x07	; 7
   04BF 08                 1260 	.db #0x08	; 8
   04C0 05                 1261 	.db #0x05	; 5
   04C1 06                 1262 	.db #0x06	; 6
   04C2 07                 1263 	.db #0x07	; 7
   04C3 08                 1264 	.db #0x08	; 8
   04C4 05                 1265 	.db #0x05	; 5
   04C5 06                 1266 	.db #0x06	; 6
   04C6 07                 1267 	.db #0x07	; 7
   04C7 08                 1268 	.db #0x08	; 8
   04C8 05                 1269 	.db #0x05	; 5
   04C9 06                 1270 	.db #0x06	; 6
   04CA 07                 1271 	.db #0x07	; 7
   04CB 08                 1272 	.db #0x08	; 8
   04CC 05                 1273 	.db #0x05	; 5
   04CD 06                 1274 	.db #0x06	; 6
   04CE 07                 1275 	.db #0x07	; 7
   04CF 08                 1276 	.db #0x08	; 8
   04D0 05                 1277 	.db #0x05	; 5
   04D1 06                 1278 	.db #0x06	; 6
   04D2 07                 1279 	.db #0x07	; 7
   04D3 08                 1280 	.db #0x08	; 8
   04D4 05                 1281 	.db #0x05	; 5
   04D5 06                 1282 	.db #0x06	; 6
   04D6 07                 1283 	.db #0x07	; 7
   04D7 08                 1284 	.db #0x08	; 8
   04D8 0A                 1285 	.db #0x0A	; 10
   04D9 0B                 1286 	.db #0x0B	; 11
   04DA 0C                 1287 	.db #0x0C	; 12
   04DB 0D                 1288 	.db #0x0D	; 13
   04DC 0A                 1289 	.db #0x0A	; 10
   04DD 0B                 1290 	.db #0x0B	; 11
   04DE 0C                 1291 	.db #0x0C	; 12
   04DF 0D                 1292 	.db #0x0D	; 13
   04E0 0A                 1293 	.db #0x0A	; 10
   04E1 0B                 1294 	.db #0x0B	; 11
   04E2 0C                 1295 	.db #0x0C	; 12
   04E3 0D                 1296 	.db #0x0D	; 13
   04E4 0A                 1297 	.db #0x0A	; 10
   04E5 0B                 1298 	.db #0x0B	; 11
   04E6 0C                 1299 	.db #0x0C	; 12
   04E7 0D                 1300 	.db #0x0D	; 13
   04E8 0A                 1301 	.db #0x0A	; 10
   04E9 0B                 1302 	.db #0x0B	; 11
   04EA 0C                 1303 	.db #0x0C	; 12
   04EB 0D                 1304 	.db #0x0D	; 13
   04EC 0A                 1305 	.db #0x0A	; 10
   04ED 0B                 1306 	.db #0x0B	; 11
   04EE 0C                 1307 	.db #0x0C	; 12
   04EF 0D                 1308 	.db #0x0D	; 13
   04F0 0A                 1309 	.db #0x0A	; 10
   04F1 0B                 1310 	.db #0x0B	; 11
   04F2 0C                 1311 	.db #0x0C	; 12
   04F3 0D                 1312 	.db #0x0D	; 13
   04F4 0A                 1313 	.db #0x0A	; 10
   04F5 0B                 1314 	.db #0x0B	; 11
   04F6 0C                 1315 	.db #0x0C	; 12
   04F7 0D                 1316 	.db #0x0D	; 13
   04F8 0A                 1317 	.db #0x0A	; 10
   04F9 0B                 1318 	.db #0x0B	; 11
   04FA 0C                 1319 	.db #0x0C	; 12
   04FB 0D                 1320 	.db #0x0D	; 13
   04FC 0A                 1321 	.db #0x0A	; 10
   04FD 0B                 1322 	.db #0x0B	; 11
   04FE 0C                 1323 	.db #0x0C	; 12
   04FF 0D                 1324 	.db #0x0D	; 13
   0500 0F                 1325 	.db #0x0F	; 15
   0501 10                 1326 	.db #0x10	; 16
   0502 11                 1327 	.db #0x11	; 17
   0503 12                 1328 	.db #0x12	; 18
   0504 0F                 1329 	.db #0x0F	; 15
   0505 10                 1330 	.db #0x10	; 16
   0506 11                 1331 	.db #0x11	; 17
   0507 12                 1332 	.db #0x12	; 18
   0508 0F                 1333 	.db #0x0F	; 15
   0509 10                 1334 	.db #0x10	; 16
   050A 11                 1335 	.db #0x11	; 17
   050B 12                 1336 	.db #0x12	; 18
   050C 0F                 1337 	.db #0x0F	; 15
   050D 10                 1338 	.db #0x10	; 16
   050E 11                 1339 	.db #0x11	; 17
   050F 12                 1340 	.db #0x12	; 18
   0510 0F                 1341 	.db #0x0F	; 15
   0511 10                 1342 	.db #0x10	; 16
   0512 11                 1343 	.db #0x11	; 17
   0513 12                 1344 	.db #0x12	; 18
   0514 0F                 1345 	.db #0x0F	; 15
   0515 10                 1346 	.db #0x10	; 16
   0516 11                 1347 	.db #0x11	; 17
   0517 12                 1348 	.db #0x12	; 18
   0518 0F                 1349 	.db #0x0F	; 15
   0519 10                 1350 	.db #0x10	; 16
   051A 11                 1351 	.db #0x11	; 17
   051B 12                 1352 	.db #0x12	; 18
   051C 0F                 1353 	.db #0x0F	; 15
   051D 10                 1354 	.db #0x10	; 16
   051E 11                 1355 	.db #0x11	; 17
   051F 12                 1356 	.db #0x12	; 18
   0520 0F                 1357 	.db #0x0F	; 15
   0521 10                 1358 	.db #0x10	; 16
   0522 11                 1359 	.db #0x11	; 17
   0523 12                 1360 	.db #0x12	; 18
   0524 0F                 1361 	.db #0x0F	; 15
   0525 10                 1362 	.db #0x10	; 16
   0526 11                 1363 	.db #0x11	; 17
   0527 12                 1364 	.db #0x12	; 18
                           1365 	.area _INITIALIZER
                           1366 	.area _CABS (ABS)
