                              1 ;--------------------------------------------------------
                              2 ; File Created by SDCC : free open source ANSI-C Compiler
                              3 ; Version 3.5.5 #9498 (Linux)
                              4 ;--------------------------------------------------------
                              5 	.module nave
                              6 	.optsdcc -mz80
                              7 	
                              8 ;--------------------------------------------------------
                              9 ; Public variables in this module
                             10 ;--------------------------------------------------------
                             11 	.globl _g_nave_3
                             12 	.globl _g_nave_2
                             13 	.globl _g_nave_1
                             14 	.globl _g_nave_0
                             15 ;--------------------------------------------------------
                             16 ; special function registers
                             17 ;--------------------------------------------------------
                             18 ;--------------------------------------------------------
                             19 ; ram data
                             20 ;--------------------------------------------------------
                             21 	.area _DATA
                             22 ;--------------------------------------------------------
                             23 ; ram data
                             24 ;--------------------------------------------------------
                             25 	.area _INITIALIZED
                             26 ;--------------------------------------------------------
                             27 ; absolute external ram data
                             28 ;--------------------------------------------------------
                             29 	.area _DABS (ABS)
                             30 ;--------------------------------------------------------
                             31 ; global & static initialisations
                             32 ;--------------------------------------------------------
                             33 	.area _HOME
                             34 	.area _GSINIT
                             35 	.area _GSFINAL
                             36 	.area _GSINIT
                             37 ;--------------------------------------------------------
                             38 ; Home
                             39 ;--------------------------------------------------------
                             40 	.area _HOME
                             41 	.area _HOME
                             42 ;--------------------------------------------------------
                             43 ; code
                             44 ;--------------------------------------------------------
                             45 	.area _CODE
                             46 	.area _CODE
   0000                      47 _g_nave_0:
   0000 00                   48 	.db #0x00	; 0
   0001 00                   49 	.db #0x00	; 0
   0002 00                   50 	.db #0x00	; 0
   0003 04                   51 	.db #0x04	; 4
   0004 08                   52 	.db #0x08	; 8
   0005 00                   53 	.db #0x00	; 0
   0006 00                   54 	.db #0x00	; 0
   0007 00                   55 	.db #0x00	; 0
   0008 00                   56 	.db #0x00	; 0
   0009 00                   57 	.db #0x00	; 0
   000A 00                   58 	.db #0x00	; 0
   000B 04                   59 	.db #0x04	; 4
   000C 08                   60 	.db #0x08	; 8
   000D 00                   61 	.db #0x00	; 0
   000E 00                   62 	.db #0x00	; 0
   000F 00                   63 	.db #0x00	; 0
   0010 00                   64 	.db #0x00	; 0
   0011 00                   65 	.db #0x00	; 0
   0012 00                   66 	.db #0x00	; 0
   0013 FF                   67 	.db #0xFF	; 255
   0014 FF                   68 	.db #0xFF	; 255
   0015 00                   69 	.db #0x00	; 0
   0016 00                   70 	.db #0x00	; 0
   0017 00                   71 	.db #0x00	; 0
   0018 00                   72 	.db #0x00	; 0
   0019 AA                   73 	.db #0xAA	; 170
   001A 00                   74 	.db #0x00	; 0
   001B EA                   75 	.db #0xEA	; 234
   001C D5                   76 	.db #0xD5	; 213
   001D 00                   77 	.db #0x00	; 0
   001E 55                   78 	.db #0x55	; 85	'U'
   001F 00                   79 	.db #0x00	; 0
   0020 00                   80 	.db #0x00	; 0
   0021 AA                   81 	.db #0xAA	; 170
   0022 00                   82 	.db #0x00	; 0
   0023 EA                   83 	.db #0xEA	; 234
   0024 D5                   84 	.db #0xD5	; 213
   0025 00                   85 	.db #0x00	; 0
   0026 55                   86 	.db #0x55	; 85	'U'
   0027 00                   87 	.db #0x00	; 0
   0028 55                   88 	.db #0x55	; 85	'U'
   0029 00                   89 	.db #0x00	; 0
   002A 55                   90 	.db #0x55	; 85	'U'
   002B FF                   91 	.db #0xFF	; 255
   002C FF                   92 	.db #0xFF	; 255
   002D AA                   93 	.db #0xAA	; 170
   002E 00                   94 	.db #0x00	; 0
   002F AA                   95 	.db #0xAA	; 170
   0030 55                   96 	.db #0x55	; 85	'U'
   0031 00                   97 	.db #0x00	; 0
   0032 55                   98 	.db #0x55	; 85	'U'
   0033 C0                   99 	.db #0xC0	; 192
   0034 C0                  100 	.db #0xC0	; 192
   0035 AA                  101 	.db #0xAA	; 170
   0036 00                  102 	.db #0x00	; 0
   0037 AA                  103 	.db #0xAA	; 170
   0038 55                  104 	.db #0x55	; 85	'U'
   0039 00                  105 	.db #0x00	; 0
   003A 55                  106 	.db #0x55	; 85	'U'
   003B C0                  107 	.db #0xC0	; 192
   003C C0                  108 	.db #0xC0	; 192
   003D AA                  109 	.db #0xAA	; 170
   003E 00                  110 	.db #0x00	; 0
   003F AA                  111 	.db #0xAA	; 170
   0040 55                  112 	.db #0x55	; 85	'U'
   0041 AA                  113 	.db #0xAA	; 170
   0042 FF                  114 	.db #0xFF	; 255
   0043 C0                  115 	.db #0xC0	; 192
   0044 C0                  116 	.db #0xC0	; 192
   0045 FF                  117 	.db #0xFF	; 255
   0046 55                  118 	.db #0x55	; 85	'U'
   0047 AA                  119 	.db #0xAA	; 170
   0048 55                  120 	.db #0x55	; 85	'U'
   0049 FF                  121 	.db #0xFF	; 255
   004A D5                  122 	.db #0xD5	; 213
   004B C0                  123 	.db #0xC0	; 192
   004C C0                  124 	.db #0xC0	; 192
   004D EA                  125 	.db #0xEA	; 234
   004E FF                  126 	.db #0xFF	; 255
   004F AA                  127 	.db #0xAA	; 170
   0050 55                  128 	.db #0x55	; 85	'U'
   0051 EA                  129 	.db #0xEA	; 234
   0052 D5                  130 	.db #0xD5	; 213
   0053 C0                  131 	.db #0xC0	; 192
   0054 C0                  132 	.db #0xC0	; 192
   0055 EA                  133 	.db #0xEA	; 234
   0056 D5                  134 	.db #0xD5	; 213
   0057 AA                  135 	.db #0xAA	; 170
   0058 FF                  136 	.db #0xFF	; 255
   0059 C0                  137 	.db #0xC0	; 192
   005A D5                  138 	.db #0xD5	; 213
   005B C0                  139 	.db #0xC0	; 192
   005C C0                  140 	.db #0xC0	; 192
   005D EA                  141 	.db #0xEA	; 234
   005E C0                  142 	.db #0xC0	; 192
   005F FF                  143 	.db #0xFF	; 255
   0060 EA                  144 	.db #0xEA	; 234
   0061 C0                  145 	.db #0xC0	; 192
   0062 FF                  146 	.db #0xFF	; 255
   0063 C0                  147 	.db #0xC0	; 192
   0064 C0                  148 	.db #0xC0	; 192
   0065 FF                  149 	.db #0xFF	; 255
   0066 C0                  150 	.db #0xC0	; 192
   0067 D5                  151 	.db #0xD5	; 213
   0068 EA                  152 	.db #0xEA	; 234
   0069 D5                  153 	.db #0xD5	; 213
   006A 55                  154 	.db #0x55	; 85	'U'
   006B EA                  155 	.db #0xEA	; 234
   006C D5                  156 	.db #0xD5	; 213
   006D AA                  157 	.db #0xAA	; 170
   006E EA                  158 	.db #0xEA	; 234
   006F D5                  159 	.db #0xD5	; 213
   0070 EA                  160 	.db #0xEA	; 234
   0071 AA                  161 	.db #0xAA	; 170
   0072 00                  162 	.db #0x00	; 0
   0073 AE                  163 	.db #0xAE	; 174
   0074 5D                  164 	.db #0x5D	; 93
   0075 00                  165 	.db #0x00	; 0
   0076 55                  166 	.db #0x55	; 85	'U'
   0077 D5                  167 	.db #0xD5	; 213
   0078 FF                  168 	.db #0xFF	; 255
   0079 00                  169 	.db #0x00	; 0
   007A 00                  170 	.db #0x00	; 0
   007B 00                  171 	.db #0x00	; 0
   007C 00                  172 	.db #0x00	; 0
   007D 00                  173 	.db #0x00	; 0
   007E 00                  174 	.db #0x00	; 0
   007F FF                  175 	.db #0xFF	; 255
   0080                     176 _g_nave_1:
   0080 FF                  177 	.db #0xFF	; 255
   0081 FF                  178 	.db #0xFF	; 255
   0082 AA                  179 	.db #0xAA	; 170
   0083 00                  180 	.db #0x00	; 0
   0084 00                  181 	.db #0x00	; 0
   0085 00                  182 	.db #0x00	; 0
   0086 00                  183 	.db #0x00	; 0
   0087 00                  184 	.db #0x00	; 0
   0088 EA                  185 	.db #0xEA	; 234
   0089 C0                  186 	.db #0xC0	; 192
   008A FF                  187 	.db #0xFF	; 255
   008B FF                  188 	.db #0xFF	; 255
   008C FF                  189 	.db #0xFF	; 255
   008D AA                  190 	.db #0xAA	; 170
   008E 00                  191 	.db #0x00	; 0
   008F 00                  192 	.db #0x00	; 0
   0090 55                  193 	.db #0x55	; 85	'U'
   0091 C0                  194 	.db #0xC0	; 192
   0092 D5                  195 	.db #0xD5	; 213
   0093 FF                  196 	.db #0xFF	; 255
   0094 00                  197 	.db #0x00	; 0
   0095 55                  198 	.db #0x55	; 85	'U'
   0096 AA                  199 	.db #0xAA	; 170
   0097 00                  200 	.db #0x00	; 0
   0098 00                  201 	.db #0x00	; 0
   0099 EA                  202 	.db #0xEA	; 234
   009A C0                  203 	.db #0xC0	; 192
   009B AA                  204 	.db #0xAA	; 170
   009C 00                  205 	.db #0x00	; 0
   009D 00                  206 	.db #0x00	; 0
   009E 00                  207 	.db #0x00	; 0
   009F 00                  208 	.db #0x00	; 0
   00A0 00                  209 	.db #0x00	; 0
   00A1 55                  210 	.db #0x55	; 85	'U'
   00A2 C0                  211 	.db #0xC0	; 192
   00A3 D5                  212 	.db #0xD5	; 213
   00A4 00                  213 	.db #0x00	; 0
   00A5 00                  214 	.db #0x00	; 0
   00A6 00                  215 	.db #0x00	; 0
   00A7 00                  216 	.db #0x00	; 0
   00A8 00                  217 	.db #0x00	; 0
   00A9 FF                  218 	.db #0xFF	; 255
   00AA FF                  219 	.db #0xFF	; 255
   00AB FF                  220 	.db #0xFF	; 255
   00AC FF                  221 	.db #0xFF	; 255
   00AD AA                  222 	.db #0xAA	; 170
   00AE 00                  223 	.db #0x00	; 0
   00AF 00                  224 	.db #0x00	; 0
   00B0 55                  225 	.db #0x55	; 85	'U'
   00B1 EA                  226 	.db #0xEA	; 234
   00B2 C0                  227 	.db #0xC0	; 192
   00B3 C0                  228 	.db #0xC0	; 192
   00B4 C0                  229 	.db #0xC0	; 192
   00B5 FF                  230 	.db #0xFF	; 255
   00B6 FF                  231 	.db #0xFF	; 255
   00B7 00                  232 	.db #0x00	; 0
   00B8 04                  233 	.db #0x04	; 4
   00B9 C0                  234 	.db #0xC0	; 192
   00BA C0                  235 	.db #0xC0	; 192
   00BB C0                  236 	.db #0xC0	; 192
   00BC C0                  237 	.db #0xC0	; 192
   00BD EA                  238 	.db #0xEA	; 234
   00BE D5                  239 	.db #0xD5	; 213
   00BF 0C                  240 	.db #0x0C	; 12
   00C0 04                  241 	.db #0x04	; 4
   00C1 C0                  242 	.db #0xC0	; 192
   00C2 C0                  243 	.db #0xC0	; 192
   00C3 C0                  244 	.db #0xC0	; 192
   00C4 C0                  245 	.db #0xC0	; 192
   00C5 EA                  246 	.db #0xEA	; 234
   00C6 D5                  247 	.db #0xD5	; 213
   00C7 0C                  248 	.db #0x0C	; 12
   00C8 55                  249 	.db #0x55	; 85	'U'
   00C9 EA                  250 	.db #0xEA	; 234
   00CA C0                  251 	.db #0xC0	; 192
   00CB C0                  252 	.db #0xC0	; 192
   00CC C0                  253 	.db #0xC0	; 192
   00CD FF                  254 	.db #0xFF	; 255
   00CE FF                  255 	.db #0xFF	; 255
   00CF 00                  256 	.db #0x00	; 0
   00D0 00                  257 	.db #0x00	; 0
   00D1 FF                  258 	.db #0xFF	; 255
   00D2 FF                  259 	.db #0xFF	; 255
   00D3 FF                  260 	.db #0xFF	; 255
   00D4 FF                  261 	.db #0xFF	; 255
   00D5 AA                  262 	.db #0xAA	; 170
   00D6 00                  263 	.db #0x00	; 0
   00D7 00                  264 	.db #0x00	; 0
   00D8 00                  265 	.db #0x00	; 0
   00D9 55                  266 	.db #0x55	; 85	'U'
   00DA C0                  267 	.db #0xC0	; 192
   00DB D5                  268 	.db #0xD5	; 213
   00DC 00                  269 	.db #0x00	; 0
   00DD 00                  270 	.db #0x00	; 0
   00DE 00                  271 	.db #0x00	; 0
   00DF 00                  272 	.db #0x00	; 0
   00E0 00                  273 	.db #0x00	; 0
   00E1 EA                  274 	.db #0xEA	; 234
   00E2 C0                  275 	.db #0xC0	; 192
   00E3 AA                  276 	.db #0xAA	; 170
   00E4 00                  277 	.db #0x00	; 0
   00E5 00                  278 	.db #0x00	; 0
   00E6 00                  279 	.db #0x00	; 0
   00E7 00                  280 	.db #0x00	; 0
   00E8 55                  281 	.db #0x55	; 85	'U'
   00E9 C0                  282 	.db #0xC0	; 192
   00EA D5                  283 	.db #0xD5	; 213
   00EB FF                  284 	.db #0xFF	; 255
   00EC AA                  285 	.db #0xAA	; 170
   00ED 55                  286 	.db #0x55	; 85	'U'
   00EE AA                  287 	.db #0xAA	; 170
   00EF 00                  288 	.db #0x00	; 0
   00F0 EA                  289 	.db #0xEA	; 234
   00F1 C0                  290 	.db #0xC0	; 192
   00F2 FF                  291 	.db #0xFF	; 255
   00F3 FF                  292 	.db #0xFF	; 255
   00F4 FF                  293 	.db #0xFF	; 255
   00F5 AA                  294 	.db #0xAA	; 170
   00F6 00                  295 	.db #0x00	; 0
   00F7 00                  296 	.db #0x00	; 0
   00F8 FF                  297 	.db #0xFF	; 255
   00F9 FF                  298 	.db #0xFF	; 255
   00FA AA                  299 	.db #0xAA	; 170
   00FB 00                  300 	.db #0x00	; 0
   00FC 00                  301 	.db #0x00	; 0
   00FD 00                  302 	.db #0x00	; 0
   00FE 00                  303 	.db #0x00	; 0
   00FF 00                  304 	.db #0x00	; 0
   0100                     305 _g_nave_2:
   0100 FF                  306 	.db #0xFF	; 255
   0101 00                  307 	.db #0x00	; 0
   0102 00                  308 	.db #0x00	; 0
   0103 00                  309 	.db #0x00	; 0
   0104 00                  310 	.db #0x00	; 0
   0105 00                  311 	.db #0x00	; 0
   0106 00                  312 	.db #0x00	; 0
   0107 FF                  313 	.db #0xFF	; 255
   0108 EA                  314 	.db #0xEA	; 234
   0109 AA                  315 	.db #0xAA	; 170
   010A 00                  316 	.db #0x00	; 0
   010B AE                  317 	.db #0xAE	; 174
   010C 5D                  318 	.db #0x5D	; 93
   010D 00                  319 	.db #0x00	; 0
   010E 55                  320 	.db #0x55	; 85	'U'
   010F D5                  321 	.db #0xD5	; 213
   0110 EA                  322 	.db #0xEA	; 234
   0111 D5                  323 	.db #0xD5	; 213
   0112 55                  324 	.db #0x55	; 85	'U'
   0113 EA                  325 	.db #0xEA	; 234
   0114 D5                  326 	.db #0xD5	; 213
   0115 AA                  327 	.db #0xAA	; 170
   0116 EA                  328 	.db #0xEA	; 234
   0117 D5                  329 	.db #0xD5	; 213
   0118 EA                  330 	.db #0xEA	; 234
   0119 C0                  331 	.db #0xC0	; 192
   011A FF                  332 	.db #0xFF	; 255
   011B C0                  333 	.db #0xC0	; 192
   011C C0                  334 	.db #0xC0	; 192
   011D FF                  335 	.db #0xFF	; 255
   011E C0                  336 	.db #0xC0	; 192
   011F D5                  337 	.db #0xD5	; 213
   0120 55                  338 	.db #0x55	; 85	'U'
   0121 C0                  339 	.db #0xC0	; 192
   0122 D5                  340 	.db #0xD5	; 213
   0123 C0                  341 	.db #0xC0	; 192
   0124 C0                  342 	.db #0xC0	; 192
   0125 EA                  343 	.db #0xEA	; 234
   0126 C0                  344 	.db #0xC0	; 192
   0127 AA                  345 	.db #0xAA	; 170
   0128 55                  346 	.db #0x55	; 85	'U'
   0129 EA                  347 	.db #0xEA	; 234
   012A D5                  348 	.db #0xD5	; 213
   012B C0                  349 	.db #0xC0	; 192
   012C C0                  350 	.db #0xC0	; 192
   012D EA                  351 	.db #0xEA	; 234
   012E D5                  352 	.db #0xD5	; 213
   012F AA                  353 	.db #0xAA	; 170
   0130 55                  354 	.db #0x55	; 85	'U'
   0131 FF                  355 	.db #0xFF	; 255
   0132 D5                  356 	.db #0xD5	; 213
   0133 C0                  357 	.db #0xC0	; 192
   0134 C0                  358 	.db #0xC0	; 192
   0135 EA                  359 	.db #0xEA	; 234
   0136 FF                  360 	.db #0xFF	; 255
   0137 AA                  361 	.db #0xAA	; 170
   0138 55                  362 	.db #0x55	; 85	'U'
   0139 AA                  363 	.db #0xAA	; 170
   013A FF                  364 	.db #0xFF	; 255
   013B C0                  365 	.db #0xC0	; 192
   013C C0                  366 	.db #0xC0	; 192
   013D FF                  367 	.db #0xFF	; 255
   013E 55                  368 	.db #0x55	; 85	'U'
   013F AA                  369 	.db #0xAA	; 170
   0140 55                  370 	.db #0x55	; 85	'U'
   0141 00                  371 	.db #0x00	; 0
   0142 55                  372 	.db #0x55	; 85	'U'
   0143 C0                  373 	.db #0xC0	; 192
   0144 C0                  374 	.db #0xC0	; 192
   0145 AA                  375 	.db #0xAA	; 170
   0146 00                  376 	.db #0x00	; 0
   0147 AA                  377 	.db #0xAA	; 170
   0148 55                  378 	.db #0x55	; 85	'U'
   0149 00                  379 	.db #0x00	; 0
   014A 55                  380 	.db #0x55	; 85	'U'
   014B C0                  381 	.db #0xC0	; 192
   014C C0                  382 	.db #0xC0	; 192
   014D AA                  383 	.db #0xAA	; 170
   014E 00                  384 	.db #0x00	; 0
   014F AA                  385 	.db #0xAA	; 170
   0150 55                  386 	.db #0x55	; 85	'U'
   0151 00                  387 	.db #0x00	; 0
   0152 55                  388 	.db #0x55	; 85	'U'
   0153 FF                  389 	.db #0xFF	; 255
   0154 FF                  390 	.db #0xFF	; 255
   0155 AA                  391 	.db #0xAA	; 170
   0156 00                  392 	.db #0x00	; 0
   0157 AA                  393 	.db #0xAA	; 170
   0158 00                  394 	.db #0x00	; 0
   0159 AA                  395 	.db #0xAA	; 170
   015A 00                  396 	.db #0x00	; 0
   015B EA                  397 	.db #0xEA	; 234
   015C D5                  398 	.db #0xD5	; 213
   015D 00                  399 	.db #0x00	; 0
   015E 55                  400 	.db #0x55	; 85	'U'
   015F 00                  401 	.db #0x00	; 0
   0160 00                  402 	.db #0x00	; 0
   0161 AA                  403 	.db #0xAA	; 170
   0162 00                  404 	.db #0x00	; 0
   0163 EA                  405 	.db #0xEA	; 234
   0164 D5                  406 	.db #0xD5	; 213
   0165 00                  407 	.db #0x00	; 0
   0166 55                  408 	.db #0x55	; 85	'U'
   0167 00                  409 	.db #0x00	; 0
   0168 00                  410 	.db #0x00	; 0
   0169 00                  411 	.db #0x00	; 0
   016A 00                  412 	.db #0x00	; 0
   016B FF                  413 	.db #0xFF	; 255
   016C FF                  414 	.db #0xFF	; 255
   016D 00                  415 	.db #0x00	; 0
   016E 00                  416 	.db #0x00	; 0
   016F 00                  417 	.db #0x00	; 0
   0170 00                  418 	.db #0x00	; 0
   0171 00                  419 	.db #0x00	; 0
   0172 00                  420 	.db #0x00	; 0
   0173 04                  421 	.db #0x04	; 4
   0174 08                  422 	.db #0x08	; 8
   0175 00                  423 	.db #0x00	; 0
   0176 00                  424 	.db #0x00	; 0
   0177 00                  425 	.db #0x00	; 0
   0178 00                  426 	.db #0x00	; 0
   0179 00                  427 	.db #0x00	; 0
   017A 00                  428 	.db #0x00	; 0
   017B 04                  429 	.db #0x04	; 4
   017C 08                  430 	.db #0x08	; 8
   017D 00                  431 	.db #0x00	; 0
   017E 00                  432 	.db #0x00	; 0
   017F 00                  433 	.db #0x00	; 0
   0180                     434 _g_nave_3:
   0180 00                  435 	.db #0x00	; 0
   0181 00                  436 	.db #0x00	; 0
   0182 00                  437 	.db #0x00	; 0
   0183 00                  438 	.db #0x00	; 0
   0184 00                  439 	.db #0x00	; 0
   0185 55                  440 	.db #0x55	; 85	'U'
   0186 FF                  441 	.db #0xFF	; 255
   0187 FF                  442 	.db #0xFF	; 255
   0188 00                  443 	.db #0x00	; 0
   0189 00                  444 	.db #0x00	; 0
   018A 55                  445 	.db #0x55	; 85	'U'
   018B FF                  446 	.db #0xFF	; 255
   018C FF                  447 	.db #0xFF	; 255
   018D FF                  448 	.db #0xFF	; 255
   018E C0                  449 	.db #0xC0	; 192
   018F D5                  450 	.db #0xD5	; 213
   0190 00                  451 	.db #0x00	; 0
   0191 55                  452 	.db #0x55	; 85	'U'
   0192 AA                  453 	.db #0xAA	; 170
   0193 00                  454 	.db #0x00	; 0
   0194 FF                  455 	.db #0xFF	; 255
   0195 EA                  456 	.db #0xEA	; 234
   0196 C0                  457 	.db #0xC0	; 192
   0197 AA                  458 	.db #0xAA	; 170
   0198 00                  459 	.db #0x00	; 0
   0199 00                  460 	.db #0x00	; 0
   019A 00                  461 	.db #0x00	; 0
   019B 00                  462 	.db #0x00	; 0
   019C 55                  463 	.db #0x55	; 85	'U'
   019D C0                  464 	.db #0xC0	; 192
   019E D5                  465 	.db #0xD5	; 213
   019F 00                  466 	.db #0x00	; 0
   01A0 00                  467 	.db #0x00	; 0
   01A1 00                  468 	.db #0x00	; 0
   01A2 00                  469 	.db #0x00	; 0
   01A3 00                  470 	.db #0x00	; 0
   01A4 EA                  471 	.db #0xEA	; 234
   01A5 C0                  472 	.db #0xC0	; 192
   01A6 AA                  473 	.db #0xAA	; 170
   01A7 00                  474 	.db #0x00	; 0
   01A8 00                  475 	.db #0x00	; 0
   01A9 00                  476 	.db #0x00	; 0
   01AA 55                  477 	.db #0x55	; 85	'U'
   01AB FF                  478 	.db #0xFF	; 255
   01AC FF                  479 	.db #0xFF	; 255
   01AD FF                  480 	.db #0xFF	; 255
   01AE FF                  481 	.db #0xFF	; 255
   01AF 00                  482 	.db #0x00	; 0
   01B0 00                  483 	.db #0x00	; 0
   01B1 FF                  484 	.db #0xFF	; 255
   01B2 FF                  485 	.db #0xFF	; 255
   01B3 C0                  486 	.db #0xC0	; 192
   01B4 C0                  487 	.db #0xC0	; 192
   01B5 C0                  488 	.db #0xC0	; 192
   01B6 D5                  489 	.db #0xD5	; 213
   01B7 AA                  490 	.db #0xAA	; 170
   01B8 0C                  491 	.db #0x0C	; 12
   01B9 EA                  492 	.db #0xEA	; 234
   01BA D5                  493 	.db #0xD5	; 213
   01BB C0                  494 	.db #0xC0	; 192
   01BC C0                  495 	.db #0xC0	; 192
   01BD C0                  496 	.db #0xC0	; 192
   01BE C0                  497 	.db #0xC0	; 192
   01BF 08                  498 	.db #0x08	; 8
   01C0 0C                  499 	.db #0x0C	; 12
   01C1 EA                  500 	.db #0xEA	; 234
   01C2 D5                  501 	.db #0xD5	; 213
   01C3 C0                  502 	.db #0xC0	; 192
   01C4 C0                  503 	.db #0xC0	; 192
   01C5 C0                  504 	.db #0xC0	; 192
   01C6 C0                  505 	.db #0xC0	; 192
   01C7 08                  506 	.db #0x08	; 8
   01C8 00                  507 	.db #0x00	; 0
   01C9 FF                  508 	.db #0xFF	; 255
   01CA FF                  509 	.db #0xFF	; 255
   01CB C0                  510 	.db #0xC0	; 192
   01CC C0                  511 	.db #0xC0	; 192
   01CD C0                  512 	.db #0xC0	; 192
   01CE D5                  513 	.db #0xD5	; 213
   01CF AA                  514 	.db #0xAA	; 170
   01D0 00                  515 	.db #0x00	; 0
   01D1 00                  516 	.db #0x00	; 0
   01D2 55                  517 	.db #0x55	; 85	'U'
   01D3 FF                  518 	.db #0xFF	; 255
   01D4 FF                  519 	.db #0xFF	; 255
   01D5 FF                  520 	.db #0xFF	; 255
   01D6 FF                  521 	.db #0xFF	; 255
   01D7 00                  522 	.db #0x00	; 0
   01D8 00                  523 	.db #0x00	; 0
   01D9 00                  524 	.db #0x00	; 0
   01DA 00                  525 	.db #0x00	; 0
   01DB 00                  526 	.db #0x00	; 0
   01DC EA                  527 	.db #0xEA	; 234
   01DD C0                  528 	.db #0xC0	; 192
   01DE AA                  529 	.db #0xAA	; 170
   01DF 00                  530 	.db #0x00	; 0
   01E0 00                  531 	.db #0x00	; 0
   01E1 00                  532 	.db #0x00	; 0
   01E2 00                  533 	.db #0x00	; 0
   01E3 00                  534 	.db #0x00	; 0
   01E4 55                  535 	.db #0x55	; 85	'U'
   01E5 C0                  536 	.db #0xC0	; 192
   01E6 D5                  537 	.db #0xD5	; 213
   01E7 00                  538 	.db #0x00	; 0
   01E8 00                  539 	.db #0x00	; 0
   01E9 55                  540 	.db #0x55	; 85	'U'
   01EA AA                  541 	.db #0xAA	; 170
   01EB 00                  542 	.db #0x00	; 0
   01EC FF                  543 	.db #0xFF	; 255
   01ED EA                  544 	.db #0xEA	; 234
   01EE C0                  545 	.db #0xC0	; 192
   01EF AA                  546 	.db #0xAA	; 170
   01F0 00                  547 	.db #0x00	; 0
   01F1 00                  548 	.db #0x00	; 0
   01F2 55                  549 	.db #0x55	; 85	'U'
   01F3 FF                  550 	.db #0xFF	; 255
   01F4 FF                  551 	.db #0xFF	; 255
   01F5 FF                  552 	.db #0xFF	; 255
   01F6 C0                  553 	.db #0xC0	; 192
   01F7 D5                  554 	.db #0xD5	; 213
   01F8 00                  555 	.db #0x00	; 0
   01F9 00                  556 	.db #0x00	; 0
   01FA 00                  557 	.db #0x00	; 0
   01FB 00                  558 	.db #0x00	; 0
   01FC 00                  559 	.db #0x00	; 0
   01FD 55                  560 	.db #0x55	; 85	'U'
   01FE FF                  561 	.db #0xFF	; 255
   01FF FF                  562 	.db #0xFF	; 255
                            563 	.area _INITIALIZER
                            564 	.area _CABS (ABS)
