                              1 ;--------------------------------------------------------
                              2 ; File Created by SDCC : free open source ANSI-C Compiler
                              3 ; Version 3.5.5 #9498 (Linux)
                              4 ;--------------------------------------------------------
                              5 	.module tiles
                              6 	.optsdcc -mz80
                              7 	
                              8 ;--------------------------------------------------------
                              9 ; Public variables in this module
                             10 ;--------------------------------------------------------
                             11 	.globl _g_tiles_19
                             12 	.globl _g_tiles_18
                             13 	.globl _g_tiles_17
                             14 	.globl _g_tiles_16
                             15 	.globl _g_tiles_15
                             16 	.globl _g_tiles_14
                             17 	.globl _g_tiles_13
                             18 	.globl _g_tiles_12
                             19 	.globl _g_tiles_11
                             20 	.globl _g_tiles_10
                             21 	.globl _g_tiles_09
                             22 	.globl _g_tiles_08
                             23 	.globl _g_tiles_07
                             24 	.globl _g_tiles_06
                             25 	.globl _g_tiles_05
                             26 	.globl _g_tiles_04
                             27 	.globl _g_tiles_03
                             28 	.globl _g_tiles_02
                             29 	.globl _g_tiles_01
                             30 	.globl _g_tiles_00
                             31 	.globl _g_tileset
                             32 ;--------------------------------------------------------
                             33 ; special function registers
                             34 ;--------------------------------------------------------
                             35 ;--------------------------------------------------------
                             36 ; ram data
                             37 ;--------------------------------------------------------
                             38 	.area _DATA
                             39 ;--------------------------------------------------------
                             40 ; ram data
                             41 ;--------------------------------------------------------
                             42 	.area _INITIALIZED
                             43 ;--------------------------------------------------------
                             44 ; absolute external ram data
                             45 ;--------------------------------------------------------
                             46 	.area _DABS (ABS)
                             47 ;--------------------------------------------------------
                             48 ; global & static initialisations
                             49 ;--------------------------------------------------------
                             50 	.area _HOME
                             51 	.area _GSINIT
                             52 	.area _GSFINAL
                             53 	.area _GSINIT
                             54 ;--------------------------------------------------------
                             55 ; Home
                             56 ;--------------------------------------------------------
                             57 	.area _HOME
                             58 	.area _HOME
                             59 ;--------------------------------------------------------
                             60 ; code
                             61 ;--------------------------------------------------------
                             62 	.area _CODE
                             63 	.area _CODE
   0000                      64 _g_tileset:
   0000r28r00                65 	.dw _g_tiles_00
   0002r30r00                66 	.dw _g_tiles_01
   0004r38r00                67 	.dw _g_tiles_02
   0006r40r00                68 	.dw _g_tiles_03
   0008r48r00                69 	.dw _g_tiles_04
   000Ar50r00                70 	.dw _g_tiles_05
   000Cr58r00                71 	.dw _g_tiles_06
   000Er60r00                72 	.dw _g_tiles_07
   0010r68r00                73 	.dw _g_tiles_08
   0012r70r00                74 	.dw _g_tiles_09
   0014r78r00                75 	.dw _g_tiles_10
   0016r80r00                76 	.dw _g_tiles_11
   0018r88r00                77 	.dw _g_tiles_12
   001Ar90r00                78 	.dw _g_tiles_13
   001Cr98r00                79 	.dw _g_tiles_14
   001ErA0r00                80 	.dw _g_tiles_15
   0020rA8r00                81 	.dw _g_tiles_16
   0022rB0r00                82 	.dw _g_tiles_17
   0024rB8r00                83 	.dw _g_tiles_18
   0026rC0r00                84 	.dw _g_tiles_19
   0028                      85 _g_tiles_00:
   0028 F0                   86 	.db #0xF0	; 240
   0029 F0                   87 	.db #0xF0	; 240
   002A F0                   88 	.db #0xF0	; 240
   002B F0                   89 	.db #0xF0	; 240
   002C F0                   90 	.db #0xF0	; 240
   002D F0                   91 	.db #0xF0	; 240
   002E F0                   92 	.db #0xF0	; 240
   002F F0                   93 	.db #0xF0	; 240
   0030                      94 _g_tiles_01:
   0030 F0                   95 	.db #0xF0	; 240
   0031 F0                   96 	.db #0xF0	; 240
   0032 F0                   97 	.db #0xF0	; 240
   0033 F0                   98 	.db #0xF0	; 240
   0034 F0                   99 	.db #0xF0	; 240
   0035 F0                  100 	.db #0xF0	; 240
   0036 F0                  101 	.db #0xF0	; 240
   0037 F0                  102 	.db #0xF0	; 240
   0038                     103 _g_tiles_02:
   0038 F0                  104 	.db #0xF0	; 240
   0039 F0                  105 	.db #0xF0	; 240
   003A F0                  106 	.db #0xF0	; 240
   003B F0                  107 	.db #0xF0	; 240
   003C F0                  108 	.db #0xF0	; 240
   003D F0                  109 	.db #0xF0	; 240
   003E F0                  110 	.db #0xF0	; 240
   003F F0                  111 	.db #0xF0	; 240
   0040                     112 _g_tiles_03:
   0040 F0                  113 	.db #0xF0	; 240
   0041 F0                  114 	.db #0xF0	; 240
   0042 F0                  115 	.db #0xF0	; 240
   0043 F0                  116 	.db #0xF0	; 240
   0044 F0                  117 	.db #0xF0	; 240
   0045 F0                  118 	.db #0xF0	; 240
   0046 F0                  119 	.db #0xF0	; 240
   0047 F0                  120 	.db #0xF0	; 240
   0048                     121 _g_tiles_04:
   0048 3C                  122 	.db #0x3C	; 60
   0049 3C                  123 	.db #0x3C	; 60
   004A 3C                  124 	.db #0x3C	; 60
   004B 3C                  125 	.db #0x3C	; 60
   004C 3C                  126 	.db #0x3C	; 60
   004D 3C                  127 	.db #0x3C	; 60
   004E 3C                  128 	.db #0x3C	; 60
   004F 3C                  129 	.db #0x3C	; 60
   0050                     130 _g_tiles_05:
   0050 F0                  131 	.db #0xF0	; 240
   0051 F0                  132 	.db #0xF0	; 240
   0052 F0                  133 	.db #0xF0	; 240
   0053 F0                  134 	.db #0xF0	; 240
   0054 0C                  135 	.db #0x0C	; 12
   0055 F0                  136 	.db #0xF0	; 240
   0056 0C                  137 	.db #0x0C	; 12
   0057 58                  138 	.db #0x58	; 88	'X'
   0058                     139 _g_tiles_06:
   0058 F0                  140 	.db #0xF0	; 240
   0059 F0                  141 	.db #0xF0	; 240
   005A F0                  142 	.db #0xF0	; 240
   005B F0                  143 	.db #0xF0	; 240
   005C F0                  144 	.db #0xF0	; 240
   005D F0                  145 	.db #0xF0	; 240
   005E 52                  146 	.db #0x52	; 82	'R'
   005F A4                  147 	.db #0xA4	; 164
   0060                     148 _g_tiles_07:
   0060 F0                  149 	.db #0xF0	; 240
   0061 F0                  150 	.db #0xF0	; 240
   0062 58                  151 	.db #0x58	; 88	'X'
   0063 F0                  152 	.db #0xF0	; 240
   0064 0C                  153 	.db #0x0C	; 12
   0065 F0                  154 	.db #0xF0	; 240
   0066 56                  155 	.db #0x56	; 86	'V'
   0067 A4                  156 	.db #0xA4	; 164
   0068                     157 _g_tiles_08:
   0068 F0                  158 	.db #0xF0	; 240
   0069 F0                  159 	.db #0xF0	; 240
   006A F0                  160 	.db #0xF0	; 240
   006B A4                  161 	.db #0xA4	; 164
   006C F8                  162 	.db #0xF8	; 248
   006D 0C                  163 	.db #0x0C	; 12
   006E 03                  164 	.db #0x03	; 3
   006F 0C                  165 	.db #0x0C	; 12
   0070                     166 _g_tiles_09:
   0070 C0                  167 	.db #0xC0	; 192
   0071 C0                  168 	.db #0xC0	; 192
   0072 C0                  169 	.db #0xC0	; 192
   0073 C0                  170 	.db #0xC0	; 192
   0074 C0                  171 	.db #0xC0	; 192
   0075 C0                  172 	.db #0xC0	; 192
   0076 C0                  173 	.db #0xC0	; 192
   0077 C0                  174 	.db #0xC0	; 192
   0078                     175 _g_tiles_10:
   0078 0C                  176 	.db #0x0C	; 12
   0079 0C                  177 	.db #0x0C	; 12
   007A 0C                  178 	.db #0x0C	; 12
   007B FC                  179 	.db #0xFC	; 252
   007C 0C                  180 	.db #0x0C	; 12
   007D FC                  181 	.db #0xFC	; 252
   007E 0C                  182 	.db #0x0C	; 12
   007F FC                  183 	.db #0xFC	; 252
   0080                     184 _g_tiles_11:
   0080 0C                  185 	.db #0x0C	; 12
   0081 09                  186 	.db #0x09	; 9
   0082 0C                  187 	.db #0x0C	; 12
   0083 0C                  188 	.db #0x0C	; 12
   0084 A9                  189 	.db #0xA9	; 169
   0085 0C                  190 	.db #0x0C	; 12
   0086 FC                  191 	.db #0xFC	; 252
   0087 06                  192 	.db #0x06	; 6
   0088                     193 _g_tiles_12:
   0088 FC                  194 	.db #0xFC	; 252
   0089 0C                  195 	.db #0x0C	; 12
   008A 0C                  196 	.db #0x0C	; 12
   008B 0C                  197 	.db #0x0C	; 12
   008C 0C                  198 	.db #0x0C	; 12
   008D 56                  199 	.db #0x56	; 86	'V'
   008E 0C                  200 	.db #0x0C	; 12
   008F FC                  201 	.db #0xFC	; 252
   0090                     202 _g_tiles_13:
   0090 0C                  203 	.db #0x0C	; 12
   0091 0C                  204 	.db #0x0C	; 12
   0092 0C                  205 	.db #0x0C	; 12
   0093 0C                  206 	.db #0x0C	; 12
   0094 06                  207 	.db #0x06	; 6
   0095 0C                  208 	.db #0x0C	; 12
   0096 AC                  209 	.db #0xAC	; 172
   0097 0C                  210 	.db #0x0C	; 12
   0098                     211 _g_tiles_14:
   0098 C0                  212 	.db #0xC0	; 192
   0099 C0                  213 	.db #0xC0	; 192
   009A C0                  214 	.db #0xC0	; 192
   009B C0                  215 	.db #0xC0	; 192
   009C C0                  216 	.db #0xC0	; 192
   009D C0                  217 	.db #0xC0	; 192
   009E C0                  218 	.db #0xC0	; 192
   009F C0                  219 	.db #0xC0	; 192
   00A0                     220 _g_tiles_15:
   00A0 0C                  221 	.db #0x0C	; 12
   00A1 56                  222 	.db #0x56	; 86	'V'
   00A2 0C                  223 	.db #0x0C	; 12
   00A3 0C                  224 	.db #0x0C	; 12
   00A4 0C                  225 	.db #0x0C	; 12
   00A5 0C                  226 	.db #0x0C	; 12
   00A6 0C                  227 	.db #0x0C	; 12
   00A7 0C                  228 	.db #0x0C	; 12
   00A8                     229 _g_tiles_16:
   00A8 FC                  230 	.db #0xFC	; 252
   00A9 AC                  231 	.db #0xAC	; 172
   00AA 56                  232 	.db #0x56	; 86	'V'
   00AB 06                  233 	.db #0x06	; 6
   00AC 0C                  234 	.db #0x0C	; 12
   00AD 0C                  235 	.db #0x0C	; 12
   00AE 0C                  236 	.db #0x0C	; 12
   00AF 0C                  237 	.db #0x0C	; 12
   00B0                     238 _g_tiles_17:
   00B0 09                  239 	.db #0x09	; 9
   00B1 FC                  240 	.db #0xFC	; 252
   00B2 0C                  241 	.db #0x0C	; 12
   00B3 56                  242 	.db #0x56	; 86	'V'
   00B4 0C                  243 	.db #0x0C	; 12
   00B5 09                  244 	.db #0x09	; 9
   00B6 0C                  245 	.db #0x0C	; 12
   00B7 0C                  246 	.db #0x0C	; 12
   00B8                     247 _g_tiles_18:
   00B8 A9                  248 	.db #0xA9	; 169
   00B9 0C                  249 	.db #0x0C	; 12
   00BA FC                  250 	.db #0xFC	; 252
   00BB 0C                  251 	.db #0x0C	; 12
   00BC FC                  252 	.db #0xFC	; 252
   00BD 0C                  253 	.db #0x0C	; 12
   00BE 0C                  254 	.db #0x0C	; 12
   00BF 0C                  255 	.db #0x0C	; 12
   00C0                     256 _g_tiles_19:
   00C0 00                  257 	.db #0x00	; 0
   00C1 00                  258 	.db #0x00	; 0
   00C2 00                  259 	.db #0x00	; 0
   00C3 00                  260 	.db #0x00	; 0
   00C4 00                  261 	.db #0x00	; 0
   00C5 00                  262 	.db #0x00	; 0
   00C6 00                  263 	.db #0x00	; 0
   00C7 00                  264 	.db #0x00	; 0
                            265 	.area _INITIALIZER
                            266 	.area _CABS (ABS)
