                              1 ;--------------------------------------------------------
                              2 ; File Created by SDCC : free open source ANSI-C Compiler
                              3 ; Version 3.5.5 #9498 (Linux)
                              4 ;--------------------------------------------------------
                              5 	.module bala
                              6 	.optsdcc -mz80
                              7 	
                              8 ;--------------------------------------------------------
                              9 ; Public variables in this module
                             10 ;--------------------------------------------------------
                             11 	.globl _g_bala_3
                             12 	.globl _g_bala_2
                             13 	.globl _g_bala_1
                             14 	.globl _g_bala_0
                             15 ;--------------------------------------------------------
                             16 ; special function registers
                             17 ;--------------------------------------------------------
                             18 ;--------------------------------------------------------
                             19 ; ram data
                             20 ;--------------------------------------------------------
                             21 	.area _DATA
                             22 ;--------------------------------------------------------
                             23 ; ram data
                             24 ;--------------------------------------------------------
                             25 	.area _INITIALIZED
                             26 ;--------------------------------------------------------
                             27 ; absolute external ram data
                             28 ;--------------------------------------------------------
                             29 	.area _DABS (ABS)
                             30 ;--------------------------------------------------------
                             31 ; global & static initialisations
                             32 ;--------------------------------------------------------
                             33 	.area _HOME
                             34 	.area _GSINIT
                             35 	.area _GSFINAL
                             36 	.area _GSINIT
                             37 ;--------------------------------------------------------
                             38 ; Home
                             39 ;--------------------------------------------------------
                             40 	.area _HOME
                             41 	.area _HOME
                             42 ;--------------------------------------------------------
                             43 ; code
                             44 ;--------------------------------------------------------
                             45 	.area _CODE
                             46 	.area _CODE
   0000                      47 _g_bala_0:
   0000 10                   48 	.db #0x10	; 16
   0001 20                   49 	.db #0x20	; 32
   0002 51                   50 	.db #0x51	; 81	'Q'
   0003 A2                   51 	.db #0xA2	; 162
   0004 F3                   52 	.db #0xF3	; 243
   0005 F3                   53 	.db #0xF3	; 243
   0006 A2                   54 	.db #0xA2	; 162
   0007 51                   55 	.db #0x51	; 81	'Q'
   0008                      56 _g_bala_1:
   0008 F3                   57 	.db #0xF3	; 243
   0009 00                   58 	.db #0x00	; 0
   000A 51                   59 	.db #0x51	; 81	'Q'
   000B B2                   60 	.db #0xB2	; 178
   000C 51                   61 	.db #0x51	; 81	'Q'
   000D B2                   62 	.db #0xB2	; 178
   000E F3                   63 	.db #0xF3	; 243
   000F 00                   64 	.db #0x00	; 0
   0010                      65 _g_bala_2:
   0010 A2                   66 	.db #0xA2	; 162
   0011 51                   67 	.db #0x51	; 81	'Q'
   0012 F3                   68 	.db #0xF3	; 243
   0013 F3                   69 	.db #0xF3	; 243
   0014 51                   70 	.db #0x51	; 81	'Q'
   0015 A2                   71 	.db #0xA2	; 162
   0016 10                   72 	.db #0x10	; 16
   0017 20                   73 	.db #0x20	; 32
   0018                      74 _g_bala_3:
   0018 00                   75 	.db #0x00	; 0
   0019 F3                   76 	.db #0xF3	; 243
   001A 71                   77 	.db #0x71	; 113	'q'
   001B A2                   78 	.db #0xA2	; 162
   001C 71                   79 	.db #0x71	; 113	'q'
   001D A2                   80 	.db #0xA2	; 162
   001E 00                   81 	.db #0x00	; 0
   001F F3                   82 	.db #0xF3	; 243
                             83 	.area _INITIALIZER
                             84 	.area _CABS (ABS)
