                              1 ;--------------------------------------------------------
                              2 ; File Created by SDCC : free open source ANSI-C Compiler
                              3 ; Version 3.5.5 #9498 (Linux)
                              4 ;--------------------------------------------------------
                              5 	.module explosion
                              6 	.optsdcc -mz80
                              7 	
                              8 ;--------------------------------------------------------
                              9 ; Public variables in this module
                             10 ;--------------------------------------------------------
                             11 	.globl _g_explosion_11
                             12 	.globl _g_explosion_10
                             13 	.globl _g_explosion_09
                             14 	.globl _g_explosion_08
                             15 	.globl _g_explosion_07
                             16 	.globl _g_explosion_06
                             17 	.globl _g_explosion_05
                             18 	.globl _g_explosion_04
                             19 	.globl _g_explosion_03
                             20 	.globl _g_explosion_02
                             21 	.globl _g_explosion_01
                             22 	.globl _g_explosion_00
                             23 ;--------------------------------------------------------
                             24 ; special function registers
                             25 ;--------------------------------------------------------
                             26 ;--------------------------------------------------------
                             27 ; ram data
                             28 ;--------------------------------------------------------
                             29 	.area _DATA
                             30 ;--------------------------------------------------------
                             31 ; ram data
                             32 ;--------------------------------------------------------
                             33 	.area _INITIALIZED
                             34 ;--------------------------------------------------------
                             35 ; absolute external ram data
                             36 ;--------------------------------------------------------
                             37 	.area _DABS (ABS)
                             38 ;--------------------------------------------------------
                             39 ; global & static initialisations
                             40 ;--------------------------------------------------------
                             41 	.area _HOME
                             42 	.area _GSINIT
                             43 	.area _GSFINAL
                             44 	.area _GSINIT
                             45 ;--------------------------------------------------------
                             46 ; Home
                             47 ;--------------------------------------------------------
                             48 	.area _HOME
                             49 	.area _HOME
                             50 ;--------------------------------------------------------
                             51 ; code
                             52 ;--------------------------------------------------------
                             53 	.area _CODE
                             54 	.area _CODE
   0000                      55 _g_explosion_00:
   0000 00                   56 	.db #0x00	; 0
   0001 00                   57 	.db #0x00	; 0
   0002 00                   58 	.db #0x00	; 0
   0003 00                   59 	.db #0x00	; 0
   0004 00                   60 	.db #0x00	; 0
   0005 00                   61 	.db #0x00	; 0
   0006 00                   62 	.db #0x00	; 0
   0007 00                   63 	.db #0x00	; 0
   0008 00                   64 	.db #0x00	; 0
   0009 00                   65 	.db #0x00	; 0
   000A 00                   66 	.db #0x00	; 0
   000B 00                   67 	.db #0x00	; 0
   000C 00                   68 	.db #0x00	; 0
   000D 15                   69 	.db #0x15	; 21
   000E 2A                   70 	.db #0x2A	; 42
   000F 00                   71 	.db #0x00	; 0
   0010 00                   72 	.db #0x00	; 0
   0011 15                   73 	.db #0x15	; 21
   0012 2A                   74 	.db #0x2A	; 42
   0013 00                   75 	.db #0x00	; 0
   0014 00                   76 	.db #0x00	; 0
   0015 00                   77 	.db #0x00	; 0
   0016 00                   78 	.db #0x00	; 0
   0017 00                   79 	.db #0x00	; 0
   0018 00                   80 	.db #0x00	; 0
   0019 00                   81 	.db #0x00	; 0
   001A 00                   82 	.db #0x00	; 0
   001B 00                   83 	.db #0x00	; 0
   001C 00                   84 	.db #0x00	; 0
   001D 00                   85 	.db #0x00	; 0
   001E 00                   86 	.db #0x00	; 0
   001F 00                   87 	.db #0x00	; 0
   0020                      88 _g_explosion_01:
   0020 00                   89 	.db #0x00	; 0
   0021 00                   90 	.db #0x00	; 0
   0022 00                   91 	.db #0x00	; 0
   0023 00                   92 	.db #0x00	; 0
   0024 00                   93 	.db #0x00	; 0
   0025 00                   94 	.db #0x00	; 0
   0026 00                   95 	.db #0x00	; 0
   0027 00                   96 	.db #0x00	; 0
   0028 00                   97 	.db #0x00	; 0
   0029 15                   98 	.db #0x15	; 21
   002A 2A                   99 	.db #0x2A	; 42
   002B 00                  100 	.db #0x00	; 0
   002C 00                  101 	.db #0x00	; 0
   002D 7B                  102 	.db #0x7B	; 123
   002E B7                  103 	.db #0xB7	; 183
   002F 00                  104 	.db #0x00	; 0
   0030 00                  105 	.db #0x00	; 0
   0031 7B                  106 	.db #0x7B	; 123
   0032 B7                  107 	.db #0xB7	; 183
   0033 00                  108 	.db #0x00	; 0
   0034 00                  109 	.db #0x00	; 0
   0035 15                  110 	.db #0x15	; 21
   0036 2A                  111 	.db #0x2A	; 42
   0037 00                  112 	.db #0x00	; 0
   0038 00                  113 	.db #0x00	; 0
   0039 00                  114 	.db #0x00	; 0
   003A 00                  115 	.db #0x00	; 0
   003B 00                  116 	.db #0x00	; 0
   003C 00                  117 	.db #0x00	; 0
   003D 00                  118 	.db #0x00	; 0
   003E 00                  119 	.db #0x00	; 0
   003F 00                  120 	.db #0x00	; 0
   0040                     121 _g_explosion_02:
   0040 00                  122 	.db #0x00	; 0
   0041 00                  123 	.db #0x00	; 0
   0042 00                  124 	.db #0x00	; 0
   0043 00                  125 	.db #0x00	; 0
   0044 00                  126 	.db #0x00	; 0
   0045 15                  127 	.db #0x15	; 21
   0046 2A                  128 	.db #0x2A	; 42
   0047 00                  129 	.db #0x00	; 0
   0048 00                  130 	.db #0x00	; 0
   0049 7B                  131 	.db #0x7B	; 123
   004A B7                  132 	.db #0xB7	; 183
   004B 00                  133 	.db #0x00	; 0
   004C 15                  134 	.db #0x15	; 21
   004D A7                  135 	.db #0xA7	; 167
   004E 5B                  136 	.db #0x5B	; 91
   004F 2A                  137 	.db #0x2A	; 42
   0050 15                  138 	.db #0x15	; 21
   0051 A7                  139 	.db #0xA7	; 167
   0052 5B                  140 	.db #0x5B	; 91
   0053 2A                  141 	.db #0x2A	; 42
   0054 00                  142 	.db #0x00	; 0
   0055 7B                  143 	.db #0x7B	; 123
   0056 B7                  144 	.db #0xB7	; 183
   0057 00                  145 	.db #0x00	; 0
   0058 00                  146 	.db #0x00	; 0
   0059 15                  147 	.db #0x15	; 21
   005A 2A                  148 	.db #0x2A	; 42
   005B 00                  149 	.db #0x00	; 0
   005C 00                  150 	.db #0x00	; 0
   005D 00                  151 	.db #0x00	; 0
   005E 00                  152 	.db #0x00	; 0
   005F 00                  153 	.db #0x00	; 0
   0060                     154 _g_explosion_03:
   0060 00                  155 	.db #0x00	; 0
   0061 15                  156 	.db #0x15	; 21
   0062 2A                  157 	.db #0x2A	; 42
   0063 00                  158 	.db #0x00	; 0
   0064 00                  159 	.db #0x00	; 0
   0065 7B                  160 	.db #0x7B	; 123
   0066 B7                  161 	.db #0xB7	; 183
   0067 00                  162 	.db #0x00	; 0
   0068 15                  163 	.db #0x15	; 21
   0069 A7                  164 	.db #0xA7	; 167
   006A 5B                  165 	.db #0x5B	; 91
   006B 2A                  166 	.db #0x2A	; 42
   006C 7B                  167 	.db #0x7B	; 123
   006D 1A                  168 	.db #0x1A	; 26
   006E 25                  169 	.db #0x25	; 37
   006F B7                  170 	.db #0xB7	; 183
   0070 7B                  171 	.db #0x7B	; 123
   0071 1A                  172 	.db #0x1A	; 26
   0072 25                  173 	.db #0x25	; 37
   0073 B7                  174 	.db #0xB7	; 183
   0074 15                  175 	.db #0x15	; 21
   0075 A7                  176 	.db #0xA7	; 167
   0076 5B                  177 	.db #0x5B	; 91
   0077 2A                  178 	.db #0x2A	; 42
   0078 00                  179 	.db #0x00	; 0
   0079 7B                  180 	.db #0x7B	; 123
   007A B7                  181 	.db #0xB7	; 183
   007B 00                  182 	.db #0x00	; 0
   007C 00                  183 	.db #0x00	; 0
   007D 15                  184 	.db #0x15	; 21
   007E 2A                  185 	.db #0x2A	; 42
   007F 00                  186 	.db #0x00	; 0
   0080                     187 _g_explosion_04:
   0080 00                  188 	.db #0x00	; 0
   0081 7B                  189 	.db #0x7B	; 123
   0082 B7                  190 	.db #0xB7	; 183
   0083 00                  191 	.db #0x00	; 0
   0084 15                  192 	.db #0x15	; 21
   0085 A7                  193 	.db #0xA7	; 167
   0086 5B                  194 	.db #0x5B	; 91
   0087 2A                  195 	.db #0x2A	; 42
   0088 7B                  196 	.db #0x7B	; 123
   0089 1A                  197 	.db #0x1A	; 26
   008A 25                  198 	.db #0x25	; 37
   008B B7                  199 	.db #0xB7	; 183
   008C A7                  200 	.db #0xA7	; 167
   008D 64                  201 	.db #0x64	; 100	'd'
   008E 98                  202 	.db #0x98	; 152
   008F 5B                  203 	.db #0x5B	; 91
   0090 A7                  204 	.db #0xA7	; 167
   0091 64                  205 	.db #0x64	; 100	'd'
   0092 98                  206 	.db #0x98	; 152
   0093 5B                  207 	.db #0x5B	; 91
   0094 7B                  208 	.db #0x7B	; 123
   0095 1A                  209 	.db #0x1A	; 26
   0096 25                  210 	.db #0x25	; 37
   0097 B7                  211 	.db #0xB7	; 183
   0098 15                  212 	.db #0x15	; 21
   0099 A7                  213 	.db #0xA7	; 167
   009A 5B                  214 	.db #0x5B	; 91
   009B 2A                  215 	.db #0x2A	; 42
   009C 00                  216 	.db #0x00	; 0
   009D 7B                  217 	.db #0x7B	; 123
   009E B7                  218 	.db #0xB7	; 183
   009F 00                  219 	.db #0x00	; 0
   00A0                     220 _g_explosion_05:
   00A0 00                  221 	.db #0x00	; 0
   00A1 7B                  222 	.db #0x7B	; 123
   00A2 B7                  223 	.db #0xB7	; 183
   00A3 00                  224 	.db #0x00	; 0
   00A4 15                  225 	.db #0x15	; 21
   00A5 A7                  226 	.db #0xA7	; 167
   00A6 5B                  227 	.db #0x5B	; 91
   00A7 2A                  228 	.db #0x2A	; 42
   00A8 7B                  229 	.db #0x7B	; 123
   00A9 1A                  230 	.db #0x1A	; 26
   00AA 25                  231 	.db #0x25	; 37
   00AB B7                  232 	.db #0xB7	; 183
   00AC A7                  233 	.db #0xA7	; 167
   00AD 20                  234 	.db #0x20	; 32
   00AE 10                  235 	.db #0x10	; 16
   00AF 5B                  236 	.db #0x5B	; 91
   00B0 A7                  237 	.db #0xA7	; 167
   00B1 20                  238 	.db #0x20	; 32
   00B2 10                  239 	.db #0x10	; 16
   00B3 5B                  240 	.db #0x5B	; 91
   00B4 7B                  241 	.db #0x7B	; 123
   00B5 1A                  242 	.db #0x1A	; 26
   00B6 25                  243 	.db #0x25	; 37
   00B7 B7                  244 	.db #0xB7	; 183
   00B8 15                  245 	.db #0x15	; 21
   00B9 A7                  246 	.db #0xA7	; 167
   00BA 5B                  247 	.db #0x5B	; 91
   00BB 2A                  248 	.db #0x2A	; 42
   00BC 00                  249 	.db #0x00	; 0
   00BD 7B                  250 	.db #0x7B	; 123
   00BE B7                  251 	.db #0xB7	; 183
   00BF 00                  252 	.db #0x00	; 0
   00C0                     253 _g_explosion_06:
   00C0 00                  254 	.db #0x00	; 0
   00C1 7B                  255 	.db #0x7B	; 123
   00C2 B7                  256 	.db #0xB7	; 183
   00C3 00                  257 	.db #0x00	; 0
   00C4 15                  258 	.db #0x15	; 21
   00C5 A7                  259 	.db #0xA7	; 167
   00C6 5B                  260 	.db #0x5B	; 91
   00C7 2A                  261 	.db #0x2A	; 42
   00C8 7B                  262 	.db #0x7B	; 123
   00C9 0A                  263 	.db #0x0A	; 10
   00CA 05                  264 	.db #0x05	; 5
   00CB B7                  265 	.db #0xB7	; 183
   00CC A7                  266 	.db #0xA7	; 167
   00CD 00                  267 	.db #0x00	; 0
   00CE 00                  268 	.db #0x00	; 0
   00CF 5B                  269 	.db #0x5B	; 91
   00D0 A7                  270 	.db #0xA7	; 167
   00D1 00                  271 	.db #0x00	; 0
   00D2 00                  272 	.db #0x00	; 0
   00D3 5B                  273 	.db #0x5B	; 91
   00D4 7B                  274 	.db #0x7B	; 123
   00D5 0A                  275 	.db #0x0A	; 10
   00D6 05                  276 	.db #0x05	; 5
   00D7 B7                  277 	.db #0xB7	; 183
   00D8 15                  278 	.db #0x15	; 21
   00D9 A7                  279 	.db #0xA7	; 167
   00DA 5B                  280 	.db #0x5B	; 91
   00DB 2A                  281 	.db #0x2A	; 42
   00DC 00                  282 	.db #0x00	; 0
   00DD 7B                  283 	.db #0x7B	; 123
   00DE B7                  284 	.db #0xB7	; 183
   00DF 00                  285 	.db #0x00	; 0
   00E0                     286 _g_explosion_07:
   00E0 00                  287 	.db #0x00	; 0
   00E1 7B                  288 	.db #0x7B	; 123
   00E2 B7                  289 	.db #0xB7	; 183
   00E3 00                  290 	.db #0x00	; 0
   00E4 15                  291 	.db #0x15	; 21
   00E5 A2                  292 	.db #0xA2	; 162
   00E6 51                  293 	.db #0x51	; 81	'Q'
   00E7 2A                  294 	.db #0x2A	; 42
   00E8 7B                  295 	.db #0x7B	; 123
   00E9 00                  296 	.db #0x00	; 0
   00EA 00                  297 	.db #0x00	; 0
   00EB B7                  298 	.db #0xB7	; 183
   00EC A2                  299 	.db #0xA2	; 162
   00ED 00                  300 	.db #0x00	; 0
   00EE 00                  301 	.db #0x00	; 0
   00EF 51                  302 	.db #0x51	; 81	'Q'
   00F0 A2                  303 	.db #0xA2	; 162
   00F1 00                  304 	.db #0x00	; 0
   00F2 00                  305 	.db #0x00	; 0
   00F3 51                  306 	.db #0x51	; 81	'Q'
   00F4 7B                  307 	.db #0x7B	; 123
   00F5 00                  308 	.db #0x00	; 0
   00F6 00                  309 	.db #0x00	; 0
   00F7 B7                  310 	.db #0xB7	; 183
   00F8 15                  311 	.db #0x15	; 21
   00F9 A2                  312 	.db #0xA2	; 162
   00FA 51                  313 	.db #0x51	; 81	'Q'
   00FB 2A                  314 	.db #0x2A	; 42
   00FC 00                  315 	.db #0x00	; 0
   00FD 7B                  316 	.db #0x7B	; 123
   00FE B7                  317 	.db #0xB7	; 183
   00FF 00                  318 	.db #0x00	; 0
   0100                     319 _g_explosion_08:
   0100 00                  320 	.db #0x00	; 0
   0101 7B                  321 	.db #0x7B	; 123
   0102 B7                  322 	.db #0xB7	; 183
   0103 00                  323 	.db #0x00	; 0
   0104 15                  324 	.db #0x15	; 21
   0105 A2                  325 	.db #0xA2	; 162
   0106 51                  326 	.db #0x51	; 81	'Q'
   0107 2A                  327 	.db #0x2A	; 42
   0108 7B                  328 	.db #0x7B	; 123
   0109 00                  329 	.db #0x00	; 0
   010A 00                  330 	.db #0x00	; 0
   010B B7                  331 	.db #0xB7	; 183
   010C A2                  332 	.db #0xA2	; 162
   010D 00                  333 	.db #0x00	; 0
   010E 00                  334 	.db #0x00	; 0
   010F 51                  335 	.db #0x51	; 81	'Q'
   0110 A2                  336 	.db #0xA2	; 162
   0111 00                  337 	.db #0x00	; 0
   0112 00                  338 	.db #0x00	; 0
   0113 51                  339 	.db #0x51	; 81	'Q'
   0114 7B                  340 	.db #0x7B	; 123
   0115 00                  341 	.db #0x00	; 0
   0116 00                  342 	.db #0x00	; 0
   0117 B7                  343 	.db #0xB7	; 183
   0118 15                  344 	.db #0x15	; 21
   0119 A2                  345 	.db #0xA2	; 162
   011A 51                  346 	.db #0x51	; 81	'Q'
   011B 2A                  347 	.db #0x2A	; 42
   011C 00                  348 	.db #0x00	; 0
   011D 7B                  349 	.db #0x7B	; 123
   011E B7                  350 	.db #0xB7	; 183
   011F 00                  351 	.db #0x00	; 0
   0120                     352 _g_explosion_09:
   0120 00                  353 	.db #0x00	; 0
   0121 2A                  354 	.db #0x2A	; 42
   0122 15                  355 	.db #0x15	; 21
   0123 00                  356 	.db #0x00	; 0
   0124 15                  357 	.db #0x15	; 21
   0125 00                  358 	.db #0x00	; 0
   0126 00                  359 	.db #0x00	; 0
   0127 2A                  360 	.db #0x2A	; 42
   0128 2A                  361 	.db #0x2A	; 42
   0129 00                  362 	.db #0x00	; 0
   012A 00                  363 	.db #0x00	; 0
   012B 15                  364 	.db #0x15	; 21
   012C 00                  365 	.db #0x00	; 0
   012D 00                  366 	.db #0x00	; 0
   012E 00                  367 	.db #0x00	; 0
   012F 00                  368 	.db #0x00	; 0
   0130 00                  369 	.db #0x00	; 0
   0131 00                  370 	.db #0x00	; 0
   0132 00                  371 	.db #0x00	; 0
   0133 00                  372 	.db #0x00	; 0
   0134 2A                  373 	.db #0x2A	; 42
   0135 00                  374 	.db #0x00	; 0
   0136 00                  375 	.db #0x00	; 0
   0137 15                  376 	.db #0x15	; 21
   0138 15                  377 	.db #0x15	; 21
   0139 00                  378 	.db #0x00	; 0
   013A 00                  379 	.db #0x00	; 0
   013B 2A                  380 	.db #0x2A	; 42
   013C 00                  381 	.db #0x00	; 0
   013D 2A                  382 	.db #0x2A	; 42
   013E 15                  383 	.db #0x15	; 21
   013F 00                  384 	.db #0x00	; 0
   0140                     385 _g_explosion_10:
   0140 15                  386 	.db #0x15	; 21
   0141 00                  387 	.db #0x00	; 0
   0142 00                  388 	.db #0x00	; 0
   0143 2A                  389 	.db #0x2A	; 42
   0144 2A                  390 	.db #0x2A	; 42
   0145 00                  391 	.db #0x00	; 0
   0146 00                  392 	.db #0x00	; 0
   0147 15                  393 	.db #0x15	; 21
   0148 00                  394 	.db #0x00	; 0
   0149 00                  395 	.db #0x00	; 0
   014A 00                  396 	.db #0x00	; 0
   014B 00                  397 	.db #0x00	; 0
   014C 00                  398 	.db #0x00	; 0
   014D 00                  399 	.db #0x00	; 0
   014E 00                  400 	.db #0x00	; 0
   014F 00                  401 	.db #0x00	; 0
   0150 00                  402 	.db #0x00	; 0
   0151 00                  403 	.db #0x00	; 0
   0152 00                  404 	.db #0x00	; 0
   0153 00                  405 	.db #0x00	; 0
   0154 00                  406 	.db #0x00	; 0
   0155 00                  407 	.db #0x00	; 0
   0156 00                  408 	.db #0x00	; 0
   0157 00                  409 	.db #0x00	; 0
   0158 2A                  410 	.db #0x2A	; 42
   0159 00                  411 	.db #0x00	; 0
   015A 00                  412 	.db #0x00	; 0
   015B 15                  413 	.db #0x15	; 21
   015C 15                  414 	.db #0x15	; 21
   015D 00                  415 	.db #0x00	; 0
   015E 00                  416 	.db #0x00	; 0
   015F 2A                  417 	.db #0x2A	; 42
   0160                     418 _g_explosion_11:
   0160 2A                  419 	.db #0x2A	; 42
   0161 00                  420 	.db #0x00	; 0
   0162 00                  421 	.db #0x00	; 0
   0163 15                  422 	.db #0x15	; 21
   0164 00                  423 	.db #0x00	; 0
   0165 00                  424 	.db #0x00	; 0
   0166 00                  425 	.db #0x00	; 0
   0167 00                  426 	.db #0x00	; 0
   0168 00                  427 	.db #0x00	; 0
   0169 00                  428 	.db #0x00	; 0
   016A 00                  429 	.db #0x00	; 0
   016B 00                  430 	.db #0x00	; 0
   016C 00                  431 	.db #0x00	; 0
   016D 00                  432 	.db #0x00	; 0
   016E 00                  433 	.db #0x00	; 0
   016F 00                  434 	.db #0x00	; 0
   0170 00                  435 	.db #0x00	; 0
   0171 00                  436 	.db #0x00	; 0
   0172 00                  437 	.db #0x00	; 0
   0173 00                  438 	.db #0x00	; 0
   0174 00                  439 	.db #0x00	; 0
   0175 00                  440 	.db #0x00	; 0
   0176 00                  441 	.db #0x00	; 0
   0177 00                  442 	.db #0x00	; 0
   0178 00                  443 	.db #0x00	; 0
   0179 00                  444 	.db #0x00	; 0
   017A 00                  445 	.db #0x00	; 0
   017B 00                  446 	.db #0x00	; 0
   017C 2A                  447 	.db #0x2A	; 42
   017D 00                  448 	.db #0x00	; 0
   017E 00                  449 	.db #0x00	; 0
   017F 15                  450 	.db #0x15	; 21
                            451 	.area _INITIALIZER
                            452 	.area _CABS (ABS)
