                              1 ;--------------------------------------------------------
                              2 ; File Created by SDCC : free open source ANSI-C Compiler
                              3 ; Version 3.5.5 #9498 (Linux)
                              4 ;--------------------------------------------------------
                              5 	.module hearth
                              6 	.optsdcc -mz80
                              7 	
                              8 ;--------------------------------------------------------
                              9 ; Public variables in this module
                             10 ;--------------------------------------------------------
                             11 	.globl _g_hearth
                             12 ;--------------------------------------------------------
                             13 ; special function registers
                             14 ;--------------------------------------------------------
                             15 ;--------------------------------------------------------
                             16 ; ram data
                             17 ;--------------------------------------------------------
                             18 	.area _DATA
                             19 ;--------------------------------------------------------
                             20 ; ram data
                             21 ;--------------------------------------------------------
                             22 	.area _INITIALIZED
                             23 ;--------------------------------------------------------
                             24 ; absolute external ram data
                             25 ;--------------------------------------------------------
                             26 	.area _DABS (ABS)
                             27 ;--------------------------------------------------------
                             28 ; global & static initialisations
                             29 ;--------------------------------------------------------
                             30 	.area _HOME
                             31 	.area _GSINIT
                             32 	.area _GSFINAL
                             33 	.area _GSINIT
                             34 ;--------------------------------------------------------
                             35 ; Home
                             36 ;--------------------------------------------------------
                             37 	.area _HOME
                             38 	.area _HOME
                             39 ;--------------------------------------------------------
                             40 ; code
                             41 ;--------------------------------------------------------
                             42 	.area _CODE
                             43 	.area _CODE
   0000                      44 _g_hearth:
   0000 00                   45 	.db #0x00	; 0
   0001 00                   46 	.db #0x00	; 0
   0002 00                   47 	.db #0x00	; 0
   0003 00                   48 	.db #0x00	; 0
   0004 00                   49 	.db #0x00	; 0
   0005 00                   50 	.db #0x00	; 0
   0006 00                   51 	.db #0x00	; 0
   0007 00                   52 	.db #0x00	; 0
   0008 00                   53 	.db #0x00	; 0
   0009 00                   54 	.db #0x00	; 0
   000A 10                   55 	.db #0x10	; 16
   000B 30                   56 	.db #0x30	; 48	'0'
   000C 20                   57 	.db #0x20	; 32
   000D 00                   58 	.db #0x00	; 0
   000E 10                   59 	.db #0x10	; 16
   000F 30                   60 	.db #0x30	; 48	'0'
   0010 20                   61 	.db #0x20	; 32
   0011 00                   62 	.db #0x00	; 0
   0012 00                   63 	.db #0x00	; 0
   0013 30                   64 	.db #0x30	; 48	'0'
   0014 30                   65 	.db #0x30	; 48	'0'
   0015 30                   66 	.db #0x30	; 48	'0'
   0016 00                   67 	.db #0x00	; 0
   0017 30                   68 	.db #0x30	; 48	'0'
   0018 30                   69 	.db #0x30	; 48	'0'
   0019 30                   70 	.db #0x30	; 48	'0'
   001A 00                   71 	.db #0x00	; 0
   001B 10                   72 	.db #0x10	; 16
   001C 30                   73 	.db #0x30	; 48	'0'
   001D 30                   74 	.db #0x30	; 48	'0'
   001E 30                   75 	.db #0x30	; 48	'0'
   001F 30                   76 	.db #0x30	; 48	'0'
   0020 30                   77 	.db #0x30	; 48	'0'
   0021 75                   78 	.db #0x75	; 117	'u'
   0022 30                   79 	.db #0x30	; 48	'0'
   0023 20                   80 	.db #0x20	; 32
   0024 30                   81 	.db #0x30	; 48	'0'
   0025 30                   82 	.db #0x30	; 48	'0'
   0026 30                   83 	.db #0x30	; 48	'0'
   0027 30                   84 	.db #0x30	; 48	'0'
   0028 30                   85 	.db #0x30	; 48	'0'
   0029 30                   86 	.db #0x30	; 48	'0'
   002A 30                   87 	.db #0x30	; 48	'0'
   002B BA                   88 	.db #0xBA	; 186
   002C 30                   89 	.db #0x30	; 48	'0'
   002D 30                   90 	.db #0x30	; 48	'0'
   002E 30                   91 	.db #0x30	; 48	'0'
   002F 30                   92 	.db #0x30	; 48	'0'
   0030 30                   93 	.db #0x30	; 48	'0'
   0031 30                   94 	.db #0x30	; 48	'0'
   0032 30                   95 	.db #0x30	; 48	'0'
   0033 30                   96 	.db #0x30	; 48	'0'
   0034 75                   97 	.db #0x75	; 117	'u'
   0035 30                   98 	.db #0x30	; 48	'0'
   0036 30                   99 	.db #0x30	; 48	'0'
   0037 30                  100 	.db #0x30	; 48	'0'
   0038 30                  101 	.db #0x30	; 48	'0'
   0039 30                  102 	.db #0x30	; 48	'0'
   003A 30                  103 	.db #0x30	; 48	'0'
   003B 30                  104 	.db #0x30	; 48	'0'
   003C 30                  105 	.db #0x30	; 48	'0'
   003D 30                  106 	.db #0x30	; 48	'0'
   003E 30                  107 	.db #0x30	; 48	'0'
   003F 30                  108 	.db #0x30	; 48	'0'
   0040 30                  109 	.db #0x30	; 48	'0'
   0041 30                  110 	.db #0x30	; 48	'0'
   0042 30                  111 	.db #0x30	; 48	'0'
   0043 30                  112 	.db #0x30	; 48	'0'
   0044 30                  113 	.db #0x30	; 48	'0'
   0045 30                  114 	.db #0x30	; 48	'0'
   0046 30                  115 	.db #0x30	; 48	'0'
   0047 30                  116 	.db #0x30	; 48	'0'
   0048 10                  117 	.db #0x10	; 16
   0049 30                  118 	.db #0x30	; 48	'0'
   004A 30                  119 	.db #0x30	; 48	'0'
   004B 30                  120 	.db #0x30	; 48	'0'
   004C 30                  121 	.db #0x30	; 48	'0'
   004D 30                  122 	.db #0x30	; 48	'0'
   004E 30                  123 	.db #0x30	; 48	'0'
   004F 30                  124 	.db #0x30	; 48	'0'
   0050 20                  125 	.db #0x20	; 32
   0051 00                  126 	.db #0x00	; 0
   0052 30                  127 	.db #0x30	; 48	'0'
   0053 30                  128 	.db #0x30	; 48	'0'
   0054 30                  129 	.db #0x30	; 48	'0'
   0055 30                  130 	.db #0x30	; 48	'0'
   0056 30                  131 	.db #0x30	; 48	'0'
   0057 30                  132 	.db #0x30	; 48	'0'
   0058 30                  133 	.db #0x30	; 48	'0'
   0059 00                  134 	.db #0x00	; 0
   005A 00                  135 	.db #0x00	; 0
   005B 10                  136 	.db #0x10	; 16
   005C 30                  137 	.db #0x30	; 48	'0'
   005D 30                  138 	.db #0x30	; 48	'0'
   005E 30                  139 	.db #0x30	; 48	'0'
   005F 30                  140 	.db #0x30	; 48	'0'
   0060 30                  141 	.db #0x30	; 48	'0'
   0061 20                  142 	.db #0x20	; 32
   0062 00                  143 	.db #0x00	; 0
   0063 00                  144 	.db #0x00	; 0
   0064 00                  145 	.db #0x00	; 0
   0065 30                  146 	.db #0x30	; 48	'0'
   0066 30                  147 	.db #0x30	; 48	'0'
   0067 30                  148 	.db #0x30	; 48	'0'
   0068 30                  149 	.db #0x30	; 48	'0'
   0069 30                  150 	.db #0x30	; 48	'0'
   006A 00                  151 	.db #0x00	; 0
   006B 00                  152 	.db #0x00	; 0
   006C 00                  153 	.db #0x00	; 0
   006D 00                  154 	.db #0x00	; 0
   006E 10                  155 	.db #0x10	; 16
   006F 30                  156 	.db #0x30	; 48	'0'
   0070 30                  157 	.db #0x30	; 48	'0'
   0071 30                  158 	.db #0x30	; 48	'0'
   0072 20                  159 	.db #0x20	; 32
   0073 00                  160 	.db #0x00	; 0
   0074 00                  161 	.db #0x00	; 0
   0075 00                  162 	.db #0x00	; 0
   0076 00                  163 	.db #0x00	; 0
   0077 00                  164 	.db #0x00	; 0
   0078 30                  165 	.db #0x30	; 48	'0'
   0079 30                  166 	.db #0x30	; 48	'0'
   007A 30                  167 	.db #0x30	; 48	'0'
   007B 00                  168 	.db #0x00	; 0
   007C 00                  169 	.db #0x00	; 0
   007D 00                  170 	.db #0x00	; 0
   007E 00                  171 	.db #0x00	; 0
   007F 00                  172 	.db #0x00	; 0
   0080 00                  173 	.db #0x00	; 0
   0081 10                  174 	.db #0x10	; 16
   0082 30                  175 	.db #0x30	; 48	'0'
   0083 20                  176 	.db #0x20	; 32
   0084 00                  177 	.db #0x00	; 0
   0085 00                  178 	.db #0x00	; 0
   0086 00                  179 	.db #0x00	; 0
   0087 00                  180 	.db #0x00	; 0
   0088 00                  181 	.db #0x00	; 0
   0089 00                  182 	.db #0x00	; 0
   008A 00                  183 	.db #0x00	; 0
   008B 30                  184 	.db #0x30	; 48	'0'
   008C 00                  185 	.db #0x00	; 0
   008D 00                  186 	.db #0x00	; 0
   008E 00                  187 	.db #0x00	; 0
   008F 00                  188 	.db #0x00	; 0
                            189 	.area _INITIALIZER
                            190 	.area _CABS (ABS)
