                              1 ;--------------------------------------------------------
                              2 ; File Created by SDCC : free open source ANSI-C Compiler
                              3 ; Version 3.5.5 #9498 (Linux)
                              4 ;--------------------------------------------------------
                              5 	.module naves8x8
                              6 	.optsdcc -mz80
                              7 	
                              8 ;--------------------------------------------------------
                              9 ; Public variables in this module
                             10 ;--------------------------------------------------------
                             11 	.globl _g_naves8x8_3
                             12 	.globl _g_naves8x8_2
                             13 	.globl _g_naves8x8_1
                             14 	.globl _g_naves8x8_0
                             15 ;--------------------------------------------------------
                             16 ; special function registers
                             17 ;--------------------------------------------------------
                             18 ;--------------------------------------------------------
                             19 ; ram data
                             20 ;--------------------------------------------------------
                             21 	.area _DATA
                             22 ;--------------------------------------------------------
                             23 ; ram data
                             24 ;--------------------------------------------------------
                             25 	.area _INITIALIZED
                             26 ;--------------------------------------------------------
                             27 ; absolute external ram data
                             28 ;--------------------------------------------------------
                             29 	.area _DABS (ABS)
                             30 ;--------------------------------------------------------
                             31 ; global & static initialisations
                             32 ;--------------------------------------------------------
                             33 	.area _HOME
                             34 	.area _GSINIT
                             35 	.area _GSFINAL
                             36 	.area _GSINIT
                             37 ;--------------------------------------------------------
                             38 ; Home
                             39 ;--------------------------------------------------------
                             40 	.area _HOME
                             41 	.area _HOME
                             42 ;--------------------------------------------------------
                             43 ; code
                             44 ;--------------------------------------------------------
                             45 	.area _CODE
                             46 	.area _CODE
   0000                      47 _g_naves8x8_0:
   0000 00                   48 	.db #0x00	; 0
   0001 44                   49 	.db #0x44	; 68	'D'
   0002 88                   50 	.db #0x88	; 136
   0003 00                   51 	.db #0x00	; 0
   0004 00                   52 	.db #0x00	; 0
   0005 FF                   53 	.db #0xFF	; 255
   0006 FF                   54 	.db #0xFF	; 255
   0007 00                   55 	.db #0x00	; 0
   0008 00                   56 	.db #0x00	; 0
   0009 EA                   57 	.db #0xEA	; 234
   000A D5                   58 	.db #0xD5	; 213
   000B 00                   59 	.db #0x00	; 0
   000C 55                   60 	.db #0x55	; 85	'U'
   000D FF                   61 	.db #0xFF	; 255
   000E FF                   62 	.db #0xFF	; 255
   000F AA                   63 	.db #0xAA	; 170
   0010 FF                   64 	.db #0xFF	; 255
   0011 EA                   65 	.db #0xEA	; 234
   0012 D5                   66 	.db #0xD5	; 213
   0013 FF                   67 	.db #0xFF	; 255
   0014 AA                   68 	.db #0xAA	; 170
   0015 EA                   69 	.db #0xEA	; 234
   0016 D5                   70 	.db #0xD5	; 213
   0017 55                   71 	.db #0x55	; 85	'U'
   0018 AA                   72 	.db #0xAA	; 170
   0019 FF                   73 	.db #0xFF	; 255
   001A FF                   74 	.db #0xFF	; 255
   001B 55                   75 	.db #0x55	; 85	'U'
   001C AA                   76 	.db #0xAA	; 170
   001D 05                   77 	.db #0x05	; 5
   001E 0A                   78 	.db #0x0A	; 10
   001F 55                   79 	.db #0x55	; 85	'U'
   0020                      80 _g_naves8x8_1:
   0020 FF                   81 	.db #0xFF	; 255
   0021 FF                   82 	.db #0xFF	; 255
   0022 00                   83 	.db #0x00	; 0
   0023 00                   84 	.db #0x00	; 0
   0024 00                   85 	.db #0x00	; 0
   0025 55                   86 	.db #0x55	; 85	'U'
   0026 AA                   87 	.db #0xAA	; 170
   0027 00                   88 	.db #0x00	; 0
   0028 55                   89 	.db #0x55	; 85	'U'
   0029 FF                   90 	.db #0xFF	; 255
   002A FF                   91 	.db #0xFF	; 255
   002B AA                   92 	.db #0xAA	; 170
   002C 5F                   93 	.db #0x5F	; 95
   002D C0                   94 	.db #0xC0	; 192
   002E EA                   95 	.db #0xEA	; 234
   002F EE                   96 	.db #0xEE	; 238
   0030 5F                   97 	.db #0x5F	; 95
   0031 C0                   98 	.db #0xC0	; 192
   0032 EA                   99 	.db #0xEA	; 234
   0033 EE                  100 	.db #0xEE	; 238
   0034 55                  101 	.db #0x55	; 85	'U'
   0035 FF                  102 	.db #0xFF	; 255
   0036 FF                  103 	.db #0xFF	; 255
   0037 AA                  104 	.db #0xAA	; 170
   0038 00                  105 	.db #0x00	; 0
   0039 55                  106 	.db #0x55	; 85	'U'
   003A AA                  107 	.db #0xAA	; 170
   003B 00                  108 	.db #0x00	; 0
   003C FF                  109 	.db #0xFF	; 255
   003D FF                  110 	.db #0xFF	; 255
   003E 00                  111 	.db #0x00	; 0
   003F 00                  112 	.db #0x00	; 0
   0040                     113 _g_naves8x8_2:
   0040 AA                  114 	.db #0xAA	; 170
   0041 05                  115 	.db #0x05	; 5
   0042 0A                  116 	.db #0x0A	; 10
   0043 55                  117 	.db #0x55	; 85	'U'
   0044 AA                  118 	.db #0xAA	; 170
   0045 FF                  119 	.db #0xFF	; 255
   0046 FF                  120 	.db #0xFF	; 255
   0047 55                  121 	.db #0x55	; 85	'U'
   0048 AA                  122 	.db #0xAA	; 170
   0049 EA                  123 	.db #0xEA	; 234
   004A D5                  124 	.db #0xD5	; 213
   004B 55                  125 	.db #0x55	; 85	'U'
   004C FF                  126 	.db #0xFF	; 255
   004D EA                  127 	.db #0xEA	; 234
   004E D5                  128 	.db #0xD5	; 213
   004F FF                  129 	.db #0xFF	; 255
   0050 55                  130 	.db #0x55	; 85	'U'
   0051 FF                  131 	.db #0xFF	; 255
   0052 FF                  132 	.db #0xFF	; 255
   0053 AA                  133 	.db #0xAA	; 170
   0054 00                  134 	.db #0x00	; 0
   0055 EA                  135 	.db #0xEA	; 234
   0056 D5                  136 	.db #0xD5	; 213
   0057 00                  137 	.db #0x00	; 0
   0058 00                  138 	.db #0x00	; 0
   0059 FF                  139 	.db #0xFF	; 255
   005A FF                  140 	.db #0xFF	; 255
   005B 00                  141 	.db #0x00	; 0
   005C 00                  142 	.db #0x00	; 0
   005D 44                  143 	.db #0x44	; 68	'D'
   005E 88                  144 	.db #0x88	; 136
   005F 00                  145 	.db #0x00	; 0
   0060                     146 _g_naves8x8_3:
   0060 00                  147 	.db #0x00	; 0
   0061 00                  148 	.db #0x00	; 0
   0062 FF                  149 	.db #0xFF	; 255
   0063 FF                  150 	.db #0xFF	; 255
   0064 00                  151 	.db #0x00	; 0
   0065 55                  152 	.db #0x55	; 85	'U'
   0066 AA                  153 	.db #0xAA	; 170
   0067 00                  154 	.db #0x00	; 0
   0068 55                  155 	.db #0x55	; 85	'U'
   0069 FF                  156 	.db #0xFF	; 255
   006A FF                  157 	.db #0xFF	; 255
   006B AA                  158 	.db #0xAA	; 170
   006C DD                  159 	.db #0xDD	; 221
   006D D5                  160 	.db #0xD5	; 213
   006E C0                  161 	.db #0xC0	; 192
   006F AF                  162 	.db #0xAF	; 175
   0070 DD                  163 	.db #0xDD	; 221
   0071 D5                  164 	.db #0xD5	; 213
   0072 C0                  165 	.db #0xC0	; 192
   0073 AF                  166 	.db #0xAF	; 175
   0074 55                  167 	.db #0x55	; 85	'U'
   0075 FF                  168 	.db #0xFF	; 255
   0076 FF                  169 	.db #0xFF	; 255
   0077 AA                  170 	.db #0xAA	; 170
   0078 00                  171 	.db #0x00	; 0
   0079 55                  172 	.db #0x55	; 85	'U'
   007A AA                  173 	.db #0xAA	; 170
   007B 00                  174 	.db #0x00	; 0
   007C 00                  175 	.db #0x00	; 0
   007D 00                  176 	.db #0x00	; 0
   007E FF                  177 	.db #0xFF	; 255
   007F FF                  178 	.db #0xFF	; 255
                            179 	.area _INITIALIZER
                            180 	.area _CABS (ABS)
