                              1 ;--------------------------------------------------------
                              2 ; File Created by SDCC : free open source ANSI-C Compiler
                              3 ; Version 3.5.5 #9498 (Linux)
                              4 ;--------------------------------------------------------
                              5 	.module naveEnemiga2
                              6 	.optsdcc -mz80
                              7 	
                              8 ;--------------------------------------------------------
                              9 ; Public variables in this module
                             10 ;--------------------------------------------------------
                             11 	.globl _g_naveEnemiga2_3
                             12 	.globl _g_naveEnemiga2_2
                             13 	.globl _g_naveEnemiga2_1
                             14 	.globl _g_naveEnemiga2_0
                             15 ;--------------------------------------------------------
                             16 ; special function registers
                             17 ;--------------------------------------------------------
                             18 ;--------------------------------------------------------
                             19 ; ram data
                             20 ;--------------------------------------------------------
                             21 	.area _DATA
                             22 ;--------------------------------------------------------
                             23 ; ram data
                             24 ;--------------------------------------------------------
                             25 	.area _INITIALIZED
                             26 ;--------------------------------------------------------
                             27 ; absolute external ram data
                             28 ;--------------------------------------------------------
                             29 	.area _DABS (ABS)
                             30 ;--------------------------------------------------------
                             31 ; global & static initialisations
                             32 ;--------------------------------------------------------
                             33 	.area _HOME
                             34 	.area _GSINIT
                             35 	.area _GSFINAL
                             36 	.area _GSINIT
                             37 ;--------------------------------------------------------
                             38 ; Home
                             39 ;--------------------------------------------------------
                             40 	.area _HOME
                             41 	.area _HOME
                             42 ;--------------------------------------------------------
                             43 ; code
                             44 ;--------------------------------------------------------
                             45 	.area _CODE
                             46 	.area _CODE
   0000                      47 _g_naveEnemiga2_0:
   0000 00                   48 	.db #0x00	; 0
   0001 44                   49 	.db #0x44	; 68	'D'
   0002 88                   50 	.db #0x88	; 136
   0003 00                   51 	.db #0x00	; 0
   0004 40                   52 	.db #0x40	; 64
   0005 84                   53 	.db #0x84	; 132
   0006 48                   54 	.db #0x48	; 72	'H'
   0007 80                   55 	.db #0x80	; 128
   0008 C0                   56 	.db #0xC0	; 192
   0009 0C                   57 	.db #0x0C	; 12
   000A 0C                   58 	.db #0x0C	; 12
   000B C0                   59 	.db #0xC0	; 192
   000C 84                   60 	.db #0x84	; 132
   000D 1C                   61 	.db #0x1C	; 28
   000E 2C                   62 	.db #0x2C	; 44
   000F 48                   63 	.db #0x48	; 72	'H'
   0010 84                   64 	.db #0x84	; 132
   0011 3C                   65 	.db #0x3C	; 60
   0012 3C                   66 	.db #0x3C	; 60
   0013 48                   67 	.db #0x48	; 72	'H'
   0014 84                   68 	.db #0x84	; 132
   0015 1C                   69 	.db #0x1C	; 28
   0016 2C                   70 	.db #0x2C	; 44
   0017 48                   71 	.db #0x48	; 72	'H'
   0018 40                   72 	.db #0x40	; 64
   0019 0C                   73 	.db #0x0C	; 12
   001A 0C                   74 	.db #0x0C	; 12
   001B 80                   75 	.db #0x80	; 128
   001C 00                   76 	.db #0x00	; 0
   001D C0                   77 	.db #0xC0	; 192
   001E C0                   78 	.db #0xC0	; 192
   001F 00                   79 	.db #0x00	; 0
   0020                      80 _g_naveEnemiga2_1:
   0020 00                   81 	.db #0x00	; 0
   0021 C0                   82 	.db #0xC0	; 192
   0022 C0                   83 	.db #0xC0	; 192
   0023 00                   84 	.db #0x00	; 0
   0024 40                   85 	.db #0x40	; 64
   0025 0C                   86 	.db #0x0C	; 12
   0026 48                   87 	.db #0x48	; 72	'H'
   0027 80                   88 	.db #0x80	; 128
   0028 84                   89 	.db #0x84	; 132
   0029 1C                   90 	.db #0x1C	; 28
   002A 0C                   91 	.db #0x0C	; 12
   002B 80                   92 	.db #0x80	; 128
   002C 84                   93 	.db #0x84	; 132
   002D 3C                   94 	.db #0x3C	; 60
   002E 2C                   95 	.db #0x2C	; 44
   002F 4C                   96 	.db #0x4C	; 76	'L'
   0030 84                   97 	.db #0x84	; 132
   0031 3C                   98 	.db #0x3C	; 60
   0032 2C                   99 	.db #0x2C	; 44
   0033 4C                  100 	.db #0x4C	; 76	'L'
   0034 84                  101 	.db #0x84	; 132
   0035 1C                  102 	.db #0x1C	; 28
   0036 0C                  103 	.db #0x0C	; 12
   0037 80                  104 	.db #0x80	; 128
   0038 40                  105 	.db #0x40	; 64
   0039 0C                  106 	.db #0x0C	; 12
   003A 48                  107 	.db #0x48	; 72	'H'
   003B 80                  108 	.db #0x80	; 128
   003C 00                  109 	.db #0x00	; 0
   003D C0                  110 	.db #0xC0	; 192
   003E C0                  111 	.db #0xC0	; 192
   003F 00                  112 	.db #0x00	; 0
   0040                     113 _g_naveEnemiga2_2:
   0040 00                  114 	.db #0x00	; 0
   0041 C0                  115 	.db #0xC0	; 192
   0042 C0                  116 	.db #0xC0	; 192
   0043 00                  117 	.db #0x00	; 0
   0044 40                  118 	.db #0x40	; 64
   0045 0C                  119 	.db #0x0C	; 12
   0046 0C                  120 	.db #0x0C	; 12
   0047 80                  121 	.db #0x80	; 128
   0048 84                  122 	.db #0x84	; 132
   0049 1C                  123 	.db #0x1C	; 28
   004A 2C                  124 	.db #0x2C	; 44
   004B 48                  125 	.db #0x48	; 72	'H'
   004C 84                  126 	.db #0x84	; 132
   004D 3C                  127 	.db #0x3C	; 60
   004E 3C                  128 	.db #0x3C	; 60
   004F 48                  129 	.db #0x48	; 72	'H'
   0050 84                  130 	.db #0x84	; 132
   0051 1C                  131 	.db #0x1C	; 28
   0052 2C                  132 	.db #0x2C	; 44
   0053 48                  133 	.db #0x48	; 72	'H'
   0054 C0                  134 	.db #0xC0	; 192
   0055 0C                  135 	.db #0x0C	; 12
   0056 0C                  136 	.db #0x0C	; 12
   0057 C0                  137 	.db #0xC0	; 192
   0058 40                  138 	.db #0x40	; 64
   0059 84                  139 	.db #0x84	; 132
   005A 48                  140 	.db #0x48	; 72	'H'
   005B 80                  141 	.db #0x80	; 128
   005C 00                  142 	.db #0x00	; 0
   005D 44                  143 	.db #0x44	; 68	'D'
   005E 88                  144 	.db #0x88	; 136
   005F 00                  145 	.db #0x00	; 0
   0060                     146 _g_naveEnemiga2_3:
   0060 00                  147 	.db #0x00	; 0
   0061 C0                  148 	.db #0xC0	; 192
   0062 C0                  149 	.db #0xC0	; 192
   0063 00                  150 	.db #0x00	; 0
   0064 40                  151 	.db #0x40	; 64
   0065 84                  152 	.db #0x84	; 132
   0066 0C                  153 	.db #0x0C	; 12
   0067 80                  154 	.db #0x80	; 128
   0068 40                  155 	.db #0x40	; 64
   0069 0C                  156 	.db #0x0C	; 12
   006A 2C                  157 	.db #0x2C	; 44
   006B 48                  158 	.db #0x48	; 72	'H'
   006C 8C                  159 	.db #0x8C	; 140
   006D 1C                  160 	.db #0x1C	; 28
   006E 3C                  161 	.db #0x3C	; 60
   006F 48                  162 	.db #0x48	; 72	'H'
   0070 8C                  163 	.db #0x8C	; 140
   0071 1C                  164 	.db #0x1C	; 28
   0072 3C                  165 	.db #0x3C	; 60
   0073 48                  166 	.db #0x48	; 72	'H'
   0074 40                  167 	.db #0x40	; 64
   0075 0C                  168 	.db #0x0C	; 12
   0076 2C                  169 	.db #0x2C	; 44
   0077 48                  170 	.db #0x48	; 72	'H'
   0078 40                  171 	.db #0x40	; 64
   0079 84                  172 	.db #0x84	; 132
   007A 0C                  173 	.db #0x0C	; 12
   007B 80                  174 	.db #0x80	; 128
   007C 00                  175 	.db #0x00	; 0
   007D C0                  176 	.db #0xC0	; 192
   007E C0                  177 	.db #0xC0	; 192
   007F 00                  178 	.db #0x00	; 0
                            179 	.area _INITIALIZER
                            180 	.area _CABS (ABS)
