                              1 ;--------------------------------------------------------
                              2 ; File Created by SDCC : free open source ANSI-C Compiler
                              3 ; Version 3.5.5 #9498 (Linux)
                              4 ;--------------------------------------------------------
                              5 	.module naveEnemiga1
                              6 	.optsdcc -mz80
                              7 	
                              8 ;--------------------------------------------------------
                              9 ; Public variables in this module
                             10 ;--------------------------------------------------------
                             11 	.globl _g_naveEnemiga1_3
                             12 	.globl _g_naveEnemiga1_2
                             13 	.globl _g_naveEnemiga1_1
                             14 	.globl _g_naveEnemiga1_0
                             15 ;--------------------------------------------------------
                             16 ; special function registers
                             17 ;--------------------------------------------------------
                             18 ;--------------------------------------------------------
                             19 ; ram data
                             20 ;--------------------------------------------------------
                             21 	.area _DATA
                             22 ;--------------------------------------------------------
                             23 ; ram data
                             24 ;--------------------------------------------------------
                             25 	.area _INITIALIZED
                             26 ;--------------------------------------------------------
                             27 ; absolute external ram data
                             28 ;--------------------------------------------------------
                             29 	.area _DABS (ABS)
                             30 ;--------------------------------------------------------
                             31 ; global & static initialisations
                             32 ;--------------------------------------------------------
                             33 	.area _HOME
                             34 	.area _GSINIT
                             35 	.area _GSFINAL
                             36 	.area _GSINIT
                             37 ;--------------------------------------------------------
                             38 ; Home
                             39 ;--------------------------------------------------------
                             40 	.area _HOME
                             41 	.area _HOME
                             42 ;--------------------------------------------------------
                             43 ; code
                             44 ;--------------------------------------------------------
                             45 	.area _CODE
                             46 	.area _CODE
   0000                      47 _g_naveEnemiga1_0:
   0000 00                   48 	.db #0x00	; 0
   0001 44                   49 	.db #0x44	; 68	'D'
   0002 88                   50 	.db #0x88	; 136
   0003 00                   51 	.db #0x00	; 0
   0004 00                   52 	.db #0x00	; 0
   0005 F3                   53 	.db #0xF3	; 243
   0006 F3                   54 	.db #0xF3	; 243
   0007 00                   55 	.db #0x00	; 0
   0008 51                   56 	.db #0x51	; 81	'Q'
   0009 B7                   57 	.db #0xB7	; 183
   000A 7B                   58 	.db #0x7B	; 123
   000B A2                   59 	.db #0xA2	; 162
   000C F3                   60 	.db #0xF3	; 243
   000D 3F                   61 	.db #0x3F	; 63
   000E 3F                   62 	.db #0x3F	; 63
   000F F3                   63 	.db #0xF3	; 243
   0010 A2                   64 	.db #0xA2	; 162
   0011 3F                   65 	.db #0x3F	; 63
   0012 3F                   66 	.db #0x3F	; 63
   0013 51                   67 	.db #0x51	; 81	'Q'
   0014 A2                   68 	.db #0xA2	; 162
   0015 3F                   69 	.db #0x3F	; 63
   0016 3F                   70 	.db #0x3F	; 63
   0017 51                   71 	.db #0x51	; 81	'Q'
   0018 00                   72 	.db #0x00	; 0
   0019 15                   73 	.db #0x15	; 21
   001A 2A                   74 	.db #0x2A	; 42
   001B 00                   75 	.db #0x00	; 0
   001C 00                   76 	.db #0x00	; 0
   001D 05                   77 	.db #0x05	; 5
   001E 0A                   78 	.db #0x0A	; 10
   001F 00                   79 	.db #0x00	; 0
   0020                      80 _g_naveEnemiga1_1:
   0020 00                   81 	.db #0x00	; 0
   0021 F3                   82 	.db #0xF3	; 243
   0022 A2                   83 	.db #0xA2	; 162
   0023 00                   84 	.db #0x00	; 0
   0024 00                   85 	.db #0x00	; 0
   0025 00                   86 	.db #0x00	; 0
   0026 F3                   87 	.db #0xF3	; 243
   0027 00                   88 	.db #0x00	; 0
   0028 00                   89 	.db #0x00	; 0
   0029 3F                   90 	.db #0x3F	; 63
   002A 7B                   91 	.db #0x7B	; 123
   002B A2                   92 	.db #0xA2	; 162
   002C 1F                   93 	.db #0x1F	; 31
   002D 3F                   94 	.db #0x3F	; 63
   002E 3F                   95 	.db #0x3F	; 63
   002F E6                   96 	.db #0xE6	; 230
   0030 1F                   97 	.db #0x1F	; 31
   0031 3F                   98 	.db #0x3F	; 63
   0032 3F                   99 	.db #0x3F	; 63
   0033 E6                  100 	.db #0xE6	; 230
   0034 00                  101 	.db #0x00	; 0
   0035 3F                  102 	.db #0x3F	; 63
   0036 7B                  103 	.db #0x7B	; 123
   0037 A2                  104 	.db #0xA2	; 162
   0038 00                  105 	.db #0x00	; 0
   0039 00                  106 	.db #0x00	; 0
   003A F3                  107 	.db #0xF3	; 243
   003B 00                  108 	.db #0x00	; 0
   003C 00                  109 	.db #0x00	; 0
   003D F3                  110 	.db #0xF3	; 243
   003E A2                  111 	.db #0xA2	; 162
   003F 00                  112 	.db #0x00	; 0
   0040                     113 _g_naveEnemiga1_2:
   0040 00                  114 	.db #0x00	; 0
   0041 05                  115 	.db #0x05	; 5
   0042 0A                  116 	.db #0x0A	; 10
   0043 00                  117 	.db #0x00	; 0
   0044 00                  118 	.db #0x00	; 0
   0045 15                  119 	.db #0x15	; 21
   0046 2A                  120 	.db #0x2A	; 42
   0047 00                  121 	.db #0x00	; 0
   0048 A2                  122 	.db #0xA2	; 162
   0049 3F                  123 	.db #0x3F	; 63
   004A 3F                  124 	.db #0x3F	; 63
   004B 51                  125 	.db #0x51	; 81	'Q'
   004C A2                  126 	.db #0xA2	; 162
   004D 3F                  127 	.db #0x3F	; 63
   004E 3F                  128 	.db #0x3F	; 63
   004F 51                  129 	.db #0x51	; 81	'Q'
   0050 F3                  130 	.db #0xF3	; 243
   0051 3F                  131 	.db #0x3F	; 63
   0052 3F                  132 	.db #0x3F	; 63
   0053 F3                  133 	.db #0xF3	; 243
   0054 51                  134 	.db #0x51	; 81	'Q'
   0055 B7                  135 	.db #0xB7	; 183
   0056 7B                  136 	.db #0x7B	; 123
   0057 A2                  137 	.db #0xA2	; 162
   0058 00                  138 	.db #0x00	; 0
   0059 F3                  139 	.db #0xF3	; 243
   005A F3                  140 	.db #0xF3	; 243
   005B 00                  141 	.db #0x00	; 0
   005C 00                  142 	.db #0x00	; 0
   005D 44                  143 	.db #0x44	; 68	'D'
   005E 88                  144 	.db #0x88	; 136
   005F 00                  145 	.db #0x00	; 0
   0060                     146 _g_naveEnemiga1_3:
   0060 00                  147 	.db #0x00	; 0
   0061 51                  148 	.db #0x51	; 81	'Q'
   0062 F3                  149 	.db #0xF3	; 243
   0063 00                  150 	.db #0x00	; 0
   0064 00                  151 	.db #0x00	; 0
   0065 F3                  152 	.db #0xF3	; 243
   0066 00                  153 	.db #0x00	; 0
   0067 00                  154 	.db #0x00	; 0
   0068 51                  155 	.db #0x51	; 81	'Q'
   0069 B7                  156 	.db #0xB7	; 183
   006A 3F                  157 	.db #0x3F	; 63
   006B 00                  158 	.db #0x00	; 0
   006C D9                  159 	.db #0xD9	; 217
   006D 3F                  160 	.db #0x3F	; 63
   006E 3F                  161 	.db #0x3F	; 63
   006F 2F                  162 	.db #0x2F	; 47
   0070 D9                  163 	.db #0xD9	; 217
   0071 3F                  164 	.db #0x3F	; 63
   0072 3F                  165 	.db #0x3F	; 63
   0073 2F                  166 	.db #0x2F	; 47
   0074 51                  167 	.db #0x51	; 81	'Q'
   0075 B7                  168 	.db #0xB7	; 183
   0076 3F                  169 	.db #0x3F	; 63
   0077 00                  170 	.db #0x00	; 0
   0078 00                  171 	.db #0x00	; 0
   0079 F3                  172 	.db #0xF3	; 243
   007A 00                  173 	.db #0x00	; 0
   007B 00                  174 	.db #0x00	; 0
   007C 00                  175 	.db #0x00	; 0
   007D 51                  176 	.db #0x51	; 81	'Q'
   007E F3                  177 	.db #0xF3	; 243
   007F 00                  178 	.db #0x00	; 0
                            179 	.area _INITIALIZER
                            180 	.area _CABS (ABS)
