                              1 ;--------------------------------------------------------
                              2 ; File Created by SDCC : free open source ANSI-C Compiler
                              3 ; Version 3.5.5 #9498 (Linux)
                              4 ;--------------------------------------------------------
                              5 	.module naves
                              6 	.optsdcc -mz80
                              7 	
                              8 ;--------------------------------------------------------
                              9 ; Public variables in this module
                             10 ;--------------------------------------------------------
                             11 	.globl _g_naves_3
                             12 	.globl _g_naves_2
                             13 	.globl _g_naves_1
                             14 	.globl _g_naves_0
                             15 	.globl _g_palette
                             16 ;--------------------------------------------------------
                             17 ; special function registers
                             18 ;--------------------------------------------------------
                             19 ;--------------------------------------------------------
                             20 ; ram data
                             21 ;--------------------------------------------------------
                             22 	.area _DATA
                             23 ;--------------------------------------------------------
                             24 ; ram data
                             25 ;--------------------------------------------------------
                             26 	.area _INITIALIZED
                             27 ;--------------------------------------------------------
                             28 ; absolute external ram data
                             29 ;--------------------------------------------------------
                             30 	.area _DABS (ABS)
                             31 ;--------------------------------------------------------
                             32 ; global & static initialisations
                             33 ;--------------------------------------------------------
                             34 	.area _HOME
                             35 	.area _GSINIT
                             36 	.area _GSFINAL
                             37 	.area _GSINIT
                             38 ;--------------------------------------------------------
                             39 ; Home
                             40 ;--------------------------------------------------------
                             41 	.area _HOME
                             42 	.area _HOME
                             43 ;--------------------------------------------------------
                             44 ; code
                             45 ;--------------------------------------------------------
                             46 	.area _CODE
                             47 	.area _CODE
   0000                      48 _g_palette:
   0000 54                   49 	.db #0x54	; 84	'T'
   0001 44                   50 	.db #0x44	; 68	'D'
   0002 55                   51 	.db #0x55	; 85	'U'
   0003 5C                   52 	.db #0x5C	; 92
   0004 4C                   53 	.db #0x4C	; 76	'L'
   0005 56                   54 	.db #0x56	; 86	'V'
   0006 57                   55 	.db #0x57	; 87	'W'
   0007 5E                   56 	.db #0x5E	; 94
   0008 40                   57 	.db #0x40	; 64
   0009 5F                   58 	.db #0x5F	; 95
   000A 4E                   59 	.db #0x4E	; 78	'N'
   000B 42                   60 	.db #0x42	; 66	'B'
   000C 53                   61 	.db #0x53	; 83	'S'
   000D 4A                   62 	.db #0x4A	; 74	'J'
   000E 43                   63 	.db #0x43	; 67	'C'
   000F 4B                   64 	.db #0x4B	; 75	'K'
   0010                      65 _g_naves_0:
   0010 00                   66 	.db #0x00	; 0
   0011 00                   67 	.db #0x00	; 0
   0012 44                   68 	.db #0x44	; 68	'D'
   0013 88                   69 	.db #0x88	; 136
   0014 00                   70 	.db #0x00	; 0
   0015 00                   71 	.db #0x00	; 0
   0016 00                   72 	.db #0x00	; 0
   0017 88                   73 	.db #0x88	; 136
   0018 FF                   74 	.db #0xFF	; 255
   0019 FF                   75 	.db #0xFF	; 255
   001A 44                   76 	.db #0x44	; 68	'D'
   001B 00                   77 	.db #0x00	; 0
   001C 00                   78 	.db #0x00	; 0
   001D AA                   79 	.db #0xAA	; 170
   001E EA                   80 	.db #0xEA	; 234
   001F D5                   81 	.db #0xD5	; 213
   0020 55                   82 	.db #0x55	; 85	'U'
   0021 00                   83 	.db #0x00	; 0
   0022 55                   84 	.db #0x55	; 85	'U'
   0023 00                   85 	.db #0x00	; 0
   0024 EA                   86 	.db #0xEA	; 234
   0025 D5                   87 	.db #0xD5	; 213
   0026 00                   88 	.db #0x00	; 0
   0027 AA                   89 	.db #0xAA	; 170
   0028 55                   90 	.db #0x55	; 85	'U'
   0029 55                   91 	.db #0x55	; 85	'U'
   002A FF                   92 	.db #0xFF	; 255
   002B FF                   93 	.db #0xFF	; 255
   002C AA                   94 	.db #0xAA	; 170
   002D AA                   95 	.db #0xAA	; 170
   002E 55                   96 	.db #0x55	; 85	'U'
   002F 55                   97 	.db #0x55	; 85	'U'
   0030 C0                   98 	.db #0xC0	; 192
   0031 C0                   99 	.db #0xC0	; 192
   0032 AA                  100 	.db #0xAA	; 170
   0033 AA                  101 	.db #0xAA	; 170
   0034 00                  102 	.db #0x00	; 0
   0035 FF                  103 	.db #0xFF	; 255
   0036 C0                  104 	.db #0xC0	; 192
   0037 C0                  105 	.db #0xC0	; 192
   0038 FF                  106 	.db #0xFF	; 255
   0039 00                  107 	.db #0x00	; 0
   003A 55                  108 	.db #0x55	; 85	'U'
   003B D5                  109 	.db #0xD5	; 213
   003C C0                  110 	.db #0xC0	; 192
   003D C0                  111 	.db #0xC0	; 192
   003E EA                  112 	.db #0xEA	; 234
   003F AA                  113 	.db #0xAA	; 170
   0040 EA                  114 	.db #0xEA	; 234
   0041 D5                  115 	.db #0xD5	; 213
   0042 C0                  116 	.db #0xC0	; 192
   0043 C0                  117 	.db #0xC0	; 192
   0044 EA                  118 	.db #0xEA	; 234
   0045 D5                  119 	.db #0xD5	; 213
   0046 EA                  120 	.db #0xEA	; 234
   0047 D5                  121 	.db #0xD5	; 213
   0048 C0                  122 	.db #0xC0	; 192
   0049 C0                  123 	.db #0xC0	; 192
   004A EA                  124 	.db #0xEA	; 234
   004B D5                  125 	.db #0xD5	; 213
   004C EA                  126 	.db #0xEA	; 234
   004D AA                  127 	.db #0xAA	; 170
   004E AF                  128 	.db #0xAF	; 175
   004F 5F                  129 	.db #0x5F	; 95
   0050 55                  130 	.db #0x55	; 85	'U'
   0051 D5                  131 	.db #0xD5	; 213
   0052 FF                  132 	.db #0xFF	; 255
   0053 00                  133 	.db #0x00	; 0
   0054 00                  134 	.db #0x00	; 0
   0055 00                  135 	.db #0x00	; 0
   0056 00                  136 	.db #0x00	; 0
   0057 FF                  137 	.db #0xFF	; 255
   0058                     138 _g_naves_1:
   0058 FF                  139 	.db #0xFF	; 255
   0059 FF                  140 	.db #0xFF	; 255
   005A 00                  141 	.db #0x00	; 0
   005B 00                  142 	.db #0x00	; 0
   005C 00                  143 	.db #0x00	; 0
   005D 00                  144 	.db #0x00	; 0
   005E EA                  145 	.db #0xEA	; 234
   005F C0                  146 	.db #0xC0	; 192
   0060 AA                  147 	.db #0xAA	; 170
   0061 FF                  148 	.db #0xFF	; 255
   0062 AA                  149 	.db #0xAA	; 170
   0063 00                  150 	.db #0x00	; 0
   0064 55                  151 	.db #0x55	; 85	'U'
   0065 C0                  152 	.db #0xC0	; 192
   0066 D5                  153 	.db #0xD5	; 213
   0067 00                  154 	.db #0x00	; 0
   0068 55                  155 	.db #0x55	; 85	'U'
   0069 88                  156 	.db #0x88	; 136
   006A 00                  157 	.db #0x00	; 0
   006B FF                  158 	.db #0xFF	; 255
   006C FF                  159 	.db #0xFF	; 255
   006D FF                  160 	.db #0xFF	; 255
   006E 00                  161 	.db #0x00	; 0
   006F 00                  162 	.db #0x00	; 0
   0070 55                  163 	.db #0x55	; 85	'U'
   0071 C0                  164 	.db #0xC0	; 192
   0072 C0                  165 	.db #0xC0	; 192
   0073 D5                  166 	.db #0xD5	; 213
   0074 FF                  167 	.db #0xFF	; 255
   0075 AA                  168 	.db #0xAA	; 170
   0076 05                  169 	.db #0x05	; 5
   0077 C0                  170 	.db #0xC0	; 192
   0078 C0                  171 	.db #0xC0	; 192
   0079 D5                  172 	.db #0xD5	; 213
   007A C0                  173 	.db #0xC0	; 192
   007B EE                  174 	.db #0xEE	; 238
   007C 05                  175 	.db #0x05	; 5
   007D C0                  176 	.db #0xC0	; 192
   007E C0                  177 	.db #0xC0	; 192
   007F D5                  178 	.db #0xD5	; 213
   0080 C0                  179 	.db #0xC0	; 192
   0081 EE                  180 	.db #0xEE	; 238
   0082 55                  181 	.db #0x55	; 85	'U'
   0083 C0                  182 	.db #0xC0	; 192
   0084 C0                  183 	.db #0xC0	; 192
   0085 D5                  184 	.db #0xD5	; 213
   0086 FF                  185 	.db #0xFF	; 255
   0087 AA                  186 	.db #0xAA	; 170
   0088 00                  187 	.db #0x00	; 0
   0089 FF                  188 	.db #0xFF	; 255
   008A FF                  189 	.db #0xFF	; 255
   008B FF                  190 	.db #0xFF	; 255
   008C 00                  191 	.db #0x00	; 0
   008D 00                  192 	.db #0x00	; 0
   008E 55                  193 	.db #0x55	; 85	'U'
   008F C0                  194 	.db #0xC0	; 192
   0090 D5                  195 	.db #0xD5	; 213
   0091 00                  196 	.db #0x00	; 0
   0092 55                  197 	.db #0x55	; 85	'U'
   0093 88                  198 	.db #0x88	; 136
   0094 EA                  199 	.db #0xEA	; 234
   0095 C0                  200 	.db #0xC0	; 192
   0096 AA                  201 	.db #0xAA	; 170
   0097 FF                  202 	.db #0xFF	; 255
   0098 AA                  203 	.db #0xAA	; 170
   0099 00                  204 	.db #0x00	; 0
   009A FF                  205 	.db #0xFF	; 255
   009B FF                  206 	.db #0xFF	; 255
   009C 00                  207 	.db #0x00	; 0
   009D 00                  208 	.db #0x00	; 0
   009E 00                  209 	.db #0x00	; 0
   009F 00                  210 	.db #0x00	; 0
   00A0                     211 _g_naves_2:
   00A0 FF                  212 	.db #0xFF	; 255
   00A1 00                  213 	.db #0x00	; 0
   00A2 00                  214 	.db #0x00	; 0
   00A3 00                  215 	.db #0x00	; 0
   00A4 00                  216 	.db #0x00	; 0
   00A5 FF                  217 	.db #0xFF	; 255
   00A6 EA                  218 	.db #0xEA	; 234
   00A7 AA                  219 	.db #0xAA	; 170
   00A8 AF                  220 	.db #0xAF	; 175
   00A9 5F                  221 	.db #0x5F	; 95
   00AA 55                  222 	.db #0x55	; 85	'U'
   00AB D5                  223 	.db #0xD5	; 213
   00AC EA                  224 	.db #0xEA	; 234
   00AD D5                  225 	.db #0xD5	; 213
   00AE C0                  226 	.db #0xC0	; 192
   00AF C0                  227 	.db #0xC0	; 192
   00B0 EA                  228 	.db #0xEA	; 234
   00B1 D5                  229 	.db #0xD5	; 213
   00B2 EA                  230 	.db #0xEA	; 234
   00B3 D5                  231 	.db #0xD5	; 213
   00B4 C0                  232 	.db #0xC0	; 192
   00B5 C0                  233 	.db #0xC0	; 192
   00B6 EA                  234 	.db #0xEA	; 234
   00B7 D5                  235 	.db #0xD5	; 213
   00B8 55                  236 	.db #0x55	; 85	'U'
   00B9 D5                  237 	.db #0xD5	; 213
   00BA C0                  238 	.db #0xC0	; 192
   00BB C0                  239 	.db #0xC0	; 192
   00BC EA                  240 	.db #0xEA	; 234
   00BD AA                  241 	.db #0xAA	; 170
   00BE 00                  242 	.db #0x00	; 0
   00BF FF                  243 	.db #0xFF	; 255
   00C0 C0                  244 	.db #0xC0	; 192
   00C1 C0                  245 	.db #0xC0	; 192
   00C2 FF                  246 	.db #0xFF	; 255
   00C3 00                  247 	.db #0x00	; 0
   00C4 55                  248 	.db #0x55	; 85	'U'
   00C5 55                  249 	.db #0x55	; 85	'U'
   00C6 C0                  250 	.db #0xC0	; 192
   00C7 C0                  251 	.db #0xC0	; 192
   00C8 AA                  252 	.db #0xAA	; 170
   00C9 AA                  253 	.db #0xAA	; 170
   00CA 55                  254 	.db #0x55	; 85	'U'
   00CB 55                  255 	.db #0x55	; 85	'U'
   00CC FF                  256 	.db #0xFF	; 255
   00CD FF                  257 	.db #0xFF	; 255
   00CE AA                  258 	.db #0xAA	; 170
   00CF AA                  259 	.db #0xAA	; 170
   00D0 55                  260 	.db #0x55	; 85	'U'
   00D1 00                  261 	.db #0x00	; 0
   00D2 EA                  262 	.db #0xEA	; 234
   00D3 D5                  263 	.db #0xD5	; 213
   00D4 00                  264 	.db #0x00	; 0
   00D5 AA                  265 	.db #0xAA	; 170
   00D6 00                  266 	.db #0x00	; 0
   00D7 AA                  267 	.db #0xAA	; 170
   00D8 EA                  268 	.db #0xEA	; 234
   00D9 D5                  269 	.db #0xD5	; 213
   00DA 55                  270 	.db #0x55	; 85	'U'
   00DB 00                  271 	.db #0x00	; 0
   00DC 00                  272 	.db #0x00	; 0
   00DD 88                  273 	.db #0x88	; 136
   00DE FF                  274 	.db #0xFF	; 255
   00DF FF                  275 	.db #0xFF	; 255
   00E0 44                  276 	.db #0x44	; 68	'D'
   00E1 00                  277 	.db #0x00	; 0
   00E2 00                  278 	.db #0x00	; 0
   00E3 00                  279 	.db #0x00	; 0
   00E4 44                  280 	.db #0x44	; 68	'D'
   00E5 88                  281 	.db #0x88	; 136
   00E6 00                  282 	.db #0x00	; 0
   00E7 00                  283 	.db #0x00	; 0
   00E8                     284 _g_naves_3:
   00E8 00                  285 	.db #0x00	; 0
   00E9 00                  286 	.db #0x00	; 0
   00EA 00                  287 	.db #0x00	; 0
   00EB 00                  288 	.db #0x00	; 0
   00EC FF                  289 	.db #0xFF	; 255
   00ED FF                  290 	.db #0xFF	; 255
   00EE 00                  291 	.db #0x00	; 0
   00EF 55                  292 	.db #0x55	; 85	'U'
   00F0 FF                  293 	.db #0xFF	; 255
   00F1 55                  294 	.db #0x55	; 85	'U'
   00F2 C0                  295 	.db #0xC0	; 192
   00F3 D5                  296 	.db #0xD5	; 213
   00F4 44                  297 	.db #0x44	; 68	'D'
   00F5 AA                  298 	.db #0xAA	; 170
   00F6 00                  299 	.db #0x00	; 0
   00F7 EA                  300 	.db #0xEA	; 234
   00F8 C0                  301 	.db #0xC0	; 192
   00F9 AA                  302 	.db #0xAA	; 170
   00FA 00                  303 	.db #0x00	; 0
   00FB 00                  304 	.db #0x00	; 0
   00FC FF                  305 	.db #0xFF	; 255
   00FD FF                  306 	.db #0xFF	; 255
   00FE FF                  307 	.db #0xFF	; 255
   00FF 00                  308 	.db #0x00	; 0
   0100 55                  309 	.db #0x55	; 85	'U'
   0101 FF                  310 	.db #0xFF	; 255
   0102 EA                  311 	.db #0xEA	; 234
   0103 C0                  312 	.db #0xC0	; 192
   0104 C0                  313 	.db #0xC0	; 192
   0105 AA                  314 	.db #0xAA	; 170
   0106 DD                  315 	.db #0xDD	; 221
   0107 C0                  316 	.db #0xC0	; 192
   0108 EA                  317 	.db #0xEA	; 234
   0109 C0                  318 	.db #0xC0	; 192
   010A C0                  319 	.db #0xC0	; 192
   010B 0A                  320 	.db #0x0A	; 10
   010C DD                  321 	.db #0xDD	; 221
   010D C0                  322 	.db #0xC0	; 192
   010E EA                  323 	.db #0xEA	; 234
   010F C0                  324 	.db #0xC0	; 192
   0110 C0                  325 	.db #0xC0	; 192
   0111 0A                  326 	.db #0x0A	; 10
   0112 55                  327 	.db #0x55	; 85	'U'
   0113 FF                  328 	.db #0xFF	; 255
   0114 EA                  329 	.db #0xEA	; 234
   0115 C0                  330 	.db #0xC0	; 192
   0116 C0                  331 	.db #0xC0	; 192
   0117 AA                  332 	.db #0xAA	; 170
   0118 00                  333 	.db #0x00	; 0
   0119 00                  334 	.db #0x00	; 0
   011A FF                  335 	.db #0xFF	; 255
   011B FF                  336 	.db #0xFF	; 255
   011C FF                  337 	.db #0xFF	; 255
   011D 00                  338 	.db #0x00	; 0
   011E 44                  339 	.db #0x44	; 68	'D'
   011F AA                  340 	.db #0xAA	; 170
   0120 00                  341 	.db #0x00	; 0
   0121 EA                  342 	.db #0xEA	; 234
   0122 C0                  343 	.db #0xC0	; 192
   0123 AA                  344 	.db #0xAA	; 170
   0124 00                  345 	.db #0x00	; 0
   0125 55                  346 	.db #0x55	; 85	'U'
   0126 FF                  347 	.db #0xFF	; 255
   0127 55                  348 	.db #0x55	; 85	'U'
   0128 C0                  349 	.db #0xC0	; 192
   0129 D5                  350 	.db #0xD5	; 213
   012A 00                  351 	.db #0x00	; 0
   012B 00                  352 	.db #0x00	; 0
   012C 00                  353 	.db #0x00	; 0
   012D 00                  354 	.db #0x00	; 0
   012E FF                  355 	.db #0xFF	; 255
   012F FF                  356 	.db #0xFF	; 255
                            357 	.area _INITIALIZER
                            358 	.area _CABS (ABS)
